-- Found ament_cmake: 0.9.11 (/opt/ros/foxy/share/ament_cmake/cmake)
-- Found PythonInterp: /usr/bin/python3 (found suitable version "3.8.10", minimum required is "3") 
-- Using PYTHON_EXECUTABLE: /usr/bin/python3
-- Override CMake install command with custom implementation using symlinks instead of copying resources
-- Found geometry_msgs: 2.0.5 (/opt/ros/foxy/share/geometry_msgs/cmake)
-- Using all available rosidl_typesupport_c: rosidl_typesupport_fastrtps_c;rosidl_typesupport_introspection_c
-- Found rosidl_adapter: 1.3.0 (/opt/ros/foxy/share/rosidl_adapter/cmake)
-- Using all available rosidl_typesupport_cpp: rosidl_typesupport_fastrtps_cpp;rosidl_typesupport_introspection_cpp
-- Found rosidl_default_generators: 1.0.1 (/opt/ros/foxy/share/rosidl_default_generators/cmake)
-- Found PythonInterp: /usr/bin/python3 (found version "3.8.10") 
-- Found ament_cmake_ros: 0.9.2 (/opt/ros/foxy/share/ament_cmake_ros/cmake)
-- Using all available rosidl_typesupport_c: rosidl_typesupport_fastrtps_c;rosidl_typesupport_introspection_c
-- Using all available rosidl_typesupport_cpp: rosidl_typesupport_fastrtps_cpp;rosidl_typesupport_introspection_cpp
-- Found PythonInterp: /usr/bin/python3 (found suitable version "3.8.10", minimum required is "3.5") 
-- Found python_cmake_module: 0.8.1 (/opt/ros/foxy/share/python_cmake_module/cmake)
-- Using PYTHON_EXECUTABLE: /usr/bin/python3
-- Using PYTHON_INCLUDE_DIRS: /usr/include/python3.8
-- Using PYTHON_LIBRARIES: /usr/lib/x86_64-linux-gnu/libpython3.8.so
-- Configuring done
-- Generating done
-- Build files have been written to: /home/ubuntu/workspace/Velizar/robotics_v1/build/urscript_interfaces
[35m[1mScanning dependencies of target urscript_interfaces__cpp[0m
[  2%] [34m[1mGenerating C++ code for ROS interfaces[0m
[  2%] Built target urscript_interfaces__cpp
[  5%] [34m[1mGenerating C code for ROS interfaces[0m
[35m[1mScanning dependencies of target urscript_interfaces__rosidl_generator_c[0m
[  7%] [32mBuilding C object CMakeFiles/urscript_interfaces__rosidl_generator_c.dir/rosidl_generator_c/urscript_interfaces/srv/detail/ur_script__functions.c.o[0m
[ 10%] [32mBuilding C object CMakeFiles/urscript_interfaces__rosidl_generator_c.dir/rosidl_generator_c/urscript_interfaces/srv/detail/get_eef_angle_axis__functions.c.o[0m
[ 12%] [32m[1mLinking C shared library liburscript_interfaces__rosidl_generator_c.so[0m
[ 12%] Built target urscript_interfaces__rosidl_generator_c
[ 15%] [34m[1mGenerating C++ introspection for ROS interfaces[0m
[ 17%] [34m[1mGenerating C++ type support dispatch for ROS interfaces[0m
[ 20%] [34m[1mGenerating C type support dispatch for ROS interfaces[0m
[35m[1mScanning dependencies of target urscript_interfaces__rosidl_typesupport_cpp[0m
[ 23%] [32mBuilding CXX object CMakeFiles/urscript_interfaces__rosidl_typesupport_cpp.dir/rosidl_typesupport_cpp/urscript_interfaces/srv/ur_script__type_support.cpp.o[0m
[35m[1mScanning dependencies of target urscript_interfaces__rosidl_typesupport_introspection_cpp[0m
[ 25%] [32mBuilding CXX object CMakeFiles/urscript_interfaces__rosidl_typesupport_introspection_cpp.dir/rosidl_typesupport_introspection_cpp/urscript_interfaces/srv/detail/ur_script__type_support.cpp.o[0m
[35m[1mScanning dependencies of target urscript_interfaces__rosidl_typesupport_c[0m
[ 28%] [32mBuilding CXX object CMakeFiles/urscript_interfaces__rosidl_typesupport_c.dir/rosidl_typesupport_c/urscript_interfaces/srv/ur_script__type_support.cpp.o[0m
[ 30%] [34m[1mGenerating C++ type support for eProsima Fast-RTPS[0m
[ 33%] [32mBuilding CXX object CMakeFiles/urscript_interfaces__rosidl_typesupport_c.dir/rosidl_typesupport_c/urscript_interfaces/srv/get_eef_angle_axis__type_support.cpp.o[0m
[ 35%] [32m[1mLinking CXX shared library liburscript_interfaces__rosidl_typesupport_c.so[0m
[ 38%] [32mBuilding CXX object CMakeFiles/urscript_interfaces__rosidl_typesupport_cpp.dir/rosidl_typesupport_cpp/urscript_interfaces/srv/get_eef_angle_axis__type_support.cpp.o[0m
[ 38%] Built target urscript_interfaces__rosidl_typesupport_c
[ 41%] [34m[1mGenerating C introspection for ROS interfaces[0m
[ 43%] [32mBuilding CXX object CMakeFiles/urscript_interfaces__rosidl_typesupport_introspection_cpp.dir/rosidl_typesupport_introspection_cpp/urscript_interfaces/srv/detail/get_eef_angle_axis__type_support.cpp.o[0m
[35m[1mScanning dependencies of target urscript_interfaces__rosidl_typesupport_fastrtps_cpp[0m
[ 46%] [32mBuilding CXX object CMakeFiles/urscript_interfaces__rosidl_typesupport_fastrtps_cpp.dir/rosidl_typesupport_fastrtps_cpp/urscript_interfaces/srv/detail/dds_fastrtps/ur_script__type_support.cpp.o[0m
[ 48%] [32m[1mLinking CXX shared library liburscript_interfaces__rosidl_typesupport_cpp.so[0m
[ 51%] [32m[1mLinking CXX shared library liburscript_interfaces__rosidl_typesupport_introspection_cpp.so[0m
[ 51%] Built target urscript_interfaces__rosidl_typesupport_cpp
[ 51%] Built target urscript_interfaces__rosidl_typesupport_introspection_cpp
[35m[1mScanning dependencies of target urscript_interfaces__rosidl_typesupport_introspection_c[0m
[ 53%] [32mBuilding C object CMakeFiles/urscript_interfaces__rosidl_typesupport_introspection_c.dir/rosidl_typesupport_introspection_c/urscript_interfaces/srv/detail/ur_script__type_support.c.o[0m
[ 56%] [32mBuilding C object CMakeFiles/urscript_interfaces__rosidl_typesupport_introspection_c.dir/rosidl_typesupport_introspection_c/urscript_interfaces/srv/detail/get_eef_angle_axis__type_support.c.o[0m
[ 58%] [32m[1mLinking C shared library liburscript_interfaces__rosidl_typesupport_introspection_c.so[0m
[ 58%] Built target urscript_interfaces__rosidl_typesupport_introspection_c
[ 61%] [32mBuilding CXX object CMakeFiles/urscript_interfaces__rosidl_typesupport_fastrtps_cpp.dir/rosidl_typesupport_fastrtps_cpp/urscript_interfaces/srv/detail/dds_fastrtps/get_eef_angle_axis__type_support.cpp.o[0m
[ 64%] [32m[1mLinking CXX shared library liburscript_interfaces__rosidl_typesupport_fastrtps_cpp.so[0m
[ 64%] Built target urscript_interfaces__rosidl_typesupport_fastrtps_cpp
[ 66%] [34m[1mGenerating C type support for eProsima Fast-RTPS[0m
[35m[1mScanning dependencies of target urscript_interfaces__rosidl_typesupport_fastrtps_c[0m
[ 69%] [32mBuilding CXX object CMakeFiles/urscript_interfaces__rosidl_typesupport_fastrtps_c.dir/rosidl_typesupport_fastrtps_c/urscript_interfaces/srv/detail/ur_script__type_support_c.cpp.o[0m
[ 71%] [32mBuilding CXX object CMakeFiles/urscript_interfaces__rosidl_typesupport_fastrtps_c.dir/rosidl_typesupport_fastrtps_c/urscript_interfaces/srv/detail/get_eef_angle_axis__type_support_c.cpp.o[0m
[ 74%] [32m[1mLinking CXX shared library liburscript_interfaces__rosidl_typesupport_fastrtps_c.so[0m
[ 74%] Built target urscript_interfaces__rosidl_typesupport_fastrtps_c
[ 74%] Built target urscript_interfaces
[35m[1mScanning dependencies of target urscript_interfaces__py[0m
[ 76%] [34m[1mGenerating Python code for ROS interfaces[0m
[ 76%] Built target urscript_interfaces__py
[35m[1mScanning dependencies of target urscript_interfaces__python[0m
[ 79%] [32mBuilding C object CMakeFiles/urscript_interfaces__python.dir/rosidl_generator_py/urscript_interfaces/srv/_ur_script_s.c.o[0m
[ 82%] [32mBuilding C object CMakeFiles/urscript_interfaces__python.dir/rosidl_generator_py/urscript_interfaces/srv/_get_eef_angle_axis_s.c.o[0m
[ 84%] [32m[1mLinking C shared library rosidl_generator_py/urscript_interfaces/liburscript_interfaces__python.so[0m
[ 84%] Built target urscript_interfaces__python
[35m[1mScanning dependencies of target urscript_interfaces__rosidl_typesupport_c__pyext[0m
[ 87%] [32mBuilding C object CMakeFiles/urscript_interfaces__rosidl_typesupport_c__pyext.dir/rosidl_generator_py/urscript_interfaces/_urscript_interfaces_s.ep.rosidl_typesupport_c.c.o[0m
[ 89%] [32m[1mLinking C shared library rosidl_generator_py/urscript_interfaces/urscript_interfaces_s__rosidl_typesupport_c.cpython-38-x86_64-linux-gnu.so[0m
[ 89%] Built target urscript_interfaces__rosidl_typesupport_c__pyext
[35m[1mScanning dependencies of target urscript_interfaces__rosidl_typesupport_fastrtps_c__pyext[0m
[ 92%] [32mBuilding C object CMakeFiles/urscript_interfaces__rosidl_typesupport_fastrtps_c__pyext.dir/rosidl_generator_py/urscript_interfaces/_urscript_interfaces_s.ep.rosidl_typesupport_fastrtps_c.c.o[0m
[ 94%] [32m[1mLinking CXX shared library rosidl_generator_py/urscript_interfaces/urscript_interfaces_s__rosidl_typesupport_fastrtps_c.cpython-38-x86_64-linux-gnu.so[0m
[ 94%] Built target urscript_interfaces__rosidl_typesupport_fastrtps_c__pyext
[35m[1mScanning dependencies of target urscript_interfaces__rosidl_typesupport_introspection_c__pyext[0m
[ 97%] [32mBuilding C object CMakeFiles/urscript_interfaces__rosidl_typesupport_introspection_c__pyext.dir/rosidl_generator_py/urscript_interfaces/_urscript_interfaces_s.ep.rosidl_typesupport_introspection_c.c.o[0m
[100%] [32m[1mLinking C shared library rosidl_generator_py/urscript_interfaces/urscript_interfaces_s__rosidl_typesupport_introspection_c.cpython-38-x86_64-linux-gnu.so[0m
[100%] Built target urscript_interfaces__rosidl_typesupport_introspection_c__pyext
-- Install configuration: "Debug"
-- Execute custom install script
-- Up-to-date symlink: /home/ubuntu/workspace/Velizar/robotics_v1/install/urscript_interfaces/share/ament_index/resource_index/rosidl_interfaces/urscript_interfaces
-- Up-to-date symlink: /home/ubuntu/workspace/Velizar/robotics_v1/install/urscript_interfaces/include/urscript_interfaces/msg/rosidl_generator_c__visibility_control.h
-- Symlinking: /home/ubuntu/workspace/Velizar/robotics_v1/install/urscript_interfaces/include/urscript_interfaces/srv/detail/get_eef_angle_axis__functions.h
-- Symlinking: /home/ubuntu/workspace/Velizar/robotics_v1/install/urscript_interfaces/include/urscript_interfaces/srv/detail/get_eef_angle_axis__struct.h
-- Symlinking: /home/ubuntu/workspace/Velizar/robotics_v1/install/urscript_interfaces/include/urscript_interfaces/srv/detail/get_eef_angle_axis__type_support.h
-- Up-to-date symlink: /home/ubuntu/workspace/Velizar/robotics_v1/install/urscript_interfaces/include/urscript_interfaces/srv/detail/ur_script__functions.h
-- Up-to-date symlink: /home/ubuntu/workspace/Velizar/robotics_v1/install/urscript_interfaces/include/urscript_interfaces/srv/detail/ur_script__struct.h
-- Up-to-date symlink: /home/ubuntu/workspace/Velizar/robotics_v1/install/urscript_interfaces/include/urscript_interfaces/srv/detail/ur_script__type_support.h
-- Symlinking: /home/ubuntu/workspace/Velizar/robotics_v1/install/urscript_interfaces/include/urscript_interfaces/srv/get_eef_angle_axis.h
-- Up-to-date symlink: /home/ubuntu/workspace/Velizar/robotics_v1/install/urscript_interfaces/include/urscript_interfaces/srv/ur_script.h
-- Up-to-date symlink: /home/ubuntu/workspace/Velizar/robotics_v1/install/urscript_interfaces/share/urscript_interfaces/environment/library_path.sh
-- Up-to-date symlink: /home/ubuntu/workspace/Velizar/robotics_v1/install/urscript_interfaces/share/urscript_interfaces/environment/library_path.dsv
-- Up-to-date symlink: /home/ubuntu/workspace/Velizar/robotics_v1/install/urscript_interfaces/include/urscript_interfaces/msg/rosidl_typesupport_fastrtps_c__visibility_control.h
-- Symlinking: /home/ubuntu/workspace/Velizar/robotics_v1/install/urscript_interfaces/include/urscript_interfaces/srv/detail/get_eef_angle_axis__rosidl_typesupport_fastrtps_c.h
-- Up-to-date symlink: /home/ubuntu/workspace/Velizar/robotics_v1/install/urscript_interfaces/include/urscript_interfaces/srv/detail/ur_script__rosidl_typesupport_fastrtps_c.h
-- Up-to-date symlink: /home/ubuntu/workspace/Velizar/robotics_v1/install/urscript_interfaces/lib/liburscript_interfaces__rosidl_typesupport_fastrtps_c.so
-- Up-to-date symlink: /home/ubuntu/workspace/Velizar/robotics_v1/install/urscript_interfaces/include/urscript_interfaces/msg/rosidl_typesupport_fastrtps_cpp__visibility_control.h
-- Symlinking: /home/ubuntu/workspace/Velizar/robotics_v1/install/urscript_interfaces/include/urscript_interfaces/srv/detail/get_eef_angle_axis__rosidl_typesupport_fastrtps_cpp.hpp
-- Up-to-date symlink: /home/ubuntu/workspace/Velizar/robotics_v1/install/urscript_interfaces/include/urscript_interfaces/srv/detail/ur_script__rosidl_typesupport_fastrtps_cpp.hpp
-- Up-to-date symlink: /home/ubuntu/workspace/Velizar/robotics_v1/install/urscript_interfaces/lib/liburscript_interfaces__rosidl_typesupport_fastrtps_cpp.so
-- Up-to-date symlink: /home/ubuntu/workspace/Velizar/robotics_v1/install/urscript_interfaces/include/urscript_interfaces/msg/rosidl_typesupport_introspection_c__visibility_control.h
-- Symlinking: /home/ubuntu/workspace/Velizar/robotics_v1/install/urscript_interfaces/include/urscript_interfaces/srv/detail/get_eef_angle_axis__rosidl_typesupport_introspection_c.h
-- Up-to-date symlink: /home/ubuntu/workspace/Velizar/robotics_v1/install/urscript_interfaces/include/urscript_interfaces/srv/detail/ur_script__rosidl_typesupport_introspection_c.h
-- Symlinking: /home/ubuntu/workspace/Velizar/robotics_v1/install/urscript_interfaces/include/urscript_interfaces/srv/detail/get_eef_angle_axis__builder.hpp
-- Symlinking: /home/ubuntu/workspace/Velizar/robotics_v1/install/urscript_interfaces/include/urscript_interfaces/srv/detail/get_eef_angle_axis__struct.hpp
-- Symlinking: /home/ubuntu/workspace/Velizar/robotics_v1/install/urscript_interfaces/include/urscript_interfaces/srv/detail/get_eef_angle_axis__traits.hpp
-- Up-to-date symlink: /home/ubuntu/workspace/Velizar/robotics_v1/install/urscript_interfaces/include/urscript_interfaces/srv/detail/ur_script__builder.hpp
-- Up-to-date symlink: /home/ubuntu/workspace/Velizar/robotics_v1/install/urscript_interfaces/include/urscript_interfaces/srv/detail/ur_script__struct.hpp
-- Up-to-date symlink: /home/ubuntu/workspace/Velizar/robotics_v1/install/urscript_interfaces/include/urscript_interfaces/srv/detail/ur_script__traits.hpp
-- Symlinking: /home/ubuntu/workspace/Velizar/robotics_v1/install/urscript_interfaces/include/urscript_interfaces/srv/get_eef_angle_axis.hpp
-- Up-to-date symlink: /home/ubuntu/workspace/Velizar/robotics_v1/install/urscript_interfaces/include/urscript_interfaces/srv/ur_script.hpp
-- Symlinking: /home/ubuntu/workspace/Velizar/robotics_v1/install/urscript_interfaces/include/urscript_interfaces/srv/detail/get_eef_angle_axis__rosidl_typesupport_introspection_cpp.hpp
-- Up-to-date symlink: /home/ubuntu/workspace/Velizar/robotics_v1/install/urscript_interfaces/include/urscript_interfaces/srv/detail/ur_script__rosidl_typesupport_introspection_cpp.hpp
-- Up-to-date symlink: /home/ubuntu/workspace/Velizar/robotics_v1/install/urscript_interfaces/share/urscript_interfaces/environment/pythonpath.sh
-- Up-to-date symlink: /home/ubuntu/workspace/Velizar/robotics_v1/install/urscript_interfaces/share/urscript_interfaces/environment/pythonpath.dsv
-- Up-to-date symlink: /home/ubuntu/workspace/Velizar/robotics_v1/install/urscript_interfaces/lib/python3.8/site-packages/urscript_interfaces/__init__.py
-- Up-to-date symlink: /home/ubuntu/workspace/Velizar/robotics_v1/install/urscript_interfaces/lib/python3.8/site-packages/urscript_interfaces/srv/__init__.py
-- Symlinking: /home/ubuntu/workspace/Velizar/robotics_v1/install/urscript_interfaces/lib/python3.8/site-packages/urscript_interfaces/srv/_get_eef_angle_axis.py
-- Up-to-date symlink: /home/ubuntu/workspace/Velizar/robotics_v1/install/urscript_interfaces/lib/python3.8/site-packages/urscript_interfaces/srv/_ur_script.py
-- Up-to-date symlink: /home/ubuntu/workspace/Velizar/robotics_v1/install/urscript_interfaces/lib/python3.8/site-packages/urscript_interfaces/urscript_interfaces_s__rosidl_typesupport_fastrtps_c.cpython-38-x86_64-linux-gnu.so
-- Up-to-date symlink: /home/ubuntu/workspace/Velizar/robotics_v1/install/urscript_interfaces/lib/python3.8/site-packages/urscript_interfaces/urscript_interfaces_s__rosidl_typesupport_introspection_c.cpython-38-x86_64-linux-gnu.so
-- Up-to-date symlink: /home/ubuntu/workspace/Velizar/robotics_v1/install/urscript_interfaces/lib/python3.8/site-packages/urscript_interfaces/urscript_interfaces_s__rosidl_typesupport_c.cpython-38-x86_64-linux-gnu.so
-- Up-to-date symlink: /home/ubuntu/workspace/Velizar/robotics_v1/install/urscript_interfaces/lib/liburscript_interfaces__python.so
-- Up-to-date symlink: /home/ubuntu/workspace/Velizar/robotics_v1/install/urscript_interfaces/share/urscript_interfaces/srv/UrScript.idl
-- Symlinking: /home/ubuntu/workspace/Velizar/robotics_v1/install/urscript_interfaces/share/urscript_interfaces/srv/GetEefAngleAxis.idl
-- Up-to-date symlink: /home/ubuntu/workspace/Velizar/robotics_v1/install/urscript_interfaces/share/urscript_interfaces/srv/UrScript.srv
-- Up-to-date symlink: /home/ubuntu/workspace/Velizar/robotics_v1/install/urscript_interfaces/share/urscript_interfaces/srv/UrScript_Request.msg
-- Up-to-date symlink: /home/ubuntu/workspace/Velizar/robotics_v1/install/urscript_interfaces/share/urscript_interfaces/srv/UrScript_Response.msg
-- Symlinking: /home/ubuntu/workspace/Velizar/robotics_v1/install/urscript_interfaces/share/urscript_interfaces/srv/GetEefAngleAxis.srv
-- Symlinking: /home/ubuntu/workspace/Velizar/robotics_v1/install/urscript_interfaces/share/urscript_interfaces/srv/GetEefAngleAxis_Request.msg
-- Symlinking: /home/ubuntu/workspace/Velizar/robotics_v1/install/urscript_interfaces/share/urscript_interfaces/srv/GetEefAngleAxis_Response.msg
-- Up-to-date symlink: /home/ubuntu/workspace/Velizar/robotics_v1/install/urscript_interfaces/share/ament_index/resource_index/package_run_dependencies/urscript_interfaces
-- Up-to-date symlink: /home/ubuntu/workspace/Velizar/robotics_v1/install/urscript_interfaces/share/ament_index/resource_index/parent_prefix_path/urscript_interfaces
-- Up-to-date symlink: /home/ubuntu/workspace/Velizar/robotics_v1/install/urscript_interfaces/share/urscript_interfaces/environment/ament_prefix_path.sh
-- Up-to-date symlink: /home/ubuntu/workspace/Velizar/robotics_v1/install/urscript_interfaces/share/urscript_interfaces/environment/ament_prefix_path.dsv
-- Up-to-date symlink: /home/ubuntu/workspace/Velizar/robotics_v1/install/urscript_interfaces/share/urscript_interfaces/environment/path.sh
-- Up-to-date symlink: /home/ubuntu/workspace/Velizar/robotics_v1/install/urscript_interfaces/share/urscript_interfaces/environment/path.dsv
-- Up-to-date symlink: /home/ubuntu/workspace/Velizar/robotics_v1/install/urscript_interfaces/share/urscript_interfaces/local_setup.bash
-- Up-to-date symlink: /home/ubuntu/workspace/Velizar/robotics_v1/install/urscript_interfaces/share/urscript_interfaces/local_setup.sh
-- Up-to-date symlink: /home/ubuntu/workspace/Velizar/robotics_v1/install/urscript_interfaces/share/urscript_interfaces/local_setup.zsh
-- Up-to-date symlink: /home/ubuntu/workspace/Velizar/robotics_v1/install/urscript_interfaces/share/urscript_interfaces/local_setup.dsv
-- Symlinking: /home/ubuntu/workspace/Velizar/robotics_v1/install/urscript_interfaces/share/urscript_interfaces/package.dsv
-- Up-to-date symlink: /home/ubuntu/workspace/Velizar/robotics_v1/install/urscript_interfaces/share/ament_index/resource_index/packages/urscript_interfaces
-- Up-to-date symlink: /home/ubuntu/workspace/Velizar/robotics_v1/install/urscript_interfaces/share/urscript_interfaces/cmake/rosidl_cmake-extras.cmake
-- Up-to-date symlink: /home/ubuntu/workspace/Velizar/robotics_v1/install/urscript_interfaces/share/urscript_interfaces/cmake/ament_cmake_export_dependencies-extras.cmake
-- Up-to-date symlink: /home/ubuntu/workspace/Velizar/robotics_v1/install/urscript_interfaces/share/urscript_interfaces/cmake/ament_cmake_export_libraries-extras.cmake
-- Up-to-date symlink: /home/ubuntu/workspace/Velizar/robotics_v1/install/urscript_interfaces/share/urscript_interfaces/cmake/ament_cmake_export_targets-extras.cmake
-- Up-to-date symlink: /home/ubuntu/workspace/Velizar/robotics_v1/install/urscript_interfaces/share/urscript_interfaces/cmake/ament_cmake_export_include_directories-extras.cmake
-- Up-to-date symlink: /home/ubuntu/workspace/Velizar/robotics_v1/install/urscript_interfaces/share/urscript_interfaces/cmake/rosidl_cmake_export_typesupport_libraries-extras.cmake
-- Up-to-date symlink: /home/ubuntu/workspace/Velizar/robotics_v1/install/urscript_interfaces/share/urscript_interfaces/cmake/rosidl_cmake_export_typesupport_targets-extras.cmake
-- Up-to-date symlink: /home/ubuntu/workspace/Velizar/robotics_v1/install/urscript_interfaces/share/urscript_interfaces/cmake/urscript_interfacesConfig.cmake
-- Up-to-date symlink: /home/ubuntu/workspace/Velizar/robotics_v1/install/urscript_interfaces/share/urscript_interfaces/cmake/urscript_interfacesConfig-version.cmake
-- Up-to-date symlink: /home/ubuntu/workspace/Velizar/robotics_v1/install/urscript_interfaces/share/urscript_interfaces/package.xml
-- Installing: /home/ubuntu/workspace/Velizar/robotics_v1/install/urscript_interfaces/lib/liburscript_interfaces__rosidl_generator_c.so
-- Set runtime path of "/home/ubuntu/workspace/Velizar/robotics_v1/install/urscript_interfaces/lib/liburscript_interfaces__rosidl_generator_c.so" to ""
-- Installing: /home/ubuntu/workspace/Velizar/robotics_v1/install/urscript_interfaces/lib/liburscript_interfaces__rosidl_typesupport_introspection_c.so
-- Set runtime path of "/home/ubuntu/workspace/Velizar/robotics_v1/install/urscript_interfaces/lib/liburscript_interfaces__rosidl_typesupport_introspection_c.so" to ""
-- Installing: /home/ubuntu/workspace/Velizar/robotics_v1/install/urscript_interfaces/lib/liburscript_interfaces__rosidl_typesupport_c.so
-- Set runtime path of "/home/ubuntu/workspace/Velizar/robotics_v1/install/urscript_interfaces/lib/liburscript_interfaces__rosidl_typesupport_c.so" to ""
-- Installing: /home/ubuntu/workspace/Velizar/robotics_v1/install/urscript_interfaces/lib/liburscript_interfaces__rosidl_typesupport_introspection_cpp.so
-- Set runtime path of "/home/ubuntu/workspace/Velizar/robotics_v1/install/urscript_interfaces/lib/liburscript_interfaces__rosidl_typesupport_introspection_cpp.so" to ""
-- Installing: /home/ubuntu/workspace/Velizar/robotics_v1/install/urscript_interfaces/lib/liburscript_interfaces__rosidl_typesupport_cpp.so
-- Set runtime path of "/home/ubuntu/workspace/Velizar/robotics_v1/install/urscript_interfaces/lib/liburscript_interfaces__rosidl_typesupport_cpp.so" to ""
Compiling '/home/ubuntu/workspace/Velizar/robotics_v1/install/urscript_interfaces/lib/python3.8/site-packages/urscript_interfaces/__init__.py'...
-- Old export file "/home/ubuntu/workspace/Velizar/robotics_v1/install/urscript_interfaces/share/urscript_interfaces/cmake/urscript_interfaces__rosidl_generator_cExport.cmake" will be replaced.  Removing files [/home/ubuntu/workspace/Velizar/robotics_v1/install/urscript_interfaces/share/urscript_interfaces/cmake/urscript_interfaces__rosidl_generator_cExport-debug.cmake].
-- Installing: /home/ubuntu/workspace/Velizar/robotics_v1/install/urscript_interfaces/share/urscript_interfaces/cmake/urscript_interfaces__rosidl_generator_cExport.cmake
-- Installing: /home/ubuntu/workspace/Velizar/robotics_v1/install/urscript_interfaces/share/urscript_interfaces/cmake/urscript_interfaces__rosidl_generator_cExport-debug.cmake
-- Old export file "/home/ubuntu/workspace/Velizar/robotics_v1/install/urscript_interfaces/share/urscript_interfaces/cmake/urscript_interfaces__rosidl_typesupport_introspection_cExport.cmake" will be replaced.  Removing files [/home/ubuntu/workspace/Velizar/robotics_v1/install/urscript_interfaces/share/urscript_interfaces/cmake/urscript_interfaces__rosidl_typesupport_introspection_cExport-debug.cmake].
-- Installing: /home/ubuntu/workspace/Velizar/robotics_v1/install/urscript_interfaces/share/urscript_interfaces/cmake/urscript_interfaces__rosidl_typesupport_introspection_cExport.cmake
-- Installing: /home/ubuntu/workspace/Velizar/robotics_v1/install/urscript_interfaces/share/urscript_interfaces/cmake/urscript_interfaces__rosidl_typesupport_introspection_cExport-debug.cmake
-- Old export file "/home/ubuntu/workspace/Velizar/robotics_v1/install/urscript_interfaces/share/urscript_interfaces/cmake/urscript_interfaces__rosidl_typesupport_cExport.cmake" will be replaced.  Removing files [/home/ubuntu/workspace/Velizar/robotics_v1/install/urscript_interfaces/share/urscript_interfaces/cmake/urscript_interfaces__rosidl_typesupport_cExport-debug.cmake].
-- Installing: /home/ubuntu/workspace/Velizar/robotics_v1/install/urscript_interfaces/share/urscript_interfaces/cmake/urscript_interfaces__rosidl_typesupport_cExport.cmake
-- Installing: /home/ubuntu/workspace/Velizar/robotics_v1/install/urscript_interfaces/share/urscript_interfaces/cmake/urscript_interfaces__rosidl_typesupport_cExport-debug.cmake
-- Installing: /home/ubuntu/workspace/Velizar/robotics_v1/install/urscript_interfaces/share/urscript_interfaces/cmake/urscript_interfaces__rosidl_generator_cppExport.cmake
-- Old export file "/home/ubuntu/workspace/Velizar/robotics_v1/install/urscript_interfaces/share/urscript_interfaces/cmake/urscript_interfaces__rosidl_typesupport_introspection_cppExport.cmake" will be replaced.  Removing files [/home/ubuntu/workspace/Velizar/robotics_v1/install/urscript_interfaces/share/urscript_interfaces/cmake/urscript_interfaces__rosidl_typesupport_introspection_cppExport-debug.cmake].
-- Installing: /home/ubuntu/workspace/Velizar/robotics_v1/install/urscript_interfaces/share/urscript_interfaces/cmake/urscript_interfaces__rosidl_typesupport_introspection_cppExport.cmake
-- Installing: /home/ubuntu/workspace/Velizar/robotics_v1/install/urscript_interfaces/share/urscript_interfaces/cmake/urscript_interfaces__rosidl_typesupport_introspection_cppExport-debug.cmake
-- Old export file "/home/ubuntu/workspace/Velizar/robotics_v1/install/urscript_interfaces/share/urscript_interfaces/cmake/urscript_interfaces__rosidl_typesupport_cppExport.cmake" will be replaced.  Removing files [/home/ubuntu/workspace/Velizar/robotics_v1/install/urscript_interfaces/share/urscript_interfaces/cmake/urscript_interfaces__rosidl_typesupport_cppExport-debug.cmake].
-- Installing: /home/ubuntu/workspace/Velizar/robotics_v1/install/urscript_interfaces/share/urscript_interfaces/cmake/urscript_interfaces__rosidl_typesupport_cppExport.cmake
-- Installing: /home/ubuntu/workspace/Velizar/robotics_v1/install/urscript_interfaces/share/urscript_interfaces/cmake/urscript_interfaces__rosidl_typesupport_cppExport-debug.cmake
