[0.038s] Invoking command in '/home/ubuntu/workspace/Velizar/robotics_v1/build/sdl_utils': CMAKE_PREFIX_PATH=/home/ubuntu/workspace/Velizar/robotics_v1/install/resource_utils:/home/ubuntu/workspace/Velizar/robotics_v1/install/utils:/home/ubuntu/workspace/Velizar/robotics_v1/install/cmake_helpers:/opt/ros/foxy PKG_CONFIG_PATH=/home/ubuntu/workspace/Velizar/robotics_v1/install/resource_utils/lib/x86_64-linux-gnu/pkgconfig:/home/ubuntu/workspace/Velizar/robotics_v1/install/resource_utils/lib/pkgconfig:/home/ubuntu/workspace/Velizar/robotics_v1/install/utils/lib/x86_64-linux-gnu/pkgconfig:/home/ubuntu/workspace/Velizar/robotics_v1/install/utils/lib/pkgconfig:/home/ubuntu/workspace/Velizar/robotics_v1/install/cmake_helpers/lib/x86_64-linux-gnu/pkgconfig:/home/ubuntu/workspace/Velizar/robotics_v1/install/cmake_helpers/lib/pkgconfig PS1=[\u@\h \W]$(git_branch)$ /usr/bin/cmake /home/ubuntu/workspace/Velizar/robotics_v1/src/lib/sdl_utils -DCMAKE_BUILD_TYPE=Debug -DCMAKE_CXX_COMPILER=/usr/bin/clang++ -DCMAKE_INSTALL_PREFIX=/home/ubuntu/workspace/Velizar/robotics_v1/install/sdl_utils
[0.398s] -- The CXX compiler identification is Clang 10.0.0
[0.420s] -- Check for working CXX compiler: /usr/bin/clang++
[0.812s] -- Check for working CXX compiler: /usr/bin/clang++ -- works
[0.816s] -- Detecting CXX compiler ABI info
[1.170s] -- Detecting CXX compiler ABI info - done
[1.220s] -- Detecting CXX compile features
[1.222s] -- Detecting CXX compile features - done
[1.225s] -- Found cmake_helpers: 1.0.0 (/home/ubuntu/workspace/Velizar/robotics_v1/install/cmake_helpers/share/cmake_helpers/cmake)
[1.232s] -- Looking for C++ include pthread.h
[1.623s] -- Looking for C++ include pthread.h - found
[1.624s] -- Performing Test CMAKE_HAVE_LIBC_PTHREAD
[2.005s] -- Performing Test CMAKE_HAVE_LIBC_PTHREAD - Failed
[2.006s] -- Looking for pthread_create in pthreads
[2.266s] -- Looking for pthread_create in pthreads - not found
[2.266s] -- Looking for pthread_create in pthread
[2.629s] -- Looking for pthread_create in pthread - found
[2.631s] -- Found Threads: TRUE  
[2.679s] -- Found SDL2: /usr/lib/x86_64-linux-gnu/libSDL2main.a;/usr/lib/x86_64-linux-gnu/libSDL2.so;-lpthread  
[2.690s] -- Found SDL2_IMAGE: /usr/lib/x86_64-linux-gnu/libSDL2_image.so  
[2.698s] -- Found SDL2_TTF: /usr/lib/x86_64-linux-gnu/libSDL2_ttf.so  
[2.707s] -- Found SDL2_MIXER: /usr/lib/x86_64-linux-gnu/libSDL2_mixer.so  
[2.714s] -- Found ament_cmake: 0.9.9 (/opt/ros/foxy/share/ament_cmake/cmake)
[2.781s] -- Found PythonInterp: /usr/bin/python3 (found suitable version "3.8.10", minimum required is "3") 
[2.781s] -- Using PYTHON_EXECUTABLE: /usr/bin/python3
[3.506s] -- Configuring done
[3.550s] -- Generating done
[3.563s] -- Build files have been written to: /home/ubuntu/workspace/Velizar/robotics_v1/build/sdl_utils
[3.596s] Invoked command in '/home/ubuntu/workspace/Velizar/robotics_v1/build/sdl_utils' returned '0': CMAKE_PREFIX_PATH=/home/ubuntu/workspace/Velizar/robotics_v1/install/resource_utils:/home/ubuntu/workspace/Velizar/robotics_v1/install/utils:/home/ubuntu/workspace/Velizar/robotics_v1/install/cmake_helpers:/opt/ros/foxy PKG_CONFIG_PATH=/home/ubuntu/workspace/Velizar/robotics_v1/install/resource_utils/lib/x86_64-linux-gnu/pkgconfig:/home/ubuntu/workspace/Velizar/robotics_v1/install/resource_utils/lib/pkgconfig:/home/ubuntu/workspace/Velizar/robotics_v1/install/utils/lib/x86_64-linux-gnu/pkgconfig:/home/ubuntu/workspace/Velizar/robotics_v1/install/utils/lib/pkgconfig:/home/ubuntu/workspace/Velizar/robotics_v1/install/cmake_helpers/lib/x86_64-linux-gnu/pkgconfig:/home/ubuntu/workspace/Velizar/robotics_v1/install/cmake_helpers/lib/pkgconfig PS1=[\u@\h \W]$(git_branch)$ /usr/bin/cmake /home/ubuntu/workspace/Velizar/robotics_v1/src/lib/sdl_utils -DCMAKE_BUILD_TYPE=Debug -DCMAKE_CXX_COMPILER=/usr/bin/clang++ -DCMAKE_INSTALL_PREFIX=/home/ubuntu/workspace/Velizar/robotics_v1/install/sdl_utils
[3.598s] Invoking command in '/home/ubuntu/workspace/Velizar/robotics_v1/build/sdl_utils': CMAKE_PREFIX_PATH=/home/ubuntu/workspace/Velizar/robotics_v1/install/resource_utils:/home/ubuntu/workspace/Velizar/robotics_v1/install/utils:/home/ubuntu/workspace/Velizar/robotics_v1/install/cmake_helpers:/opt/ros/foxy PKG_CONFIG_PATH=/home/ubuntu/workspace/Velizar/robotics_v1/install/resource_utils/lib/x86_64-linux-gnu/pkgconfig:/home/ubuntu/workspace/Velizar/robotics_v1/install/resource_utils/lib/pkgconfig:/home/ubuntu/workspace/Velizar/robotics_v1/install/utils/lib/x86_64-linux-gnu/pkgconfig:/home/ubuntu/workspace/Velizar/robotics_v1/install/utils/lib/pkgconfig:/home/ubuntu/workspace/Velizar/robotics_v1/install/cmake_helpers/lib/x86_64-linux-gnu/pkgconfig:/home/ubuntu/workspace/Velizar/robotics_v1/install/cmake_helpers/lib/pkgconfig PS1=[\u@\h \W]$(git_branch)$ /usr/bin/cmake --build /home/ubuntu/workspace/Velizar/robotics_v1/build/sdl_utils -- -j2 -l2
[3.843s] [35m[1mScanning dependencies of target sdl_utils[0m
[4.040s] [  5%] [32mBuilding CXX object CMakeFiles/sdl_utils.dir/src/containers/FontContainer.cpp.o[0m
[4.043s] [ 10%] [32mBuilding CXX object CMakeFiles/sdl_utils.dir/src/containers/ResourceContainer.cpp.o[0m
[9.635s] [ 15%] [32mBuilding CXX object CMakeFiles/sdl_utils.dir/src/containers/SDLContainers.cpp.o[0m
[11.160s] [ 20%] [32mBuilding CXX object CMakeFiles/sdl_utils.dir/src/containers/SoundContainer.cpp.o[0m
[14.286s] [ 25%] [32mBuilding CXX object CMakeFiles/sdl_utils.dir/src/containers/FboContainer.cpp.o[0m
[14.860s] [ 30%] [32mBuilding CXX object CMakeFiles/sdl_utils.dir/src/containers/TextContainer.cpp.o[0m
[17.098s] [ 35%] [32mBuilding CXX object CMakeFiles/sdl_utils.dir/src/drawing/defines/MonitorDefines.cpp.o[0m
[18.417s] [ 40%] [32mBuilding CXX object CMakeFiles/sdl_utils.dir/src/drawing/DrawParams.cpp.o[0m
[18.520s] [ 45%] [32mBuilding CXX object CMakeFiles/sdl_utils.dir/src/drawing/GeometryUtils.cpp.o[0m
[18.624s] [ 50%] [32mBuilding CXX object CMakeFiles/sdl_utils.dir/src/drawing/LoadingScreen.cpp.o[0m
[19.554s] [ 55%] [32mBuilding CXX object CMakeFiles/sdl_utils.dir/src/drawing/MonitorWindow.cpp.o[0m
[20.826s] [ 60%] [32mBuilding CXX object CMakeFiles/sdl_utils.dir/src/drawing/Renderer.cpp.o[0m
[22.898s] [ 65%] [32mBuilding CXX object CMakeFiles/sdl_utils.dir/src/drawing/RendererState.cpp.o[0m
[23.793s] [ 70%] [32mBuilding CXX object CMakeFiles/sdl_utils.dir/src/drawing/Texture.cpp.o[0m
[25.310s] [ 75%] [32mBuilding CXX object CMakeFiles/sdl_utils.dir/src/input/InputEvent.cpp.o[0m
[25.531s] [ 80%] [32mBuilding CXX object CMakeFiles/sdl_utils.dir/src/input/InputEventGenerator.cpp.o[0m
[26.713s] [ 85%] [32mBuilding CXX object CMakeFiles/sdl_utils.dir/src/input/MouseUtils.cpp.o[0m
[26.769s] [ 90%] [32mBuilding CXX object CMakeFiles/sdl_utils.dir/src/sound/SoundMixer.cpp.o[0m
[27.796s] [ 95%] [32mBuilding CXX object CMakeFiles/sdl_utils.dir/src/SDLLoader.cpp.o[0m
[29.692s] [100%] [32m[1mLinking CXX static library libsdl_utils.a[0m
[29.926s] [100%] Built target sdl_utils
[29.960s] Invoked command in '/home/ubuntu/workspace/Velizar/robotics_v1/build/sdl_utils' returned '0': CMAKE_PREFIX_PATH=/home/ubuntu/workspace/Velizar/robotics_v1/install/resource_utils:/home/ubuntu/workspace/Velizar/robotics_v1/install/utils:/home/ubuntu/workspace/Velizar/robotics_v1/install/cmake_helpers:/opt/ros/foxy PKG_CONFIG_PATH=/home/ubuntu/workspace/Velizar/robotics_v1/install/resource_utils/lib/x86_64-linux-gnu/pkgconfig:/home/ubuntu/workspace/Velizar/robotics_v1/install/resource_utils/lib/pkgconfig:/home/ubuntu/workspace/Velizar/robotics_v1/install/utils/lib/x86_64-linux-gnu/pkgconfig:/home/ubuntu/workspace/Velizar/robotics_v1/install/utils/lib/pkgconfig:/home/ubuntu/workspace/Velizar/robotics_v1/install/cmake_helpers/lib/x86_64-linux-gnu/pkgconfig:/home/ubuntu/workspace/Velizar/robotics_v1/install/cmake_helpers/lib/pkgconfig PS1=[\u@\h \W]$(git_branch)$ /usr/bin/cmake --build /home/ubuntu/workspace/Velizar/robotics_v1/build/sdl_utils -- -j2 -l2
[30.108s] Invoking command in '/home/ubuntu/workspace/Velizar/robotics_v1/build/sdl_utils': CMAKE_PREFIX_PATH=/home/ubuntu/workspace/Velizar/robotics_v1/install/resource_utils:/home/ubuntu/workspace/Velizar/robotics_v1/install/utils:/home/ubuntu/workspace/Velizar/robotics_v1/install/cmake_helpers:/opt/ros/foxy PKG_CONFIG_PATH=/home/ubuntu/workspace/Velizar/robotics_v1/install/resource_utils/lib/x86_64-linux-gnu/pkgconfig:/home/ubuntu/workspace/Velizar/robotics_v1/install/resource_utils/lib/pkgconfig:/home/ubuntu/workspace/Velizar/robotics_v1/install/utils/lib/x86_64-linux-gnu/pkgconfig:/home/ubuntu/workspace/Velizar/robotics_v1/install/utils/lib/pkgconfig:/home/ubuntu/workspace/Velizar/robotics_v1/install/cmake_helpers/lib/x86_64-linux-gnu/pkgconfig:/home/ubuntu/workspace/Velizar/robotics_v1/install/cmake_helpers/lib/pkgconfig PS1=[\u@\h \W]$(git_branch)$ /usr/bin/cmake --install /home/ubuntu/workspace/Velizar/robotics_v1/build/sdl_utils
[30.135s] -- Install configuration: "Debug"
[30.136s] -- Installing: /home/ubuntu/workspace/Velizar/robotics_v1/install/sdl_utils/share/sdl_utils/package.xml
[30.137s] -- Installing: /home/ubuntu/workspace/Velizar/robotics_v1/install/sdl_utils/lib/sdl_utils/libsdl_utils.a
[30.154s] -- Installing: /home/ubuntu/workspace/Velizar/robotics_v1/install/sdl_utils/share/ament_index/resource_index/packages/sdl_utils
[30.155s] -- Installing: /home/ubuntu/workspace/Velizar/robotics_v1/install/sdl_utils/share/sdl_utils/hook/ament_prefix_path.dsv
[30.155s] -- Installing: /home/ubuntu/workspace/Velizar/robotics_v1/install/sdl_utils/share/sdl_utils/hook/ros_package_path.dsv
[30.156s] -- Installing: /home/ubuntu/workspace/Velizar/robotics_v1/install/sdl_utils/share/ament_index/resource_index/package_run_dependencies/sdl_utils
[30.157s] -- Installing: /home/ubuntu/workspace/Velizar/robotics_v1/install/sdl_utils/share/ament_index/resource_index/parent_prefix_path/sdl_utils
[30.158s] -- Installing: /home/ubuntu/workspace/Velizar/robotics_v1/install/sdl_utils/share/sdl_utils/environment/ament_prefix_path.sh
[30.158s] -- Installing: /home/ubuntu/workspace/Velizar/robotics_v1/install/sdl_utils/share/sdl_utils/environment/ament_prefix_path.dsv
[30.159s] -- Installing: /home/ubuntu/workspace/Velizar/robotics_v1/install/sdl_utils/share/sdl_utils/environment/path.sh
[30.160s] -- Installing: /home/ubuntu/workspace/Velizar/robotics_v1/install/sdl_utils/share/sdl_utils/environment/path.dsv
[30.160s] -- Installing: /home/ubuntu/workspace/Velizar/robotics_v1/install/sdl_utils/share/sdl_utils/local_setup.bash
[30.161s] -- Installing: /home/ubuntu/workspace/Velizar/robotics_v1/install/sdl_utils/share/sdl_utils/local_setup.sh
[30.162s] -- Installing: /home/ubuntu/workspace/Velizar/robotics_v1/install/sdl_utils/share/sdl_utils/local_setup.zsh
[30.163s] -- Installing: /home/ubuntu/workspace/Velizar/robotics_v1/install/sdl_utils/share/sdl_utils/local_setup.dsv
[30.164s] -- Installing: /home/ubuntu/workspace/Velizar/robotics_v1/install/sdl_utils/share/sdl_utils/package.dsv
[30.164s] -- Installing: /home/ubuntu/workspace/Velizar/robotics_v1/install/sdl_utils/share/ament_index/resource_index/packages/sdl_utils
[30.165s] -- Installing: /home/ubuntu/workspace/Velizar/robotics_v1/install/sdl_utils/share/sdl_utils/cmake/sdl_utilsConfig.cmake
[30.166s] -- Installing: /home/ubuntu/workspace/Velizar/robotics_v1/install/sdl_utils/share/sdl_utils/cmake/sdl_utilsConfig-version.cmake
[30.166s] -- Up-to-date: /home/ubuntu/workspace/Velizar/robotics_v1/install/sdl_utils/share/sdl_utils/package.xml
[30.167s] -- Installing: /home/ubuntu/workspace/Velizar/robotics_v1/install/sdl_utils/lib/libsdl_utils.a
[30.183s] -- Installing: /home/ubuntu/workspace/Velizar/robotics_v1/install/sdl_utils/include
[30.184s] -- Installing: /home/ubuntu/workspace/Velizar/robotics_v1/install/sdl_utils/include/sdl_utils
[30.184s] -- Installing: /home/ubuntu/workspace/Velizar/robotics_v1/install/sdl_utils/include/sdl_utils/containers
[30.185s] -- Installing: /home/ubuntu/workspace/Velizar/robotics_v1/install/sdl_utils/include/sdl_utils/containers/TextContainer.h
[30.185s] -- Installing: /home/ubuntu/workspace/Velizar/robotics_v1/install/sdl_utils/include/sdl_utils/containers/config
[30.186s] -- Installing: /home/ubuntu/workspace/Velizar/robotics_v1/install/sdl_utils/include/sdl_utils/containers/config/SDLContainersConfig.h
[30.186s] -- Installing: /home/ubuntu/workspace/Velizar/robotics_v1/install/sdl_utils/include/sdl_utils/containers/ResourceContainer.h
[30.187s] -- Installing: /home/ubuntu/workspace/Velizar/robotics_v1/install/sdl_utils/include/sdl_utils/containers/FboContainer.h
[30.188s] -- Installing: /home/ubuntu/workspace/Velizar/robotics_v1/install/sdl_utils/include/sdl_utils/containers/FontContainer.h
[30.188s] -- Installing: /home/ubuntu/workspace/Velizar/robotics_v1/install/sdl_utils/include/sdl_utils/containers/SoundContainer.h
[30.189s] -- Installing: /home/ubuntu/workspace/Velizar/robotics_v1/install/sdl_utils/include/sdl_utils/containers/SDLContainers.h
[30.189s] -- Installing: /home/ubuntu/workspace/Velizar/robotics_v1/install/sdl_utils/include/sdl_utils/drawing
[30.190s] -- Installing: /home/ubuntu/workspace/Velizar/robotics_v1/install/sdl_utils/include/sdl_utils/drawing/Texture.h
[30.191s] -- Installing: /home/ubuntu/workspace/Velizar/robotics_v1/install/sdl_utils/include/sdl_utils/drawing/MonitorWindow.h
[30.192s] -- Installing: /home/ubuntu/workspace/Velizar/robotics_v1/install/sdl_utils/include/sdl_utils/drawing/DrawParams.h
[30.193s] -- Installing: /home/ubuntu/workspace/Velizar/robotics_v1/install/sdl_utils/include/sdl_utils/drawing/LoadingScreen.h
[30.193s] -- Installing: /home/ubuntu/workspace/Velizar/robotics_v1/install/sdl_utils/include/sdl_utils/drawing/config
[30.193s] -- Installing: /home/ubuntu/workspace/Velizar/robotics_v1/install/sdl_utils/include/sdl_utils/drawing/config/LoadingScreenConfig.h
[30.194s] -- Installing: /home/ubuntu/workspace/Velizar/robotics_v1/install/sdl_utils/include/sdl_utils/drawing/config/MonitorWindowConfig.h
[30.195s] -- Installing: /home/ubuntu/workspace/Velizar/robotics_v1/install/sdl_utils/include/sdl_utils/drawing/config/RendererConfig.h
[30.195s] -- Installing: /home/ubuntu/workspace/Velizar/robotics_v1/install/sdl_utils/include/sdl_utils/drawing/RendererState.h
[30.196s] -- Installing: /home/ubuntu/workspace/Velizar/robotics_v1/install/sdl_utils/include/sdl_utils/drawing/Renderer.h
[30.196s] -- Installing: /home/ubuntu/workspace/Velizar/robotics_v1/install/sdl_utils/include/sdl_utils/drawing/GeometryUtils.h
[30.197s] -- Installing: /home/ubuntu/workspace/Velizar/robotics_v1/install/sdl_utils/include/sdl_utils/drawing/defines
[30.197s] -- Installing: /home/ubuntu/workspace/Velizar/robotics_v1/install/sdl_utils/include/sdl_utils/drawing/defines/DrawConstants.h
[30.198s] -- Installing: /home/ubuntu/workspace/Velizar/robotics_v1/install/sdl_utils/include/sdl_utils/drawing/defines/DrawUtilityDefines.h
[30.198s] -- Installing: /home/ubuntu/workspace/Velizar/robotics_v1/install/sdl_utils/include/sdl_utils/drawing/defines/RendererDefines.h
[30.199s] -- Installing: /home/ubuntu/workspace/Velizar/robotics_v1/install/sdl_utils/include/sdl_utils/drawing/defines/MonitorDefines.h
[30.200s] -- Installing: /home/ubuntu/workspace/Velizar/robotics_v1/install/sdl_utils/include/sdl_utils/sound
[30.200s] -- Installing: /home/ubuntu/workspace/Velizar/robotics_v1/install/sdl_utils/include/sdl_utils/sound/SoundMixer.h
[30.201s] -- Installing: /home/ubuntu/workspace/Velizar/robotics_v1/install/sdl_utils/include/sdl_utils/sound/defines
[30.202s] -- Installing: /home/ubuntu/workspace/Velizar/robotics_v1/install/sdl_utils/include/sdl_utils/sound/defines/SoundMixerDefines.h
[30.203s] -- Installing: /home/ubuntu/workspace/Velizar/robotics_v1/install/sdl_utils/include/sdl_utils/input
[30.203s] -- Installing: /home/ubuntu/workspace/Velizar/robotics_v1/install/sdl_utils/include/sdl_utils/input/TouchEntity.h
[30.204s] -- Installing: /home/ubuntu/workspace/Velizar/robotics_v1/install/sdl_utils/include/sdl_utils/input/InputEvent.h
[30.204s] -- Installing: /home/ubuntu/workspace/Velizar/robotics_v1/install/sdl_utils/include/sdl_utils/input/TouchEntityInterface.h
[30.205s] -- Installing: /home/ubuntu/workspace/Velizar/robotics_v1/install/sdl_utils/include/sdl_utils/input/InputEventGenerator.h
[30.205s] -- Installing: /home/ubuntu/workspace/Velizar/robotics_v1/install/sdl_utils/include/sdl_utils/input/MouseUtils.h
[30.206s] -- Installing: /home/ubuntu/workspace/Velizar/robotics_v1/install/sdl_utils/include/sdl_utils/input/defines
[30.206s] -- Installing: /home/ubuntu/workspace/Velizar/robotics_v1/install/sdl_utils/include/sdl_utils/input/defines/EventDefines.h
[30.207s] -- Installing: /home/ubuntu/workspace/Velizar/robotics_v1/install/sdl_utils/include/sdl_utils/SDLLoader.h
[30.208s] -- Installing: /home/ubuntu/workspace/Velizar/robotics_v1/install/sdl_utils/lib/cmake/sdl_utils/sdl_utilsTargets.cmake
[30.209s] -- Installing: /home/ubuntu/workspace/Velizar/robotics_v1/install/sdl_utils/lib/cmake/sdl_utils/sdl_utilsTargets-debug.cmake
[30.209s] -- Installing: /home/ubuntu/workspace/Velizar/robotics_v1/install/sdl_utils/lib/cmake/sdl_utils/sdl_utilsConfig.cmake
[30.217s] Invoked command in '/home/ubuntu/workspace/Velizar/robotics_v1/build/sdl_utils' returned '0': CMAKE_PREFIX_PATH=/home/ubuntu/workspace/Velizar/robotics_v1/install/resource_utils:/home/ubuntu/workspace/Velizar/robotics_v1/install/utils:/home/ubuntu/workspace/Velizar/robotics_v1/install/cmake_helpers:/opt/ros/foxy PKG_CONFIG_PATH=/home/ubuntu/workspace/Velizar/robotics_v1/install/resource_utils/lib/x86_64-linux-gnu/pkgconfig:/home/ubuntu/workspace/Velizar/robotics_v1/install/resource_utils/lib/pkgconfig:/home/ubuntu/workspace/Velizar/robotics_v1/install/utils/lib/x86_64-linux-gnu/pkgconfig:/home/ubuntu/workspace/Velizar/robotics_v1/install/utils/lib/pkgconfig:/home/ubuntu/workspace/Velizar/robotics_v1/install/cmake_helpers/lib/x86_64-linux-gnu/pkgconfig:/home/ubuntu/workspace/Velizar/robotics_v1/install/cmake_helpers/lib/pkgconfig PS1=[\u@\h \W]$(git_branch)$ /usr/bin/cmake --install /home/ubuntu/workspace/Velizar/robotics_v1/build/sdl_utils
