[2.052s] Invoking command in '/home/ubuntu/workspace/Velizar/robotics_v1/src/robo_cleaner/robo_cleaner_ai_py': AMENT_PREFIX_PATH=/home/ubuntu/workspace/Velizar/robotics_v1/install/robo_cleaner_interfaces:${AMENT_PREFIX_PATH} CMAKE_PREFIX_PATH=/home/ubuntu/workspace/Velizar/robotics_v1/install/robo_cleaner_interfaces LD_LIBRARY_PATH=/home/ubuntu/workspace/Velizar/robotics_v1/install/robo_cleaner_interfaces/lib:${LD_LIBRARY_PATH} PS1=[\u@\h \W]$(git_branch)$ PYTHONPATH=/home/ubuntu/workspace/Velizar/robotics_v1/install/robo_cleaner_ai_py/lib/python3.8/site-packages:/home/ubuntu/workspace/Velizar/robotics_v1/install/robo_cleaner_interfaces/lib/python3.8/site-packages:${PYTHONPATH} /usr/bin/python3 setup.py egg_info --egg-base ../../../build/robo_cleaner_ai_py build --build-base /home/ubuntu/workspace/Velizar/robotics_v1/build/robo_cleaner_ai_py/build install --prefix /home/ubuntu/workspace/Velizar/robotics_v1/install/robo_cleaner_ai_py --record /home/ubuntu/workspace/Velizar/robotics_v1/build/robo_cleaner_ai_py/install.log --single-version-externally-managed
[2.712s] running egg_info
[2.714s] writing ../../../build/robo_cleaner_ai_py/robo_cleaner_ai_py.egg-info/PKG-INFO
[2.714s] writing dependency_links to ../../../build/robo_cleaner_ai_py/robo_cleaner_ai_py.egg-info/dependency_links.txt
[2.715s] writing entry points to ../../../build/robo_cleaner_ai_py/robo_cleaner_ai_py.egg-info/entry_points.txt
[2.715s] writing requirements to ../../../build/robo_cleaner_ai_py/robo_cleaner_ai_py.egg-info/requires.txt
[2.715s] writing top-level names to ../../../build/robo_cleaner_ai_py/robo_cleaner_ai_py.egg-info/top_level.txt
[2.834s] reading manifest file '../../../build/robo_cleaner_ai_py/robo_cleaner_ai_py.egg-info/SOURCES.txt'
[2.837s] writing manifest file '../../../build/robo_cleaner_ai_py/robo_cleaner_ai_py.egg-info/SOURCES.txt'
[2.837s] running build
[2.837s] running build_py
[2.837s] copying robo_cleaner_ai_py/ant_algorithm.py -> /home/ubuntu/workspace/Velizar/robotics_v1/build/robo_cleaner_ai_py/build/lib/robo_cleaner_ai_py
[2.838s] copying robo_cleaner_ai_py/robo_cleaner_ai.py -> /home/ubuntu/workspace/Velizar/robotics_v1/build/robo_cleaner_ai_py/build/lib/robo_cleaner_ai_py
[2.838s] running install
[2.842s] running install_lib
[2.847s] copying /home/ubuntu/workspace/Velizar/robotics_v1/build/robo_cleaner_ai_py/build/lib/robo_cleaner_ai_py/ant_algorithm.py -> /home/ubuntu/workspace/Velizar/robotics_v1/install/robo_cleaner_ai_py/lib/python3.8/site-packages/robo_cleaner_ai_py
[2.848s] copying /home/ubuntu/workspace/Velizar/robotics_v1/build/robo_cleaner_ai_py/build/lib/robo_cleaner_ai_py/robo_cleaner_ai.py -> /home/ubuntu/workspace/Velizar/robotics_v1/install/robo_cleaner_ai_py/lib/python3.8/site-packages/robo_cleaner_ai_py
[2.849s] byte-compiling /home/ubuntu/workspace/Velizar/robotics_v1/install/robo_cleaner_ai_py/lib/python3.8/site-packages/robo_cleaner_ai_py/ant_algorithm.py to ant_algorithm.cpython-38.pyc
[2.856s] byte-compiling /home/ubuntu/workspace/Velizar/robotics_v1/install/robo_cleaner_ai_py/lib/python3.8/site-packages/robo_cleaner_ai_py/robo_cleaner_ai.py to robo_cleaner_ai.cpython-38.pyc
[2.866s] running install_data
[2.868s] running install_egg_info
[2.873s] removing '/home/ubuntu/workspace/Velizar/robotics_v1/install/robo_cleaner_ai_py/lib/python3.8/site-packages/robo_cleaner_ai_py-0.0.0-py3.8.egg-info' (and everything under it)
[2.873s] Copying ../../../build/robo_cleaner_ai_py/robo_cleaner_ai_py.egg-info to /home/ubuntu/workspace/Velizar/robotics_v1/install/robo_cleaner_ai_py/lib/python3.8/site-packages/robo_cleaner_ai_py-0.0.0-py3.8.egg-info
[2.877s] running install_scripts
[2.934s] Installing robot_ai script to /home/ubuntu/workspace/Velizar/robotics_v1/install/robo_cleaner_ai_py/lib/robo_cleaner_ai_py
[2.935s] writing list of installed files to '/home/ubuntu/workspace/Velizar/robotics_v1/build/robo_cleaner_ai_py/install.log'
[3.032s] Invoked command in '/home/ubuntu/workspace/Velizar/robotics_v1/src/robo_cleaner/robo_cleaner_ai_py' returned '0': AMENT_PREFIX_PATH=/home/ubuntu/workspace/Velizar/robotics_v1/install/robo_cleaner_interfaces:${AMENT_PREFIX_PATH} CMAKE_PREFIX_PATH=/home/ubuntu/workspace/Velizar/robotics_v1/install/robo_cleaner_interfaces LD_LIBRARY_PATH=/home/ubuntu/workspace/Velizar/robotics_v1/install/robo_cleaner_interfaces/lib:${LD_LIBRARY_PATH} PS1=[\u@\h \W]$(git_branch)$ PYTHONPATH=/home/ubuntu/workspace/Velizar/robotics_v1/install/robo_cleaner_ai_py/lib/python3.8/site-packages:/home/ubuntu/workspace/Velizar/robotics_v1/install/robo_cleaner_interfaces/lib/python3.8/site-packages:${PYTHONPATH} /usr/bin/python3 setup.py egg_info --egg-base ../../../build/robo_cleaner_ai_py build --build-base /home/ubuntu/workspace/Velizar/robotics_v1/build/robo_cleaner_ai_py/build install --prefix /home/ubuntu/workspace/Velizar/robotics_v1/install/robo_cleaner_ai_py --record /home/ubuntu/workspace/Velizar/robotics_v1/build/robo_cleaner_ai_py/install.log --single-version-externally-managed
