[0.075s] Invoking command in '/home/ubuntu/workspace/Velizar/robotics_v1/build/resource_builder': CMAKE_PREFIX_PATH=/home/ubuntu/workspace/Velizar/robotics_v1/install/resource_utils:/home/ubuntu/workspace/Velizar/robotics_v1/install/utils:/home/ubuntu/workspace/Velizar/robotics_v1/install/cmake_helpers:/opt/ros/foxy PKG_CONFIG_PATH=/home/ubuntu/workspace/Velizar/robotics_v1/install/resource_utils/lib/x86_64-linux-gnu/pkgconfig:/home/ubuntu/workspace/Velizar/robotics_v1/install/resource_utils/lib/pkgconfig:/home/ubuntu/workspace/Velizar/robotics_v1/install/utils/lib/x86_64-linux-gnu/pkgconfig:/home/ubuntu/workspace/Velizar/robotics_v1/install/utils/lib/pkgconfig:/home/ubuntu/workspace/Velizar/robotics_v1/install/cmake_helpers/lib/x86_64-linux-gnu/pkgconfig:/home/ubuntu/workspace/Velizar/robotics_v1/install/cmake_helpers/lib/pkgconfig PS1=[\u@\h \W]$(git_branch)$ /usr/bin/cmake --build /home/ubuntu/workspace/Velizar/robotics_v1/build/resource_builder -- -j2 -l2
[0.212s] [100%] Built target resource_builder
[0.240s] Invoked command in '/home/ubuntu/workspace/Velizar/robotics_v1/build/resource_builder' returned '0': CMAKE_PREFIX_PATH=/home/ubuntu/workspace/Velizar/robotics_v1/install/resource_utils:/home/ubuntu/workspace/Velizar/robotics_v1/install/utils:/home/ubuntu/workspace/Velizar/robotics_v1/install/cmake_helpers:/opt/ros/foxy PKG_CONFIG_PATH=/home/ubuntu/workspace/Velizar/robotics_v1/install/resource_utils/lib/x86_64-linux-gnu/pkgconfig:/home/ubuntu/workspace/Velizar/robotics_v1/install/resource_utils/lib/pkgconfig:/home/ubuntu/workspace/Velizar/robotics_v1/install/utils/lib/x86_64-linux-gnu/pkgconfig:/home/ubuntu/workspace/Velizar/robotics_v1/install/utils/lib/pkgconfig:/home/ubuntu/workspace/Velizar/robotics_v1/install/cmake_helpers/lib/x86_64-linux-gnu/pkgconfig:/home/ubuntu/workspace/Velizar/robotics_v1/install/cmake_helpers/lib/pkgconfig PS1=[\u@\h \W]$(git_branch)$ /usr/bin/cmake --build /home/ubuntu/workspace/Velizar/robotics_v1/build/resource_builder -- -j2 -l2
[0.325s] Invoking command in '/home/ubuntu/workspace/Velizar/robotics_v1/build/resource_builder': CMAKE_PREFIX_PATH=/home/ubuntu/workspace/Velizar/robotics_v1/install/resource_utils:/home/ubuntu/workspace/Velizar/robotics_v1/install/utils:/home/ubuntu/workspace/Velizar/robotics_v1/install/cmake_helpers:/opt/ros/foxy PKG_CONFIG_PATH=/home/ubuntu/workspace/Velizar/robotics_v1/install/resource_utils/lib/x86_64-linux-gnu/pkgconfig:/home/ubuntu/workspace/Velizar/robotics_v1/install/resource_utils/lib/pkgconfig:/home/ubuntu/workspace/Velizar/robotics_v1/install/utils/lib/x86_64-linux-gnu/pkgconfig:/home/ubuntu/workspace/Velizar/robotics_v1/install/utils/lib/pkgconfig:/home/ubuntu/workspace/Velizar/robotics_v1/install/cmake_helpers/lib/x86_64-linux-gnu/pkgconfig:/home/ubuntu/workspace/Velizar/robotics_v1/install/cmake_helpers/lib/pkgconfig PS1=[\u@\h \W]$(git_branch)$ /usr/bin/cmake --install /home/ubuntu/workspace/Velizar/robotics_v1/build/resource_builder
[0.348s] -- Install configuration: "Debug"
[0.348s] -- Up-to-date: /home/ubuntu/workspace/Velizar/robotics_v1/install/resource_builder/share/resource_builder/package.xml
[0.349s] -- Up-to-date: /home/ubuntu/workspace/Velizar/robotics_v1/install/resource_builder/lib/resource_builder/resource_builder
[0.349s] -- Up-to-date: /home/ubuntu/workspace/Velizar/robotics_v1/install/resource_builder/share/ament_index/resource_index/packages/resource_builder
[0.349s] -- Up-to-date: /home/ubuntu/workspace/Velizar/robotics_v1/install/resource_builder/share/resource_builder/hook/ament_prefix_path.dsv
[0.350s] -- Up-to-date: /home/ubuntu/workspace/Velizar/robotics_v1/install/resource_builder/share/resource_builder/hook/ros_package_path.dsv
[0.350s] -- Up-to-date: /home/ubuntu/workspace/Velizar/robotics_v1/install/resource_builder/share/ament_index/resource_index/package_run_dependencies/resource_builder
[0.350s] -- Up-to-date: /home/ubuntu/workspace/Velizar/robotics_v1/install/resource_builder/share/ament_index/resource_index/parent_prefix_path/resource_builder
[0.351s] -- Up-to-date: /home/ubuntu/workspace/Velizar/robotics_v1/install/resource_builder/share/resource_builder/environment/ament_prefix_path.sh
[0.351s] -- Up-to-date: /home/ubuntu/workspace/Velizar/robotics_v1/install/resource_builder/share/resource_builder/environment/ament_prefix_path.dsv
[0.351s] -- Up-to-date: /home/ubuntu/workspace/Velizar/robotics_v1/install/resource_builder/share/resource_builder/environment/path.sh
[0.351s] -- Up-to-date: /home/ubuntu/workspace/Velizar/robotics_v1/install/resource_builder/share/resource_builder/environment/path.dsv
[0.352s] -- Up-to-date: /home/ubuntu/workspace/Velizar/robotics_v1/install/resource_builder/share/resource_builder/local_setup.bash
[0.352s] -- Up-to-date: /home/ubuntu/workspace/Velizar/robotics_v1/install/resource_builder/share/resource_builder/local_setup.sh
[0.352s] -- Up-to-date: /home/ubuntu/workspace/Velizar/robotics_v1/install/resource_builder/share/resource_builder/local_setup.zsh
[0.355s] -- Up-to-date: /home/ubuntu/workspace/Velizar/robotics_v1/install/resource_builder/share/resource_builder/local_setup.dsv
[0.355s] -- Installing: /home/ubuntu/workspace/Velizar/robotics_v1/install/resource_builder/share/resource_builder/package.dsv
[0.356s] -- Up-to-date: /home/ubuntu/workspace/Velizar/robotics_v1/install/resource_builder/share/ament_index/resource_index/packages/resource_builder
[0.357s] -- Up-to-date: /home/ubuntu/workspace/Velizar/robotics_v1/install/resource_builder/share/resource_builder/cmake/resource_builderConfig.cmake
[0.357s] -- Up-to-date: /home/ubuntu/workspace/Velizar/robotics_v1/install/resource_builder/share/resource_builder/cmake/resource_builderConfig-version.cmake
[0.358s] -- Up-to-date: /home/ubuntu/workspace/Velizar/robotics_v1/install/resource_builder/share/resource_builder/package.xml
[0.359s] -- Up-to-date: /home/ubuntu/workspace/Velizar/robotics_v1/install/resource_builder/bin/resource_builder
[0.359s] -- Up-to-date: /home/ubuntu/workspace/Velizar/robotics_v1/install/resource_builder/include
[0.360s] -- Up-to-date: /home/ubuntu/workspace/Velizar/robotics_v1/install/resource_builder/include/resource_builder
[0.360s] -- Up-to-date: /home/ubuntu/workspace/Velizar/robotics_v1/install/resource_builder/include/resource_builder/FileParser.h
[0.360s] -- Up-to-date: /home/ubuntu/workspace/Velizar/robotics_v1/install/resource_builder/include/resource_builder/FileBuilder.h
[0.361s] -- Up-to-date: /home/ubuntu/workspace/Velizar/robotics_v1/install/resource_builder/include/resource_builder/SyntaxChecker.h
[0.361s] -- Up-to-date: /home/ubuntu/workspace/Velizar/robotics_v1/install/resource_builder/include/resource_builder/ResourceParser.h
[0.361s] -- Up-to-date: /home/ubuntu/workspace/Velizar/robotics_v1/install/resource_builder/lib/cmake/resource_builder/resource_builderTargets.cmake
[0.362s] -- Up-to-date: /home/ubuntu/workspace/Velizar/robotics_v1/install/resource_builder/lib/cmake/resource_builder/resource_builderTargets-debug.cmake
[0.362s] -- Up-to-date: /home/ubuntu/workspace/Velizar/robotics_v1/install/resource_builder/lib/cmake/resource_builder/resource_builderConfig.cmake
[0.368s] Invoked command in '/home/ubuntu/workspace/Velizar/robotics_v1/build/resource_builder' returned '0': CMAKE_PREFIX_PATH=/home/ubuntu/workspace/Velizar/robotics_v1/install/resource_utils:/home/ubuntu/workspace/Velizar/robotics_v1/install/utils:/home/ubuntu/workspace/Velizar/robotics_v1/install/cmake_helpers:/opt/ros/foxy PKG_CONFIG_PATH=/home/ubuntu/workspace/Velizar/robotics_v1/install/resource_utils/lib/x86_64-linux-gnu/pkgconfig:/home/ubuntu/workspace/Velizar/robotics_v1/install/resource_utils/lib/pkgconfig:/home/ubuntu/workspace/Velizar/robotics_v1/install/utils/lib/x86_64-linux-gnu/pkgconfig:/home/ubuntu/workspace/Velizar/robotics_v1/install/utils/lib/pkgconfig:/home/ubuntu/workspace/Velizar/robotics_v1/install/cmake_helpers/lib/x86_64-linux-gnu/pkgconfig:/home/ubuntu/workspace/Velizar/robotics_v1/install/cmake_helpers/lib/pkgconfig PS1=[\u@\h \W]$(git_branch)$ /usr/bin/cmake --install /home/ubuntu/workspace/Velizar/robotics_v1/build/resource_builder
