running egg_info
creating ../build/robo_builder_py/robo_builder_py.egg-info
writing ../build/robo_builder_py/robo_builder_py.egg-info/PKG-INFO
writing dependency_links to ../build/robo_builder_py/robo_builder_py.egg-info/dependency_links.txt
writing entry points to ../build/robo_builder_py/robo_builder_py.egg-info/entry_points.txt
writing requirements to ../build/robo_builder_py/robo_builder_py.egg-info/requires.txt
writing top-level names to ../build/robo_builder_py/robo_builder_py.egg-info/top_level.txt
writing manifest file '../build/robo_builder_py/robo_builder_py.egg-info/SOURCES.txt'
reading manifest file '../build/robo_builder_py/robo_builder_py.egg-info/SOURCES.txt'
writing manifest file '../build/robo_builder_py/robo_builder_py.egg-info/SOURCES.txt'
running build
running build_py
creating /home/ubuntu/workspace/Velizar/robotics_v1/src/build/robo_builder_py/build
creating /home/ubuntu/workspace/Velizar/robotics_v1/src/build/robo_builder_py/build/lib
creating /home/ubuntu/workspace/Velizar/robotics_v1/src/build/robo_builder_py/build/lib/robo_builder_py
copying robo_builder_py/communicator.py -> /home/ubuntu/workspace/Velizar/robotics_v1/src/build/robo_builder_py/build/lib/robo_builder_py
copying robo_builder_py/__init__.py -> /home/ubuntu/workspace/Velizar/robotics_v1/src/build/robo_builder_py/build/lib/robo_builder_py
copying robo_builder_py/robo_builder.py -> /home/ubuntu/workspace/Velizar/robotics_v1/src/build/robo_builder_py/build/lib/robo_builder_py
running install
running install_lib
creating /home/ubuntu/workspace/Velizar/robotics_v1/src/install/robo_builder_py/lib/python3.8/site-packages/robo_builder_py
copying /home/ubuntu/workspace/Velizar/robotics_v1/src/build/robo_builder_py/build/lib/robo_builder_py/communicator.py -> /home/ubuntu/workspace/Velizar/robotics_v1/src/install/robo_builder_py/lib/python3.8/site-packages/robo_builder_py
copying /home/ubuntu/workspace/Velizar/robotics_v1/src/build/robo_builder_py/build/lib/robo_builder_py/__init__.py -> /home/ubuntu/workspace/Velizar/robotics_v1/src/install/robo_builder_py/lib/python3.8/site-packages/robo_builder_py
copying /home/ubuntu/workspace/Velizar/robotics_v1/src/build/robo_builder_py/build/lib/robo_builder_py/robo_builder.py -> /home/ubuntu/workspace/Velizar/robotics_v1/src/install/robo_builder_py/lib/python3.8/site-packages/robo_builder_py
byte-compiling /home/ubuntu/workspace/Velizar/robotics_v1/src/install/robo_builder_py/lib/python3.8/site-packages/robo_builder_py/communicator.py to communicator.cpython-38.pyc
byte-compiling /home/ubuntu/workspace/Velizar/robotics_v1/src/install/robo_builder_py/lib/python3.8/site-packages/robo_builder_py/__init__.py to __init__.cpython-38.pyc
byte-compiling /home/ubuntu/workspace/Velizar/robotics_v1/src/install/robo_builder_py/lib/python3.8/site-packages/robo_builder_py/robo_builder.py to robo_builder.cpython-38.pyc
running install_data
creating /home/ubuntu/workspace/Velizar/robotics_v1/src/install/robo_builder_py/share/ament_index
creating /home/ubuntu/workspace/Velizar/robotics_v1/src/install/robo_builder_py/share/ament_index/resource_index
creating /home/ubuntu/workspace/Velizar/robotics_v1/src/install/robo_builder_py/share/ament_index/resource_index/packages
copying resource/robo_builder_py -> /home/ubuntu/workspace/Velizar/robotics_v1/src/install/robo_builder_py/share/ament_index/resource_index/packages
copying package.xml -> /home/ubuntu/workspace/Velizar/robotics_v1/src/install/robo_builder_py/share/robo_builder_py
running install_egg_info
Copying ../build/robo_builder_py/robo_builder_py.egg-info to /home/ubuntu/workspace/Velizar/robotics_v1/src/install/robo_builder_py/lib/python3.8/site-packages/robo_builder_py-0.0.0-py3.8.egg-info
running install_scripts
Installing robo_builder script to /home/ubuntu/workspace/Velizar/robotics_v1/src/install/robo_builder_py/lib/robo_builder_py
writing list of installed files to '/home/ubuntu/workspace/Velizar/robotics_v1/src/build/robo_builder_py/install.log'
