[2.193s] Invoking command in '/home/ubuntu/workspace/Velizar/robotics_v1/src/robo_builder_py': PS1=[\u@\h \W]$(git_branch)$ PYTHONPATH=/home/ubuntu/workspace/Velizar/robotics_v1/src/install/robo_builder_py/lib/python3.8/site-packages:${PYTHONPATH} /usr/bin/python3 setup.py egg_info --egg-base ../build/robo_builder_py build --build-base /home/ubuntu/workspace/Velizar/robotics_v1/src/build/robo_builder_py/build install --prefix /home/ubuntu/workspace/Velizar/robotics_v1/src/install/robo_builder_py --record /home/ubuntu/workspace/Velizar/robotics_v1/src/build/robo_builder_py/install.log --single-version-externally-managed
[2.862s] running egg_info
[2.863s] creating ../build/robo_builder_py/robo_builder_py.egg-info
[2.864s] writing ../build/robo_builder_py/robo_builder_py.egg-info/PKG-INFO
[2.864s] writing dependency_links to ../build/robo_builder_py/robo_builder_py.egg-info/dependency_links.txt
[2.865s] writing entry points to ../build/robo_builder_py/robo_builder_py.egg-info/entry_points.txt
[2.865s] writing requirements to ../build/robo_builder_py/robo_builder_py.egg-info/requires.txt
[2.866s] writing top-level names to ../build/robo_builder_py/robo_builder_py.egg-info/top_level.txt
[2.876s] writing manifest file '../build/robo_builder_py/robo_builder_py.egg-info/SOURCES.txt'
[2.993s] reading manifest file '../build/robo_builder_py/robo_builder_py.egg-info/SOURCES.txt'
[2.996s] writing manifest file '../build/robo_builder_py/robo_builder_py.egg-info/SOURCES.txt'
[2.997s] running build
[2.997s] running build_py
[2.997s] creating /home/ubuntu/workspace/Velizar/robotics_v1/src/build/robo_builder_py/build
[2.997s] creating /home/ubuntu/workspace/Velizar/robotics_v1/src/build/robo_builder_py/build/lib
[2.997s] creating /home/ubuntu/workspace/Velizar/robotics_v1/src/build/robo_builder_py/build/lib/robo_builder_py
[2.998s] copying robo_builder_py/communicator.py -> /home/ubuntu/workspace/Velizar/robotics_v1/src/build/robo_builder_py/build/lib/robo_builder_py
[2.998s] copying robo_builder_py/__init__.py -> /home/ubuntu/workspace/Velizar/robotics_v1/src/build/robo_builder_py/build/lib/robo_builder_py
[2.999s] copying robo_builder_py/robo_builder.py -> /home/ubuntu/workspace/Velizar/robotics_v1/src/build/robo_builder_py/build/lib/robo_builder_py
[2.999s] running install
[3.000s] running install_lib
[3.003s] creating /home/ubuntu/workspace/Velizar/robotics_v1/src/install/robo_builder_py/lib/python3.8/site-packages/robo_builder_py
[3.003s] copying /home/ubuntu/workspace/Velizar/robotics_v1/src/build/robo_builder_py/build/lib/robo_builder_py/communicator.py -> /home/ubuntu/workspace/Velizar/robotics_v1/src/install/robo_builder_py/lib/python3.8/site-packages/robo_builder_py
[3.003s] copying /home/ubuntu/workspace/Velizar/robotics_v1/src/build/robo_builder_py/build/lib/robo_builder_py/__init__.py -> /home/ubuntu/workspace/Velizar/robotics_v1/src/install/robo_builder_py/lib/python3.8/site-packages/robo_builder_py
[3.004s] copying /home/ubuntu/workspace/Velizar/robotics_v1/src/build/robo_builder_py/build/lib/robo_builder_py/robo_builder.py -> /home/ubuntu/workspace/Velizar/robotics_v1/src/install/robo_builder_py/lib/python3.8/site-packages/robo_builder_py
[3.005s] byte-compiling /home/ubuntu/workspace/Velizar/robotics_v1/src/install/robo_builder_py/lib/python3.8/site-packages/robo_builder_py/communicator.py to communicator.cpython-38.pyc
[3.010s] byte-compiling /home/ubuntu/workspace/Velizar/robotics_v1/src/install/robo_builder_py/lib/python3.8/site-packages/robo_builder_py/__init__.py to __init__.cpython-38.pyc
[3.010s] byte-compiling /home/ubuntu/workspace/Velizar/robotics_v1/src/install/robo_builder_py/lib/python3.8/site-packages/robo_builder_py/robo_builder.py to robo_builder.cpython-38.pyc
[3.012s] running install_data
[3.013s] creating /home/ubuntu/workspace/Velizar/robotics_v1/src/install/robo_builder_py/share/ament_index
[3.014s] creating /home/ubuntu/workspace/Velizar/robotics_v1/src/install/robo_builder_py/share/ament_index/resource_index
[3.014s] creating /home/ubuntu/workspace/Velizar/robotics_v1/src/install/robo_builder_py/share/ament_index/resource_index/packages
[3.014s] copying resource/robo_builder_py -> /home/ubuntu/workspace/Velizar/robotics_v1/src/install/robo_builder_py/share/ament_index/resource_index/packages
[3.014s] copying package.xml -> /home/ubuntu/workspace/Velizar/robotics_v1/src/install/robo_builder_py/share/robo_builder_py
[3.015s] running install_egg_info
[3.018s] Copying ../build/robo_builder_py/robo_builder_py.egg-info to /home/ubuntu/workspace/Velizar/robotics_v1/src/install/robo_builder_py/lib/python3.8/site-packages/robo_builder_py-0.0.0-py3.8.egg-info
[3.020s] running install_scripts
[3.074s] Installing robo_builder script to /home/ubuntu/workspace/Velizar/robotics_v1/src/install/robo_builder_py/lib/robo_builder_py
[3.074s] writing list of installed files to '/home/ubuntu/workspace/Velizar/robotics_v1/src/build/robo_builder_py/install.log'
[3.142s] Invoked command in '/home/ubuntu/workspace/Velizar/robotics_v1/src/robo_builder_py' returned '0': PS1=[\u@\h \W]$(git_branch)$ PYTHONPATH=/home/ubuntu/workspace/Velizar/robotics_v1/src/install/robo_builder_py/lib/python3.8/site-packages:${PYTHONPATH} /usr/bin/python3 setup.py egg_info --egg-base ../build/robo_builder_py build --build-base /home/ubuntu/workspace/Velizar/robotics_v1/src/build/robo_builder_py/build install --prefix /home/ubuntu/workspace/Velizar/robotics_v1/src/install/robo_builder_py --record /home/ubuntu/workspace/Velizar/robotics_v1/src/build/robo_builder_py/install.log --single-version-externally-managed
