[0.025s] Invoking command in '/home/ubuntu/workspace/Velizar/robotics_v1/build/ur_client_library': CMAKE_PREFIX_PATH=/opt/ros/foxy PS1=[\u@\h \W]$(git_branch)$ /usr/bin/cmake /home/ubuntu/workspace/Velizar/robotics_v1/src/ur_driver/Universal_Robots_Client_Library -DCMAKE_BUILD_TYPE=Debug -DCMAKE_CXX_COMPILER=/usr/bin/clang++ -DCMAKE_INSTALL_PREFIX=/home/ubuntu/workspace/Velizar/robotics_v1/install/ur_client_library
[0.236s] -- The C compiler identification is GNU 9.4.0
[0.545s] -- The CXX compiler identification is Clang 10.0.0
[0.568s] -- Check for working C compiler: /usr/bin/cc
[0.761s] -- Check for working C compiler: /usr/bin/cc -- works
[0.765s] -- Detecting C compiler ABI info
[0.963s] -- Detecting C compiler ABI info - done
[1.027s] -- Detecting C compile features
[1.029s] -- Detecting C compile features - done
[1.045s] -- Check for working CXX compiler: /usr/bin/clang++
[1.381s] -- Check for working CXX compiler: /usr/bin/clang++ -- works
[1.385s] -- Detecting CXX compiler ABI info
[1.727s] -- Detecting CXX compiler ABI info - done
[1.787s] -- Detecting CXX compile features
[1.790s] -- Detecting CXX compile features - done
[1.795s] -- Performing C++17 Test
[1.806s] -- Performing Test COMPILER_SUPPORTS_CXX17
[2.140s] -- Performing Test COMPILER_SUPPORTS_CXX17 - Success
[2.146s] -- Looking for pthread.h
[2.351s] -- Looking for pthread.h - found
[2.353s] -- Performing Test CMAKE_HAVE_LIBC_PTHREAD
[2.577s] -- Performing Test CMAKE_HAVE_LIBC_PTHREAD - Failed
[2.579s] -- Looking for pthread_create in pthreads
[2.743s] -- Looking for pthread_create in pthreads - not found
[2.744s] -- Looking for pthread_create in pthread
[2.944s] -- Looking for pthread_create in pthread - found
[2.948s] -- Found Threads: TRUE  
[2.949s] -- Building tests disabled.
[2.967s] -- Configuring done
[3.012s] -- Generating done
[3.017s] -- Build files have been written to: /home/ubuntu/workspace/Velizar/robotics_v1/build/ur_client_library
[3.029s] Invoked command in '/home/ubuntu/workspace/Velizar/robotics_v1/build/ur_client_library' returned '0': CMAKE_PREFIX_PATH=/opt/ros/foxy PS1=[\u@\h \W]$(git_branch)$ /usr/bin/cmake /home/ubuntu/workspace/Velizar/robotics_v1/src/ur_driver/Universal_Robots_Client_Library -DCMAKE_BUILD_TYPE=Debug -DCMAKE_CXX_COMPILER=/usr/bin/clang++ -DCMAKE_INSTALL_PREFIX=/home/ubuntu/workspace/Velizar/robotics_v1/install/ur_client_library
[3.031s] Invoking command in '/home/ubuntu/workspace/Velizar/robotics_v1/build/ur_client_library': CMAKE_PREFIX_PATH=/opt/ros/foxy PS1=[\u@\h \W]$(git_branch)$ /usr/bin/cmake --build /home/ubuntu/workspace/Velizar/robotics_v1/build/ur_client_library -- -j2 -l2
[3.153s] [35m[1mScanning dependencies of target urcl[0m
[3.226s] [  2%] [32mBuilding CXX object CMakeFiles/urcl.dir/src/comm/tcp_socket.cpp.o[0m
[4.617s] [  5%] [32mBuilding CXX object CMakeFiles/urcl.dir/src/comm/tcp_server.cpp.o[0m
[6.458s] [  8%] [32mBuilding CXX object CMakeFiles/urcl.dir/src/control/reverse_interface.cpp.o[0m
[8.373s] [ 11%] [32mBuilding CXX object CMakeFiles/urcl.dir/src/control/script_sender.cpp.o[0m
[10.062s] [ 14%] [32mBuilding CXX object CMakeFiles/urcl.dir/src/control/trajectory_point_interface.cpp.o[0m
[11.765s] [ 17%] [32mBuilding CXX object CMakeFiles/urcl.dir/src/primary/primary_package.cpp.o[0m
[13.235s] [ 20%] [32mBuilding CXX object CMakeFiles/urcl.dir/src/primary/robot_message.cpp.o[0m
[14.737s] [ 23%] [32mBuilding CXX object CMakeFiles/urcl.dir/src/primary/robot_state.cpp.o[0m
[16.338s] [ 26%] [32mBuilding CXX object CMakeFiles/urcl.dir/src/primary/robot_message/version_message.cpp.o[0m
[17.932s] [ 29%] [32mBuilding CXX object CMakeFiles/urcl.dir/src/primary/robot_state/kinematics_info.cpp.o[0m
[19.632s] [ 32%] [32mBuilding CXX object CMakeFiles/urcl.dir/src/rtde/control_package_pause.cpp.o[0m
[20.933s] [ 35%] [32mBuilding CXX object CMakeFiles/urcl.dir/src/rtde/control_package_setup_inputs.cpp.o[0m
[22.290s] [ 38%] [32mBuilding CXX object CMakeFiles/urcl.dir/src/rtde/control_package_setup_outputs.cpp.o[0m
[23.694s] [ 41%] [32mBuilding CXX object CMakeFiles/urcl.dir/src/rtde/control_package_start.cpp.o[0m
[24.955s] [ 44%] [32mBuilding CXX object CMakeFiles/urcl.dir/src/rtde/data_package.cpp.o[0m
[31.770s] [ 47%] [32mBuilding CXX object CMakeFiles/urcl.dir/src/rtde/get_urcontrol_version.cpp.o[0m
[33.257s] [ 50%] [32mBuilding CXX object CMakeFiles/urcl.dir/src/rtde/request_protocol_version.cpp.o[0m
[34.583s] [ 52%] [32mBuilding CXX object CMakeFiles/urcl.dir/src/rtde/rtde_package.cpp.o[0m
[35.878s] [ 55%] [32mBuilding CXX object CMakeFiles/urcl.dir/src/rtde/text_message.cpp.o[0m
[37.193s] [ 58%] [32mBuilding CXX object CMakeFiles/urcl.dir/src/rtde/rtde_client.cpp.o[0m
[40.913s] [ 61%] [32mBuilding CXX object CMakeFiles/urcl.dir/src/ur/ur_driver.cpp.o[0m
[44.856s] [ 64%] [32mBuilding CXX object CMakeFiles/urcl.dir/src/ur/calibration_checker.cpp.o[0m
[46.424s] [ 67%] [32mBuilding CXX object CMakeFiles/urcl.dir/src/ur/dashboard_client.cpp.o[0m
[48.819s] [ 70%] [32mBuilding CXX object CMakeFiles/urcl.dir/src/ur/tool_communication.cpp.o[0m
[49.948s] [ 73%] [32mBuilding CXX object CMakeFiles/urcl.dir/src/rtde/rtde_writer.cpp.o[0m
[53.269s] [ 76%] [32mBuilding CXX object CMakeFiles/urcl.dir/src/default_log_handler.cpp.o[0m
[54.083s] [ 79%] [32mBuilding CXX object CMakeFiles/urcl.dir/src/log.cpp.o[0m
[55.020s] [ 82%] [32m[1mLinking CXX shared library liburcl.so[0m
[55.952s] [ 82%] Built target urcl
[55.982s] [35m[1mScanning dependencies of target rtde_client_example[0m
[56.018s] [ 85%] [32mBuilding CXX object examples/CMakeFiles/rtde_client_example.dir/rtde_client.cpp.o[0m
[58.288s] [ 88%] [32m[1mLinking CXX executable rtde_client_example[0m
[58.565s] [ 88%] Built target rtde_client_example
[58.590s] [35m[1mScanning dependencies of target primary_pipeline_example[0m
[58.625s] [ 91%] [32mBuilding CXX object examples/CMakeFiles/primary_pipeline_example.dir/primary_pipeline.cpp.o[0m
[60.170s] In file included from /home/ubuntu/workspace/Velizar/robotics_v1/src/ur_driver/Universal_Robots_Client_Library/examples/primary_pipeline.cpp:28:
[60.171s] In file included from /home/ubuntu/workspace/Velizar/robotics_v1/src/ur_driver/Universal_Robots_Client_Library/include/ur_client_library/comm/pipeline.h:23:
[60.171s] In file included from /home/ubuntu/workspace/Velizar/robotics_v1/src/ur_driver/Universal_Robots_Client_Library/include/ur_client_library/comm/package.h:31:
[60.171s] In file included from /home/ubuntu/workspace/Velizar/robotics_v1/src/ur_driver/Universal_Robots_Client_Library/include/ur_client_library/comm/bin_parser.h:31:
[60.171s] In file included from /usr/bin/../lib/gcc/x86_64-linux-gnu/9/../../../../include/c++/9/memory:80:
[60.172s] [1m/usr/bin/../lib/gcc/x86_64-linux-gnu/9/../../../../include/c++/9/bits/unique_ptr.h:81:2: [0m[0;1;35mwarning: [0m[1mdelete called on 'urcl::comm::IConsumer<urcl::primary_interface::PrimaryPackage>' that is abstract but has non-virtual destructor [-Wdelete-abstract-non-virtual-dtor][0m
[60.172s]         delete __ptr;
[60.172s] [0;1;32m        ^
[60.172s] [0m[1m/usr/bin/../lib/gcc/x86_64-linux-gnu/9/../../../../include/c++/9/bits/unique_ptr.h:292:4: [0m[0;1;30mnote: [0min instantiation of member function 'std::default_delete<urcl::comm::IConsumer<urcl::primary_interface::PrimaryPackage> >::operator()' requested here[0m
[60.172s]           get_deleter()(std::move(__ptr));
[60.172s] [0;1;32m          ^
[60.173s] [0m[1m/home/ubuntu/workspace/Velizar/robotics_v1/src/ur_driver/Universal_Robots_Client_Library/examples/primary_pipeline.cpp:52:71: [0m[0;1;30mnote: [0min instantiation of member function 'std::unique_ptr<urcl::comm::IConsumer<urcl::primary_interface::PrimaryPackage>, std::default_delete<urcl::comm::IConsumer<urcl::primary_interface::PrimaryPackage> > >::~unique_ptr' requested here[0m
[60.173s]   std::unique_ptr<comm::IConsumer<primary_interface::PrimaryPackage>> consumer;
[60.173s] [0;1;32m                                                                      ^
[60.897s] [0m1 warning generated.
[60.929s] [ 94%] [32m[1mLinking CXX executable primary_pipeline_example[0m
[61.250s] [ 94%] Built target primary_pipeline_example
[61.277s] [35m[1mScanning dependencies of target driver_example[0m
[61.316s] [ 97%] [32mBuilding CXX object examples/CMakeFiles/driver_example.dir/full_driver.cpp.o[0m
[64.686s] [100%] [32m[1mLinking CXX executable driver_example[0m
[65.015s] [100%] Built target driver_example
[65.059s] Invoked command in '/home/ubuntu/workspace/Velizar/robotics_v1/build/ur_client_library' returned '0': CMAKE_PREFIX_PATH=/opt/ros/foxy PS1=[\u@\h \W]$(git_branch)$ /usr/bin/cmake --build /home/ubuntu/workspace/Velizar/robotics_v1/build/ur_client_library -- -j2 -l2
[65.242s] Invoking command in '/home/ubuntu/workspace/Velizar/robotics_v1/build/ur_client_library': CMAKE_PREFIX_PATH=/opt/ros/foxy PS1=[\u@\h \W]$(git_branch)$ /usr/bin/cmake --install /home/ubuntu/workspace/Velizar/robotics_v1/build/ur_client_library
[65.268s] -- Install configuration: "Debug"
[65.269s] -- Installing: /home/ubuntu/workspace/Velizar/robotics_v1/install/ur_client_library/lib/liburcl.so
[65.283s] -- Installing: /home/ubuntu/workspace/Velizar/robotics_v1/install/ur_client_library/include
[65.284s] -- Installing: /home/ubuntu/workspace/Velizar/robotics_v1/install/ur_client_library/include/ur_client_library
[65.284s] -- Installing: /home/ubuntu/workspace/Velizar/robotics_v1/install/ur_client_library/include/ur_client_library/exceptions.h
[65.285s] -- Installing: /home/ubuntu/workspace/Velizar/robotics_v1/install/ur_client_library/include/ur_client_library/control
[65.285s] -- Installing: /home/ubuntu/workspace/Velizar/robotics_v1/install/ur_client_library/include/ur_client_library/control/script_sender.h
[65.286s] -- Installing: /home/ubuntu/workspace/Velizar/robotics_v1/install/ur_client_library/include/ur_client_library/control/reverse_interface.h
[65.286s] -- Installing: /home/ubuntu/workspace/Velizar/robotics_v1/install/ur_client_library/include/ur_client_library/control/trajectory_point_interface.h
[65.287s] -- Installing: /home/ubuntu/workspace/Velizar/robotics_v1/install/ur_client_library/include/ur_client_library/types.h
[65.288s] -- Installing: /home/ubuntu/workspace/Velizar/robotics_v1/install/ur_client_library/include/ur_client_library/ur
[65.288s] -- Installing: /home/ubuntu/workspace/Velizar/robotics_v1/install/ur_client_library/include/ur_client_library/ur/dashboard_client.h
[65.289s] -- Installing: /home/ubuntu/workspace/Velizar/robotics_v1/install/ur_client_library/include/ur_client_library/ur/datatypes.h
[65.290s] -- Installing: /home/ubuntu/workspace/Velizar/robotics_v1/install/ur_client_library/include/ur_client_library/ur/version_information.h
[65.291s] -- Installing: /home/ubuntu/workspace/Velizar/robotics_v1/install/ur_client_library/include/ur_client_library/ur/ur_driver.h
[65.292s] -- Installing: /home/ubuntu/workspace/Velizar/robotics_v1/install/ur_client_library/include/ur_client_library/ur/tool_communication.h
[65.292s] -- Installing: /home/ubuntu/workspace/Velizar/robotics_v1/install/ur_client_library/include/ur_client_library/ur/calibration_checker.h
[65.293s] -- Installing: /home/ubuntu/workspace/Velizar/robotics_v1/install/ur_client_library/include/ur_client_library/log.h
[65.293s] -- Installing: /home/ubuntu/workspace/Velizar/robotics_v1/install/ur_client_library/include/ur_client_library/primary
[65.294s] -- Installing: /home/ubuntu/workspace/Velizar/robotics_v1/install/ur_client_library/include/ur_client_library/primary/package_header.h
[65.295s] -- Installing: /home/ubuntu/workspace/Velizar/robotics_v1/install/ur_client_library/include/ur_client_library/primary/primary_package.h
[65.295s] -- Installing: /home/ubuntu/workspace/Velizar/robotics_v1/install/ur_client_library/include/ur_client_library/primary/robot_message.h
[65.296s] -- Installing: /home/ubuntu/workspace/Velizar/robotics_v1/install/ur_client_library/include/ur_client_library/primary/primary_parser.h
[65.297s] -- Installing: /home/ubuntu/workspace/Velizar/robotics_v1/install/ur_client_library/include/ur_client_library/primary/robot_message
[65.298s] -- Installing: /home/ubuntu/workspace/Velizar/robotics_v1/install/ur_client_library/include/ur_client_library/primary/robot_message/version_message.h
[65.299s] -- Installing: /home/ubuntu/workspace/Velizar/robotics_v1/install/ur_client_library/include/ur_client_library/primary/abstract_primary_consumer.h
[65.300s] -- Installing: /home/ubuntu/workspace/Velizar/robotics_v1/install/ur_client_library/include/ur_client_library/primary/robot_state
[65.300s] -- Installing: /home/ubuntu/workspace/Velizar/robotics_v1/install/ur_client_library/include/ur_client_library/primary/robot_state/kinematics_info.h
[65.301s] -- Installing: /home/ubuntu/workspace/Velizar/robotics_v1/install/ur_client_library/include/ur_client_library/primary/robot_state.h
[65.301s] -- Installing: /home/ubuntu/workspace/Velizar/robotics_v1/install/ur_client_library/include/ur_client_library/default_log_handler.h
[65.302s] -- Installing: /home/ubuntu/workspace/Velizar/robotics_v1/install/ur_client_library/include/ur_client_library/comm
[65.302s] -- Installing: /home/ubuntu/workspace/Velizar/robotics_v1/install/ur_client_library/include/ur_client_library/comm/pipeline.h
[65.303s] -- Installing: /home/ubuntu/workspace/Velizar/robotics_v1/install/ur_client_library/include/ur_client_library/comm/control_mode.h
[65.304s] -- Installing: /home/ubuntu/workspace/Velizar/robotics_v1/install/ur_client_library/include/ur_client_library/comm/package_serializer.h
[65.304s] -- Installing: /home/ubuntu/workspace/Velizar/robotics_v1/install/ur_client_library/include/ur_client_library/comm/parser.h
[65.305s] -- Installing: /home/ubuntu/workspace/Velizar/robotics_v1/install/ur_client_library/include/ur_client_library/comm/shell_consumer.h
[65.305s] -- Installing: /home/ubuntu/workspace/Velizar/robotics_v1/install/ur_client_library/include/ur_client_library/comm/stream.h
[65.306s] -- Installing: /home/ubuntu/workspace/Velizar/robotics_v1/install/ur_client_library/include/ur_client_library/comm/bin_parser.h
[65.306s] -- Installing: /home/ubuntu/workspace/Velizar/robotics_v1/install/ur_client_library/include/ur_client_library/comm/tcp_socket.h
[65.307s] -- Installing: /home/ubuntu/workspace/Velizar/robotics_v1/install/ur_client_library/include/ur_client_library/comm/producer.h
[65.308s] -- Installing: /home/ubuntu/workspace/Velizar/robotics_v1/install/ur_client_library/include/ur_client_library/comm/tcp_server.h
[65.308s] -- Installing: /home/ubuntu/workspace/Velizar/robotics_v1/install/ur_client_library/include/ur_client_library/comm/package.h
[65.309s] -- Installing: /home/ubuntu/workspace/Velizar/robotics_v1/install/ur_client_library/include/ur_client_library/rtde
[65.309s] -- Installing: /home/ubuntu/workspace/Velizar/robotics_v1/install/ur_client_library/include/ur_client_library/rtde/package_header.h
[65.310s] -- Installing: /home/ubuntu/workspace/Velizar/robotics_v1/install/ur_client_library/include/ur_client_library/rtde/rtde_client.h
[65.310s] -- Installing: /home/ubuntu/workspace/Velizar/robotics_v1/install/ur_client_library/include/ur_client_library/rtde/text_message.h
[65.311s] -- Installing: /home/ubuntu/workspace/Velizar/robotics_v1/install/ur_client_library/include/ur_client_library/rtde/rtde_writer.h
[65.311s] -- Installing: /home/ubuntu/workspace/Velizar/robotics_v1/install/ur_client_library/include/ur_client_library/rtde/rtde_package.h
[65.312s] -- Installing: /home/ubuntu/workspace/Velizar/robotics_v1/install/ur_client_library/include/ur_client_library/rtde/rtde_parser.h
[65.313s] -- Installing: /home/ubuntu/workspace/Velizar/robotics_v1/install/ur_client_library/include/ur_client_library/rtde/control_package_start.h
[65.313s] -- Installing: /home/ubuntu/workspace/Velizar/robotics_v1/install/ur_client_library/include/ur_client_library/rtde/control_package_setup_outputs.h
[65.314s] -- Installing: /home/ubuntu/workspace/Velizar/robotics_v1/install/ur_client_library/include/ur_client_library/rtde/control_package_pause.h
[65.314s] -- Installing: /home/ubuntu/workspace/Velizar/robotics_v1/install/ur_client_library/include/ur_client_library/rtde/get_urcontrol_version.h
[65.315s] -- Installing: /home/ubuntu/workspace/Velizar/robotics_v1/install/ur_client_library/include/ur_client_library/rtde/control_package_setup_inputs.h
[65.315s] -- Installing: /home/ubuntu/workspace/Velizar/robotics_v1/install/ur_client_library/include/ur_client_library/rtde/data_package.h
[65.316s] -- Installing: /home/ubuntu/workspace/Velizar/robotics_v1/install/ur_client_library/include/ur_client_library/rtde/request_protocol_version.h
[65.316s] -- Installing: /home/ubuntu/workspace/Velizar/robotics_v1/install/ur_client_library/include/ur_client_library/queue
[65.317s] -- Installing: /home/ubuntu/workspace/Velizar/robotics_v1/install/ur_client_library/include/ur_client_library/queue/readerwriterqueue.h
[65.317s] -- Installing: /home/ubuntu/workspace/Velizar/robotics_v1/install/ur_client_library/include/ur_client_library/queue/LICENSE.md
[65.318s] -- Installing: /home/ubuntu/workspace/Velizar/robotics_v1/install/ur_client_library/include/ur_client_library/queue/atomicops.h
[65.319s] -- Installing: /home/ubuntu/workspace/Velizar/robotics_v1/install/ur_client_library/lib/cmake/ur_client_library/urclTargets.cmake
[65.320s] -- Installing: /home/ubuntu/workspace/Velizar/robotics_v1/install/ur_client_library/lib/cmake/ur_client_library/urclTargets-debug.cmake
[65.320s] -- Installing: /home/ubuntu/workspace/Velizar/robotics_v1/install/ur_client_library/lib/cmake/ur_client_library/ur_client_libraryConfig.cmake
[65.321s] -- Installing: /home/ubuntu/workspace/Velizar/robotics_v1/install/ur_client_library/share/ur_client_library/package.xml
[65.322s] -- Installing: /home/ubuntu/workspace/Velizar/robotics_v1/install/ur_client_library/share/ament_index/resource_index/packages/ur_client_library
[65.323s] -- Installing: /home/ubuntu/workspace/Velizar/robotics_v1/install/ur_client_library/share/ur_client_library/hook/ament_prefix_path.dsv
[65.323s] -- Installing: /home/ubuntu/workspace/Velizar/robotics_v1/install/ur_client_library/share/ur_client_library/hook/ros_package_path.dsv
[65.324s] -- Installing: /home/ubuntu/workspace/Velizar/robotics_v1/install/ur_client_library/share/ur_client_library/resources
[65.325s] -- Installing: /home/ubuntu/workspace/Velizar/robotics_v1/install/ur_client_library/share/ur_client_library/resources/external_control.urscript
[65.334s] Invoked command in '/home/ubuntu/workspace/Velizar/robotics_v1/build/ur_client_library' returned '0': CMAKE_PREFIX_PATH=/opt/ros/foxy PS1=[\u@\h \W]$(git_branch)$ /usr/bin/cmake --install /home/ubuntu/workspace/Velizar/robotics_v1/build/ur_client_library
