[0.058s] Invoking command in '/home/ubuntu/workspace/Velizar/robotics_v1/build/robo_collector_common': AMENT_PREFIX_PATH=/home/ubuntu/workspace/Velizar/robotics_v1/install/robo_collector_interfaces:${AMENT_PREFIX_PATH} CMAKE_PREFIX_PATH=/home/ubuntu/workspace/Velizar/robotics_v1/install/robo_common:/home/ubuntu/workspace/Velizar/robotics_v1/install/manager_utils:/home/ubuntu/workspace/Velizar/robotics_v1/install/sdl_utils:/home/ubuntu/workspace/Velizar/robotics_v1/install/resource_utils:/home/ubuntu/workspace/Velizar/robotics_v1/install/utils:/home/ubuntu/workspace/Velizar/robotics_v1/install/robo_collector_interfaces:/home/ubuntu/workspace/Velizar/robotics_v1/install/cmake_helpers:/opt/ros/foxy LD_LIBRARY_PATH=/home/ubuntu/workspace/Velizar/robotics_v1/install/robo_collector_interfaces/lib:${LD_LIBRARY_PATH} PKG_CONFIG_PATH=/home/ubuntu/workspace/Velizar/robotics_v1/install/robo_common/lib/x86_64-linux-gnu/pkgconfig:/home/ubuntu/workspace/Velizar/robotics_v1/install/robo_common/lib/pkgconfig:/home/ubuntu/workspace/Velizar/robotics_v1/install/manager_utils/lib/x86_64-linux-gnu/pkgconfig:/home/ubuntu/workspace/Velizar/robotics_v1/install/manager_utils/lib/pkgconfig:/home/ubuntu/workspace/Velizar/robotics_v1/install/sdl_utils/lib/x86_64-linux-gnu/pkgconfig:/home/ubuntu/workspace/Velizar/robotics_v1/install/sdl_utils/lib/pkgconfig:/home/ubuntu/workspace/Velizar/robotics_v1/install/resource_utils/lib/x86_64-linux-gnu/pkgconfig:/home/ubuntu/workspace/Velizar/robotics_v1/install/resource_utils/lib/pkgconfig:/home/ubuntu/workspace/Velizar/robotics_v1/install/utils/lib/x86_64-linux-gnu/pkgconfig:/home/ubuntu/workspace/Velizar/robotics_v1/install/utils/lib/pkgconfig:/home/ubuntu/workspace/Velizar/robotics_v1/install/cmake_helpers/lib/x86_64-linux-gnu/pkgconfig:/home/ubuntu/workspace/Velizar/robotics_v1/install/cmake_helpers/lib/pkgconfig PS1=[\u@\h \W]$(git_branch)$ PYTHONPATH=/home/ubuntu/workspace/Velizar/robotics_v1/install/robo_collector_interfaces/lib/python3.8/site-packages:${PYTHONPATH} /usr/bin/cmake /home/ubuntu/workspace/Velizar/robotics_v1/src/robo_collector/robo_collector_common -DCMAKE_BUILD_TYPE=Debug -DCMAKE_CXX_COMPILER=/usr/bin/clang++ -DAMENT_CMAKE_SYMLINK_INSTALL=1 -DCMAKE_INSTALL_PREFIX=/home/ubuntu/workspace/Velizar/robotics_v1/install/robo_collector_common
[0.405s] -- The CXX compiler identification is Clang 10.0.0
[0.430s] -- Check for working CXX compiler: /usr/bin/clang++
[0.766s] -- Check for working CXX compiler: /usr/bin/clang++ -- works
[0.769s] -- Detecting CXX compiler ABI info
[1.114s] -- Detecting CXX compiler ABI info - done
[1.164s] -- Detecting CXX compile features
[1.167s] -- Detecting CXX compile features - done
[1.172s] -- Found cmake_helpers: 1.0.0 (/home/ubuntu/workspace/Velizar/robotics_v1/install/cmake_helpers/share/cmake_helpers/cmake)
[1.185s] -- Looking for C++ include pthread.h
[1.540s] -- Looking for C++ include pthread.h - found
[1.541s] -- Performing Test CMAKE_HAVE_LIBC_PTHREAD
[1.900s] -- Performing Test CMAKE_HAVE_LIBC_PTHREAD - Failed
[1.901s] -- Looking for pthread_create in pthreads
[2.149s] -- Looking for pthread_create in pthreads - not found
[2.150s] -- Looking for pthread_create in pthread
[2.502s] -- Looking for pthread_create in pthread - found
[2.505s] -- Found Threads: TRUE  
[2.522s] -- Found robo_collector_interfaces: 1.0.0 (/home/ubuntu/workspace/Velizar/robotics_v1/install/robo_collector_interfaces/share/robo_collector_interfaces/cmake)
[2.588s] -- Found PythonInterp: /usr/bin/python3 (found suitable version "3.8.10", minimum required is "3") 
[2.588s] -- Using PYTHON_EXECUTABLE: /usr/bin/python3
[3.056s] -- Override CMake install command with custom implementation using symlinks instead of copying resources
[3.250s] -- Using all available rosidl_typesupport_c: rosidl_typesupport_fastrtps_c;rosidl_typesupport_introspection_c
[3.279s] -- Found rosidl_adapter: 1.2.1 (/opt/ros/foxy/share/rosidl_adapter/cmake)
[3.526s] -- Found OpenSSL: /usr/lib/x86_64-linux-gnu/libcrypto.so (found version "1.1.1f")  
[3.632s] -- Found FastRTPS: /opt/ros/foxy/include  
[3.929s] -- Using all available rosidl_typesupport_cpp: rosidl_typesupport_fastrtps_cpp;rosidl_typesupport_introspection_cpp
[4.237s] -- Configuring done
[4.262s] -- Generating done
[4.269s] -- Build files have been written to: /home/ubuntu/workspace/Velizar/robotics_v1/build/robo_collector_common
[4.290s] Invoked command in '/home/ubuntu/workspace/Velizar/robotics_v1/build/robo_collector_common' returned '0': AMENT_PREFIX_PATH=/home/ubuntu/workspace/Velizar/robotics_v1/install/robo_collector_interfaces:${AMENT_PREFIX_PATH} CMAKE_PREFIX_PATH=/home/ubuntu/workspace/Velizar/robotics_v1/install/robo_common:/home/ubuntu/workspace/Velizar/robotics_v1/install/manager_utils:/home/ubuntu/workspace/Velizar/robotics_v1/install/sdl_utils:/home/ubuntu/workspace/Velizar/robotics_v1/install/resource_utils:/home/ubuntu/workspace/Velizar/robotics_v1/install/utils:/home/ubuntu/workspace/Velizar/robotics_v1/install/robo_collector_interfaces:/home/ubuntu/workspace/Velizar/robotics_v1/install/cmake_helpers:/opt/ros/foxy LD_LIBRARY_PATH=/home/ubuntu/workspace/Velizar/robotics_v1/install/robo_collector_interfaces/lib:${LD_LIBRARY_PATH} PKG_CONFIG_PATH=/home/ubuntu/workspace/Velizar/robotics_v1/install/robo_common/lib/x86_64-linux-gnu/pkgconfig:/home/ubuntu/workspace/Velizar/robotics_v1/install/robo_common/lib/pkgconfig:/home/ubuntu/workspace/Velizar/robotics_v1/install/manager_utils/lib/x86_64-linux-gnu/pkgconfig:/home/ubuntu/workspace/Velizar/robotics_v1/install/manager_utils/lib/pkgconfig:/home/ubuntu/workspace/Velizar/robotics_v1/install/sdl_utils/lib/x86_64-linux-gnu/pkgconfig:/home/ubuntu/workspace/Velizar/robotics_v1/install/sdl_utils/lib/pkgconfig:/home/ubuntu/workspace/Velizar/robotics_v1/install/resource_utils/lib/x86_64-linux-gnu/pkgconfig:/home/ubuntu/workspace/Velizar/robotics_v1/install/resource_utils/lib/pkgconfig:/home/ubuntu/workspace/Velizar/robotics_v1/install/utils/lib/x86_64-linux-gnu/pkgconfig:/home/ubuntu/workspace/Velizar/robotics_v1/install/utils/lib/pkgconfig:/home/ubuntu/workspace/Velizar/robotics_v1/install/cmake_helpers/lib/x86_64-linux-gnu/pkgconfig:/home/ubuntu/workspace/Velizar/robotics_v1/install/cmake_helpers/lib/pkgconfig PS1=[\u@\h \W]$(git_branch)$ PYTHONPATH=/home/ubuntu/workspace/Velizar/robotics_v1/install/robo_collector_interfaces/lib/python3.8/site-packages:${PYTHONPATH} /usr/bin/cmake /home/ubuntu/workspace/Velizar/robotics_v1/src/robo_collector/robo_collector_common -DCMAKE_BUILD_TYPE=Debug -DCMAKE_CXX_COMPILER=/usr/bin/clang++ -DAMENT_CMAKE_SYMLINK_INSTALL=1 -DCMAKE_INSTALL_PREFIX=/home/ubuntu/workspace/Velizar/robotics_v1/install/robo_collector_common
[4.292s] Invoking command in '/home/ubuntu/workspace/Velizar/robotics_v1/build/robo_collector_common': AMENT_PREFIX_PATH=/home/ubuntu/workspace/Velizar/robotics_v1/install/robo_collector_interfaces:${AMENT_PREFIX_PATH} CMAKE_PREFIX_PATH=/home/ubuntu/workspace/Velizar/robotics_v1/install/robo_common:/home/ubuntu/workspace/Velizar/robotics_v1/install/manager_utils:/home/ubuntu/workspace/Velizar/robotics_v1/install/sdl_utils:/home/ubuntu/workspace/Velizar/robotics_v1/install/resource_utils:/home/ubuntu/workspace/Velizar/robotics_v1/install/utils:/home/ubuntu/workspace/Velizar/robotics_v1/install/robo_collector_interfaces:/home/ubuntu/workspace/Velizar/robotics_v1/install/cmake_helpers:/opt/ros/foxy LD_LIBRARY_PATH=/home/ubuntu/workspace/Velizar/robotics_v1/install/robo_collector_interfaces/lib:${LD_LIBRARY_PATH} PKG_CONFIG_PATH=/home/ubuntu/workspace/Velizar/robotics_v1/install/robo_common/lib/x86_64-linux-gnu/pkgconfig:/home/ubuntu/workspace/Velizar/robotics_v1/install/robo_common/lib/pkgconfig:/home/ubuntu/workspace/Velizar/robotics_v1/install/manager_utils/lib/x86_64-linux-gnu/pkgconfig:/home/ubuntu/workspace/Velizar/robotics_v1/install/manager_utils/lib/pkgconfig:/home/ubuntu/workspace/Velizar/robotics_v1/install/sdl_utils/lib/x86_64-linux-gnu/pkgconfig:/home/ubuntu/workspace/Velizar/robotics_v1/install/sdl_utils/lib/pkgconfig:/home/ubuntu/workspace/Velizar/robotics_v1/install/resource_utils/lib/x86_64-linux-gnu/pkgconfig:/home/ubuntu/workspace/Velizar/robotics_v1/install/resource_utils/lib/pkgconfig:/home/ubuntu/workspace/Velizar/robotics_v1/install/utils/lib/x86_64-linux-gnu/pkgconfig:/home/ubuntu/workspace/Velizar/robotics_v1/install/utils/lib/pkgconfig:/home/ubuntu/workspace/Velizar/robotics_v1/install/cmake_helpers/lib/x86_64-linux-gnu/pkgconfig:/home/ubuntu/workspace/Velizar/robotics_v1/install/cmake_helpers/lib/pkgconfig PS1=[\u@\h \W]$(git_branch)$ PYTHONPATH=/home/ubuntu/workspace/Velizar/robotics_v1/install/robo_collector_interfaces/lib/python3.8/site-packages:${PYTHONPATH} /usr/bin/cmake --build /home/ubuntu/workspace/Velizar/robotics_v1/build/robo_collector_common -- -j2 -l2
[4.404s] [35m[1mScanning dependencies of target robo_collector_common[0m
[4.450s] [ 16%] [32mBuilding CXX object CMakeFiles/robo_collector_common.dir/src/layout/controller/buttons/MoveButton.cpp.o[0m
[5.600s] [ 33%] [32mBuilding CXX object CMakeFiles/robo_collector_common.dir/src/layout/controller/buttons/HelpButton.cpp.o[0m
[6.707s] [ 50%] [32mBuilding CXX object CMakeFiles/robo_collector_common.dir/src/layout/controller/buttons/SettingsButton.cpp.o[0m
[7.822s] [ 66%] [32mBuilding CXX object CMakeFiles/robo_collector_common.dir/src/layout/controller/RoboCollectorUiController.cpp.o[0m
[9.230s] [ 83%] [32mBuilding CXX object CMakeFiles/robo_collector_common.dir/src/message_helpers/RoboCollectorMessageHelpers.cpp.o[0m
[10.402s] [100%] [32m[1mLinking CXX static library librobo_collector_common.a[0m
[10.496s] [100%] Built target robo_collector_common
[10.529s] Invoked command in '/home/ubuntu/workspace/Velizar/robotics_v1/build/robo_collector_common' returned '0': AMENT_PREFIX_PATH=/home/ubuntu/workspace/Velizar/robotics_v1/install/robo_collector_interfaces:${AMENT_PREFIX_PATH} CMAKE_PREFIX_PATH=/home/ubuntu/workspace/Velizar/robotics_v1/install/robo_common:/home/ubuntu/workspace/Velizar/robotics_v1/install/manager_utils:/home/ubuntu/workspace/Velizar/robotics_v1/install/sdl_utils:/home/ubuntu/workspace/Velizar/robotics_v1/install/resource_utils:/home/ubuntu/workspace/Velizar/robotics_v1/install/utils:/home/ubuntu/workspace/Velizar/robotics_v1/install/robo_collector_interfaces:/home/ubuntu/workspace/Velizar/robotics_v1/install/cmake_helpers:/opt/ros/foxy LD_LIBRARY_PATH=/home/ubuntu/workspace/Velizar/robotics_v1/install/robo_collector_interfaces/lib:${LD_LIBRARY_PATH} PKG_CONFIG_PATH=/home/ubuntu/workspace/Velizar/robotics_v1/install/robo_common/lib/x86_64-linux-gnu/pkgconfig:/home/ubuntu/workspace/Velizar/robotics_v1/install/robo_common/lib/pkgconfig:/home/ubuntu/workspace/Velizar/robotics_v1/install/manager_utils/lib/x86_64-linux-gnu/pkgconfig:/home/ubuntu/workspace/Velizar/robotics_v1/install/manager_utils/lib/pkgconfig:/home/ubuntu/workspace/Velizar/robotics_v1/install/sdl_utils/lib/x86_64-linux-gnu/pkgconfig:/home/ubuntu/workspace/Velizar/robotics_v1/install/sdl_utils/lib/pkgconfig:/home/ubuntu/workspace/Velizar/robotics_v1/install/resource_utils/lib/x86_64-linux-gnu/pkgconfig:/home/ubuntu/workspace/Velizar/robotics_v1/install/resource_utils/lib/pkgconfig:/home/ubuntu/workspace/Velizar/robotics_v1/install/utils/lib/x86_64-linux-gnu/pkgconfig:/home/ubuntu/workspace/Velizar/robotics_v1/install/utils/lib/pkgconfig:/home/ubuntu/workspace/Velizar/robotics_v1/install/cmake_helpers/lib/x86_64-linux-gnu/pkgconfig:/home/ubuntu/workspace/Velizar/robotics_v1/install/cmake_helpers/lib/pkgconfig PS1=[\u@\h \W]$(git_branch)$ PYTHONPATH=/home/ubuntu/workspace/Velizar/robotics_v1/install/robo_collector_interfaces/lib/python3.8/site-packages:${PYTHONPATH} /usr/bin/cmake --build /home/ubuntu/workspace/Velizar/robotics_v1/build/robo_collector_common -- -j2 -l2
[10.614s] Invoking command in '/home/ubuntu/workspace/Velizar/robotics_v1/build/robo_collector_common': AMENT_PREFIX_PATH=/home/ubuntu/workspace/Velizar/robotics_v1/install/robo_collector_interfaces:${AMENT_PREFIX_PATH} CMAKE_PREFIX_PATH=/home/ubuntu/workspace/Velizar/robotics_v1/install/robo_common:/home/ubuntu/workspace/Velizar/robotics_v1/install/manager_utils:/home/ubuntu/workspace/Velizar/robotics_v1/install/sdl_utils:/home/ubuntu/workspace/Velizar/robotics_v1/install/resource_utils:/home/ubuntu/workspace/Velizar/robotics_v1/install/utils:/home/ubuntu/workspace/Velizar/robotics_v1/install/robo_collector_interfaces:/home/ubuntu/workspace/Velizar/robotics_v1/install/cmake_helpers:/opt/ros/foxy LD_LIBRARY_PATH=/home/ubuntu/workspace/Velizar/robotics_v1/install/robo_collector_interfaces/lib:${LD_LIBRARY_PATH} PKG_CONFIG_PATH=/home/ubuntu/workspace/Velizar/robotics_v1/install/robo_common/lib/x86_64-linux-gnu/pkgconfig:/home/ubuntu/workspace/Velizar/robotics_v1/install/robo_common/lib/pkgconfig:/home/ubuntu/workspace/Velizar/robotics_v1/install/manager_utils/lib/x86_64-linux-gnu/pkgconfig:/home/ubuntu/workspace/Velizar/robotics_v1/install/manager_utils/lib/pkgconfig:/home/ubuntu/workspace/Velizar/robotics_v1/install/sdl_utils/lib/x86_64-linux-gnu/pkgconfig:/home/ubuntu/workspace/Velizar/robotics_v1/install/sdl_utils/lib/pkgconfig:/home/ubuntu/workspace/Velizar/robotics_v1/install/resource_utils/lib/x86_64-linux-gnu/pkgconfig:/home/ubuntu/workspace/Velizar/robotics_v1/install/resource_utils/lib/pkgconfig:/home/ubuntu/workspace/Velizar/robotics_v1/install/utils/lib/x86_64-linux-gnu/pkgconfig:/home/ubuntu/workspace/Velizar/robotics_v1/install/utils/lib/pkgconfig:/home/ubuntu/workspace/Velizar/robotics_v1/install/cmake_helpers/lib/x86_64-linux-gnu/pkgconfig:/home/ubuntu/workspace/Velizar/robotics_v1/install/cmake_helpers/lib/pkgconfig PS1=[\u@\h \W]$(git_branch)$ PYTHONPATH=/home/ubuntu/workspace/Velizar/robotics_v1/install/robo_collector_interfaces/lib/python3.8/site-packages:${PYTHONPATH} /usr/bin/cmake --install /home/ubuntu/workspace/Velizar/robotics_v1/build/robo_collector_common
[10.640s] -- Install configuration: "Debug"
[10.642s] -- Execute custom install script
[10.645s] -- Symlinking: /home/ubuntu/workspace/Velizar/robotics_v1/install/robo_collector_common/share/robo_collector_common/package.xml
[10.670s] -- Symlinking: /home/ubuntu/workspace/Velizar/robotics_v1/install/robo_collector_common/lib/robo_collector_common/librobo_collector_common.a
[10.694s] -- Symlinking: /home/ubuntu/workspace/Velizar/robotics_v1/install/robo_collector_common/share/ament_index/resource_index/packages/robo_collector_common
[10.718s] -- Symlinking: /home/ubuntu/workspace/Velizar/robotics_v1/install/robo_collector_common/share/robo_collector_common/hook/ament_prefix_path.dsv
[10.741s] -- Symlinking: /home/ubuntu/workspace/Velizar/robotics_v1/install/robo_collector_common/share/robo_collector_common/hook/ros_package_path.dsv
[10.766s] -- Symlinking: /home/ubuntu/workspace/Velizar/robotics_v1/install/robo_collector_common/share/ament_index/resource_index/package_run_dependencies/robo_collector_common
[10.790s] -- Symlinking: /home/ubuntu/workspace/Velizar/robotics_v1/install/robo_collector_common/share/ament_index/resource_index/parent_prefix_path/robo_collector_common
[10.814s] -- Symlinking: /home/ubuntu/workspace/Velizar/robotics_v1/install/robo_collector_common/share/robo_collector_common/environment/ament_prefix_path.sh
[10.838s] -- Symlinking: /home/ubuntu/workspace/Velizar/robotics_v1/install/robo_collector_common/share/robo_collector_common/environment/ament_prefix_path.dsv
[10.862s] -- Symlinking: /home/ubuntu/workspace/Velizar/robotics_v1/install/robo_collector_common/share/robo_collector_common/environment/path.sh
[10.886s] -- Symlinking: /home/ubuntu/workspace/Velizar/robotics_v1/install/robo_collector_common/share/robo_collector_common/environment/path.dsv
[10.910s] -- Symlinking: /home/ubuntu/workspace/Velizar/robotics_v1/install/robo_collector_common/share/robo_collector_common/local_setup.bash
[10.933s] -- Symlinking: /home/ubuntu/workspace/Velizar/robotics_v1/install/robo_collector_common/share/robo_collector_common/local_setup.sh
[10.958s] -- Symlinking: /home/ubuntu/workspace/Velizar/robotics_v1/install/robo_collector_common/share/robo_collector_common/local_setup.zsh
[10.981s] -- Symlinking: /home/ubuntu/workspace/Velizar/robotics_v1/install/robo_collector_common/share/robo_collector_common/local_setup.dsv
[11.005s] -- Symlinking: /home/ubuntu/workspace/Velizar/robotics_v1/install/robo_collector_common/share/robo_collector_common/package.dsv
[11.029s] -- Symlinking: /home/ubuntu/workspace/Velizar/robotics_v1/install/robo_collector_common/share/ament_index/resource_index/packages/robo_collector_common
[11.055s] -- Symlinking: /home/ubuntu/workspace/Velizar/robotics_v1/install/robo_collector_common/share/robo_collector_common/cmake/robo_collector_commonConfig.cmake
[11.079s] -- Symlinking: /home/ubuntu/workspace/Velizar/robotics_v1/install/robo_collector_common/share/robo_collector_common/cmake/robo_collector_commonConfig-version.cmake
[11.103s] -- Up-to-date symlink: /home/ubuntu/workspace/Velizar/robotics_v1/install/robo_collector_common/share/robo_collector_common/package.xml
[11.106s] -- Symlinking: /home/ubuntu/workspace/Velizar/robotics_v1/install/robo_collector_common/include/robo_collector_common/defines/RoboCollectorFunctionalDefines.h
[11.129s] -- Symlinking: /home/ubuntu/workspace/Velizar/robotics_v1/install/robo_collector_common/include/robo_collector_common/defines/RoboCollectorTopics.h
[11.154s] -- Symlinking: /home/ubuntu/workspace/Velizar/robotics_v1/install/robo_collector_common/include/robo_collector_common/layout/controller/RoboCollectorUiController.h
[11.178s] -- Symlinking: /home/ubuntu/workspace/Velizar/robotics_v1/install/robo_collector_common/include/robo_collector_common/layout/controller/buttons/HelpButton.h
[11.200s] -- Symlinking: /home/ubuntu/workspace/Velizar/robotics_v1/install/robo_collector_common/include/robo_collector_common/layout/controller/buttons/MoveButton.h
[11.224s] -- Symlinking: /home/ubuntu/workspace/Velizar/robotics_v1/install/robo_collector_common/include/robo_collector_common/layout/controller/buttons/SettingsButton.h
[11.249s] -- Symlinking: /home/ubuntu/workspace/Velizar/robotics_v1/install/robo_collector_common/include/robo_collector_common/layout/controller/config/RoboCollectorUiControllerBaseConfig.h
[11.272s] -- Symlinking: /home/ubuntu/workspace/Velizar/robotics_v1/install/robo_collector_common/include/robo_collector_common/message_helpers/RoboCollectorMessageHelpers.h
[11.297s] -- Symlinking: /home/ubuntu/workspace/Velizar/robotics_v1/install/robo_collector_common/lib/cmake/robo_collector_common/robo_collector_commonConfig.cmake
[11.321s] -- Installing: /home/ubuntu/workspace/Velizar/robotics_v1/install/robo_collector_common/lib/librobo_collector_common.a
[11.323s] -- Installing: /home/ubuntu/workspace/Velizar/robotics_v1/install/robo_collector_common/lib/cmake/robo_collector_common/robo_collector_commonTargets.cmake
[11.324s] -- Installing: /home/ubuntu/workspace/Velizar/robotics_v1/install/robo_collector_common/lib/cmake/robo_collector_common/robo_collector_commonTargets-debug.cmake
[11.336s] Invoked command in '/home/ubuntu/workspace/Velizar/robotics_v1/build/robo_collector_common' returned '0': AMENT_PREFIX_PATH=/home/ubuntu/workspace/Velizar/robotics_v1/install/robo_collector_interfaces:${AMENT_PREFIX_PATH} CMAKE_PREFIX_PATH=/home/ubuntu/workspace/Velizar/robotics_v1/install/robo_common:/home/ubuntu/workspace/Velizar/robotics_v1/install/manager_utils:/home/ubuntu/workspace/Velizar/robotics_v1/install/sdl_utils:/home/ubuntu/workspace/Velizar/robotics_v1/install/resource_utils:/home/ubuntu/workspace/Velizar/robotics_v1/install/utils:/home/ubuntu/workspace/Velizar/robotics_v1/install/robo_collector_interfaces:/home/ubuntu/workspace/Velizar/robotics_v1/install/cmake_helpers:/opt/ros/foxy LD_LIBRARY_PATH=/home/ubuntu/workspace/Velizar/robotics_v1/install/robo_collector_interfaces/lib:${LD_LIBRARY_PATH} PKG_CONFIG_PATH=/home/ubuntu/workspace/Velizar/robotics_v1/install/robo_common/lib/x86_64-linux-gnu/pkgconfig:/home/ubuntu/workspace/Velizar/robotics_v1/install/robo_common/lib/pkgconfig:/home/ubuntu/workspace/Velizar/robotics_v1/install/manager_utils/lib/x86_64-linux-gnu/pkgconfig:/home/ubuntu/workspace/Velizar/robotics_v1/install/manager_utils/lib/pkgconfig:/home/ubuntu/workspace/Velizar/robotics_v1/install/sdl_utils/lib/x86_64-linux-gnu/pkgconfig:/home/ubuntu/workspace/Velizar/robotics_v1/install/sdl_utils/lib/pkgconfig:/home/ubuntu/workspace/Velizar/robotics_v1/install/resource_utils/lib/x86_64-linux-gnu/pkgconfig:/home/ubuntu/workspace/Velizar/robotics_v1/install/resource_utils/lib/pkgconfig:/home/ubuntu/workspace/Velizar/robotics_v1/install/utils/lib/x86_64-linux-gnu/pkgconfig:/home/ubuntu/workspace/Velizar/robotics_v1/install/utils/lib/pkgconfig:/home/ubuntu/workspace/Velizar/robotics_v1/install/cmake_helpers/lib/x86_64-linux-gnu/pkgconfig:/home/ubuntu/workspace/Velizar/robotics_v1/install/cmake_helpers/lib/pkgconfig PS1=[\u@\h \W]$(git_branch)$ PYTHONPATH=/home/ubuntu/workspace/Velizar/robotics_v1/install/robo_collector_interfaces/lib/python3.8/site-packages:${PYTHONPATH} /usr/bin/cmake --install /home/ubuntu/workspace/Velizar/robotics_v1/build/robo_collector_common
