[1.763s] Invoking command in '/home/ubuntu/workspace/Velizar/robotics_v1/build/robo_collector_controller_py': AMENT_PREFIX_PATH=/home/ubuntu/workspace/Velizar/robotics_v1/install/robo_collector_interfaces:${AMENT_PREFIX_PATH} CMAKE_PREFIX_PATH=/home/ubuntu/workspace/Velizar/robotics_v1/install/robo_collector_interfaces LD_LIBRARY_PATH=/home/ubuntu/workspace/Velizar/robotics_v1/install/robo_collector_interfaces/lib:${LD_LIBRARY_PATH} PS1=[\u@\h \W]$(git_branch)$ PYTHONPATH=/home/ubuntu/workspace/Velizar/robotics_v1/install/robo_collector_controller_py/lib/python3.8/site-packages:/home/ubuntu/workspace/Velizar/robotics_v1/install/robo_collector_interfaces/lib/python3.8/site-packages:${PYTHONPATH} /usr/bin/python3 setup.py develop --prefix /home/ubuntu/workspace/Velizar/robotics_v1/install/robo_collector_controller_py --uninstall --editable --build-directory /home/ubuntu/workspace/Velizar/robotics_v1/build/robo_collector_controller_py/build
[2.388s] running develop
[2.823s] Invoked command in '/home/ubuntu/workspace/Velizar/robotics_v1/build/robo_collector_controller_py' returned '0': AMENT_PREFIX_PATH=/home/ubuntu/workspace/Velizar/robotics_v1/install/robo_collector_interfaces:${AMENT_PREFIX_PATH} CMAKE_PREFIX_PATH=/home/ubuntu/workspace/Velizar/robotics_v1/install/robo_collector_interfaces LD_LIBRARY_PATH=/home/ubuntu/workspace/Velizar/robotics_v1/install/robo_collector_interfaces/lib:${LD_LIBRARY_PATH} PS1=[\u@\h \W]$(git_branch)$ PYTHONPATH=/home/ubuntu/workspace/Velizar/robotics_v1/install/robo_collector_controller_py/lib/python3.8/site-packages:/home/ubuntu/workspace/Velizar/robotics_v1/install/robo_collector_interfaces/lib/python3.8/site-packages:${PYTHONPATH} /usr/bin/python3 setup.py develop --prefix /home/ubuntu/workspace/Velizar/robotics_v1/install/robo_collector_controller_py --uninstall --editable --build-directory /home/ubuntu/workspace/Velizar/robotics_v1/build/robo_collector_controller_py/build
[2.824s] Invoking command in '/home/ubuntu/workspace/Velizar/robotics_v1/src/robo_collector/robo_collector_controller_py': AMENT_PREFIX_PATH=/home/ubuntu/workspace/Velizar/robotics_v1/install/robo_collector_interfaces:${AMENT_PREFIX_PATH} CMAKE_PREFIX_PATH=/home/ubuntu/workspace/Velizar/robotics_v1/install/robo_collector_interfaces LD_LIBRARY_PATH=/home/ubuntu/workspace/Velizar/robotics_v1/install/robo_collector_interfaces/lib:${LD_LIBRARY_PATH} PS1=[\u@\h \W]$(git_branch)$ PYTHONPATH=/home/ubuntu/workspace/Velizar/robotics_v1/install/robo_collector_controller_py/lib/python3.8/site-packages:/home/ubuntu/workspace/Velizar/robotics_v1/install/robo_collector_interfaces/lib/python3.8/site-packages:${PYTHONPATH} /usr/bin/python3 setup.py egg_info --egg-base ../../../build/robo_collector_controller_py build --build-base /home/ubuntu/workspace/Velizar/robotics_v1/build/robo_collector_controller_py/build install --prefix /home/ubuntu/workspace/Velizar/robotics_v1/install/robo_collector_controller_py --record /home/ubuntu/workspace/Velizar/robotics_v1/build/robo_collector_controller_py/install.log --single-version-externally-managed
[3.395s] running egg_info
[3.397s] writing ../../../build/robo_collector_controller_py/robo_collector_controller_py.egg-info/PKG-INFO
[3.398s] writing dependency_links to ../../../build/robo_collector_controller_py/robo_collector_controller_py.egg-info/dependency_links.txt
[3.398s] writing entry points to ../../../build/robo_collector_controller_py/robo_collector_controller_py.egg-info/entry_points.txt
[3.399s] writing requirements to ../../../build/robo_collector_controller_py/robo_collector_controller_py.egg-info/requires.txt
[3.400s] writing top-level names to ../../../build/robo_collector_controller_py/robo_collector_controller_py.egg-info/top_level.txt
[3.508s] reading manifest file '../../../build/robo_collector_controller_py/robo_collector_controller_py.egg-info/SOURCES.txt'
[3.511s] writing manifest file '../../../build/robo_collector_controller_py/robo_collector_controller_py.egg-info/SOURCES.txt'
[3.512s] running build
[3.512s] running build_py
[3.513s] copying robo_collector_controller_py/robo_collector_controller.py -> /home/ubuntu/workspace/Velizar/robotics_v1/build/robo_collector_controller_py/build/lib/robo_collector_controller_py
[3.514s] running install
[3.516s] running install_lib
[3.519s] copying /home/ubuntu/workspace/Velizar/robotics_v1/build/robo_collector_controller_py/build/lib/robo_collector_controller_py/robo_collector_controller.py -> /home/ubuntu/workspace/Velizar/robotics_v1/install/robo_collector_controller_py/lib/python3.8/site-packages/robo_collector_controller_py
[3.520s] byte-compiling /home/ubuntu/workspace/Velizar/robotics_v1/install/robo_collector_controller_py/lib/python3.8/site-packages/robo_collector_controller_py/robo_collector_controller.py to robo_collector_controller.cpython-38.pyc
[3.527s] running install_data
[3.528s] running install_egg_info
[3.532s] removing '/home/ubuntu/workspace/Velizar/robotics_v1/install/robo_collector_controller_py/lib/python3.8/site-packages/robo_collector_controller_py-0.0.0-py3.8.egg-info' (and everything under it)
[3.533s] Copying ../../../build/robo_collector_controller_py/robo_collector_controller_py.egg-info to /home/ubuntu/workspace/Velizar/robotics_v1/install/robo_collector_controller_py/lib/python3.8/site-packages/robo_collector_controller_py-0.0.0-py3.8.egg-info
[3.535s] running install_scripts
[3.584s] Installing talker script to /home/ubuntu/workspace/Velizar/robotics_v1/install/robo_collector_controller_py/lib/robo_collector_controller_py
[3.585s] writing list of installed files to '/home/ubuntu/workspace/Velizar/robotics_v1/build/robo_collector_controller_py/install.log'
[3.638s] Invoked command in '/home/ubuntu/workspace/Velizar/robotics_v1/src/robo_collector/robo_collector_controller_py' returned '0': AMENT_PREFIX_PATH=/home/ubuntu/workspace/Velizar/robotics_v1/install/robo_collector_interfaces:${AMENT_PREFIX_PATH} CMAKE_PREFIX_PATH=/home/ubuntu/workspace/Velizar/robotics_v1/install/robo_collector_interfaces LD_LIBRARY_PATH=/home/ubuntu/workspace/Velizar/robotics_v1/install/robo_collector_interfaces/lib:${LD_LIBRARY_PATH} PS1=[\u@\h \W]$(git_branch)$ PYTHONPATH=/home/ubuntu/workspace/Velizar/robotics_v1/install/robo_collector_controller_py/lib/python3.8/site-packages:/home/ubuntu/workspace/Velizar/robotics_v1/install/robo_collector_interfaces/lib/python3.8/site-packages:${PYTHONPATH} /usr/bin/python3 setup.py egg_info --egg-base ../../../build/robo_collector_controller_py build --build-base /home/ubuntu/workspace/Velizar/robotics_v1/build/robo_collector_controller_py/build install --prefix /home/ubuntu/workspace/Velizar/robotics_v1/install/robo_collector_controller_py --record /home/ubuntu/workspace/Velizar/robotics_v1/build/robo_collector_controller_py/install.log --single-version-externally-managed
