[13.670s] Invoking command in '/home/ubuntu/workspace/Velizar/robotics_v1/build/robo_collector_controller_py': AMENT_PREFIX_PATH=/home/ubuntu/workspace/Velizar/robotics_v1/install/robo_collector_interfaces:${AMENT_PREFIX_PATH} CMAKE_PREFIX_PATH=/home/ubuntu/workspace/Velizar/robotics_v1/install/robo_collector_interfaces LD_LIBRARY_PATH=/home/ubuntu/workspace/Velizar/robotics_v1/install/robo_collector_interfaces/lib:${LD_LIBRARY_PATH} PS1=[\u@\h \W]$(git_branch)$ PYTHONPATH=/home/ubuntu/workspace/Velizar/robotics_v1/install/robo_collector_controller_py/lib/python3.8/site-packages:/home/ubuntu/workspace/Velizar/robotics_v1/install/robo_collector_interfaces/lib/python3.8/site-packages:${PYTHONPATH} /usr/bin/python3 setup.py develop --prefix /home/ubuntu/workspace/Velizar/robotics_v1/install/robo_collector_controller_py --uninstall --editable --build-directory /home/ubuntu/workspace/Velizar/robotics_v1/build/robo_collector_controller_py/build
[14.577s] running develop
[14.929s] Removing /home/ubuntu/workspace/Velizar/robotics_v1/install/robo_collector_controller_py/lib/python3.8/site-packages/robo-collector-controller-py.egg-link (link to .)
[14.990s] Invoked command in '/home/ubuntu/workspace/Velizar/robotics_v1/build/robo_collector_controller_py' returned '0': AMENT_PREFIX_PATH=/home/ubuntu/workspace/Velizar/robotics_v1/install/robo_collector_interfaces:${AMENT_PREFIX_PATH} CMAKE_PREFIX_PATH=/home/ubuntu/workspace/Velizar/robotics_v1/install/robo_collector_interfaces LD_LIBRARY_PATH=/home/ubuntu/workspace/Velizar/robotics_v1/install/robo_collector_interfaces/lib:${LD_LIBRARY_PATH} PS1=[\u@\h \W]$(git_branch)$ PYTHONPATH=/home/ubuntu/workspace/Velizar/robotics_v1/install/robo_collector_controller_py/lib/python3.8/site-packages:/home/ubuntu/workspace/Velizar/robotics_v1/install/robo_collector_interfaces/lib/python3.8/site-packages:${PYTHONPATH} /usr/bin/python3 setup.py develop --prefix /home/ubuntu/workspace/Velizar/robotics_v1/install/robo_collector_controller_py --uninstall --editable --build-directory /home/ubuntu/workspace/Velizar/robotics_v1/build/robo_collector_controller_py/build
[14.997s] Invoking command in '/home/ubuntu/workspace/Velizar/robotics_v1/src/robo_collector/robo_collector_controller_py': AMENT_PREFIX_PATH=/home/ubuntu/workspace/Velizar/robotics_v1/install/robo_collector_interfaces:${AMENT_PREFIX_PATH} CMAKE_PREFIX_PATH=/home/ubuntu/workspace/Velizar/robotics_v1/install/robo_collector_interfaces LD_LIBRARY_PATH=/home/ubuntu/workspace/Velizar/robotics_v1/install/robo_collector_interfaces/lib:${LD_LIBRARY_PATH} PS1=[\u@\h \W]$(git_branch)$ PYTHONPATH=/home/ubuntu/workspace/Velizar/robotics_v1/install/robo_collector_controller_py/lib/python3.8/site-packages:/home/ubuntu/workspace/Velizar/robotics_v1/install/robo_collector_interfaces/lib/python3.8/site-packages:${PYTHONPATH} /usr/bin/python3 setup.py egg_info --egg-base ../../../build/robo_collector_controller_py build --build-base /home/ubuntu/workspace/Velizar/robotics_v1/build/robo_collector_controller_py/build install --prefix /home/ubuntu/workspace/Velizar/robotics_v1/install/robo_collector_controller_py --record /home/ubuntu/workspace/Velizar/robotics_v1/build/robo_collector_controller_py/install.log --single-version-externally-managed
[15.594s] running egg_info
[15.596s] writing ../../../build/robo_collector_controller_py/robo_collector_controller_py.egg-info/PKG-INFO
[15.596s] writing dependency_links to ../../../build/robo_collector_controller_py/robo_collector_controller_py.egg-info/dependency_links.txt
[15.597s] writing entry points to ../../../build/robo_collector_controller_py/robo_collector_controller_py.egg-info/entry_points.txt
[15.597s] writing requirements to ../../../build/robo_collector_controller_py/robo_collector_controller_py.egg-info/requires.txt
[15.598s] writing top-level names to ../../../build/robo_collector_controller_py/robo_collector_controller_py.egg-info/top_level.txt
[15.709s] reading manifest file '../../../build/robo_collector_controller_py/robo_collector_controller_py.egg-info/SOURCES.txt'
[15.711s] writing manifest file '../../../build/robo_collector_controller_py/robo_collector_controller_py.egg-info/SOURCES.txt'
[15.712s] running build
[15.713s] running build_py
[15.713s] creating /home/ubuntu/workspace/Velizar/robotics_v1/build/robo_collector_controller_py/build
[15.713s] creating /home/ubuntu/workspace/Velizar/robotics_v1/build/robo_collector_controller_py/build/lib
[15.713s] creating /home/ubuntu/workspace/Velizar/robotics_v1/build/robo_collector_controller_py/build/lib/robo_collector_controller_py
[15.714s] copying robo_collector_controller_py/__init__.py -> /home/ubuntu/workspace/Velizar/robotics_v1/build/robo_collector_controller_py/build/lib/robo_collector_controller_py
[15.714s] copying robo_collector_controller_py/robo_collector_controller.py -> /home/ubuntu/workspace/Velizar/robotics_v1/build/robo_collector_controller_py/build/lib/robo_collector_controller_py
[15.714s] running install
[15.716s] running install_lib
[15.719s] creating /home/ubuntu/workspace/Velizar/robotics_v1/install/robo_collector_controller_py/lib/python3.8/site-packages/robo_collector_controller_py
[15.719s] copying /home/ubuntu/workspace/Velizar/robotics_v1/build/robo_collector_controller_py/build/lib/robo_collector_controller_py/__init__.py -> /home/ubuntu/workspace/Velizar/robotics_v1/install/robo_collector_controller_py/lib/python3.8/site-packages/robo_collector_controller_py
[15.719s] copying /home/ubuntu/workspace/Velizar/robotics_v1/build/robo_collector_controller_py/build/lib/robo_collector_controller_py/robo_collector_controller.py -> /home/ubuntu/workspace/Velizar/robotics_v1/install/robo_collector_controller_py/lib/python3.8/site-packages/robo_collector_controller_py
[15.720s] byte-compiling /home/ubuntu/workspace/Velizar/robotics_v1/install/robo_collector_controller_py/lib/python3.8/site-packages/robo_collector_controller_py/__init__.py to __init__.cpython-38.pyc
[15.725s] byte-compiling /home/ubuntu/workspace/Velizar/robotics_v1/install/robo_collector_controller_py/lib/python3.8/site-packages/robo_collector_controller_py/robo_collector_controller.py to robo_collector_controller.cpython-38.pyc
[15.726s] running install_data
[15.728s] running install_egg_info
[15.732s] Copying ../../../build/robo_collector_controller_py/robo_collector_controller_py.egg-info to /home/ubuntu/workspace/Velizar/robotics_v1/install/robo_collector_controller_py/lib/python3.8/site-packages/robo_collector_controller_py-0.0.0-py3.8.egg-info
[15.734s] running install_scripts
[15.784s] Installing talker script to /home/ubuntu/workspace/Velizar/robotics_v1/install/robo_collector_controller_py/lib/robo_collector_controller_py
[15.785s] writing list of installed files to '/home/ubuntu/workspace/Velizar/robotics_v1/build/robo_collector_controller_py/install.log'
[15.837s] Invoked command in '/home/ubuntu/workspace/Velizar/robotics_v1/src/robo_collector/robo_collector_controller_py' returned '0': AMENT_PREFIX_PATH=/home/ubuntu/workspace/Velizar/robotics_v1/install/robo_collector_interfaces:${AMENT_PREFIX_PATH} CMAKE_PREFIX_PATH=/home/ubuntu/workspace/Velizar/robotics_v1/install/robo_collector_interfaces LD_LIBRARY_PATH=/home/ubuntu/workspace/Velizar/robotics_v1/install/robo_collector_interfaces/lib:${LD_LIBRARY_PATH} PS1=[\u@\h \W]$(git_branch)$ PYTHONPATH=/home/ubuntu/workspace/Velizar/robotics_v1/install/robo_collector_controller_py/lib/python3.8/site-packages:/home/ubuntu/workspace/Velizar/robotics_v1/install/robo_collector_interfaces/lib/python3.8/site-packages:${PYTHONPATH} /usr/bin/python3 setup.py egg_info --egg-base ../../../build/robo_collector_controller_py build --build-base /home/ubuntu/workspace/Velizar/robotics_v1/build/robo_collector_controller_py/build install --prefix /home/ubuntu/workspace/Velizar/robotics_v1/install/robo_collector_controller_py --record /home/ubuntu/workspace/Velizar/robotics_v1/build/robo_collector_controller_py/install.log --single-version-externally-managed
