[0.035s] Invoking command in '/home/ubuntu/workspace/Velizar/robotics_v1/build/robo_miner_interfaces': CMAKE_PREFIX_PATH=/opt/ros/foxy PS1=[\u@\h \W]$(git_branch)$ /usr/bin/cmake /home/ubuntu/workspace/Velizar/robotics_v1/src/robo_miner/robo_miner_interfaces -DCMAKE_BUILD_TYPE=Debug -DCMAKE_CXX_COMPILER=/usr/bin/clang++ -DAMENT_CMAKE_SYMLINK_INSTALL=1 -DCMAKE_INSTALL_PREFIX=/home/ubuntu/workspace/Velizar/robotics_v1/install/robo_miner_interfaces
[0.225s] -- The C compiler identification is GNU 9.4.0
[0.514s] -- The CXX compiler identification is Clang 10.0.0
[0.529s] -- Check for working C compiler: /usr/bin/cc
[0.728s] -- Check for working C compiler: /usr/bin/cc -- works
[0.731s] -- Detecting C compiler ABI info
[0.926s] -- Detecting C compiler ABI info - done
[0.983s] -- Detecting C compile features
[0.984s] -- Detecting C compile features - done
[0.995s] -- Check for working CXX compiler: /usr/bin/clang++
[1.338s] -- Check for working CXX compiler: /usr/bin/clang++ -- works
[1.342s] -- Detecting CXX compiler ABI info
[1.689s] -- Detecting CXX compiler ABI info - done
[1.737s] -- Detecting CXX compile features
[1.739s] -- Detecting CXX compile features - done
[1.745s] -- Found ament_cmake: 0.9.9 (/opt/ros/foxy/share/ament_cmake/cmake)
[1.814s] -- Found PythonInterp: /usr/bin/python3 (found suitable version "3.8.10", minimum required is "3") 
[1.814s] -- Using PYTHON_EXECUTABLE: /usr/bin/python3
[2.303s] -- Override CMake install command with custom implementation using symlinks instead of copying resources
[2.369s] -- Found rosidl_default_generators: 1.0.1 (/opt/ros/foxy/share/rosidl_default_generators/cmake)
[2.381s] -- Using all available rosidl_typesupport_c: rosidl_typesupport_fastrtps_c;rosidl_typesupport_introspection_c
[2.403s] -- Found rosidl_adapter: 1.2.1 (/opt/ros/foxy/share/rosidl_adapter/cmake)
[2.702s] -- Found OpenSSL: /usr/lib/x86_64-linux-gnu/libcrypto.so (found version "1.1.1f")  
[2.805s] -- Found FastRTPS: /opt/ros/foxy/include  
[3.106s] -- Using all available rosidl_typesupport_cpp: rosidl_typesupport_fastrtps_cpp;rosidl_typesupport_introspection_cpp
[3.286s] -- Found PythonInterp: /usr/bin/python3 (found version "3.8.10") 
[3.814s] -- Found ament_cmake_ros: 0.9.2 (/opt/ros/foxy/share/ament_cmake_ros/cmake)
[4.179s] -- Using all available rosidl_typesupport_c: rosidl_typesupport_fastrtps_c;rosidl_typesupport_introspection_c
[4.224s] -- Using all available rosidl_typesupport_cpp: rosidl_typesupport_fastrtps_cpp;rosidl_typesupport_introspection_cpp
[4.297s] -- Found PythonInterp: /usr/bin/python3 (found suitable version "3.8.10", minimum required is "3.5") 
[4.300s] -- Found python_cmake_module: 0.8.1 (/opt/ros/foxy/share/python_cmake_module/cmake)
[4.378s] -- Found PythonLibs: /usr/lib/x86_64-linux-gnu/libpython3.8.so (found suitable version "3.8.10", minimum required is "3.5") 
[4.378s] -- Using PYTHON_EXECUTABLE: /usr/bin/python3
[4.378s] -- Using PYTHON_INCLUDE_DIRS: /usr/include/python3.8
[4.379s] -- Using PYTHON_LIBRARIES: /usr/lib/x86_64-linux-gnu/libpython3.8.so
[4.431s] -- Found PythonExtra: .so  
[4.622s] -- Configuring done
[4.902s] -- Generating done
[4.916s] -- Build files have been written to: /home/ubuntu/workspace/Velizar/robotics_v1/build/robo_miner_interfaces
[4.931s] Invoked command in '/home/ubuntu/workspace/Velizar/robotics_v1/build/robo_miner_interfaces' returned '0': CMAKE_PREFIX_PATH=/opt/ros/foxy PS1=[\u@\h \W]$(git_branch)$ /usr/bin/cmake /home/ubuntu/workspace/Velizar/robotics_v1/src/robo_miner/robo_miner_interfaces -DCMAKE_BUILD_TYPE=Debug -DCMAKE_CXX_COMPILER=/usr/bin/clang++ -DAMENT_CMAKE_SYMLINK_INSTALL=1 -DCMAKE_INSTALL_PREFIX=/home/ubuntu/workspace/Velizar/robotics_v1/install/robo_miner_interfaces
[4.936s] Invoking command in '/home/ubuntu/workspace/Velizar/robotics_v1/build/robo_miner_interfaces': CMAKE_PREFIX_PATH=/opt/ros/foxy PS1=[\u@\h \W]$(git_branch)$ /usr/bin/cmake --build /home/ubuntu/workspace/Velizar/robotics_v1/build/robo_miner_interfaces -- -j2 -l2
[5.067s] [35m[1mScanning dependencies of target robo_miner_interfaces__cpp[0m
[5.105s] [  0%] [34m[1mGenerating C++ code for ROS interfaces[0m
[8.381s] [  0%] Built target robo_miner_interfaces__cpp
[8.415s] [  1%] [34m[1mGenerating C code for ROS interfaces[0m
[12.085s] [35m[1mScanning dependencies of target robo_miner_interfaces__rosidl_generator_c[0m
[12.132s] [  2%] [32mBuilding C object CMakeFiles/robo_miner_interfaces__rosidl_generator_c.dir/rosidl_generator_c/robo_miner_interfaces/msg/detail/field_point__functions.c.o[0m
[12.255s] [  3%] [32mBuilding C object CMakeFiles/robo_miner_interfaces__rosidl_generator_c.dir/rosidl_generator_c/robo_miner_interfaces/msg/detail/robot_position_response__functions.c.o[0m
[12.382s] [  4%] [32mBuilding C object CMakeFiles/robo_miner_interfaces__rosidl_generator_c.dir/rosidl_generator_c/robo_miner_interfaces/msg/detail/u_int8_multi_array__functions.c.o[0m
[12.508s] [  5%] [32mBuilding C object CMakeFiles/robo_miner_interfaces__rosidl_generator_c.dir/rosidl_generator_c/robo_miner_interfaces/msg/detail/robot_move_type__functions.c.o[0m
[12.637s] [  6%] [32mBuilding C object CMakeFiles/robo_miner_interfaces__rosidl_generator_c.dir/rosidl_generator_c/robo_miner_interfaces/msg/detail/user_authenticate__functions.c.o[0m
[12.769s] [  7%] [32mBuilding C object CMakeFiles/robo_miner_interfaces__rosidl_generator_c.dir/rosidl_generator_c/robo_miner_interfaces/srv/detail/activate_mining_validate__functions.c.o[0m
[12.921s] [  8%] [32mBuilding C object CMakeFiles/robo_miner_interfaces__rosidl_generator_c.dir/rosidl_generator_c/robo_miner_interfaces/srv/detail/robot_move__functions.c.o[0m
[13.074s] [  9%] [32mBuilding C object CMakeFiles/robo_miner_interfaces__rosidl_generator_c.dir/rosidl_generator_c/robo_miner_interfaces/srv/detail/longest_sequence_validate__functions.c.o[0m
[13.230s] [ 10%] [32mBuilding C object CMakeFiles/robo_miner_interfaces__rosidl_generator_c.dir/rosidl_generator_c/robo_miner_interfaces/srv/detail/field_map_validate__functions.c.o[0m
[13.381s] [ 11%] [32mBuilding C object CMakeFiles/robo_miner_interfaces__rosidl_generator_c.dir/rosidl_generator_c/robo_miner_interfaces/srv/detail/query_initial_robot_position__functions.c.o[0m
[13.539s] [ 12%] [32m[1mLinking C shared library librobo_miner_interfaces__rosidl_generator_c.so[0m
[13.649s] [ 12%] Built target robo_miner_interfaces__rosidl_generator_c
[13.676s] [ 13%] [34m[1mGenerating C++ type support dispatch for ROS interfaces[0m
[15.509s] [35m[1mScanning dependencies of target robo_miner_interfaces__rosidl_typesupport_cpp[0m
[15.560s] [ 14%] [32mBuilding CXX object CMakeFiles/robo_miner_interfaces__rosidl_typesupport_cpp.dir/rosidl_typesupport_cpp/robo_miner_interfaces/msg/field_point__type_support.cpp.o[0m
[16.380s] [ 15%] [32mBuilding CXX object CMakeFiles/robo_miner_interfaces__rosidl_typesupport_cpp.dir/rosidl_typesupport_cpp/robo_miner_interfaces/msg/robot_position_response__type_support.cpp.o[0m
[17.160s] [ 16%] [32mBuilding CXX object CMakeFiles/robo_miner_interfaces__rosidl_typesupport_cpp.dir/rosidl_typesupport_cpp/robo_miner_interfaces/msg/u_int8_multi_array__type_support.cpp.o[0m
[17.944s] [ 17%] [32mBuilding CXX object CMakeFiles/robo_miner_interfaces__rosidl_typesupport_cpp.dir/rosidl_typesupport_cpp/robo_miner_interfaces/msg/robot_move_type__type_support.cpp.o[0m
[18.715s] [ 18%] [32mBuilding CXX object CMakeFiles/robo_miner_interfaces__rosidl_typesupport_cpp.dir/rosidl_typesupport_cpp/robo_miner_interfaces/msg/user_authenticate__type_support.cpp.o[0m
[19.491s] [ 19%] [32mBuilding CXX object CMakeFiles/robo_miner_interfaces__rosidl_typesupport_cpp.dir/rosidl_typesupport_cpp/robo_miner_interfaces/srv/activate_mining_validate__type_support.cpp.o[0m
[20.309s] [ 20%] [32mBuilding CXX object CMakeFiles/robo_miner_interfaces__rosidl_typesupport_cpp.dir/rosidl_typesupport_cpp/robo_miner_interfaces/srv/robot_move__type_support.cpp.o[0m
[21.142s] [ 21%] [32mBuilding CXX object CMakeFiles/robo_miner_interfaces__rosidl_typesupport_cpp.dir/rosidl_typesupport_cpp/robo_miner_interfaces/srv/longest_sequence_validate__type_support.cpp.o[0m
[21.938s] [ 22%] [32mBuilding CXX object CMakeFiles/robo_miner_interfaces__rosidl_typesupport_cpp.dir/rosidl_typesupport_cpp/robo_miner_interfaces/srv/field_map_validate__type_support.cpp.o[0m
[22.724s] [ 23%] [32mBuilding CXX object CMakeFiles/robo_miner_interfaces__rosidl_typesupport_cpp.dir/rosidl_typesupport_cpp/robo_miner_interfaces/srv/query_initial_robot_position__type_support.cpp.o[0m
[23.519s] [ 24%] [32m[1mLinking CXX shared library librobo_miner_interfaces__rosidl_typesupport_cpp.so[0m
[23.772s] [ 24%] Built target robo_miner_interfaces__rosidl_typesupport_cpp
[23.805s] [ 25%] [34m[1mGenerating C++ type support for eProsima Fast-RTPS[0m
[26.601s] [35m[1mScanning dependencies of target robo_miner_interfaces__rosidl_typesupport_fastrtps_cpp[0m
[26.684s] [ 26%] [32mBuilding CXX object CMakeFiles/robo_miner_interfaces__rosidl_typesupport_fastrtps_cpp.dir/rosidl_typesupport_fastrtps_cpp/robo_miner_interfaces/msg/detail/dds_fastrtps/field_point__type_support.cpp.o[0m
[27.886s] [ 27%] [32mBuilding CXX object CMakeFiles/robo_miner_interfaces__rosidl_typesupport_fastrtps_cpp.dir/rosidl_typesupport_fastrtps_cpp/robo_miner_interfaces/msg/detail/dds_fastrtps/robot_position_response__type_support.cpp.o[0m
[29.153s] [ 27%] [32mBuilding CXX object CMakeFiles/robo_miner_interfaces__rosidl_typesupport_fastrtps_cpp.dir/rosidl_typesupport_fastrtps_cpp/robo_miner_interfaces/msg/detail/dds_fastrtps/u_int8_multi_array__type_support.cpp.o[0m
[30.441s] [ 28%] [32mBuilding CXX object CMakeFiles/robo_miner_interfaces__rosidl_typesupport_fastrtps_cpp.dir/rosidl_typesupport_fastrtps_cpp/robo_miner_interfaces/msg/detail/dds_fastrtps/robot_move_type__type_support.cpp.o[0m
[31.671s] [ 29%] [32mBuilding CXX object CMakeFiles/robo_miner_interfaces__rosidl_typesupport_fastrtps_cpp.dir/rosidl_typesupport_fastrtps_cpp/robo_miner_interfaces/msg/detail/dds_fastrtps/user_authenticate__type_support.cpp.o[0m
[32.910s] [ 30%] [32mBuilding CXX object CMakeFiles/robo_miner_interfaces__rosidl_typesupport_fastrtps_cpp.dir/rosidl_typesupport_fastrtps_cpp/robo_miner_interfaces/srv/detail/dds_fastrtps/activate_mining_validate__type_support.cpp.o[0m
[34.294s] [ 31%] [32mBuilding CXX object CMakeFiles/robo_miner_interfaces__rosidl_typesupport_fastrtps_cpp.dir/rosidl_typesupport_fastrtps_cpp/robo_miner_interfaces/srv/detail/dds_fastrtps/robot_move__type_support.cpp.o[0m
[35.595s] [ 32%] [32mBuilding CXX object CMakeFiles/robo_miner_interfaces__rosidl_typesupport_fastrtps_cpp.dir/rosidl_typesupport_fastrtps_cpp/robo_miner_interfaces/srv/detail/dds_fastrtps/longest_sequence_validate__type_support.cpp.o[0m
[37.002s] [ 33%] [32mBuilding CXX object CMakeFiles/robo_miner_interfaces__rosidl_typesupport_fastrtps_cpp.dir/rosidl_typesupport_fastrtps_cpp/robo_miner_interfaces/srv/detail/dds_fastrtps/field_map_validate__type_support.cpp.o[0m
[38.363s] [ 34%] [32mBuilding CXX object CMakeFiles/robo_miner_interfaces__rosidl_typesupport_fastrtps_cpp.dir/rosidl_typesupport_fastrtps_cpp/robo_miner_interfaces/srv/detail/dds_fastrtps/query_initial_robot_position__type_support.cpp.o[0m
[39.687s] [ 35%] [32m[1mLinking CXX shared library librobo_miner_interfaces__rosidl_typesupport_fastrtps_cpp.so[0m
[40.117s] [ 35%] Built target robo_miner_interfaces__rosidl_typesupport_fastrtps_cpp
[40.144s] [ 36%] [34m[1mGenerating C introspection for ROS interfaces[0m
[42.767s] [35m[1mScanning dependencies of target robo_miner_interfaces__rosidl_typesupport_introspection_c[0m
[42.835s] [ 37%] [32mBuilding C object CMakeFiles/robo_miner_interfaces__rosidl_typesupport_introspection_c.dir/rosidl_typesupport_introspection_c/robo_miner_interfaces/msg/detail/field_point__type_support.c.o[0m
[42.949s] [ 38%] [32mBuilding C object CMakeFiles/robo_miner_interfaces__rosidl_typesupport_introspection_c.dir/rosidl_typesupport_introspection_c/robo_miner_interfaces/msg/detail/robot_position_response__type_support.c.o[0m
[43.062s] [ 39%] [32mBuilding C object CMakeFiles/robo_miner_interfaces__rosidl_typesupport_introspection_c.dir/rosidl_typesupport_introspection_c/robo_miner_interfaces/msg/detail/u_int8_multi_array__type_support.c.o[0m
[43.177s] [ 40%] [32mBuilding C object CMakeFiles/robo_miner_interfaces__rosidl_typesupport_introspection_c.dir/rosidl_typesupport_introspection_c/robo_miner_interfaces/msg/detail/robot_move_type__type_support.c.o[0m
[43.289s] [ 41%] [32mBuilding C object CMakeFiles/robo_miner_interfaces__rosidl_typesupport_introspection_c.dir/rosidl_typesupport_introspection_c/robo_miner_interfaces/msg/detail/user_authenticate__type_support.c.o[0m
[43.402s] [ 42%] [32mBuilding C object CMakeFiles/robo_miner_interfaces__rosidl_typesupport_introspection_c.dir/rosidl_typesupport_introspection_c/robo_miner_interfaces/srv/detail/activate_mining_validate__type_support.c.o[0m
[43.523s] [ 43%] [32mBuilding C object CMakeFiles/robo_miner_interfaces__rosidl_typesupport_introspection_c.dir/rosidl_typesupport_introspection_c/robo_miner_interfaces/srv/detail/robot_move__type_support.c.o[0m
[43.645s] [ 44%] [32mBuilding C object CMakeFiles/robo_miner_interfaces__rosidl_typesupport_introspection_c.dir/rosidl_typesupport_introspection_c/robo_miner_interfaces/srv/detail/longest_sequence_validate__type_support.c.o[0m
[43.775s] [ 45%] [32mBuilding C object CMakeFiles/robo_miner_interfaces__rosidl_typesupport_introspection_c.dir/rosidl_typesupport_introspection_c/robo_miner_interfaces/srv/detail/field_map_validate__type_support.c.o[0m
[43.903s] [ 46%] [32mBuilding C object CMakeFiles/robo_miner_interfaces__rosidl_typesupport_introspection_c.dir/rosidl_typesupport_introspection_c/robo_miner_interfaces/srv/detail/query_initial_robot_position__type_support.c.o[0m
[44.025s] [ 47%] [32m[1mLinking C shared library librobo_miner_interfaces__rosidl_typesupport_introspection_c.so[0m
[44.123s] [ 47%] Built target robo_miner_interfaces__rosidl_typesupport_introspection_c
[44.150s] [ 48%] [34m[1mGenerating C type support dispatch for ROS interfaces[0m
[46.054s] [35m[1mScanning dependencies of target robo_miner_interfaces__rosidl_typesupport_c[0m
[46.101s] [ 49%] [32mBuilding CXX object CMakeFiles/robo_miner_interfaces__rosidl_typesupport_c.dir/rosidl_typesupport_c/robo_miner_interfaces/msg/field_point__type_support.cpp.o[0m
[46.201s] [ 50%] [32mBuilding CXX object CMakeFiles/robo_miner_interfaces__rosidl_typesupport_c.dir/rosidl_typesupport_c/robo_miner_interfaces/msg/robot_position_response__type_support.cpp.o[0m
[46.297s] [ 51%] [32mBuilding CXX object CMakeFiles/robo_miner_interfaces__rosidl_typesupport_c.dir/rosidl_typesupport_c/robo_miner_interfaces/msg/u_int8_multi_array__type_support.cpp.o[0m
[46.393s] [ 52%] [32mBuilding CXX object CMakeFiles/robo_miner_interfaces__rosidl_typesupport_c.dir/rosidl_typesupport_c/robo_miner_interfaces/msg/robot_move_type__type_support.cpp.o[0m
[46.486s] [ 53%] [32mBuilding CXX object CMakeFiles/robo_miner_interfaces__rosidl_typesupport_c.dir/rosidl_typesupport_c/robo_miner_interfaces/msg/user_authenticate__type_support.cpp.o[0m
[46.628s] [ 54%] [32mBuilding CXX object CMakeFiles/robo_miner_interfaces__rosidl_typesupport_c.dir/rosidl_typesupport_c/robo_miner_interfaces/srv/activate_mining_validate__type_support.cpp.o[0m
[46.731s] [ 55%] [32mBuilding CXX object CMakeFiles/robo_miner_interfaces__rosidl_typesupport_c.dir/rosidl_typesupport_c/robo_miner_interfaces/srv/robot_move__type_support.cpp.o[0m
[46.833s] [ 56%] [32mBuilding CXX object CMakeFiles/robo_miner_interfaces__rosidl_typesupport_c.dir/rosidl_typesupport_c/robo_miner_interfaces/srv/longest_sequence_validate__type_support.cpp.o[0m
[46.937s] [ 56%] [32mBuilding CXX object CMakeFiles/robo_miner_interfaces__rosidl_typesupport_c.dir/rosidl_typesupport_c/robo_miner_interfaces/srv/field_map_validate__type_support.cpp.o[0m
[47.045s] [ 57%] [32mBuilding CXX object CMakeFiles/robo_miner_interfaces__rosidl_typesupport_c.dir/rosidl_typesupport_c/robo_miner_interfaces/srv/query_initial_robot_position__type_support.cpp.o[0m
[47.149s] [ 58%] [32m[1mLinking CXX shared library librobo_miner_interfaces__rosidl_typesupport_c.so[0m
[47.410s] [ 58%] Built target robo_miner_interfaces__rosidl_typesupport_c
[47.438s] [ 59%] [34m[1mGenerating C type support for eProsima Fast-RTPS[0m
[50.190s] [35m[1mScanning dependencies of target robo_miner_interfaces__rosidl_typesupport_fastrtps_c[0m
[50.283s] [ 60%] [32mBuilding CXX object CMakeFiles/robo_miner_interfaces__rosidl_typesupport_fastrtps_c.dir/rosidl_typesupport_fastrtps_c/robo_miner_interfaces/msg/detail/field_point__type_support_c.cpp.o[0m
[51.376s] [ 61%] [32mBuilding CXX object CMakeFiles/robo_miner_interfaces__rosidl_typesupport_fastrtps_c.dir/rosidl_typesupport_fastrtps_c/robo_miner_interfaces/msg/detail/robot_position_response__type_support_c.cpp.o[0m
[52.472s] [ 62%] [32mBuilding CXX object CMakeFiles/robo_miner_interfaces__rosidl_typesupport_fastrtps_c.dir/rosidl_typesupport_fastrtps_c/robo_miner_interfaces/msg/detail/u_int8_multi_array__type_support_c.cpp.o[0m
[53.565s] [ 63%] [32mBuilding CXX object CMakeFiles/robo_miner_interfaces__rosidl_typesupport_fastrtps_c.dir/rosidl_typesupport_fastrtps_c/robo_miner_interfaces/msg/detail/robot_move_type__type_support_c.cpp.o[0m
[54.651s] [ 64%] [32mBuilding CXX object CMakeFiles/robo_miner_interfaces__rosidl_typesupport_fastrtps_c.dir/rosidl_typesupport_fastrtps_c/robo_miner_interfaces/msg/detail/user_authenticate__type_support_c.cpp.o[0m
[55.752s] [ 65%] [32mBuilding CXX object CMakeFiles/robo_miner_interfaces__rosidl_typesupport_fastrtps_c.dir/rosidl_typesupport_fastrtps_c/robo_miner_interfaces/srv/detail/activate_mining_validate__type_support_c.cpp.o[0m
[56.897s] [ 66%] [32mBuilding CXX object CMakeFiles/robo_miner_interfaces__rosidl_typesupport_fastrtps_c.dir/rosidl_typesupport_fastrtps_c/robo_miner_interfaces/srv/detail/robot_move__type_support_c.cpp.o[0m
[58.019s] [ 67%] [32mBuilding CXX object CMakeFiles/robo_miner_interfaces__rosidl_typesupport_fastrtps_c.dir/rosidl_typesupport_fastrtps_c/robo_miner_interfaces/srv/detail/longest_sequence_validate__type_support_c.cpp.o[0m
[59.206s] [ 68%] [32mBuilding CXX object CMakeFiles/robo_miner_interfaces__rosidl_typesupport_fastrtps_c.dir/rosidl_typesupport_fastrtps_c/robo_miner_interfaces/srv/detail/field_map_validate__type_support_c.cpp.o[0m
[60.373s] [ 69%] [32mBuilding CXX object CMakeFiles/robo_miner_interfaces__rosidl_typesupport_fastrtps_c.dir/rosidl_typesupport_fastrtps_c/robo_miner_interfaces/srv/detail/query_initial_robot_position__type_support_c.cpp.o[0m
[61.540s] [ 70%] [32m[1mLinking CXX shared library librobo_miner_interfaces__rosidl_typesupport_fastrtps_c.so[0m
[61.961s] [ 70%] Built target robo_miner_interfaces__rosidl_typesupport_fastrtps_c
[61.993s] [ 71%] [34m[1mGenerating C++ introspection for ROS interfaces[0m
[64.446s] [35m[1mScanning dependencies of target robo_miner_interfaces__rosidl_typesupport_introspection_cpp[0m
[64.502s] [ 72%] [32mBuilding CXX object CMakeFiles/robo_miner_interfaces__rosidl_typesupport_introspection_cpp.dir/rosidl_typesupport_introspection_cpp/robo_miner_interfaces/msg/detail/field_point__type_support.cpp.o[0m
[65.332s] [ 73%] [32mBuilding CXX object CMakeFiles/robo_miner_interfaces__rosidl_typesupport_introspection_cpp.dir/rosidl_typesupport_introspection_cpp/robo_miner_interfaces/msg/detail/robot_position_response__type_support.cpp.o[0m
[66.205s] [ 74%] [32mBuilding CXX object CMakeFiles/robo_miner_interfaces__rosidl_typesupport_introspection_cpp.dir/rosidl_typesupport_introspection_cpp/robo_miner_interfaces/msg/detail/u_int8_multi_array__type_support.cpp.o[0m
[67.150s] [ 75%] [32mBuilding CXX object CMakeFiles/robo_miner_interfaces__rosidl_typesupport_introspection_cpp.dir/rosidl_typesupport_introspection_cpp/robo_miner_interfaces/msg/detail/robot_move_type__type_support.cpp.o[0m
[68.016s] [ 76%] [32mBuilding CXX object CMakeFiles/robo_miner_interfaces__rosidl_typesupport_introspection_cpp.dir/rosidl_typesupport_introspection_cpp/robo_miner_interfaces/msg/detail/user_authenticate__type_support.cpp.o[0m
[68.846s] [ 77%] [32mBuilding CXX object CMakeFiles/robo_miner_interfaces__rosidl_typesupport_introspection_cpp.dir/rosidl_typesupport_introspection_cpp/robo_miner_interfaces/srv/detail/activate_mining_validate__type_support.cpp.o[0m
[69.702s] [ 78%] [32mBuilding CXX object CMakeFiles/robo_miner_interfaces__rosidl_typesupport_introspection_cpp.dir/rosidl_typesupport_introspection_cpp/robo_miner_interfaces/srv/detail/robot_move__type_support.cpp.o[0m
[70.595s] [ 79%] [32mBuilding CXX object CMakeFiles/robo_miner_interfaces__rosidl_typesupport_introspection_cpp.dir/rosidl_typesupport_introspection_cpp/robo_miner_interfaces/srv/detail/longest_sequence_validate__type_support.cpp.o[0m
[71.568s] [ 80%] [32mBuilding CXX object CMakeFiles/robo_miner_interfaces__rosidl_typesupport_introspection_cpp.dir/rosidl_typesupport_introspection_cpp/robo_miner_interfaces/srv/detail/field_map_validate__type_support.cpp.o[0m
[72.432s] [ 81%] [32mBuilding CXX object CMakeFiles/robo_miner_interfaces__rosidl_typesupport_introspection_cpp.dir/rosidl_typesupport_introspection_cpp/robo_miner_interfaces/srv/detail/query_initial_robot_position__type_support.cpp.o[0m
[73.286s] [ 82%] [32m[1mLinking CXX shared library librobo_miner_interfaces__rosidl_typesupport_introspection_cpp.so[0m
[73.567s] [ 82%] Built target robo_miner_interfaces__rosidl_typesupport_introspection_cpp
[73.593s] [35m[1mScanning dependencies of target robo_miner_interfaces[0m
[73.625s] [ 82%] Built target robo_miner_interfaces
[73.654s] [35m[1mScanning dependencies of target robo_miner_interfaces__py[0m
[73.682s] [ 83%] [34m[1mGenerating Python code for ROS interfaces[0m
[79.688s] [ 83%] Built target robo_miner_interfaces__py
[79.714s] [35m[1mScanning dependencies of target robo_miner_interfaces__python[0m
[79.853s] [ 84%] [32mBuilding C object CMakeFiles/robo_miner_interfaces__python.dir/rosidl_generator_py/robo_miner_interfaces/msg/_field_point_s.c.o[0m
[80.212s] [ 85%] [32mBuilding C object CMakeFiles/robo_miner_interfaces__python.dir/rosidl_generator_py/robo_miner_interfaces/msg/_robot_position_response_s.c.o[0m
[80.645s] [ 86%] [32mBuilding C object CMakeFiles/robo_miner_interfaces__python.dir/rosidl_generator_py/robo_miner_interfaces/msg/_u_int8_multi_array_s.c.o[0m
[81.026s] [ 87%] [32mBuilding C object CMakeFiles/robo_miner_interfaces__python.dir/rosidl_generator_py/robo_miner_interfaces/msg/_robot_move_type_s.c.o[0m
[81.383s] [ 88%] [32mBuilding C object CMakeFiles/robo_miner_interfaces__python.dir/rosidl_generator_py/robo_miner_interfaces/msg/_user_authenticate_s.c.o[0m
[81.791s] [ 89%] [32mBuilding C object CMakeFiles/robo_miner_interfaces__python.dir/rosidl_generator_py/robo_miner_interfaces/srv/_activate_mining_validate_s.c.o[0m
[82.155s] [ 90%] [32mBuilding C object CMakeFiles/robo_miner_interfaces__python.dir/rosidl_generator_py/robo_miner_interfaces/srv/_robot_move_s.c.o[0m
[82.546s] [ 91%] [32mBuilding C object CMakeFiles/robo_miner_interfaces__python.dir/rosidl_generator_py/robo_miner_interfaces/srv/_longest_sequence_validate_s.c.o[0m
[82.955s] [ 92%] [32mBuilding C object CMakeFiles/robo_miner_interfaces__python.dir/rosidl_generator_py/robo_miner_interfaces/srv/_field_map_validate_s.c.o[0m
[83.338s] [ 93%] [32mBuilding C object CMakeFiles/robo_miner_interfaces__python.dir/rosidl_generator_py/robo_miner_interfaces/srv/_query_initial_robot_position_s.c.o[0m
[83.730s] [ 94%] [32m[1mLinking C shared library rosidl_generator_py/robo_miner_interfaces/librobo_miner_interfaces__python.so[0m
[83.863s] [ 94%] Built target robo_miner_interfaces__python
[83.893s] [35m[1mScanning dependencies of target robo_miner_interfaces__rosidl_typesupport_introspection_c__pyext[0m
[83.980s] [ 95%] [32mBuilding C object CMakeFiles/robo_miner_interfaces__rosidl_typesupport_introspection_c__pyext.dir/rosidl_generator_py/robo_miner_interfaces/_robo_miner_interfaces_s.ep.rosidl_typesupport_introspection_c.c.o[0m
[84.498s] [ 96%] [32m[1mLinking C shared library rosidl_generator_py/robo_miner_interfaces/robo_miner_interfaces_s__rosidl_typesupport_introspection_c.cpython-38-x86_64-linux-gnu.so[0m
[84.600s] [ 96%] Built target robo_miner_interfaces__rosidl_typesupport_introspection_c__pyext
[84.626s] [35m[1mScanning dependencies of target robo_miner_interfaces__rosidl_typesupport_fastrtps_c__pyext[0m
[84.708s] [ 97%] [32mBuilding C object CMakeFiles/robo_miner_interfaces__rosidl_typesupport_fastrtps_c__pyext.dir/rosidl_generator_py/robo_miner_interfaces/_robo_miner_interfaces_s.ep.rosidl_typesupport_fastrtps_c.c.o[0m
[85.254s] [ 98%] [32m[1mLinking CXX shared library rosidl_generator_py/robo_miner_interfaces/robo_miner_interfaces_s__rosidl_typesupport_fastrtps_c.cpython-38-x86_64-linux-gnu.so[0m
[85.675s] [ 98%] Built target robo_miner_interfaces__rosidl_typesupport_fastrtps_c__pyext
[85.701s] [35m[1mScanning dependencies of target robo_miner_interfaces__rosidl_typesupport_c__pyext[0m
[85.779s] [ 99%] [32mBuilding C object CMakeFiles/robo_miner_interfaces__rosidl_typesupport_c__pyext.dir/rosidl_generator_py/robo_miner_interfaces/_robo_miner_interfaces_s.ep.rosidl_typesupport_c.c.o[0m
[86.317s] [100%] [32m[1mLinking C shared library rosidl_generator_py/robo_miner_interfaces/robo_miner_interfaces_s__rosidl_typesupport_c.cpython-38-x86_64-linux-gnu.so[0m
[86.422s] [100%] Built target robo_miner_interfaces__rosidl_typesupport_c__pyext
[86.458s] Invoked command in '/home/ubuntu/workspace/Velizar/robotics_v1/build/robo_miner_interfaces' returned '0': CMAKE_PREFIX_PATH=/opt/ros/foxy PS1=[\u@\h \W]$(git_branch)$ /usr/bin/cmake --build /home/ubuntu/workspace/Velizar/robotics_v1/build/robo_miner_interfaces -- -j2 -l2
[86.914s] Invoking command in '/home/ubuntu/workspace/Velizar/robotics_v1/build/robo_miner_interfaces': CMAKE_PREFIX_PATH=/opt/ros/foxy PS1=[\u@\h \W]$(git_branch)$ /usr/bin/cmake --install /home/ubuntu/workspace/Velizar/robotics_v1/build/robo_miner_interfaces
[86.938s] -- Install configuration: "Debug"
[86.940s] -- Execute custom install script
[86.941s] -- Symlinking: /home/ubuntu/workspace/Velizar/robotics_v1/install/robo_miner_interfaces/share/ament_index/resource_index/rosidl_interfaces/robo_miner_interfaces
[86.967s] -- Symlinking: /home/ubuntu/workspace/Velizar/robotics_v1/install/robo_miner_interfaces/include/robo_miner_interfaces/msg/detail/field_point__functions.h
[86.993s] -- Symlinking: /home/ubuntu/workspace/Velizar/robotics_v1/install/robo_miner_interfaces/include/robo_miner_interfaces/msg/detail/field_point__struct.h
[87.016s] -- Symlinking: /home/ubuntu/workspace/Velizar/robotics_v1/install/robo_miner_interfaces/include/robo_miner_interfaces/msg/detail/field_point__type_support.h
[87.039s] -- Symlinking: /home/ubuntu/workspace/Velizar/robotics_v1/install/robo_miner_interfaces/include/robo_miner_interfaces/msg/detail/robot_move_type__functions.h
[87.062s] -- Symlinking: /home/ubuntu/workspace/Velizar/robotics_v1/install/robo_miner_interfaces/include/robo_miner_interfaces/msg/detail/robot_move_type__struct.h
[87.088s] -- Symlinking: /home/ubuntu/workspace/Velizar/robotics_v1/install/robo_miner_interfaces/include/robo_miner_interfaces/msg/detail/robot_move_type__type_support.h
[87.111s] -- Symlinking: /home/ubuntu/workspace/Velizar/robotics_v1/install/robo_miner_interfaces/include/robo_miner_interfaces/msg/detail/robot_position_response__functions.h
[87.135s] -- Symlinking: /home/ubuntu/workspace/Velizar/robotics_v1/install/robo_miner_interfaces/include/robo_miner_interfaces/msg/detail/robot_position_response__struct.h
[87.158s] -- Symlinking: /home/ubuntu/workspace/Velizar/robotics_v1/install/robo_miner_interfaces/include/robo_miner_interfaces/msg/detail/robot_position_response__type_support.h
[87.185s] -- Symlinking: /home/ubuntu/workspace/Velizar/robotics_v1/install/robo_miner_interfaces/include/robo_miner_interfaces/msg/detail/u_int8_multi_array__functions.h
[87.208s] -- Symlinking: /home/ubuntu/workspace/Velizar/robotics_v1/install/robo_miner_interfaces/include/robo_miner_interfaces/msg/detail/u_int8_multi_array__struct.h
[87.236s] -- Symlinking: /home/ubuntu/workspace/Velizar/robotics_v1/install/robo_miner_interfaces/include/robo_miner_interfaces/msg/detail/u_int8_multi_array__type_support.h
[87.258s] -- Symlinking: /home/ubuntu/workspace/Velizar/robotics_v1/install/robo_miner_interfaces/include/robo_miner_interfaces/msg/detail/user_authenticate__functions.h
[87.284s] -- Symlinking: /home/ubuntu/workspace/Velizar/robotics_v1/install/robo_miner_interfaces/include/robo_miner_interfaces/msg/detail/user_authenticate__struct.h
[87.307s] -- Symlinking: /home/ubuntu/workspace/Velizar/robotics_v1/install/robo_miner_interfaces/include/robo_miner_interfaces/msg/detail/user_authenticate__type_support.h
[87.332s] -- Symlinking: /home/ubuntu/workspace/Velizar/robotics_v1/install/robo_miner_interfaces/include/robo_miner_interfaces/msg/field_point.h
[87.355s] -- Symlinking: /home/ubuntu/workspace/Velizar/robotics_v1/install/robo_miner_interfaces/include/robo_miner_interfaces/msg/robot_move_type.h
[87.381s] -- Symlinking: /home/ubuntu/workspace/Velizar/robotics_v1/install/robo_miner_interfaces/include/robo_miner_interfaces/msg/robot_position_response.h
[87.404s] -- Symlinking: /home/ubuntu/workspace/Velizar/robotics_v1/install/robo_miner_interfaces/include/robo_miner_interfaces/msg/rosidl_generator_c__visibility_control.h
[87.428s] -- Symlinking: /home/ubuntu/workspace/Velizar/robotics_v1/install/robo_miner_interfaces/include/robo_miner_interfaces/msg/u_int8_multi_array.h
[87.452s] -- Symlinking: /home/ubuntu/workspace/Velizar/robotics_v1/install/robo_miner_interfaces/include/robo_miner_interfaces/msg/user_authenticate.h
[87.476s] -- Symlinking: /home/ubuntu/workspace/Velizar/robotics_v1/install/robo_miner_interfaces/include/robo_miner_interfaces/srv/activate_mining_validate.h
[87.501s] -- Symlinking: /home/ubuntu/workspace/Velizar/robotics_v1/install/robo_miner_interfaces/include/robo_miner_interfaces/srv/detail/activate_mining_validate__functions.h
[87.525s] -- Symlinking: /home/ubuntu/workspace/Velizar/robotics_v1/install/robo_miner_interfaces/include/robo_miner_interfaces/srv/detail/activate_mining_validate__struct.h
[87.548s] -- Symlinking: /home/ubuntu/workspace/Velizar/robotics_v1/install/robo_miner_interfaces/include/robo_miner_interfaces/srv/detail/activate_mining_validate__type_support.h
[87.570s] -- Symlinking: /home/ubuntu/workspace/Velizar/robotics_v1/install/robo_miner_interfaces/include/robo_miner_interfaces/srv/detail/field_map_validate__functions.h
[87.595s] -- Symlinking: /home/ubuntu/workspace/Velizar/robotics_v1/install/robo_miner_interfaces/include/robo_miner_interfaces/srv/detail/field_map_validate__struct.h
[87.617s] -- Symlinking: /home/ubuntu/workspace/Velizar/robotics_v1/install/robo_miner_interfaces/include/robo_miner_interfaces/srv/detail/field_map_validate__type_support.h
[87.640s] -- Symlinking: /home/ubuntu/workspace/Velizar/robotics_v1/install/robo_miner_interfaces/include/robo_miner_interfaces/srv/detail/longest_sequence_validate__functions.h
[87.663s] -- Symlinking: /home/ubuntu/workspace/Velizar/robotics_v1/install/robo_miner_interfaces/include/robo_miner_interfaces/srv/detail/longest_sequence_validate__struct.h
[87.688s] -- Symlinking: /home/ubuntu/workspace/Velizar/robotics_v1/install/robo_miner_interfaces/include/robo_miner_interfaces/srv/detail/longest_sequence_validate__type_support.h
[87.711s] -- Symlinking: /home/ubuntu/workspace/Velizar/robotics_v1/install/robo_miner_interfaces/include/robo_miner_interfaces/srv/detail/query_initial_robot_position__functions.h
[87.734s] -- Symlinking: /home/ubuntu/workspace/Velizar/robotics_v1/install/robo_miner_interfaces/include/robo_miner_interfaces/srv/detail/query_initial_robot_position__struct.h
[87.757s] -- Symlinking: /home/ubuntu/workspace/Velizar/robotics_v1/install/robo_miner_interfaces/include/robo_miner_interfaces/srv/detail/query_initial_robot_position__type_support.h
[87.783s] -- Symlinking: /home/ubuntu/workspace/Velizar/robotics_v1/install/robo_miner_interfaces/include/robo_miner_interfaces/srv/detail/robot_move__functions.h
[87.806s] -- Symlinking: /home/ubuntu/workspace/Velizar/robotics_v1/install/robo_miner_interfaces/include/robo_miner_interfaces/srv/detail/robot_move__struct.h
[87.831s] -- Symlinking: /home/ubuntu/workspace/Velizar/robotics_v1/install/robo_miner_interfaces/include/robo_miner_interfaces/srv/detail/robot_move__type_support.h
[87.854s] -- Symlinking: /home/ubuntu/workspace/Velizar/robotics_v1/install/robo_miner_interfaces/include/robo_miner_interfaces/srv/field_map_validate.h
[87.877s] -- Symlinking: /home/ubuntu/workspace/Velizar/robotics_v1/install/robo_miner_interfaces/include/robo_miner_interfaces/srv/longest_sequence_validate.h
[87.902s] -- Symlinking: /home/ubuntu/workspace/Velizar/robotics_v1/install/robo_miner_interfaces/include/robo_miner_interfaces/srv/query_initial_robot_position.h
[87.925s] -- Symlinking: /home/ubuntu/workspace/Velizar/robotics_v1/install/robo_miner_interfaces/include/robo_miner_interfaces/srv/robot_move.h
[87.949s] -- Symlinking: /home/ubuntu/workspace/Velizar/robotics_v1/install/robo_miner_interfaces/share/robo_miner_interfaces/environment/library_path.sh
[87.973s] -- Symlinking: /home/ubuntu/workspace/Velizar/robotics_v1/install/robo_miner_interfaces/share/robo_miner_interfaces/environment/library_path.dsv
[88.001s] -- Symlinking: /home/ubuntu/workspace/Velizar/robotics_v1/install/robo_miner_interfaces/include/robo_miner_interfaces/msg/detail/field_point__rosidl_typesupport_fastrtps_c.h
[88.024s] -- Symlinking: /home/ubuntu/workspace/Velizar/robotics_v1/install/robo_miner_interfaces/include/robo_miner_interfaces/msg/detail/robot_move_type__rosidl_typesupport_fastrtps_c.h
[88.047s] -- Symlinking: /home/ubuntu/workspace/Velizar/robotics_v1/install/robo_miner_interfaces/include/robo_miner_interfaces/msg/detail/robot_position_response__rosidl_typesupport_fastrtps_c.h
[88.070s] -- Symlinking: /home/ubuntu/workspace/Velizar/robotics_v1/install/robo_miner_interfaces/include/robo_miner_interfaces/msg/detail/u_int8_multi_array__rosidl_typesupport_fastrtps_c.h
[88.096s] -- Symlinking: /home/ubuntu/workspace/Velizar/robotics_v1/install/robo_miner_interfaces/include/robo_miner_interfaces/msg/detail/user_authenticate__rosidl_typesupport_fastrtps_c.h
[88.119s] -- Symlinking: /home/ubuntu/workspace/Velizar/robotics_v1/install/robo_miner_interfaces/include/robo_miner_interfaces/msg/rosidl_typesupport_fastrtps_c__visibility_control.h
[88.144s] -- Symlinking: /home/ubuntu/workspace/Velizar/robotics_v1/install/robo_miner_interfaces/include/robo_miner_interfaces/srv/detail/activate_mining_validate__rosidl_typesupport_fastrtps_c.h
[88.168s] -- Symlinking: /home/ubuntu/workspace/Velizar/robotics_v1/install/robo_miner_interfaces/include/robo_miner_interfaces/srv/detail/field_map_validate__rosidl_typesupport_fastrtps_c.h
[88.195s] -- Symlinking: /home/ubuntu/workspace/Velizar/robotics_v1/install/robo_miner_interfaces/include/robo_miner_interfaces/srv/detail/longest_sequence_validate__rosidl_typesupport_fastrtps_c.h
[88.217s] -- Symlinking: /home/ubuntu/workspace/Velizar/robotics_v1/install/robo_miner_interfaces/include/robo_miner_interfaces/srv/detail/query_initial_robot_position__rosidl_typesupport_fastrtps_c.h
[88.243s] -- Symlinking: /home/ubuntu/workspace/Velizar/robotics_v1/install/robo_miner_interfaces/include/robo_miner_interfaces/srv/detail/robot_move__rosidl_typesupport_fastrtps_c.h
[88.267s] -- Symlinking: /home/ubuntu/workspace/Velizar/robotics_v1/install/robo_miner_interfaces/lib/librobo_miner_interfaces__rosidl_typesupport_fastrtps_c.so
[88.296s] -- Symlinking: /home/ubuntu/workspace/Velizar/robotics_v1/install/robo_miner_interfaces/include/robo_miner_interfaces/msg/detail/field_point__rosidl_typesupport_fastrtps_cpp.hpp
[88.319s] -- Symlinking: /home/ubuntu/workspace/Velizar/robotics_v1/install/robo_miner_interfaces/include/robo_miner_interfaces/msg/detail/robot_move_type__rosidl_typesupport_fastrtps_cpp.hpp
[88.344s] -- Symlinking: /home/ubuntu/workspace/Velizar/robotics_v1/install/robo_miner_interfaces/include/robo_miner_interfaces/msg/detail/robot_position_response__rosidl_typesupport_fastrtps_cpp.hpp
[88.367s] -- Symlinking: /home/ubuntu/workspace/Velizar/robotics_v1/install/robo_miner_interfaces/include/robo_miner_interfaces/msg/detail/u_int8_multi_array__rosidl_typesupport_fastrtps_cpp.hpp
[88.394s] -- Symlinking: /home/ubuntu/workspace/Velizar/robotics_v1/install/robo_miner_interfaces/include/robo_miner_interfaces/msg/detail/user_authenticate__rosidl_typesupport_fastrtps_cpp.hpp
[88.417s] -- Symlinking: /home/ubuntu/workspace/Velizar/robotics_v1/install/robo_miner_interfaces/include/robo_miner_interfaces/msg/rosidl_typesupport_fastrtps_cpp__visibility_control.h
[88.441s] -- Symlinking: /home/ubuntu/workspace/Velizar/robotics_v1/install/robo_miner_interfaces/include/robo_miner_interfaces/srv/detail/activate_mining_validate__rosidl_typesupport_fastrtps_cpp.hpp
[88.465s] -- Symlinking: /home/ubuntu/workspace/Velizar/robotics_v1/install/robo_miner_interfaces/include/robo_miner_interfaces/srv/detail/field_map_validate__rosidl_typesupport_fastrtps_cpp.hpp
[88.491s] -- Symlinking: /home/ubuntu/workspace/Velizar/robotics_v1/install/robo_miner_interfaces/include/robo_miner_interfaces/srv/detail/longest_sequence_validate__rosidl_typesupport_fastrtps_cpp.hpp
[88.515s] -- Symlinking: /home/ubuntu/workspace/Velizar/robotics_v1/install/robo_miner_interfaces/include/robo_miner_interfaces/srv/detail/query_initial_robot_position__rosidl_typesupport_fastrtps_cpp.hpp
[88.539s] -- Symlinking: /home/ubuntu/workspace/Velizar/robotics_v1/install/robo_miner_interfaces/include/robo_miner_interfaces/srv/detail/robot_move__rosidl_typesupport_fastrtps_cpp.hpp
[88.563s] -- Symlinking: /home/ubuntu/workspace/Velizar/robotics_v1/install/robo_miner_interfaces/lib/librobo_miner_interfaces__rosidl_typesupport_fastrtps_cpp.so
[88.589s] -- Symlinking: /home/ubuntu/workspace/Velizar/robotics_v1/install/robo_miner_interfaces/include/robo_miner_interfaces/msg/detail/field_point__rosidl_typesupport_introspection_c.h
[88.613s] -- Symlinking: /home/ubuntu/workspace/Velizar/robotics_v1/install/robo_miner_interfaces/include/robo_miner_interfaces/msg/detail/robot_move_type__rosidl_typesupport_introspection_c.h
[88.636s] -- Symlinking: /home/ubuntu/workspace/Velizar/robotics_v1/install/robo_miner_interfaces/include/robo_miner_interfaces/msg/detail/robot_position_response__rosidl_typesupport_introspection_c.h
[88.659s] -- Symlinking: /home/ubuntu/workspace/Velizar/robotics_v1/install/robo_miner_interfaces/include/robo_miner_interfaces/msg/detail/u_int8_multi_array__rosidl_typesupport_introspection_c.h
[88.683s] -- Symlinking: /home/ubuntu/workspace/Velizar/robotics_v1/install/robo_miner_interfaces/include/robo_miner_interfaces/msg/detail/user_authenticate__rosidl_typesupport_introspection_c.h
[88.707s] -- Symlinking: /home/ubuntu/workspace/Velizar/robotics_v1/install/robo_miner_interfaces/include/robo_miner_interfaces/msg/rosidl_typesupport_introspection_c__visibility_control.h
[88.730s] -- Symlinking: /home/ubuntu/workspace/Velizar/robotics_v1/install/robo_miner_interfaces/include/robo_miner_interfaces/srv/detail/activate_mining_validate__rosidl_typesupport_introspection_c.h
[88.753s] -- Symlinking: /home/ubuntu/workspace/Velizar/robotics_v1/install/robo_miner_interfaces/include/robo_miner_interfaces/srv/detail/field_map_validate__rosidl_typesupport_introspection_c.h
[88.777s] -- Symlinking: /home/ubuntu/workspace/Velizar/robotics_v1/install/robo_miner_interfaces/include/robo_miner_interfaces/srv/detail/longest_sequence_validate__rosidl_typesupport_introspection_c.h
[88.802s] -- Symlinking: /home/ubuntu/workspace/Velizar/robotics_v1/install/robo_miner_interfaces/include/robo_miner_interfaces/srv/detail/query_initial_robot_position__rosidl_typesupport_introspection_c.h
[88.825s] -- Symlinking: /home/ubuntu/workspace/Velizar/robotics_v1/install/robo_miner_interfaces/include/robo_miner_interfaces/srv/detail/robot_move__rosidl_typesupport_introspection_c.h
[88.851s] -- Symlinking: /home/ubuntu/workspace/Velizar/robotics_v1/install/robo_miner_interfaces/include/robo_miner_interfaces/msg/detail/field_point__builder.hpp
[88.873s] -- Symlinking: /home/ubuntu/workspace/Velizar/robotics_v1/install/robo_miner_interfaces/include/robo_miner_interfaces/msg/detail/field_point__struct.hpp
[88.898s] -- Symlinking: /home/ubuntu/workspace/Velizar/robotics_v1/install/robo_miner_interfaces/include/robo_miner_interfaces/msg/detail/field_point__traits.hpp
[88.920s] -- Symlinking: /home/ubuntu/workspace/Velizar/robotics_v1/install/robo_miner_interfaces/include/robo_miner_interfaces/msg/detail/robot_move_type__builder.hpp
[88.943s] -- Symlinking: /home/ubuntu/workspace/Velizar/robotics_v1/install/robo_miner_interfaces/include/robo_miner_interfaces/msg/detail/robot_move_type__struct.hpp
[88.966s] -- Symlinking: /home/ubuntu/workspace/Velizar/robotics_v1/install/robo_miner_interfaces/include/robo_miner_interfaces/msg/detail/robot_move_type__traits.hpp
[88.992s] -- Symlinking: /home/ubuntu/workspace/Velizar/robotics_v1/install/robo_miner_interfaces/include/robo_miner_interfaces/msg/detail/robot_position_response__builder.hpp
[89.015s] -- Symlinking: /home/ubuntu/workspace/Velizar/robotics_v1/install/robo_miner_interfaces/include/robo_miner_interfaces/msg/detail/robot_position_response__struct.hpp
[89.038s] -- Symlinking: /home/ubuntu/workspace/Velizar/robotics_v1/install/robo_miner_interfaces/include/robo_miner_interfaces/msg/detail/robot_position_response__traits.hpp
[89.061s] -- Symlinking: /home/ubuntu/workspace/Velizar/robotics_v1/install/robo_miner_interfaces/include/robo_miner_interfaces/msg/detail/u_int8_multi_array__builder.hpp
[89.084s] -- Symlinking: /home/ubuntu/workspace/Velizar/robotics_v1/install/robo_miner_interfaces/include/robo_miner_interfaces/msg/detail/u_int8_multi_array__struct.hpp
[89.108s] -- Symlinking: /home/ubuntu/workspace/Velizar/robotics_v1/install/robo_miner_interfaces/include/robo_miner_interfaces/msg/detail/u_int8_multi_array__traits.hpp
[89.132s] -- Symlinking: /home/ubuntu/workspace/Velizar/robotics_v1/install/robo_miner_interfaces/include/robo_miner_interfaces/msg/detail/user_authenticate__builder.hpp
[89.154s] -- Symlinking: /home/ubuntu/workspace/Velizar/robotics_v1/install/robo_miner_interfaces/include/robo_miner_interfaces/msg/detail/user_authenticate__struct.hpp
[89.182s] -- Symlinking: /home/ubuntu/workspace/Velizar/robotics_v1/install/robo_miner_interfaces/include/robo_miner_interfaces/msg/detail/user_authenticate__traits.hpp
[89.207s] -- Symlinking: /home/ubuntu/workspace/Velizar/robotics_v1/install/robo_miner_interfaces/include/robo_miner_interfaces/msg/field_point.hpp
[89.231s] -- Symlinking: /home/ubuntu/workspace/Velizar/robotics_v1/install/robo_miner_interfaces/include/robo_miner_interfaces/msg/robot_move_type.hpp
[89.254s] -- Symlinking: /home/ubuntu/workspace/Velizar/robotics_v1/install/robo_miner_interfaces/include/robo_miner_interfaces/msg/robot_position_response.hpp
[89.277s] -- Symlinking: /home/ubuntu/workspace/Velizar/robotics_v1/install/robo_miner_interfaces/include/robo_miner_interfaces/msg/u_int8_multi_array.hpp
[89.302s] -- Symlinking: /home/ubuntu/workspace/Velizar/robotics_v1/install/robo_miner_interfaces/include/robo_miner_interfaces/msg/user_authenticate.hpp
[89.325s] -- Symlinking: /home/ubuntu/workspace/Velizar/robotics_v1/install/robo_miner_interfaces/include/robo_miner_interfaces/srv/activate_mining_validate.hpp
[89.349s] -- Symlinking: /home/ubuntu/workspace/Velizar/robotics_v1/install/robo_miner_interfaces/include/robo_miner_interfaces/srv/detail/activate_mining_validate__builder.hpp
[89.372s] -- Symlinking: /home/ubuntu/workspace/Velizar/robotics_v1/install/robo_miner_interfaces/include/robo_miner_interfaces/srv/detail/activate_mining_validate__struct.hpp
[89.397s] -- Symlinking: /home/ubuntu/workspace/Velizar/robotics_v1/install/robo_miner_interfaces/include/robo_miner_interfaces/srv/detail/activate_mining_validate__traits.hpp
[89.419s] -- Symlinking: /home/ubuntu/workspace/Velizar/robotics_v1/install/robo_miner_interfaces/include/robo_miner_interfaces/srv/detail/field_map_validate__builder.hpp
[89.443s] -- Symlinking: /home/ubuntu/workspace/Velizar/robotics_v1/install/robo_miner_interfaces/include/robo_miner_interfaces/srv/detail/field_map_validate__struct.hpp
[89.465s] -- Symlinking: /home/ubuntu/workspace/Velizar/robotics_v1/install/robo_miner_interfaces/include/robo_miner_interfaces/srv/detail/field_map_validate__traits.hpp
[89.490s] -- Symlinking: /home/ubuntu/workspace/Velizar/robotics_v1/install/robo_miner_interfaces/include/robo_miner_interfaces/srv/detail/longest_sequence_validate__builder.hpp
[89.514s] -- Symlinking: /home/ubuntu/workspace/Velizar/robotics_v1/install/robo_miner_interfaces/include/robo_miner_interfaces/srv/detail/longest_sequence_validate__struct.hpp
[89.537s] -- Symlinking: /home/ubuntu/workspace/Velizar/robotics_v1/install/robo_miner_interfaces/include/robo_miner_interfaces/srv/detail/longest_sequence_validate__traits.hpp
[89.560s] -- Symlinking: /home/ubuntu/workspace/Velizar/robotics_v1/install/robo_miner_interfaces/include/robo_miner_interfaces/srv/detail/query_initial_robot_position__builder.hpp
[89.585s] -- Symlinking: /home/ubuntu/workspace/Velizar/robotics_v1/install/robo_miner_interfaces/include/robo_miner_interfaces/srv/detail/query_initial_robot_position__struct.hpp
[89.609s] -- Symlinking: /home/ubuntu/workspace/Velizar/robotics_v1/install/robo_miner_interfaces/include/robo_miner_interfaces/srv/detail/query_initial_robot_position__traits.hpp
[89.632s] -- Symlinking: /home/ubuntu/workspace/Velizar/robotics_v1/install/robo_miner_interfaces/include/robo_miner_interfaces/srv/detail/robot_move__builder.hpp
[89.655s] -- Symlinking: /home/ubuntu/workspace/Velizar/robotics_v1/install/robo_miner_interfaces/include/robo_miner_interfaces/srv/detail/robot_move__struct.hpp
[89.678s] -- Symlinking: /home/ubuntu/workspace/Velizar/robotics_v1/install/robo_miner_interfaces/include/robo_miner_interfaces/srv/detail/robot_move__traits.hpp
[89.701s] -- Symlinking: /home/ubuntu/workspace/Velizar/robotics_v1/install/robo_miner_interfaces/include/robo_miner_interfaces/srv/field_map_validate.hpp
[89.725s] -- Symlinking: /home/ubuntu/workspace/Velizar/robotics_v1/install/robo_miner_interfaces/include/robo_miner_interfaces/srv/longest_sequence_validate.hpp
[89.749s] -- Symlinking: /home/ubuntu/workspace/Velizar/robotics_v1/install/robo_miner_interfaces/include/robo_miner_interfaces/srv/query_initial_robot_position.hpp
[89.771s] -- Symlinking: /home/ubuntu/workspace/Velizar/robotics_v1/install/robo_miner_interfaces/include/robo_miner_interfaces/srv/robot_move.hpp
[89.799s] -- Symlinking: /home/ubuntu/workspace/Velizar/robotics_v1/install/robo_miner_interfaces/include/robo_miner_interfaces/msg/detail/field_point__rosidl_typesupport_introspection_cpp.hpp
[89.821s] -- Symlinking: /home/ubuntu/workspace/Velizar/robotics_v1/install/robo_miner_interfaces/include/robo_miner_interfaces/msg/detail/robot_move_type__rosidl_typesupport_introspection_cpp.hpp
[89.845s] -- Symlinking: /home/ubuntu/workspace/Velizar/robotics_v1/install/robo_miner_interfaces/include/robo_miner_interfaces/msg/detail/robot_position_response__rosidl_typesupport_introspection_cpp.hpp
[89.869s] -- Symlinking: /home/ubuntu/workspace/Velizar/robotics_v1/install/robo_miner_interfaces/include/robo_miner_interfaces/msg/detail/u_int8_multi_array__rosidl_typesupport_introspection_cpp.hpp
[89.895s] -- Symlinking: /home/ubuntu/workspace/Velizar/robotics_v1/install/robo_miner_interfaces/include/robo_miner_interfaces/msg/detail/user_authenticate__rosidl_typesupport_introspection_cpp.hpp
[89.923s] -- Symlinking: /home/ubuntu/workspace/Velizar/robotics_v1/install/robo_miner_interfaces/include/robo_miner_interfaces/srv/detail/activate_mining_validate__rosidl_typesupport_introspection_cpp.hpp
[89.946s] -- Symlinking: /home/ubuntu/workspace/Velizar/robotics_v1/install/robo_miner_interfaces/include/robo_miner_interfaces/srv/detail/field_map_validate__rosidl_typesupport_introspection_cpp.hpp
[89.970s] -- Symlinking: /home/ubuntu/workspace/Velizar/robotics_v1/install/robo_miner_interfaces/include/robo_miner_interfaces/srv/detail/longest_sequence_validate__rosidl_typesupport_introspection_cpp.hpp
[89.996s] -- Symlinking: /home/ubuntu/workspace/Velizar/robotics_v1/install/robo_miner_interfaces/include/robo_miner_interfaces/srv/detail/query_initial_robot_position__rosidl_typesupport_introspection_cpp.hpp
[90.022s] -- Symlinking: /home/ubuntu/workspace/Velizar/robotics_v1/install/robo_miner_interfaces/include/robo_miner_interfaces/srv/detail/robot_move__rosidl_typesupport_introspection_cpp.hpp
[90.047s] -- Symlinking: /home/ubuntu/workspace/Velizar/robotics_v1/install/robo_miner_interfaces/share/robo_miner_interfaces/environment/pythonpath.sh
[90.070s] -- Symlinking: /home/ubuntu/workspace/Velizar/robotics_v1/install/robo_miner_interfaces/share/robo_miner_interfaces/environment/pythonpath.dsv
[90.096s] -- Symlinking: /home/ubuntu/workspace/Velizar/robotics_v1/install/robo_miner_interfaces/lib/python3.8/site-packages/robo_miner_interfaces/__init__.py
[90.119s] -- Symlinking: /home/ubuntu/workspace/Velizar/robotics_v1/install/robo_miner_interfaces/lib/python3.8/site-packages/robo_miner_interfaces/msg/__init__.py
[90.143s] -- Symlinking: /home/ubuntu/workspace/Velizar/robotics_v1/install/robo_miner_interfaces/lib/python3.8/site-packages/robo_miner_interfaces/msg/_field_point.py
[90.170s] -- Symlinking: /home/ubuntu/workspace/Velizar/robotics_v1/install/robo_miner_interfaces/lib/python3.8/site-packages/robo_miner_interfaces/msg/_robot_move_type.py
[90.197s] -- Symlinking: /home/ubuntu/workspace/Velizar/robotics_v1/install/robo_miner_interfaces/lib/python3.8/site-packages/robo_miner_interfaces/msg/_robot_position_response.py
[90.220s] -- Symlinking: /home/ubuntu/workspace/Velizar/robotics_v1/install/robo_miner_interfaces/lib/python3.8/site-packages/robo_miner_interfaces/msg/_u_int8_multi_array.py
[90.244s] -- Symlinking: /home/ubuntu/workspace/Velizar/robotics_v1/install/robo_miner_interfaces/lib/python3.8/site-packages/robo_miner_interfaces/msg/_user_authenticate.py
[90.268s] -- Symlinking: /home/ubuntu/workspace/Velizar/robotics_v1/install/robo_miner_interfaces/lib/python3.8/site-packages/robo_miner_interfaces/srv/__init__.py
[90.295s] -- Symlinking: /home/ubuntu/workspace/Velizar/robotics_v1/install/robo_miner_interfaces/lib/python3.8/site-packages/robo_miner_interfaces/srv/_activate_mining_validate.py
[90.317s] -- Symlinking: /home/ubuntu/workspace/Velizar/robotics_v1/install/robo_miner_interfaces/lib/python3.8/site-packages/robo_miner_interfaces/srv/_field_map_validate.py
[90.341s] -- Symlinking: /home/ubuntu/workspace/Velizar/robotics_v1/install/robo_miner_interfaces/lib/python3.8/site-packages/robo_miner_interfaces/srv/_longest_sequence_validate.py
[90.365s] -- Symlinking: /home/ubuntu/workspace/Velizar/robotics_v1/install/robo_miner_interfaces/lib/python3.8/site-packages/robo_miner_interfaces/srv/_query_initial_robot_position.py
[90.390s] -- Symlinking: /home/ubuntu/workspace/Velizar/robotics_v1/install/robo_miner_interfaces/lib/python3.8/site-packages/robo_miner_interfaces/srv/_robot_move.py
[90.414s] -- Symlinking: /home/ubuntu/workspace/Velizar/robotics_v1/install/robo_miner_interfaces/lib/python3.8/site-packages/robo_miner_interfaces/robo_miner_interfaces_s__rosidl_typesupport_fastrtps_c.cpython-38-x86_64-linux-gnu.so
[90.438s] -- Symlinking: /home/ubuntu/workspace/Velizar/robotics_v1/install/robo_miner_interfaces/lib/python3.8/site-packages/robo_miner_interfaces/robo_miner_interfaces_s__rosidl_typesupport_introspection_c.cpython-38-x86_64-linux-gnu.so
[90.462s] -- Symlinking: /home/ubuntu/workspace/Velizar/robotics_v1/install/robo_miner_interfaces/lib/python3.8/site-packages/robo_miner_interfaces/robo_miner_interfaces_s__rosidl_typesupport_c.cpython-38-x86_64-linux-gnu.so
[90.487s] -- Symlinking: /home/ubuntu/workspace/Velizar/robotics_v1/install/robo_miner_interfaces/lib/librobo_miner_interfaces__python.so
[90.511s] -- Symlinking: /home/ubuntu/workspace/Velizar/robotics_v1/install/robo_miner_interfaces/share/robo_miner_interfaces/msg/FieldPoint.idl
[90.534s] -- Symlinking: /home/ubuntu/workspace/Velizar/robotics_v1/install/robo_miner_interfaces/share/robo_miner_interfaces/msg/RobotPositionResponse.idl
[90.558s] -- Symlinking: /home/ubuntu/workspace/Velizar/robotics_v1/install/robo_miner_interfaces/share/robo_miner_interfaces/msg/UInt8MultiArray.idl
[90.581s] -- Symlinking: /home/ubuntu/workspace/Velizar/robotics_v1/install/robo_miner_interfaces/share/robo_miner_interfaces/msg/RobotMoveType.idl
[90.606s] -- Symlinking: /home/ubuntu/workspace/Velizar/robotics_v1/install/robo_miner_interfaces/share/robo_miner_interfaces/msg/UserAuthenticate.idl
[90.629s] -- Symlinking: /home/ubuntu/workspace/Velizar/robotics_v1/install/robo_miner_interfaces/share/robo_miner_interfaces/srv/ActivateMiningValidate.idl
[90.654s] -- Symlinking: /home/ubuntu/workspace/Velizar/robotics_v1/install/robo_miner_interfaces/share/robo_miner_interfaces/srv/RobotMove.idl
[90.677s] -- Symlinking: /home/ubuntu/workspace/Velizar/robotics_v1/install/robo_miner_interfaces/share/robo_miner_interfaces/srv/LongestSequenceValidate.idl
[90.702s] -- Symlinking: /home/ubuntu/workspace/Velizar/robotics_v1/install/robo_miner_interfaces/share/robo_miner_interfaces/srv/FieldMapValidate.idl
[90.725s] -- Symlinking: /home/ubuntu/workspace/Velizar/robotics_v1/install/robo_miner_interfaces/share/robo_miner_interfaces/srv/QueryInitialRobotPosition.idl
[90.749s] -- Symlinking: /home/ubuntu/workspace/Velizar/robotics_v1/install/robo_miner_interfaces/share/robo_miner_interfaces/msg/FieldPoint.msg
[90.772s] -- Symlinking: /home/ubuntu/workspace/Velizar/robotics_v1/install/robo_miner_interfaces/share/robo_miner_interfaces/msg/RobotPositionResponse.msg
[90.797s] -- Symlinking: /home/ubuntu/workspace/Velizar/robotics_v1/install/robo_miner_interfaces/share/robo_miner_interfaces/msg/UInt8MultiArray.msg
[90.820s] -- Symlinking: /home/ubuntu/workspace/Velizar/robotics_v1/install/robo_miner_interfaces/share/robo_miner_interfaces/msg/RobotMoveType.msg
[90.844s] -- Symlinking: /home/ubuntu/workspace/Velizar/robotics_v1/install/robo_miner_interfaces/share/robo_miner_interfaces/msg/UserAuthenticate.msg
[90.867s] -- Symlinking: /home/ubuntu/workspace/Velizar/robotics_v1/install/robo_miner_interfaces/share/robo_miner_interfaces/srv/ActivateMiningValidate.srv
[90.895s] -- Symlinking: /home/ubuntu/workspace/Velizar/robotics_v1/install/robo_miner_interfaces/share/robo_miner_interfaces/srv/ActivateMiningValidate_Request.msg
[90.918s] -- Symlinking: /home/ubuntu/workspace/Velizar/robotics_v1/install/robo_miner_interfaces/share/robo_miner_interfaces/srv/ActivateMiningValidate_Response.msg
[90.942s] -- Symlinking: /home/ubuntu/workspace/Velizar/robotics_v1/install/robo_miner_interfaces/share/robo_miner_interfaces/srv/RobotMove.srv
[90.966s] -- Symlinking: /home/ubuntu/workspace/Velizar/robotics_v1/install/robo_miner_interfaces/share/robo_miner_interfaces/srv/RobotMove_Request.msg
[90.993s] -- Symlinking: /home/ubuntu/workspace/Velizar/robotics_v1/install/robo_miner_interfaces/share/robo_miner_interfaces/srv/RobotMove_Response.msg
[91.016s] -- Symlinking: /home/ubuntu/workspace/Velizar/robotics_v1/install/robo_miner_interfaces/share/robo_miner_interfaces/srv/LongestSequenceValidate.srv
[91.041s] -- Symlinking: /home/ubuntu/workspace/Velizar/robotics_v1/install/robo_miner_interfaces/share/robo_miner_interfaces/srv/LongestSequenceValidate_Request.msg
[91.064s] -- Symlinking: /home/ubuntu/workspace/Velizar/robotics_v1/install/robo_miner_interfaces/share/robo_miner_interfaces/srv/LongestSequenceValidate_Response.msg
[91.090s] -- Symlinking: /home/ubuntu/workspace/Velizar/robotics_v1/install/robo_miner_interfaces/share/robo_miner_interfaces/srv/FieldMapValidate.srv
[91.115s] -- Symlinking: /home/ubuntu/workspace/Velizar/robotics_v1/install/robo_miner_interfaces/share/robo_miner_interfaces/srv/FieldMapValidate_Request.msg
[91.140s] -- Symlinking: /home/ubuntu/workspace/Velizar/robotics_v1/install/robo_miner_interfaces/share/robo_miner_interfaces/srv/FieldMapValidate_Response.msg
[91.168s] -- Symlinking: /home/ubuntu/workspace/Velizar/robotics_v1/install/robo_miner_interfaces/share/robo_miner_interfaces/srv/QueryInitialRobotPosition.srv
[91.197s] -- Symlinking: /home/ubuntu/workspace/Velizar/robotics_v1/install/robo_miner_interfaces/share/robo_miner_interfaces/srv/QueryInitialRobotPosition_Request.msg
[91.222s] -- Symlinking: /home/ubuntu/workspace/Velizar/robotics_v1/install/robo_miner_interfaces/share/robo_miner_interfaces/srv/QueryInitialRobotPosition_Response.msg
[91.249s] -- Symlinking: /home/ubuntu/workspace/Velizar/robotics_v1/install/robo_miner_interfaces/share/ament_index/resource_index/package_run_dependencies/robo_miner_interfaces
[91.273s] -- Symlinking: /home/ubuntu/workspace/Velizar/robotics_v1/install/robo_miner_interfaces/share/ament_index/resource_index/parent_prefix_path/robo_miner_interfaces
[91.301s] -- Symlinking: /home/ubuntu/workspace/Velizar/robotics_v1/install/robo_miner_interfaces/share/robo_miner_interfaces/environment/ament_prefix_path.sh
[91.324s] -- Symlinking: /home/ubuntu/workspace/Velizar/robotics_v1/install/robo_miner_interfaces/share/robo_miner_interfaces/environment/ament_prefix_path.dsv
[91.349s] -- Symlinking: /home/ubuntu/workspace/Velizar/robotics_v1/install/robo_miner_interfaces/share/robo_miner_interfaces/environment/path.sh
[91.373s] -- Symlinking: /home/ubuntu/workspace/Velizar/robotics_v1/install/robo_miner_interfaces/share/robo_miner_interfaces/environment/path.dsv
[91.400s] -- Symlinking: /home/ubuntu/workspace/Velizar/robotics_v1/install/robo_miner_interfaces/share/robo_miner_interfaces/local_setup.bash
[91.426s] -- Symlinking: /home/ubuntu/workspace/Velizar/robotics_v1/install/robo_miner_interfaces/share/robo_miner_interfaces/local_setup.sh
[91.451s] -- Symlinking: /home/ubuntu/workspace/Velizar/robotics_v1/install/robo_miner_interfaces/share/robo_miner_interfaces/local_setup.zsh
[91.475s] -- Symlinking: /home/ubuntu/workspace/Velizar/robotics_v1/install/robo_miner_interfaces/share/robo_miner_interfaces/local_setup.dsv
[91.503s] -- Symlinking: /home/ubuntu/workspace/Velizar/robotics_v1/install/robo_miner_interfaces/share/robo_miner_interfaces/package.dsv
[91.527s] -- Symlinking: /home/ubuntu/workspace/Velizar/robotics_v1/install/robo_miner_interfaces/share/ament_index/resource_index/packages/robo_miner_interfaces
[91.552s] -- Symlinking: /home/ubuntu/workspace/Velizar/robotics_v1/install/robo_miner_interfaces/share/robo_miner_interfaces/cmake/rosidl_cmake-extras.cmake
[91.576s] -- Symlinking: /home/ubuntu/workspace/Velizar/robotics_v1/install/robo_miner_interfaces/share/robo_miner_interfaces/cmake/ament_cmake_export_dependencies-extras.cmake
[91.603s] -- Symlinking: /home/ubuntu/workspace/Velizar/robotics_v1/install/robo_miner_interfaces/share/robo_miner_interfaces/cmake/ament_cmake_export_libraries-extras.cmake
[91.627s] -- Symlinking: /home/ubuntu/workspace/Velizar/robotics_v1/install/robo_miner_interfaces/share/robo_miner_interfaces/cmake/ament_cmake_export_targets-extras.cmake
[91.652s] -- Symlinking: /home/ubuntu/workspace/Velizar/robotics_v1/install/robo_miner_interfaces/share/robo_miner_interfaces/cmake/ament_cmake_export_include_directories-extras.cmake
[91.676s] -- Symlinking: /home/ubuntu/workspace/Velizar/robotics_v1/install/robo_miner_interfaces/share/robo_miner_interfaces/cmake/rosidl_cmake_export_typesupport_libraries-extras.cmake
[91.703s] -- Symlinking: /home/ubuntu/workspace/Velizar/robotics_v1/install/robo_miner_interfaces/share/robo_miner_interfaces/cmake/rosidl_cmake_export_typesupport_targets-extras.cmake
[91.730s] -- Symlinking: /home/ubuntu/workspace/Velizar/robotics_v1/install/robo_miner_interfaces/share/robo_miner_interfaces/cmake/robo_miner_interfacesConfig.cmake
[91.761s] -- Symlinking: /home/ubuntu/workspace/Velizar/robotics_v1/install/robo_miner_interfaces/share/robo_miner_interfaces/cmake/robo_miner_interfacesConfig-version.cmake
[91.793s] -- Symlinking: /home/ubuntu/workspace/Velizar/robotics_v1/install/robo_miner_interfaces/share/robo_miner_interfaces/package.xml
[91.817s] -- Installing: /home/ubuntu/workspace/Velizar/robotics_v1/install/robo_miner_interfaces/lib/librobo_miner_interfaces__rosidl_generator_c.so
[91.818s] -- Set runtime path of "/home/ubuntu/workspace/Velizar/robotics_v1/install/robo_miner_interfaces/lib/librobo_miner_interfaces__rosidl_generator_c.so" to ""
[91.819s] -- Installing: /home/ubuntu/workspace/Velizar/robotics_v1/install/robo_miner_interfaces/lib/librobo_miner_interfaces__rosidl_typesupport_introspection_c.so
[91.821s] -- Set runtime path of "/home/ubuntu/workspace/Velizar/robotics_v1/install/robo_miner_interfaces/lib/librobo_miner_interfaces__rosidl_typesupport_introspection_c.so" to ""
[91.821s] -- Installing: /home/ubuntu/workspace/Velizar/robotics_v1/install/robo_miner_interfaces/lib/librobo_miner_interfaces__rosidl_typesupport_c.so
[91.823s] -- Set runtime path of "/home/ubuntu/workspace/Velizar/robotics_v1/install/robo_miner_interfaces/lib/librobo_miner_interfaces__rosidl_typesupport_c.so" to ""
[91.824s] -- Installing: /home/ubuntu/workspace/Velizar/robotics_v1/install/robo_miner_interfaces/lib/librobo_miner_interfaces__rosidl_typesupport_introspection_cpp.so
[91.826s] -- Set runtime path of "/home/ubuntu/workspace/Velizar/robotics_v1/install/robo_miner_interfaces/lib/librobo_miner_interfaces__rosidl_typesupport_introspection_cpp.so" to ""
[91.826s] -- Installing: /home/ubuntu/workspace/Velizar/robotics_v1/install/robo_miner_interfaces/lib/librobo_miner_interfaces__rosidl_typesupport_cpp.so
[91.828s] -- Set runtime path of "/home/ubuntu/workspace/Velizar/robotics_v1/install/robo_miner_interfaces/lib/librobo_miner_interfaces__rosidl_typesupport_cpp.so" to ""
[91.902s] Compiling '/home/ubuntu/workspace/Velizar/robotics_v1/install/robo_miner_interfaces/lib/python3.8/site-packages/robo_miner_interfaces/__init__.py'...
[91.914s] -- Installing: /home/ubuntu/workspace/Velizar/robotics_v1/install/robo_miner_interfaces/share/robo_miner_interfaces/cmake/robo_miner_interfaces__rosidl_generator_cExport.cmake
[91.915s] -- Installing: /home/ubuntu/workspace/Velizar/robotics_v1/install/robo_miner_interfaces/share/robo_miner_interfaces/cmake/robo_miner_interfaces__rosidl_generator_cExport-debug.cmake
[91.916s] -- Installing: /home/ubuntu/workspace/Velizar/robotics_v1/install/robo_miner_interfaces/share/robo_miner_interfaces/cmake/robo_miner_interfaces__rosidl_typesupport_introspection_cExport.cmake
[91.916s] -- Installing: /home/ubuntu/workspace/Velizar/robotics_v1/install/robo_miner_interfaces/share/robo_miner_interfaces/cmake/robo_miner_interfaces__rosidl_typesupport_introspection_cExport-debug.cmake
[91.917s] -- Installing: /home/ubuntu/workspace/Velizar/robotics_v1/install/robo_miner_interfaces/share/robo_miner_interfaces/cmake/robo_miner_interfaces__rosidl_typesupport_cExport.cmake
[91.918s] -- Installing: /home/ubuntu/workspace/Velizar/robotics_v1/install/robo_miner_interfaces/share/robo_miner_interfaces/cmake/robo_miner_interfaces__rosidl_typesupport_cExport-debug.cmake
[91.919s] -- Installing: /home/ubuntu/workspace/Velizar/robotics_v1/install/robo_miner_interfaces/share/robo_miner_interfaces/cmake/robo_miner_interfaces__rosidl_generator_cppExport.cmake
[91.920s] -- Installing: /home/ubuntu/workspace/Velizar/robotics_v1/install/robo_miner_interfaces/share/robo_miner_interfaces/cmake/robo_miner_interfaces__rosidl_typesupport_introspection_cppExport.cmake
[91.920s] -- Installing: /home/ubuntu/workspace/Velizar/robotics_v1/install/robo_miner_interfaces/share/robo_miner_interfaces/cmake/robo_miner_interfaces__rosidl_typesupport_introspection_cppExport-debug.cmake
[91.921s] -- Installing: /home/ubuntu/workspace/Velizar/robotics_v1/install/robo_miner_interfaces/share/robo_miner_interfaces/cmake/robo_miner_interfaces__rosidl_typesupport_cppExport.cmake
[91.922s] -- Installing: /home/ubuntu/workspace/Velizar/robotics_v1/install/robo_miner_interfaces/share/robo_miner_interfaces/cmake/robo_miner_interfaces__rosidl_typesupport_cppExport-debug.cmake
[91.933s] Invoked command in '/home/ubuntu/workspace/Velizar/robotics_v1/build/robo_miner_interfaces' returned '0': CMAKE_PREFIX_PATH=/opt/ros/foxy PS1=[\u@\h \W]$(git_branch)$ /usr/bin/cmake --install /home/ubuntu/workspace/Velizar/robotics_v1/build/robo_miner_interfaces
