[0.285s] Invoking command in '/home/ubuntu/workspace/Velizar/robotics_v1/build/robo_collector_controller': AMENT_PREFIX_PATH=/home/ubuntu/workspace/Velizar/robotics_v1/install/robo_collector_common:/home/ubuntu/workspace/Velizar/robotics_v1/install/robo_collector_interfaces:${AMENT_PREFIX_PATH} CMAKE_PREFIX_PATH=/home/ubuntu/workspace/Velizar/robotics_v1/install/ros2_game_engine:/home/ubuntu/workspace/Velizar/robotics_v1/install/robo_collector_common:/home/ubuntu/workspace/Velizar/robotics_v1/install/robo_common:/home/ubuntu/workspace/Velizar/robotics_v1/install/game_engine:/home/ubuntu/workspace/Velizar/robotics_v1/install/manager_utils:/home/ubuntu/workspace/Velizar/robotics_v1/install/sdl_utils:/home/ubuntu/workspace/Velizar/robotics_v1/install/resource_utils:/home/ubuntu/workspace/Velizar/robotics_v1/install/utils:/home/ubuntu/workspace/Velizar/robotics_v1/install/robo_collector_interfaces:/home/ubuntu/workspace/Velizar/robotics_v1/install/cmake_helpers:/opt/ros/foxy LD_LIBRARY_PATH=/home/ubuntu/workspace/Velizar/robotics_v1/install/robo_collector_interfaces/lib:${LD_LIBRARY_PATH} PKG_CONFIG_PATH=/home/ubuntu/workspace/Velizar/robotics_v1/install/ros2_game_engine/lib/x86_64-linux-gnu/pkgconfig:/home/ubuntu/workspace/Velizar/robotics_v1/install/ros2_game_engine/lib/pkgconfig:/home/ubuntu/workspace/Velizar/robotics_v1/install/robo_common/lib/x86_64-linux-gnu/pkgconfig:/home/ubuntu/workspace/Velizar/robotics_v1/install/robo_common/lib/pkgconfig:/home/ubuntu/workspace/Velizar/robotics_v1/install/game_engine/lib/x86_64-linux-gnu/pkgconfig:/home/ubuntu/workspace/Velizar/robotics_v1/install/game_engine/lib/pkgconfig:/home/ubuntu/workspace/Velizar/robotics_v1/install/manager_utils/lib/x86_64-linux-gnu/pkgconfig:/home/ubuntu/workspace/Velizar/robotics_v1/install/manager_utils/lib/pkgconfig:/home/ubuntu/workspace/Velizar/robotics_v1/install/sdl_utils/lib/x86_64-linux-gnu/pkgconfig:/home/ubuntu/workspace/Velizar/robotics_v1/install/sdl_utils/lib/pkgconfig:/home/ubuntu/workspace/Velizar/robotics_v1/install/resource_utils/lib/x86_64-linux-gnu/pkgconfig:/home/ubuntu/workspace/Velizar/robotics_v1/install/resource_utils/lib/pkgconfig:/home/ubuntu/workspace/Velizar/robotics_v1/install/utils/lib/x86_64-linux-gnu/pkgconfig:/home/ubuntu/workspace/Velizar/robotics_v1/install/utils/lib/pkgconfig:/home/ubuntu/workspace/Velizar/robotics_v1/install/cmake_helpers/lib/x86_64-linux-gnu/pkgconfig:/home/ubuntu/workspace/Velizar/robotics_v1/install/cmake_helpers/lib/pkgconfig PS1=[\u@\h \W]$(git_branch)$ PYTHONPATH=/home/ubuntu/workspace/Velizar/robotics_v1/install/robo_collector_interfaces/lib/python3.8/site-packages:${PYTHONPATH} /usr/bin/cmake /home/ubuntu/workspace/Velizar/robotics_v1/src/robo_collector/robo_collector_controller -DCMAKE_BUILD_TYPE=Debug -DCMAKE_CXX_COMPILER=/usr/bin/clang++ -DAMENT_CMAKE_SYMLINK_INSTALL=1 -DCMAKE_INSTALL_PREFIX=/home/ubuntu/workspace/Velizar/robotics_v1/install/robo_collector_controller
[0.970s] -- The CXX compiler identification is Clang 10.0.0
[1.001s] -- Check for working CXX compiler: /usr/bin/clang++
[1.400s] -- Check for working CXX compiler: /usr/bin/clang++ -- works
[1.404s] -- Detecting CXX compiler ABI info
[2.118s] -- Detecting CXX compiler ABI info - done
[2.169s] -- Detecting CXX compile features
[2.172s] -- Detecting CXX compile features - done
[2.178s] -- Found cmake_helpers: 1.0.0 (/home/ubuntu/workspace/Velizar/robotics_v1/install/cmake_helpers/share/cmake_helpers/cmake)
[2.185s] -- Found ament_cmake: 0.9.9 (/opt/ros/foxy/share/ament_cmake/cmake)
[2.265s] -- Found PythonInterp: /usr/bin/python3 (found suitable version "3.8.10", minimum required is "3") 
[2.265s] -- Using PYTHON_EXECUTABLE: /usr/bin/python3
[2.783s] -- Override CMake install command with custom implementation using symlinks instead of copying resources
[2.890s] -- Found ament_index_cpp: 1.1.0 (/opt/ros/foxy/share/ament_index_cpp/cmake)
[2.910s] -- Found rclcpp: 2.4.1 (/opt/ros/foxy/share/rclcpp/cmake)
[3.144s] -- Using all available rosidl_typesupport_c: rosidl_typesupport_fastrtps_c;rosidl_typesupport_introspection_c
[3.181s] -- Found rosidl_adapter: 1.2.1 (/opt/ros/foxy/share/rosidl_adapter/cmake)
[3.473s] -- Found OpenSSL: /usr/lib/x86_64-linux-gnu/libcrypto.so (found version "1.1.1f")  
[3.605s] -- Found FastRTPS: /opt/ros/foxy/include  
[3.962s] -- Using all available rosidl_typesupport_cpp: rosidl_typesupport_fastrtps_cpp;rosidl_typesupport_introspection_cpp
[4.286s] -- Found rmw_implementation_cmake: 1.0.3 (/opt/ros/foxy/share/rmw_implementation_cmake/cmake)
[4.292s] -- Using RMW implementation 'rmw_fastrtps_cpp' as default
[4.294s] -- Looking for C++ include pthread.h
[4.678s] -- Looking for C++ include pthread.h - found
[4.679s] -- Performing Test CMAKE_HAVE_LIBC_PTHREAD
[5.123s] -- Performing Test CMAKE_HAVE_LIBC_PTHREAD - Failed
[5.124s] -- Looking for pthread_create in pthreads
[5.442s] -- Looking for pthread_create in pthreads - not found
[5.442s] -- Looking for pthread_create in pthread
[5.818s] -- Looking for pthread_create in pthread - found
[5.821s] -- Found Threads: TRUE  
[6.675s] -- Found robo_collector_interfaces: 1.0.0 (/home/ubuntu/workspace/Velizar/robotics_v1/install/robo_collector_interfaces/share/robo_collector_interfaces/cmake)
[13.023s] -- Configuring done
[13.130s] -- Generating done
[13.151s] -- Build files have been written to: /home/ubuntu/workspace/Velizar/robotics_v1/build/robo_collector_controller
[13.242s] Invoked command in '/home/ubuntu/workspace/Velizar/robotics_v1/build/robo_collector_controller' returned '0': AMENT_PREFIX_PATH=/home/ubuntu/workspace/Velizar/robotics_v1/install/robo_collector_common:/home/ubuntu/workspace/Velizar/robotics_v1/install/robo_collector_interfaces:${AMENT_PREFIX_PATH} CMAKE_PREFIX_PATH=/home/ubuntu/workspace/Velizar/robotics_v1/install/ros2_game_engine:/home/ubuntu/workspace/Velizar/robotics_v1/install/robo_collector_common:/home/ubuntu/workspace/Velizar/robotics_v1/install/robo_common:/home/ubuntu/workspace/Velizar/robotics_v1/install/game_engine:/home/ubuntu/workspace/Velizar/robotics_v1/install/manager_utils:/home/ubuntu/workspace/Velizar/robotics_v1/install/sdl_utils:/home/ubuntu/workspace/Velizar/robotics_v1/install/resource_utils:/home/ubuntu/workspace/Velizar/robotics_v1/install/utils:/home/ubuntu/workspace/Velizar/robotics_v1/install/robo_collector_interfaces:/home/ubuntu/workspace/Velizar/robotics_v1/install/cmake_helpers:/opt/ros/foxy LD_LIBRARY_PATH=/home/ubuntu/workspace/Velizar/robotics_v1/install/robo_collector_interfaces/lib:${LD_LIBRARY_PATH} PKG_CONFIG_PATH=/home/ubuntu/workspace/Velizar/robotics_v1/install/ros2_game_engine/lib/x86_64-linux-gnu/pkgconfig:/home/ubuntu/workspace/Velizar/robotics_v1/install/ros2_game_engine/lib/pkgconfig:/home/ubuntu/workspace/Velizar/robotics_v1/install/robo_common/lib/x86_64-linux-gnu/pkgconfig:/home/ubuntu/workspace/Velizar/robotics_v1/install/robo_common/lib/pkgconfig:/home/ubuntu/workspace/Velizar/robotics_v1/install/game_engine/lib/x86_64-linux-gnu/pkgconfig:/home/ubuntu/workspace/Velizar/robotics_v1/install/game_engine/lib/pkgconfig:/home/ubuntu/workspace/Velizar/robotics_v1/install/manager_utils/lib/x86_64-linux-gnu/pkgconfig:/home/ubuntu/workspace/Velizar/robotics_v1/install/manager_utils/lib/pkgconfig:/home/ubuntu/workspace/Velizar/robotics_v1/install/sdl_utils/lib/x86_64-linux-gnu/pkgconfig:/home/ubuntu/workspace/Velizar/robotics_v1/install/sdl_utils/lib/pkgconfig:/home/ubuntu/workspace/Velizar/robotics_v1/install/resource_utils/lib/x86_64-linux-gnu/pkgconfig:/home/ubuntu/workspace/Velizar/robotics_v1/install/resource_utils/lib/pkgconfig:/home/ubuntu/workspace/Velizar/robotics_v1/install/utils/lib/x86_64-linux-gnu/pkgconfig:/home/ubuntu/workspace/Velizar/robotics_v1/install/utils/lib/pkgconfig:/home/ubuntu/workspace/Velizar/robotics_v1/install/cmake_helpers/lib/x86_64-linux-gnu/pkgconfig:/home/ubuntu/workspace/Velizar/robotics_v1/install/cmake_helpers/lib/pkgconfig PS1=[\u@\h \W]$(git_branch)$ PYTHONPATH=/home/ubuntu/workspace/Velizar/robotics_v1/install/robo_collector_interfaces/lib/python3.8/site-packages:${PYTHONPATH} /usr/bin/cmake /home/ubuntu/workspace/Velizar/robotics_v1/src/robo_collector/robo_collector_controller -DCMAKE_BUILD_TYPE=Debug -DCMAKE_CXX_COMPILER=/usr/bin/clang++ -DAMENT_CMAKE_SYMLINK_INSTALL=1 -DCMAKE_INSTALL_PREFIX=/home/ubuntu/workspace/Velizar/robotics_v1/install/robo_collector_controller
[13.257s] Invoking command in '/home/ubuntu/workspace/Velizar/robotics_v1/build/robo_collector_controller': AMENT_PREFIX_PATH=/home/ubuntu/workspace/Velizar/robotics_v1/install/robo_collector_common:/home/ubuntu/workspace/Velizar/robotics_v1/install/robo_collector_interfaces:${AMENT_PREFIX_PATH} CMAKE_PREFIX_PATH=/home/ubuntu/workspace/Velizar/robotics_v1/install/ros2_game_engine:/home/ubuntu/workspace/Velizar/robotics_v1/install/robo_collector_common:/home/ubuntu/workspace/Velizar/robotics_v1/install/robo_common:/home/ubuntu/workspace/Velizar/robotics_v1/install/game_engine:/home/ubuntu/workspace/Velizar/robotics_v1/install/manager_utils:/home/ubuntu/workspace/Velizar/robotics_v1/install/sdl_utils:/home/ubuntu/workspace/Velizar/robotics_v1/install/resource_utils:/home/ubuntu/workspace/Velizar/robotics_v1/install/utils:/home/ubuntu/workspace/Velizar/robotics_v1/install/robo_collector_interfaces:/home/ubuntu/workspace/Velizar/robotics_v1/install/cmake_helpers:/opt/ros/foxy LD_LIBRARY_PATH=/home/ubuntu/workspace/Velizar/robotics_v1/install/robo_collector_interfaces/lib:${LD_LIBRARY_PATH} PKG_CONFIG_PATH=/home/ubuntu/workspace/Velizar/robotics_v1/install/ros2_game_engine/lib/x86_64-linux-gnu/pkgconfig:/home/ubuntu/workspace/Velizar/robotics_v1/install/ros2_game_engine/lib/pkgconfig:/home/ubuntu/workspace/Velizar/robotics_v1/install/robo_common/lib/x86_64-linux-gnu/pkgconfig:/home/ubuntu/workspace/Velizar/robotics_v1/install/robo_common/lib/pkgconfig:/home/ubuntu/workspace/Velizar/robotics_v1/install/game_engine/lib/x86_64-linux-gnu/pkgconfig:/home/ubuntu/workspace/Velizar/robotics_v1/install/game_engine/lib/pkgconfig:/home/ubuntu/workspace/Velizar/robotics_v1/install/manager_utils/lib/x86_64-linux-gnu/pkgconfig:/home/ubuntu/workspace/Velizar/robotics_v1/install/manager_utils/lib/pkgconfig:/home/ubuntu/workspace/Velizar/robotics_v1/install/sdl_utils/lib/x86_64-linux-gnu/pkgconfig:/home/ubuntu/workspace/Velizar/robotics_v1/install/sdl_utils/lib/pkgconfig:/home/ubuntu/workspace/Velizar/robotics_v1/install/resource_utils/lib/x86_64-linux-gnu/pkgconfig:/home/ubuntu/workspace/Velizar/robotics_v1/install/resource_utils/lib/pkgconfig:/home/ubuntu/workspace/Velizar/robotics_v1/install/utils/lib/x86_64-linux-gnu/pkgconfig:/home/ubuntu/workspace/Velizar/robotics_v1/install/utils/lib/pkgconfig:/home/ubuntu/workspace/Velizar/robotics_v1/install/cmake_helpers/lib/x86_64-linux-gnu/pkgconfig:/home/ubuntu/workspace/Velizar/robotics_v1/install/cmake_helpers/lib/pkgconfig PS1=[\u@\h \W]$(git_branch)$ PYTHONPATH=/home/ubuntu/workspace/Velizar/robotics_v1/install/robo_collector_interfaces/lib/python3.8/site-packages:${PYTHONPATH} /usr/bin/cmake --build /home/ubuntu/workspace/Velizar/robotics_v1/build/robo_collector_controller -- -j2 -l2
[13.409s] [35m[1mScanning dependencies of target robo_collector_controller[0m
[13.827s] [  9%] [32mBuilding CXX object CMakeFiles/robo_collector_controller.dir/src/main.cpp.o[0m
[18.840s] [ 18%] [32mBuilding CXX object CMakeFiles/robo_collector_controller.dir/src/RoboCollectorController.cpp.o[0m
[23.048s] [ 27%] [32mBuilding CXX object CMakeFiles/robo_collector_controller.dir/src/config/RoboCollectorControllerConfigGenerator.cpp.o[0m
[27.517s] [ 36%] [32mBuilding CXX object CMakeFiles/robo_collector_controller.dir/src/external_api/CollectorGuiExternalBridge.cpp.o[0m
[39.389s] [ 45%] [32mBuilding CXX object CMakeFiles/robo_collector_controller.dir/src/external_api/RoboCollectorControllerRos2ParamProvider.cpp.o[0m
[43.838s] [ 54%] [32mBuilding CXX object CMakeFiles/robo_collector_controller.dir/src/helpers/RoboCollectorControllerBuilder.cpp.o[0m
[48.072s] [ 63%] [32mBuilding CXX object CMakeFiles/robo_collector_controller.dir/src/helpers/RoboCollectorControllerInitHelper.cpp.o[0m
[52.676s] [ 72%] [32mBuilding CXX object CMakeFiles/robo_collector_controller.dir/src/helpers/UserAuthenticateHelper.cpp.o[0m
[53.927s] [ 81%] [32mBuilding CXX object CMakeFiles/robo_collector_controller.dir/src/layout/RoboCollectorControllerLayout.cpp.o[0m
[55.203s] [ 90%] [32mBuilding CXX object CMakeFiles/robo_collector_controller.dir/src/layout/helpers/RoboCollectorControllerLayoutInitHelper.cpp.o[0m
[56.612s] [100%] [32m[1mLinking CXX executable robo_collector_controller[0m
[59.064s] [100%] Built target robo_collector_controller
[59.092s] Invoked command in '/home/ubuntu/workspace/Velizar/robotics_v1/build/robo_collector_controller' returned '0': AMENT_PREFIX_PATH=/home/ubuntu/workspace/Velizar/robotics_v1/install/robo_collector_common:/home/ubuntu/workspace/Velizar/robotics_v1/install/robo_collector_interfaces:${AMENT_PREFIX_PATH} CMAKE_PREFIX_PATH=/home/ubuntu/workspace/Velizar/robotics_v1/install/ros2_game_engine:/home/ubuntu/workspace/Velizar/robotics_v1/install/robo_collector_common:/home/ubuntu/workspace/Velizar/robotics_v1/install/robo_common:/home/ubuntu/workspace/Velizar/robotics_v1/install/game_engine:/home/ubuntu/workspace/Velizar/robotics_v1/install/manager_utils:/home/ubuntu/workspace/Velizar/robotics_v1/install/sdl_utils:/home/ubuntu/workspace/Velizar/robotics_v1/install/resource_utils:/home/ubuntu/workspace/Velizar/robotics_v1/install/utils:/home/ubuntu/workspace/Velizar/robotics_v1/install/robo_collector_interfaces:/home/ubuntu/workspace/Velizar/robotics_v1/install/cmake_helpers:/opt/ros/foxy LD_LIBRARY_PATH=/home/ubuntu/workspace/Velizar/robotics_v1/install/robo_collector_interfaces/lib:${LD_LIBRARY_PATH} PKG_CONFIG_PATH=/home/ubuntu/workspace/Velizar/robotics_v1/install/ros2_game_engine/lib/x86_64-linux-gnu/pkgconfig:/home/ubuntu/workspace/Velizar/robotics_v1/install/ros2_game_engine/lib/pkgconfig:/home/ubuntu/workspace/Velizar/robotics_v1/install/robo_common/lib/x86_64-linux-gnu/pkgconfig:/home/ubuntu/workspace/Velizar/robotics_v1/install/robo_common/lib/pkgconfig:/home/ubuntu/workspace/Velizar/robotics_v1/install/game_engine/lib/x86_64-linux-gnu/pkgconfig:/home/ubuntu/workspace/Velizar/robotics_v1/install/game_engine/lib/pkgconfig:/home/ubuntu/workspace/Velizar/robotics_v1/install/manager_utils/lib/x86_64-linux-gnu/pkgconfig:/home/ubuntu/workspace/Velizar/robotics_v1/install/manager_utils/lib/pkgconfig:/home/ubuntu/workspace/Velizar/robotics_v1/install/sdl_utils/lib/x86_64-linux-gnu/pkgconfig:/home/ubuntu/workspace/Velizar/robotics_v1/install/sdl_utils/lib/pkgconfig:/home/ubuntu/workspace/Velizar/robotics_v1/install/resource_utils/lib/x86_64-linux-gnu/pkgconfig:/home/ubuntu/workspace/Velizar/robotics_v1/install/resource_utils/lib/pkgconfig:/home/ubuntu/workspace/Velizar/robotics_v1/install/utils/lib/x86_64-linux-gnu/pkgconfig:/home/ubuntu/workspace/Velizar/robotics_v1/install/utils/lib/pkgconfig:/home/ubuntu/workspace/Velizar/robotics_v1/install/cmake_helpers/lib/x86_64-linux-gnu/pkgconfig:/home/ubuntu/workspace/Velizar/robotics_v1/install/cmake_helpers/lib/pkgconfig PS1=[\u@\h \W]$(git_branch)$ PYTHONPATH=/home/ubuntu/workspace/Velizar/robotics_v1/install/robo_collector_interfaces/lib/python3.8/site-packages:${PYTHONPATH} /usr/bin/cmake --build /home/ubuntu/workspace/Velizar/robotics_v1/build/robo_collector_controller -- -j2 -l2
[59.210s] Invoking command in '/home/ubuntu/workspace/Velizar/robotics_v1/build/robo_collector_controller': AMENT_PREFIX_PATH=/home/ubuntu/workspace/Velizar/robotics_v1/install/robo_collector_common:/home/ubuntu/workspace/Velizar/robotics_v1/install/robo_collector_interfaces:${AMENT_PREFIX_PATH} CMAKE_PREFIX_PATH=/home/ubuntu/workspace/Velizar/robotics_v1/install/ros2_game_engine:/home/ubuntu/workspace/Velizar/robotics_v1/install/robo_collector_common:/home/ubuntu/workspace/Velizar/robotics_v1/install/robo_common:/home/ubuntu/workspace/Velizar/robotics_v1/install/game_engine:/home/ubuntu/workspace/Velizar/robotics_v1/install/manager_utils:/home/ubuntu/workspace/Velizar/robotics_v1/install/sdl_utils:/home/ubuntu/workspace/Velizar/robotics_v1/install/resource_utils:/home/ubuntu/workspace/Velizar/robotics_v1/install/utils:/home/ubuntu/workspace/Velizar/robotics_v1/install/robo_collector_interfaces:/home/ubuntu/workspace/Velizar/robotics_v1/install/cmake_helpers:/opt/ros/foxy LD_LIBRARY_PATH=/home/ubuntu/workspace/Velizar/robotics_v1/install/robo_collector_interfaces/lib:${LD_LIBRARY_PATH} PKG_CONFIG_PATH=/home/ubuntu/workspace/Velizar/robotics_v1/install/ros2_game_engine/lib/x86_64-linux-gnu/pkgconfig:/home/ubuntu/workspace/Velizar/robotics_v1/install/ros2_game_engine/lib/pkgconfig:/home/ubuntu/workspace/Velizar/robotics_v1/install/robo_common/lib/x86_64-linux-gnu/pkgconfig:/home/ubuntu/workspace/Velizar/robotics_v1/install/robo_common/lib/pkgconfig:/home/ubuntu/workspace/Velizar/robotics_v1/install/game_engine/lib/x86_64-linux-gnu/pkgconfig:/home/ubuntu/workspace/Velizar/robotics_v1/install/game_engine/lib/pkgconfig:/home/ubuntu/workspace/Velizar/robotics_v1/install/manager_utils/lib/x86_64-linux-gnu/pkgconfig:/home/ubuntu/workspace/Velizar/robotics_v1/install/manager_utils/lib/pkgconfig:/home/ubuntu/workspace/Velizar/robotics_v1/install/sdl_utils/lib/x86_64-linux-gnu/pkgconfig:/home/ubuntu/workspace/Velizar/robotics_v1/install/sdl_utils/lib/pkgconfig:/home/ubuntu/workspace/Velizar/robotics_v1/install/resource_utils/lib/x86_64-linux-gnu/pkgconfig:/home/ubuntu/workspace/Velizar/robotics_v1/install/resource_utils/lib/pkgconfig:/home/ubuntu/workspace/Velizar/robotics_v1/install/utils/lib/x86_64-linux-gnu/pkgconfig:/home/ubuntu/workspace/Velizar/robotics_v1/install/utils/lib/pkgconfig:/home/ubuntu/workspace/Velizar/robotics_v1/install/cmake_helpers/lib/x86_64-linux-gnu/pkgconfig:/home/ubuntu/workspace/Velizar/robotics_v1/install/cmake_helpers/lib/pkgconfig PS1=[\u@\h \W]$(git_branch)$ PYTHONPATH=/home/ubuntu/workspace/Velizar/robotics_v1/install/robo_collector_interfaces/lib/python3.8/site-packages:${PYTHONPATH} /usr/bin/cmake --install /home/ubuntu/workspace/Velizar/robotics_v1/build/robo_collector_controller
[59.237s] -- Install configuration: "Debug"
[59.239s] -- Execute custom install script
[59.240s] -- Symlinking: /home/ubuntu/workspace/Velizar/robotics_v1/install/robo_collector_controller/share/robo_collector_controller/package.xml
[59.267s] -- Symlinking: /home/ubuntu/workspace/Velizar/robotics_v1/install/robo_collector_controller/share/robo_collector_controller//launch/launch.py
[59.291s] -- Symlinking: /home/ubuntu/workspace/Velizar/robotics_v1/install/robo_collector_controller/share/robo_collector_controller//config/params.yaml
[59.320s] -- Symlinking: /home/ubuntu/workspace/Velizar/robotics_v1/install/robo_collector_controller/lib/robo_collector_controller/robo_collector_controller
[59.347s] -- Symlinking: /home/ubuntu/workspace/Velizar/robotics_v1/install/robo_collector_controller/share/ament_index/resource_index/packages/robo_collector_controller
[59.371s] -- Symlinking: /home/ubuntu/workspace/Velizar/robotics_v1/install/robo_collector_controller/share/robo_collector_controller/hook/ament_prefix_path.dsv
[59.394s] -- Symlinking: /home/ubuntu/workspace/Velizar/robotics_v1/install/robo_collector_controller/share/robo_collector_controller/hook/ros_package_path.dsv
[59.422s] -- Symlinking: /home/ubuntu/workspace/Velizar/robotics_v1/install/robo_collector_controller/share/ament_index/resource_index/package_run_dependencies/robo_collector_controller
[59.446s] -- Symlinking: /home/ubuntu/workspace/Velizar/robotics_v1/install/robo_collector_controller/share/ament_index/resource_index/parent_prefix_path/robo_collector_controller
[59.470s] -- Symlinking: /home/ubuntu/workspace/Velizar/robotics_v1/install/robo_collector_controller/share/robo_collector_controller/environment/ament_prefix_path.sh
[59.493s] -- Symlinking: /home/ubuntu/workspace/Velizar/robotics_v1/install/robo_collector_controller/share/robo_collector_controller/environment/ament_prefix_path.dsv
[59.519s] -- Symlinking: /home/ubuntu/workspace/Velizar/robotics_v1/install/robo_collector_controller/share/robo_collector_controller/environment/path.sh
[59.559s] -- Symlinking: /home/ubuntu/workspace/Velizar/robotics_v1/install/robo_collector_controller/share/robo_collector_controller/environment/path.dsv
[59.579s] -- Symlinking: /home/ubuntu/workspace/Velizar/robotics_v1/install/robo_collector_controller/share/robo_collector_controller/local_setup.bash
[59.600s] -- Symlinking: /home/ubuntu/workspace/Velizar/robotics_v1/install/robo_collector_controller/share/robo_collector_controller/local_setup.sh
[59.629s] -- Symlinking: /home/ubuntu/workspace/Velizar/robotics_v1/install/robo_collector_controller/share/robo_collector_controller/local_setup.zsh
[59.653s] -- Symlinking: /home/ubuntu/workspace/Velizar/robotics_v1/install/robo_collector_controller/share/robo_collector_controller/local_setup.dsv
[59.676s] -- Symlinking: /home/ubuntu/workspace/Velizar/robotics_v1/install/robo_collector_controller/share/robo_collector_controller/package.dsv
[59.702s] -- Symlinking: /home/ubuntu/workspace/Velizar/robotics_v1/install/robo_collector_controller/share/ament_index/resource_index/packages/robo_collector_controller
[59.730s] -- Symlinking: /home/ubuntu/workspace/Velizar/robotics_v1/install/robo_collector_controller/share/robo_collector_controller/cmake/robo_collector_controllerConfig.cmake
[59.754s] -- Symlinking: /home/ubuntu/workspace/Velizar/robotics_v1/install/robo_collector_controller/share/robo_collector_controller/cmake/robo_collector_controllerConfig-version.cmake
[59.779s] -- Up-to-date symlink: /home/ubuntu/workspace/Velizar/robotics_v1/install/robo_collector_controller/share/robo_collector_controller/package.xml
[59.779s] -- Symlinking: /home/ubuntu/workspace/Velizar/robotics_v1/install/robo_collector_controller/share/robo_collector_controller/resources//RoboCollectorController.rsrc
[59.805s] -- Symlinking: /home/ubuntu/workspace/Velizar/robotics_v1/install/robo_collector_controller/share/robo_collector_controller/resources//f/vinque_rg_30.ttf
[59.833s] -- Symlinking: /home/ubuntu/workspace/Velizar/robotics_v1/install/robo_collector_controller/share/robo_collector_controller/resources//generated/RoboCollectorControllerResources.h
[59.856s] -- Symlinking: /home/ubuntu/workspace/Velizar/robotics_v1/install/robo_collector_controller/share/robo_collector_controller/resources//generated/RoboCollectorControllerResourcesDynamic.h
[59.879s] -- Symlinking: /home/ubuntu/workspace/Velizar/robotics_v1/install/robo_collector_controller/share/robo_collector_controller/resources//generated/RoboCollectorControllerResourcesDynamicValues.h
[59.905s] -- Symlinking: /home/ubuntu/workspace/Velizar/robotics_v1/install/robo_collector_controller/share/robo_collector_controller/resources//generated/fonts.bin
[59.934s] -- Symlinking: /home/ubuntu/workspace/Velizar/robotics_v1/install/robo_collector_controller/share/robo_collector_controller/resources//generated/resources.bin
[59.957s] -- Symlinking: /home/ubuntu/workspace/Velizar/robotics_v1/install/robo_collector_controller/share/robo_collector_controller/resources//generated/sounds.bin
[59.982s] -- Symlinking: /home/ubuntu/workspace/Velizar/robotics_v1/install/robo_collector_controller/share/robo_collector_controller/resources//p/background/map.png
[60.007s] -- Symlinking: /home/ubuntu/workspace/Velizar/robotics_v1/install/robo_collector_controller/share/robo_collector_controller/resources//p/buttons/help_button.png
[60.034s] -- Symlinking: /home/ubuntu/workspace/Velizar/robotics_v1/install/robo_collector_controller/share/robo_collector_controller/resources//p/buttons/left_button.png
[60.056s] -- Symlinking: /home/ubuntu/workspace/Velizar/robotics_v1/install/robo_collector_controller/share/robo_collector_controller/resources//p/buttons/right_button.png
[60.081s] -- Symlinking: /home/ubuntu/workspace/Velizar/robotics_v1/install/robo_collector_controller/share/robo_collector_controller/resources//p/buttons/settings_button.png
[60.105s] -- Symlinking: /home/ubuntu/workspace/Velizar/robotics_v1/install/robo_collector_controller/share/robo_collector_controller/resources//p/buttons/up_button.png
[60.133s] -- Symlinking: /home/ubuntu/workspace/Velizar/robotics_v1/install/robo_collector_controller/share/robo_collector_controller/resources//p/icons/joystick.png
[60.156s] -- Symlinking: /home/ubuntu/workspace/Velizar/robotics_v1/install/robo_collector_controller/share/robo_collector_controller/resources//p/panels/hor_delimiter.png
[60.181s] -- Symlinking: /home/ubuntu/workspace/Velizar/robotics_v1/install/robo_collector_controller/share/robo_collector_controller/resources//p/panels/vert_delimiter.png
[60.218s] Invoked command in '/home/ubuntu/workspace/Velizar/robotics_v1/build/robo_collector_controller' returned '0': AMENT_PREFIX_PATH=/home/ubuntu/workspace/Velizar/robotics_v1/install/robo_collector_common:/home/ubuntu/workspace/Velizar/robotics_v1/install/robo_collector_interfaces:${AMENT_PREFIX_PATH} CMAKE_PREFIX_PATH=/home/ubuntu/workspace/Velizar/robotics_v1/install/ros2_game_engine:/home/ubuntu/workspace/Velizar/robotics_v1/install/robo_collector_common:/home/ubuntu/workspace/Velizar/robotics_v1/install/robo_common:/home/ubuntu/workspace/Velizar/robotics_v1/install/game_engine:/home/ubuntu/workspace/Velizar/robotics_v1/install/manager_utils:/home/ubuntu/workspace/Velizar/robotics_v1/install/sdl_utils:/home/ubuntu/workspace/Velizar/robotics_v1/install/resource_utils:/home/ubuntu/workspace/Velizar/robotics_v1/install/utils:/home/ubuntu/workspace/Velizar/robotics_v1/install/robo_collector_interfaces:/home/ubuntu/workspace/Velizar/robotics_v1/install/cmake_helpers:/opt/ros/foxy LD_LIBRARY_PATH=/home/ubuntu/workspace/Velizar/robotics_v1/install/robo_collector_interfaces/lib:${LD_LIBRARY_PATH} PKG_CONFIG_PATH=/home/ubuntu/workspace/Velizar/robotics_v1/install/ros2_game_engine/lib/x86_64-linux-gnu/pkgconfig:/home/ubuntu/workspace/Velizar/robotics_v1/install/ros2_game_engine/lib/pkgconfig:/home/ubuntu/workspace/Velizar/robotics_v1/install/robo_common/lib/x86_64-linux-gnu/pkgconfig:/home/ubuntu/workspace/Velizar/robotics_v1/install/robo_common/lib/pkgconfig:/home/ubuntu/workspace/Velizar/robotics_v1/install/game_engine/lib/x86_64-linux-gnu/pkgconfig:/home/ubuntu/workspace/Velizar/robotics_v1/install/game_engine/lib/pkgconfig:/home/ubuntu/workspace/Velizar/robotics_v1/install/manager_utils/lib/x86_64-linux-gnu/pkgconfig:/home/ubuntu/workspace/Velizar/robotics_v1/install/manager_utils/lib/pkgconfig:/home/ubuntu/workspace/Velizar/robotics_v1/install/sdl_utils/lib/x86_64-linux-gnu/pkgconfig:/home/ubuntu/workspace/Velizar/robotics_v1/install/sdl_utils/lib/pkgconfig:/home/ubuntu/workspace/Velizar/robotics_v1/install/resource_utils/lib/x86_64-linux-gnu/pkgconfig:/home/ubuntu/workspace/Velizar/robotics_v1/install/resource_utils/lib/pkgconfig:/home/ubuntu/workspace/Velizar/robotics_v1/install/utils/lib/x86_64-linux-gnu/pkgconfig:/home/ubuntu/workspace/Velizar/robotics_v1/install/utils/lib/pkgconfig:/home/ubuntu/workspace/Velizar/robotics_v1/install/cmake_helpers/lib/x86_64-linux-gnu/pkgconfig:/home/ubuntu/workspace/Velizar/robotics_v1/install/cmake_helpers/lib/pkgconfig PS1=[\u@\h \W]$(git_branch)$ PYTHONPATH=/home/ubuntu/workspace/Velizar/robotics_v1/install/robo_collector_interfaces/lib/python3.8/site-packages:${PYTHONPATH} /usr/bin/cmake --install /home/ubuntu/workspace/Velizar/robotics_v1/build/robo_collector_controller
