[0.101s] Invoking command in '/home/ubuntu/workspace/Velizar/robotics_v1/build/ur_control_gui': AMENT_PREFIX_PATH=/home/ubuntu/workspace/Velizar/robotics_v1/install/urscript_common:/home/ubuntu/workspace/Velizar/robotics_v1/install/urscript_interfaces:/home/ubuntu/workspace/Velizar/robotics_v1/install/ur_dashboard_msgs:${AMENT_PREFIX_PATH} CMAKE_PREFIX_PATH=/home/ubuntu/workspace/Velizar/robotics_v1/install/ros2_game_engine:/home/ubuntu/workspace/Velizar/robotics_v1/install/game_engine:/home/ubuntu/workspace/Velizar/robotics_v1/install/manager_utils:/home/ubuntu/workspace/Velizar/robotics_v1/install/sdl_utils:/home/ubuntu/workspace/Velizar/robotics_v1/install/urscript_common:/home/ubuntu/workspace/Velizar/robotics_v1/install/resource_utils:/home/ubuntu/workspace/Velizar/robotics_v1/install/utils:/home/ubuntu/workspace/Velizar/robotics_v1/install/urscript_interfaces:/home/ubuntu/workspace/Velizar/robotics_v1/install/ur_dashboard_msgs:/home/ubuntu/workspace/Velizar/robotics_v1/install/cmake_helpers:/opt/ros/foxy LD_LIBRARY_PATH=/home/ubuntu/workspace/Velizar/robotics_v1/install/urscript_interfaces/lib:/home/ubuntu/workspace/Velizar/robotics_v1/install/ur_dashboard_msgs/lib:${LD_LIBRARY_PATH} PKG_CONFIG_PATH=/home/ubuntu/workspace/Velizar/robotics_v1/install/ros2_game_engine/lib/x86_64-linux-gnu/pkgconfig:/home/ubuntu/workspace/Velizar/robotics_v1/install/ros2_game_engine/lib/pkgconfig:/home/ubuntu/workspace/Velizar/robotics_v1/install/game_engine/lib/x86_64-linux-gnu/pkgconfig:/home/ubuntu/workspace/Velizar/robotics_v1/install/game_engine/lib/pkgconfig:/home/ubuntu/workspace/Velizar/robotics_v1/install/manager_utils/lib/x86_64-linux-gnu/pkgconfig:/home/ubuntu/workspace/Velizar/robotics_v1/install/manager_utils/lib/pkgconfig:/home/ubuntu/workspace/Velizar/robotics_v1/install/sdl_utils/lib/x86_64-linux-gnu/pkgconfig:/home/ubuntu/workspace/Velizar/robotics_v1/install/sdl_utils/lib/pkgconfig:/home/ubuntu/workspace/Velizar/robotics_v1/install/resource_utils/lib/x86_64-linux-gnu/pkgconfig:/home/ubuntu/workspace/Velizar/robotics_v1/install/resource_utils/lib/pkgconfig:/home/ubuntu/workspace/Velizar/robotics_v1/install/utils/lib/x86_64-linux-gnu/pkgconfig:/home/ubuntu/workspace/Velizar/robotics_v1/install/utils/lib/pkgconfig:/home/ubuntu/workspace/Velizar/robotics_v1/install/cmake_helpers/lib/x86_64-linux-gnu/pkgconfig:/home/ubuntu/workspace/Velizar/robotics_v1/install/cmake_helpers/lib/pkgconfig PS1=[\u@\h \W]$(git_branch)$ PYTHONPATH=/home/ubuntu/workspace/Velizar/robotics_v1/install/urscript_interfaces/lib/python3.8/site-packages:/home/ubuntu/workspace/Velizar/robotics_v1/install/ur_dashboard_msgs/lib/python3.8/site-packages:${PYTHONPATH} /usr/bin/cmake /home/ubuntu/workspace/Velizar/robotics_v1/src/ur_dev/ur_control_gui -DCMAKE_BUILD_TYPE=Debug -DCMAKE_CXX_COMPILER=/usr/bin/clang++ -DAMENT_CMAKE_SYMLINK_INSTALL=1 -DCMAKE_INSTALL_PREFIX=/home/ubuntu/workspace/Velizar/robotics_v1/install/ur_control_gui
[0.422s] -- The CXX compiler identification is Clang 10.0.0
[0.449s] -- Check for working CXX compiler: /usr/bin/clang++
[0.806s] -- Check for working CXX compiler: /usr/bin/clang++ -- works
[0.810s] -- Detecting CXX compiler ABI info
[1.161s] -- Detecting CXX compiler ABI info - done
[1.214s] -- Detecting CXX compile features
[1.216s] -- Detecting CXX compile features - done
[1.221s] -- Found cmake_helpers: 1.0.0 (/home/ubuntu/workspace/Velizar/robotics_v1/install/cmake_helpers/share/cmake_helpers/cmake)
[1.230s] -- Found ament_cmake: 0.9.9 (/opt/ros/foxy/share/ament_cmake/cmake)
[1.311s] -- Found PythonInterp: /usr/bin/python3 (found suitable version "3.8.10", minimum required is "3") 
[1.311s] -- Using PYTHON_EXECUTABLE: /usr/bin/python3
[1.783s] -- Override CMake install command with custom implementation using symlinks instead of copying resources
[1.892s] -- Found ament_index_cpp: 1.1.0 (/opt/ros/foxy/share/ament_index_cpp/cmake)
[1.910s] -- Found rclcpp: 2.4.1 (/opt/ros/foxy/share/rclcpp/cmake)
[2.101s] -- Using all available rosidl_typesupport_c: rosidl_typesupport_fastrtps_c;rosidl_typesupport_introspection_c
[2.132s] -- Found rosidl_adapter: 1.2.1 (/opt/ros/foxy/share/rosidl_adapter/cmake)
[2.399s] -- Found OpenSSL: /usr/lib/x86_64-linux-gnu/libcrypto.so (found version "1.1.1f")  
[2.514s] -- Found FastRTPS: /opt/ros/foxy/include  
[2.824s] -- Using all available rosidl_typesupport_cpp: rosidl_typesupport_fastrtps_cpp;rosidl_typesupport_introspection_cpp
[3.125s] -- Found rmw_implementation_cmake: 1.0.3 (/opt/ros/foxy/share/rmw_implementation_cmake/cmake)
[3.130s] -- Using RMW implementation 'rmw_fastrtps_cpp' as default
[3.133s] -- Looking for C++ include pthread.h
[3.514s] -- Looking for C++ include pthread.h - found
[3.514s] -- Performing Test CMAKE_HAVE_LIBC_PTHREAD
[3.889s] -- Performing Test CMAKE_HAVE_LIBC_PTHREAD - Failed
[3.889s] -- Looking for pthread_create in pthreads
[4.148s] -- Looking for pthread_create in pthreads - not found
[4.149s] -- Looking for pthread_create in pthread
[4.506s] -- Looking for pthread_create in pthread - found
[4.509s] -- Found Threads: TRUE  
[5.329s] -- Found std_srvs: 2.0.5 (/opt/ros/foxy/share/std_srvs/cmake)
[5.372s] -- Found ur_dashboard_msgs: 0.0.0 (/home/ubuntu/workspace/Velizar/robotics_v1/install/ur_dashboard_msgs/share/ur_dashboard_msgs/cmake)
[6.076s] -- Found urscript_interfaces: 1.0.0 (/home/ubuntu/workspace/Velizar/robotics_v1/install/urscript_interfaces/share/urscript_interfaces/cmake)
[12.126s] -- Configuring done
[12.234s] -- Generating done
[12.242s] -- Build files have been written to: /home/ubuntu/workspace/Velizar/robotics_v1/build/ur_control_gui
[12.270s] Invoked command in '/home/ubuntu/workspace/Velizar/robotics_v1/build/ur_control_gui' returned '0': AMENT_PREFIX_PATH=/home/ubuntu/workspace/Velizar/robotics_v1/install/urscript_common:/home/ubuntu/workspace/Velizar/robotics_v1/install/urscript_interfaces:/home/ubuntu/workspace/Velizar/robotics_v1/install/ur_dashboard_msgs:${AMENT_PREFIX_PATH} CMAKE_PREFIX_PATH=/home/ubuntu/workspace/Velizar/robotics_v1/install/ros2_game_engine:/home/ubuntu/workspace/Velizar/robotics_v1/install/game_engine:/home/ubuntu/workspace/Velizar/robotics_v1/install/manager_utils:/home/ubuntu/workspace/Velizar/robotics_v1/install/sdl_utils:/home/ubuntu/workspace/Velizar/robotics_v1/install/urscript_common:/home/ubuntu/workspace/Velizar/robotics_v1/install/resource_utils:/home/ubuntu/workspace/Velizar/robotics_v1/install/utils:/home/ubuntu/workspace/Velizar/robotics_v1/install/urscript_interfaces:/home/ubuntu/workspace/Velizar/robotics_v1/install/ur_dashboard_msgs:/home/ubuntu/workspace/Velizar/robotics_v1/install/cmake_helpers:/opt/ros/foxy LD_LIBRARY_PATH=/home/ubuntu/workspace/Velizar/robotics_v1/install/urscript_interfaces/lib:/home/ubuntu/workspace/Velizar/robotics_v1/install/ur_dashboard_msgs/lib:${LD_LIBRARY_PATH} PKG_CONFIG_PATH=/home/ubuntu/workspace/Velizar/robotics_v1/install/ros2_game_engine/lib/x86_64-linux-gnu/pkgconfig:/home/ubuntu/workspace/Velizar/robotics_v1/install/ros2_game_engine/lib/pkgconfig:/home/ubuntu/workspace/Velizar/robotics_v1/install/game_engine/lib/x86_64-linux-gnu/pkgconfig:/home/ubuntu/workspace/Velizar/robotics_v1/install/game_engine/lib/pkgconfig:/home/ubuntu/workspace/Velizar/robotics_v1/install/manager_utils/lib/x86_64-linux-gnu/pkgconfig:/home/ubuntu/workspace/Velizar/robotics_v1/install/manager_utils/lib/pkgconfig:/home/ubuntu/workspace/Velizar/robotics_v1/install/sdl_utils/lib/x86_64-linux-gnu/pkgconfig:/home/ubuntu/workspace/Velizar/robotics_v1/install/sdl_utils/lib/pkgconfig:/home/ubuntu/workspace/Velizar/robotics_v1/install/resource_utils/lib/x86_64-linux-gnu/pkgconfig:/home/ubuntu/workspace/Velizar/robotics_v1/install/resource_utils/lib/pkgconfig:/home/ubuntu/workspace/Velizar/robotics_v1/install/utils/lib/x86_64-linux-gnu/pkgconfig:/home/ubuntu/workspace/Velizar/robotics_v1/install/utils/lib/pkgconfig:/home/ubuntu/workspace/Velizar/robotics_v1/install/cmake_helpers/lib/x86_64-linux-gnu/pkgconfig:/home/ubuntu/workspace/Velizar/robotics_v1/install/cmake_helpers/lib/pkgconfig PS1=[\u@\h \W]$(git_branch)$ PYTHONPATH=/home/ubuntu/workspace/Velizar/robotics_v1/install/urscript_interfaces/lib/python3.8/site-packages:/home/ubuntu/workspace/Velizar/robotics_v1/install/ur_dashboard_msgs/lib/python3.8/site-packages:${PYTHONPATH} /usr/bin/cmake /home/ubuntu/workspace/Velizar/robotics_v1/src/ur_dev/ur_control_gui -DCMAKE_BUILD_TYPE=Debug -DCMAKE_CXX_COMPILER=/usr/bin/clang++ -DAMENT_CMAKE_SYMLINK_INSTALL=1 -DCMAKE_INSTALL_PREFIX=/home/ubuntu/workspace/Velizar/robotics_v1/install/ur_control_gui
[12.272s] Invoking command in '/home/ubuntu/workspace/Velizar/robotics_v1/build/ur_control_gui': AMENT_PREFIX_PATH=/home/ubuntu/workspace/Velizar/robotics_v1/install/urscript_common:/home/ubuntu/workspace/Velizar/robotics_v1/install/urscript_interfaces:/home/ubuntu/workspace/Velizar/robotics_v1/install/ur_dashboard_msgs:${AMENT_PREFIX_PATH} CMAKE_PREFIX_PATH=/home/ubuntu/workspace/Velizar/robotics_v1/install/ros2_game_engine:/home/ubuntu/workspace/Velizar/robotics_v1/install/game_engine:/home/ubuntu/workspace/Velizar/robotics_v1/install/manager_utils:/home/ubuntu/workspace/Velizar/robotics_v1/install/sdl_utils:/home/ubuntu/workspace/Velizar/robotics_v1/install/urscript_common:/home/ubuntu/workspace/Velizar/robotics_v1/install/resource_utils:/home/ubuntu/workspace/Velizar/robotics_v1/install/utils:/home/ubuntu/workspace/Velizar/robotics_v1/install/urscript_interfaces:/home/ubuntu/workspace/Velizar/robotics_v1/install/ur_dashboard_msgs:/home/ubuntu/workspace/Velizar/robotics_v1/install/cmake_helpers:/opt/ros/foxy LD_LIBRARY_PATH=/home/ubuntu/workspace/Velizar/robotics_v1/install/urscript_interfaces/lib:/home/ubuntu/workspace/Velizar/robotics_v1/install/ur_dashboard_msgs/lib:${LD_LIBRARY_PATH} PKG_CONFIG_PATH=/home/ubuntu/workspace/Velizar/robotics_v1/install/ros2_game_engine/lib/x86_64-linux-gnu/pkgconfig:/home/ubuntu/workspace/Velizar/robotics_v1/install/ros2_game_engine/lib/pkgconfig:/home/ubuntu/workspace/Velizar/robotics_v1/install/game_engine/lib/x86_64-linux-gnu/pkgconfig:/home/ubuntu/workspace/Velizar/robotics_v1/install/game_engine/lib/pkgconfig:/home/ubuntu/workspace/Velizar/robotics_v1/install/manager_utils/lib/x86_64-linux-gnu/pkgconfig:/home/ubuntu/workspace/Velizar/robotics_v1/install/manager_utils/lib/pkgconfig:/home/ubuntu/workspace/Velizar/robotics_v1/install/sdl_utils/lib/x86_64-linux-gnu/pkgconfig:/home/ubuntu/workspace/Velizar/robotics_v1/install/sdl_utils/lib/pkgconfig:/home/ubuntu/workspace/Velizar/robotics_v1/install/resource_utils/lib/x86_64-linux-gnu/pkgconfig:/home/ubuntu/workspace/Velizar/robotics_v1/install/resource_utils/lib/pkgconfig:/home/ubuntu/workspace/Velizar/robotics_v1/install/utils/lib/x86_64-linux-gnu/pkgconfig:/home/ubuntu/workspace/Velizar/robotics_v1/install/utils/lib/pkgconfig:/home/ubuntu/workspace/Velizar/robotics_v1/install/cmake_helpers/lib/x86_64-linux-gnu/pkgconfig:/home/ubuntu/workspace/Velizar/robotics_v1/install/cmake_helpers/lib/pkgconfig PS1=[\u@\h \W]$(git_branch)$ PYTHONPATH=/home/ubuntu/workspace/Velizar/robotics_v1/install/urscript_interfaces/lib/python3.8/site-packages:/home/ubuntu/workspace/Velizar/robotics_v1/install/ur_dashboard_msgs/lib/python3.8/site-packages:${PYTHONPATH} /usr/bin/cmake --build /home/ubuntu/workspace/Velizar/robotics_v1/build/ur_control_gui -- -j2 -l2
[12.403s] [35m[1mScanning dependencies of target ur_control_gui[0m
[12.711s] [  5%] [32mBuilding CXX object CMakeFiles/ur_control_gui.dir/src/main.cpp.o[0m
[17.475s] [ 11%] [32mBuilding CXX object CMakeFiles/ur_control_gui.dir/src/UrControlGui.cpp.o[0m
[21.916s] [ 17%] [32mBuilding CXX object CMakeFiles/ur_control_gui.dir/src/config/UrControlGuiConfigGenerator.cpp.o[0m
[26.471s] [ 23%] [32mBuilding CXX object CMakeFiles/ur_control_gui.dir/src/external_api/UrControlGuiExternalBridge.cpp.o[0m
[41.879s] [ 29%] [32mBuilding CXX object CMakeFiles/ur_control_gui.dir/src/external_api/UrControlGuiRos2ParamProvider.cpp.o[0m
[46.256s] [ 35%] [32mBuilding CXX object CMakeFiles/ur_control_gui.dir/src/external_api/DashboardProvider.cpp.o[0m
[53.956s] [ 41%] [32mBuilding CXX object CMakeFiles/ur_control_gui.dir/src/helpers/UrControlGuiBuilder.cpp.o[0m
[58.473s] [ 47%] [32mBuilding CXX object CMakeFiles/ur_control_gui.dir/src/helpers/UrControlGuiInitHelper.cpp.o[0m
[63.347s] [ 52%] [32mBuilding CXX object CMakeFiles/ur_control_gui.dir/src/helpers/ScriptParser.cpp.o[0m
[65.042s] [ 58%] [32mBuilding CXX object CMakeFiles/ur_control_gui.dir/src/layout/UrControlGuiLayout.cpp.o[0m
[66.450s] [ 64%] [32mBuilding CXX object CMakeFiles/ur_control_gui.dir/src/layout/helpers/UrControlGuiLayoutInitHelper.cpp.o[0m
[67.670s] [ 70%] [32mBuilding CXX object CMakeFiles/ur_control_gui.dir/src/layout/entities/robot/SafetyModeVisuals.cpp.o[0m
[68.522s] [ 76%] [32mBuilding CXX object CMakeFiles/ur_control_gui.dir/src/layout/entities/buttons/ButtonHandler.cpp.o[0m
[69.873s] [ 82%] [32mBuilding CXX object CMakeFiles/ur_control_gui.dir/src/layout/entities/buttons/CommandButton.cpp.o[0m
[70.683s] [ 88%] [32mBuilding CXX object CMakeFiles/ur_control_gui.dir/src/layout/entities/buttons/UrScriptButton.cpp.o[0m
[71.920s] [ 94%] [32mBuilding CXX object CMakeFiles/ur_control_gui.dir/src/layout/entities/buttons/DashboardButton.cpp.o[0m
[73.118s] [100%] [32m[1mLinking CXX executable ur_control_gui[0m
[76.155s] [100%] Built target ur_control_gui
[76.189s] Invoked command in '/home/ubuntu/workspace/Velizar/robotics_v1/build/ur_control_gui' returned '0': AMENT_PREFIX_PATH=/home/ubuntu/workspace/Velizar/robotics_v1/install/urscript_common:/home/ubuntu/workspace/Velizar/robotics_v1/install/urscript_interfaces:/home/ubuntu/workspace/Velizar/robotics_v1/install/ur_dashboard_msgs:${AMENT_PREFIX_PATH} CMAKE_PREFIX_PATH=/home/ubuntu/workspace/Velizar/robotics_v1/install/ros2_game_engine:/home/ubuntu/workspace/Velizar/robotics_v1/install/game_engine:/home/ubuntu/workspace/Velizar/robotics_v1/install/manager_utils:/home/ubuntu/workspace/Velizar/robotics_v1/install/sdl_utils:/home/ubuntu/workspace/Velizar/robotics_v1/install/urscript_common:/home/ubuntu/workspace/Velizar/robotics_v1/install/resource_utils:/home/ubuntu/workspace/Velizar/robotics_v1/install/utils:/home/ubuntu/workspace/Velizar/robotics_v1/install/urscript_interfaces:/home/ubuntu/workspace/Velizar/robotics_v1/install/ur_dashboard_msgs:/home/ubuntu/workspace/Velizar/robotics_v1/install/cmake_helpers:/opt/ros/foxy LD_LIBRARY_PATH=/home/ubuntu/workspace/Velizar/robotics_v1/install/urscript_interfaces/lib:/home/ubuntu/workspace/Velizar/robotics_v1/install/ur_dashboard_msgs/lib:${LD_LIBRARY_PATH} PKG_CONFIG_PATH=/home/ubuntu/workspace/Velizar/robotics_v1/install/ros2_game_engine/lib/x86_64-linux-gnu/pkgconfig:/home/ubuntu/workspace/Velizar/robotics_v1/install/ros2_game_engine/lib/pkgconfig:/home/ubuntu/workspace/Velizar/robotics_v1/install/game_engine/lib/x86_64-linux-gnu/pkgconfig:/home/ubuntu/workspace/Velizar/robotics_v1/install/game_engine/lib/pkgconfig:/home/ubuntu/workspace/Velizar/robotics_v1/install/manager_utils/lib/x86_64-linux-gnu/pkgconfig:/home/ubuntu/workspace/Velizar/robotics_v1/install/manager_utils/lib/pkgconfig:/home/ubuntu/workspace/Velizar/robotics_v1/install/sdl_utils/lib/x86_64-linux-gnu/pkgconfig:/home/ubuntu/workspace/Velizar/robotics_v1/install/sdl_utils/lib/pkgconfig:/home/ubuntu/workspace/Velizar/robotics_v1/install/resource_utils/lib/x86_64-linux-gnu/pkgconfig:/home/ubuntu/workspace/Velizar/robotics_v1/install/resource_utils/lib/pkgconfig:/home/ubuntu/workspace/Velizar/robotics_v1/install/utils/lib/x86_64-linux-gnu/pkgconfig:/home/ubuntu/workspace/Velizar/robotics_v1/install/utils/lib/pkgconfig:/home/ubuntu/workspace/Velizar/robotics_v1/install/cmake_helpers/lib/x86_64-linux-gnu/pkgconfig:/home/ubuntu/workspace/Velizar/robotics_v1/install/cmake_helpers/lib/pkgconfig PS1=[\u@\h \W]$(git_branch)$ PYTHONPATH=/home/ubuntu/workspace/Velizar/robotics_v1/install/urscript_interfaces/lib/python3.8/site-packages:/home/ubuntu/workspace/Velizar/robotics_v1/install/ur_dashboard_msgs/lib/python3.8/site-packages:${PYTHONPATH} /usr/bin/cmake --build /home/ubuntu/workspace/Velizar/robotics_v1/build/ur_control_gui -- -j2 -l2
[76.315s] Invoking command in '/home/ubuntu/workspace/Velizar/robotics_v1/build/ur_control_gui': AMENT_PREFIX_PATH=/home/ubuntu/workspace/Velizar/robotics_v1/install/urscript_common:/home/ubuntu/workspace/Velizar/robotics_v1/install/urscript_interfaces:/home/ubuntu/workspace/Velizar/robotics_v1/install/ur_dashboard_msgs:${AMENT_PREFIX_PATH} CMAKE_PREFIX_PATH=/home/ubuntu/workspace/Velizar/robotics_v1/install/ros2_game_engine:/home/ubuntu/workspace/Velizar/robotics_v1/install/game_engine:/home/ubuntu/workspace/Velizar/robotics_v1/install/manager_utils:/home/ubuntu/workspace/Velizar/robotics_v1/install/sdl_utils:/home/ubuntu/workspace/Velizar/robotics_v1/install/urscript_common:/home/ubuntu/workspace/Velizar/robotics_v1/install/resource_utils:/home/ubuntu/workspace/Velizar/robotics_v1/install/utils:/home/ubuntu/workspace/Velizar/robotics_v1/install/urscript_interfaces:/home/ubuntu/workspace/Velizar/robotics_v1/install/ur_dashboard_msgs:/home/ubuntu/workspace/Velizar/robotics_v1/install/cmake_helpers:/opt/ros/foxy LD_LIBRARY_PATH=/home/ubuntu/workspace/Velizar/robotics_v1/install/urscript_interfaces/lib:/home/ubuntu/workspace/Velizar/robotics_v1/install/ur_dashboard_msgs/lib:${LD_LIBRARY_PATH} PKG_CONFIG_PATH=/home/ubuntu/workspace/Velizar/robotics_v1/install/ros2_game_engine/lib/x86_64-linux-gnu/pkgconfig:/home/ubuntu/workspace/Velizar/robotics_v1/install/ros2_game_engine/lib/pkgconfig:/home/ubuntu/workspace/Velizar/robotics_v1/install/game_engine/lib/x86_64-linux-gnu/pkgconfig:/home/ubuntu/workspace/Velizar/robotics_v1/install/game_engine/lib/pkgconfig:/home/ubuntu/workspace/Velizar/robotics_v1/install/manager_utils/lib/x86_64-linux-gnu/pkgconfig:/home/ubuntu/workspace/Velizar/robotics_v1/install/manager_utils/lib/pkgconfig:/home/ubuntu/workspace/Velizar/robotics_v1/install/sdl_utils/lib/x86_64-linux-gnu/pkgconfig:/home/ubuntu/workspace/Velizar/robotics_v1/install/sdl_utils/lib/pkgconfig:/home/ubuntu/workspace/Velizar/robotics_v1/install/resource_utils/lib/x86_64-linux-gnu/pkgconfig:/home/ubuntu/workspace/Velizar/robotics_v1/install/resource_utils/lib/pkgconfig:/home/ubuntu/workspace/Velizar/robotics_v1/install/utils/lib/x86_64-linux-gnu/pkgconfig:/home/ubuntu/workspace/Velizar/robotics_v1/install/utils/lib/pkgconfig:/home/ubuntu/workspace/Velizar/robotics_v1/install/cmake_helpers/lib/x86_64-linux-gnu/pkgconfig:/home/ubuntu/workspace/Velizar/robotics_v1/install/cmake_helpers/lib/pkgconfig PS1=[\u@\h \W]$(git_branch)$ PYTHONPATH=/home/ubuntu/workspace/Velizar/robotics_v1/install/urscript_interfaces/lib/python3.8/site-packages:/home/ubuntu/workspace/Velizar/robotics_v1/install/ur_dashboard_msgs/lib/python3.8/site-packages:${PYTHONPATH} /usr/bin/cmake --install /home/ubuntu/workspace/Velizar/robotics_v1/build/ur_control_gui
[76.338s] -- Install configuration: "Debug"
[76.339s] -- Execute custom install script
[76.340s] -- Symlinking: /home/ubuntu/workspace/Velizar/robotics_v1/install/ur_control_gui/share/ur_control_gui/package.xml
[76.370s] -- Symlinking: /home/ubuntu/workspace/Velizar/robotics_v1/install/ur_control_gui/share/ur_control_gui//launch/launch.py
[76.394s] -- Symlinking: /home/ubuntu/workspace/Velizar/robotics_v1/install/ur_control_gui/share/ur_control_gui//config/params.yaml
[76.419s] -- Symlinking: /home/ubuntu/workspace/Velizar/robotics_v1/install/ur_control_gui/lib/ur_control_gui/ur_control_gui
[76.445s] -- Symlinking: /home/ubuntu/workspace/Velizar/robotics_v1/install/ur_control_gui/share/ament_index/resource_index/packages/ur_control_gui
[76.473s] -- Symlinking: /home/ubuntu/workspace/Velizar/robotics_v1/install/ur_control_gui/share/ur_control_gui/hook/ament_prefix_path.dsv
[76.496s] -- Symlinking: /home/ubuntu/workspace/Velizar/robotics_v1/install/ur_control_gui/share/ur_control_gui/hook/ros_package_path.dsv
[76.520s] -- Symlinking: /home/ubuntu/workspace/Velizar/robotics_v1/install/ur_control_gui/share/ament_index/resource_index/package_run_dependencies/ur_control_gui
[76.545s] -- Symlinking: /home/ubuntu/workspace/Velizar/robotics_v1/install/ur_control_gui/share/ament_index/resource_index/parent_prefix_path/ur_control_gui
[76.574s] -- Symlinking: /home/ubuntu/workspace/Velizar/robotics_v1/install/ur_control_gui/share/ur_control_gui/environment/ament_prefix_path.sh
[76.598s] -- Symlinking: /home/ubuntu/workspace/Velizar/robotics_v1/install/ur_control_gui/share/ur_control_gui/environment/ament_prefix_path.dsv
[76.621s] -- Symlinking: /home/ubuntu/workspace/Velizar/robotics_v1/install/ur_control_gui/share/ur_control_gui/environment/path.sh
[76.650s] -- Symlinking: /home/ubuntu/workspace/Velizar/robotics_v1/install/ur_control_gui/share/ur_control_gui/environment/path.dsv
[76.676s] -- Symlinking: /home/ubuntu/workspace/Velizar/robotics_v1/install/ur_control_gui/share/ur_control_gui/local_setup.bash
[76.700s] -- Symlinking: /home/ubuntu/workspace/Velizar/robotics_v1/install/ur_control_gui/share/ur_control_gui/local_setup.sh
[76.724s] -- Symlinking: /home/ubuntu/workspace/Velizar/robotics_v1/install/ur_control_gui/share/ur_control_gui/local_setup.zsh
[76.753s] -- Symlinking: /home/ubuntu/workspace/Velizar/robotics_v1/install/ur_control_gui/share/ur_control_gui/local_setup.dsv
[76.777s] -- Symlinking: /home/ubuntu/workspace/Velizar/robotics_v1/install/ur_control_gui/share/ur_control_gui/package.dsv
[76.801s] -- Symlinking: /home/ubuntu/workspace/Velizar/robotics_v1/install/ur_control_gui/share/ament_index/resource_index/packages/ur_control_gui
[76.825s] -- Symlinking: /home/ubuntu/workspace/Velizar/robotics_v1/install/ur_control_gui/share/ur_control_gui/cmake/ur_control_guiConfig.cmake
[76.856s] -- Symlinking: /home/ubuntu/workspace/Velizar/robotics_v1/install/ur_control_gui/share/ur_control_gui/cmake/ur_control_guiConfig-version.cmake
[76.880s] -- Up-to-date symlink: /home/ubuntu/workspace/Velizar/robotics_v1/install/ur_control_gui/share/ur_control_gui/package.xml
[76.882s] -- Symlinking: /home/ubuntu/workspace/Velizar/robotics_v1/install/ur_control_gui/share/ur_control_gui/resources//UrControlGui.rsrc
[76.906s] -- Symlinking: /home/ubuntu/workspace/Velizar/robotics_v1/install/ur_control_gui/share/ur_control_gui/resources//f/vinque_rg_30.ttf
[76.929s] -- Symlinking: /home/ubuntu/workspace/Velizar/robotics_v1/install/ur_control_gui/share/ur_control_gui/resources//f/vinque_rg_45.ttf
[76.959s] -- Symlinking: /home/ubuntu/workspace/Velizar/robotics_v1/install/ur_control_gui/share/ur_control_gui/resources//generated/UrControlGuiResources.h
[76.982s] -- Symlinking: /home/ubuntu/workspace/Velizar/robotics_v1/install/ur_control_gui/share/ur_control_gui/resources//generated/UrControlGuiResourcesDynamic.h
[77.005s] -- Symlinking: /home/ubuntu/workspace/Velizar/robotics_v1/install/ur_control_gui/share/ur_control_gui/resources//generated/UrControlGuiResourcesDynamicValues.h
[77.029s] -- Symlinking: /home/ubuntu/workspace/Velizar/robotics_v1/install/ur_control_gui/share/ur_control_gui/resources//generated/fonts.bin
[77.060s] -- Symlinking: /home/ubuntu/workspace/Velizar/robotics_v1/install/ur_control_gui/share/ur_control_gui/resources//generated/resources.bin
[77.083s] -- Symlinking: /home/ubuntu/workspace/Velizar/robotics_v1/install/ur_control_gui/share/ur_control_gui/resources//generated/sounds.bin
[77.106s] -- Symlinking: /home/ubuntu/workspace/Velizar/robotics_v1/install/ur_control_gui/share/ur_control_gui/resources//p/background/background.png
[77.131s] -- Symlinking: /home/ubuntu/workspace/Velizar/robotics_v1/install/ur_control_gui/share/ur_control_gui/resources//p/background/ur.jpg
[77.160s] -- Symlinking: /home/ubuntu/workspace/Velizar/robotics_v1/install/ur_control_gui/share/ur_control_gui/resources//p/buttons/help_button.png
[77.183s] -- Symlinking: /home/ubuntu/workspace/Velizar/robotics_v1/install/ur_control_gui/share/ur_control_gui/resources//p/buttons/left_button.png
[77.206s] -- Symlinking: /home/ubuntu/workspace/Velizar/robotics_v1/install/ur_control_gui/share/ur_control_gui/resources//p/buttons/right_button.png
[77.229s] -- Symlinking: /home/ubuntu/workspace/Velizar/robotics_v1/install/ur_control_gui/share/ur_control_gui/resources//p/buttons/settings_button.png
[77.259s] -- Symlinking: /home/ubuntu/workspace/Velizar/robotics_v1/install/ur_control_gui/share/ur_control_gui/resources//p/buttons/up_button.png
[77.287s] -- Symlinking: /home/ubuntu/workspace/Velizar/robotics_v1/install/ur_control_gui/share/ur_control_gui/resources//p/icons/UR_logo.png
[77.307s] -- Symlinking: /home/ubuntu/workspace/Velizar/robotics_v1/install/ur_control_gui/share/ur_control_gui/resources//scripts/command00.script
[77.332s] -- Symlinking: /home/ubuntu/workspace/Velizar/robotics_v1/install/ur_control_gui/share/ur_control_gui/resources//scripts/command01.script
[77.361s] -- Symlinking: /home/ubuntu/workspace/Velizar/robotics_v1/install/ur_control_gui/share/ur_control_gui/resources//scripts/command02.script
[77.385s] -- Symlinking: /home/ubuntu/workspace/Velizar/robotics_v1/install/ur_control_gui/share/ur_control_gui/resources//scripts/command03.script
[77.407s] -- Symlinking: /home/ubuntu/workspace/Velizar/robotics_v1/install/ur_control_gui/share/ur_control_gui/resources//scripts/command04.script
[77.430s] -- Symlinking: /home/ubuntu/workspace/Velizar/robotics_v1/install/ur_control_gui/share/ur_control_gui/resources//scripts/command05.script
[77.456s] -- Symlinking: /home/ubuntu/workspace/Velizar/robotics_v1/install/ur_control_gui/share/ur_control_gui/resources//scripts/command06.script
[77.482s] -- Symlinking: /home/ubuntu/workspace/Velizar/robotics_v1/install/ur_control_gui/share/ur_control_gui/resources//scripts/command07.script
[77.504s] -- Symlinking: /home/ubuntu/workspace/Velizar/robotics_v1/install/ur_control_gui/share/ur_control_gui/resources//scripts/command08.script
[77.527s] -- Symlinking: /home/ubuntu/workspace/Velizar/robotics_v1/install/ur_control_gui/share/ur_control_gui/resources//scripts/command09.script
[77.553s] -- Symlinking: /home/ubuntu/workspace/Velizar/robotics_v1/install/ur_control_gui/share/ur_control_gui/resources//scripts/command10.script
[77.590s] Invoked command in '/home/ubuntu/workspace/Velizar/robotics_v1/build/ur_control_gui' returned '0': AMENT_PREFIX_PATH=/home/ubuntu/workspace/Velizar/robotics_v1/install/urscript_common:/home/ubuntu/workspace/Velizar/robotics_v1/install/urscript_interfaces:/home/ubuntu/workspace/Velizar/robotics_v1/install/ur_dashboard_msgs:${AMENT_PREFIX_PATH} CMAKE_PREFIX_PATH=/home/ubuntu/workspace/Velizar/robotics_v1/install/ros2_game_engine:/home/ubuntu/workspace/Velizar/robotics_v1/install/game_engine:/home/ubuntu/workspace/Velizar/robotics_v1/install/manager_utils:/home/ubuntu/workspace/Velizar/robotics_v1/install/sdl_utils:/home/ubuntu/workspace/Velizar/robotics_v1/install/urscript_common:/home/ubuntu/workspace/Velizar/robotics_v1/install/resource_utils:/home/ubuntu/workspace/Velizar/robotics_v1/install/utils:/home/ubuntu/workspace/Velizar/robotics_v1/install/urscript_interfaces:/home/ubuntu/workspace/Velizar/robotics_v1/install/ur_dashboard_msgs:/home/ubuntu/workspace/Velizar/robotics_v1/install/cmake_helpers:/opt/ros/foxy LD_LIBRARY_PATH=/home/ubuntu/workspace/Velizar/robotics_v1/install/urscript_interfaces/lib:/home/ubuntu/workspace/Velizar/robotics_v1/install/ur_dashboard_msgs/lib:${LD_LIBRARY_PATH} PKG_CONFIG_PATH=/home/ubuntu/workspace/Velizar/robotics_v1/install/ros2_game_engine/lib/x86_64-linux-gnu/pkgconfig:/home/ubuntu/workspace/Velizar/robotics_v1/install/ros2_game_engine/lib/pkgconfig:/home/ubuntu/workspace/Velizar/robotics_v1/install/game_engine/lib/x86_64-linux-gnu/pkgconfig:/home/ubuntu/workspace/Velizar/robotics_v1/install/game_engine/lib/pkgconfig:/home/ubuntu/workspace/Velizar/robotics_v1/install/manager_utils/lib/x86_64-linux-gnu/pkgconfig:/home/ubuntu/workspace/Velizar/robotics_v1/install/manager_utils/lib/pkgconfig:/home/ubuntu/workspace/Velizar/robotics_v1/install/sdl_utils/lib/x86_64-linux-gnu/pkgconfig:/home/ubuntu/workspace/Velizar/robotics_v1/install/sdl_utils/lib/pkgconfig:/home/ubuntu/workspace/Velizar/robotics_v1/install/resource_utils/lib/x86_64-linux-gnu/pkgconfig:/home/ubuntu/workspace/Velizar/robotics_v1/install/resource_utils/lib/pkgconfig:/home/ubuntu/workspace/Velizar/robotics_v1/install/utils/lib/x86_64-linux-gnu/pkgconfig:/home/ubuntu/workspace/Velizar/robotics_v1/install/utils/lib/pkgconfig:/home/ubuntu/workspace/Velizar/robotics_v1/install/cmake_helpers/lib/x86_64-linux-gnu/pkgconfig:/home/ubuntu/workspace/Velizar/robotics_v1/install/cmake_helpers/lib/pkgconfig PS1=[\u@\h \W]$(git_branch)$ PYTHONPATH=/home/ubuntu/workspace/Velizar/robotics_v1/install/urscript_interfaces/lib/python3.8/site-packages:/home/ubuntu/workspace/Velizar/robotics_v1/install/ur_dashboard_msgs/lib/python3.8/site-packages:${PYTHONPATH} /usr/bin/cmake --install /home/ubuntu/workspace/Velizar/robotics_v1/build/ur_control_gui
