[0.029s] Invoking command in '/home/ubuntu/workspace/Velizar/robotics_v1/build/ur_dashboard_msgs': CMAKE_PREFIX_PATH=/opt/ros/foxy PS1=[\u@\h \W]$(git_branch)$ /usr/bin/cmake /home/ubuntu/workspace/Velizar/robotics_v1/src/ur_driver/Universal_Robots_ROS2_Driver/ur_dashboard_msgs -DCMAKE_BUILD_TYPE=Debug -DCMAKE_CXX_COMPILER=/usr/bin/clang++ -DAMENT_CMAKE_SYMLINK_INSTALL=1 -DCMAKE_INSTALL_PREFIX=/home/ubuntu/workspace/Velizar/robotics_v1/install/ur_dashboard_msgs
[0.225s] -- The C compiler identification is GNU 9.4.0
[0.516s] -- The CXX compiler identification is Clang 10.0.0
[0.537s] -- Check for working C compiler: /usr/bin/cc
[0.751s] -- Check for working C compiler: /usr/bin/cc -- works
[0.754s] -- Detecting C compiler ABI info
[0.963s] -- Detecting C compiler ABI info - done
[1.021s] -- Detecting C compile features
[1.022s] -- Detecting C compile features - done
[1.035s] -- Check for working CXX compiler: /usr/bin/clang++
[1.369s] -- Check for working CXX compiler: /usr/bin/clang++ -- works
[1.374s] -- Detecting CXX compiler ABI info
[1.739s] -- Detecting CXX compiler ABI info - done
[1.789s] -- Detecting CXX compile features
[1.791s] -- Detecting CXX compile features - done
[1.798s] -- Found ament_cmake: 0.9.9 (/opt/ros/foxy/share/ament_cmake/cmake)
[1.860s] -- Found PythonInterp: /usr/bin/python3 (found suitable version "3.8.10", minimum required is "3") 
[1.861s] -- Using PYTHON_EXECUTABLE: /usr/bin/python3
[2.320s] -- Override CMake install command with custom implementation using symlinks instead of copying resources
[2.386s] -- Found rosidl_default_generators: 1.0.1 (/opt/ros/foxy/share/rosidl_default_generators/cmake)
[2.400s] -- Using all available rosidl_typesupport_c: rosidl_typesupport_fastrtps_c;rosidl_typesupport_introspection_c
[2.424s] -- Found rosidl_adapter: 1.2.1 (/opt/ros/foxy/share/rosidl_adapter/cmake)
[2.711s] -- Found OpenSSL: /usr/lib/x86_64-linux-gnu/libcrypto.so (found version "1.1.1f")  
[2.808s] -- Found FastRTPS: /opt/ros/foxy/include  
[3.130s] -- Using all available rosidl_typesupport_cpp: rosidl_typesupport_fastrtps_cpp;rosidl_typesupport_introspection_cpp
[3.245s] -- Found action_msgs: 1.0.0 (/opt/ros/foxy/share/action_msgs/cmake)
[3.648s] -- Found PythonInterp: /usr/bin/python3 (found version "3.8.10") 
[4.830s] -- Found ament_cmake_ros: 0.9.2 (/opt/ros/foxy/share/ament_cmake_ros/cmake)
[5.602s] -- Using all available rosidl_typesupport_c: rosidl_typesupport_fastrtps_c;rosidl_typesupport_introspection_c
[5.728s] -- Using all available rosidl_typesupport_cpp: rosidl_typesupport_fastrtps_cpp;rosidl_typesupport_introspection_cpp
[5.799s] -- Found PythonInterp: /usr/bin/python3 (found suitable version "3.8.10", minimum required is "3.5") 
[5.804s] -- Found python_cmake_module: 0.8.1 (/opt/ros/foxy/share/python_cmake_module/cmake)
[5.881s] -- Found PythonLibs: /usr/lib/x86_64-linux-gnu/libpython3.8.so (found suitable version "3.8.10", minimum required is "3.5") 
[5.882s] -- Using PYTHON_EXECUTABLE: /usr/bin/python3
[5.882s] -- Using PYTHON_INCLUDE_DIRS: /usr/include/python3.8
[5.883s] -- Using PYTHON_LIBRARIES: /usr/lib/x86_64-linux-gnu/libpython3.8.so
[5.942s] -- Found PythonExtra: .so  
[6.193s] -- Configuring done
[6.605s] -- Generating done
[6.621s] -- Build files have been written to: /home/ubuntu/workspace/Velizar/robotics_v1/build/ur_dashboard_msgs
[6.644s] Invoked command in '/home/ubuntu/workspace/Velizar/robotics_v1/build/ur_dashboard_msgs' returned '0': CMAKE_PREFIX_PATH=/opt/ros/foxy PS1=[\u@\h \W]$(git_branch)$ /usr/bin/cmake /home/ubuntu/workspace/Velizar/robotics_v1/src/ur_driver/Universal_Robots_ROS2_Driver/ur_dashboard_msgs -DCMAKE_BUILD_TYPE=Debug -DCMAKE_CXX_COMPILER=/usr/bin/clang++ -DAMENT_CMAKE_SYMLINK_INSTALL=1 -DCMAKE_INSTALL_PREFIX=/home/ubuntu/workspace/Velizar/robotics_v1/install/ur_dashboard_msgs
[6.645s] Invoking command in '/home/ubuntu/workspace/Velizar/robotics_v1/build/ur_dashboard_msgs': CMAKE_PREFIX_PATH=/opt/ros/foxy PS1=[\u@\h \W]$(git_branch)$ /usr/bin/cmake --build /home/ubuntu/workspace/Velizar/robotics_v1/build/ur_dashboard_msgs -- -j2 -l2
[6.797s] [35m[1mScanning dependencies of target ur_dashboard_msgs__cpp[0m
[6.831s] [  0%] [34m[1mGenerating C++ code for ROS interfaces[0m
[12.308s] [  0%] Built target ur_dashboard_msgs__cpp
[12.338s] [  1%] [34m[1mGenerating C code for ROS interfaces[0m
[18.375s] [35m[1mScanning dependencies of target ur_dashboard_msgs__rosidl_generator_c[0m
[18.438s] [  2%] [32mBuilding C object CMakeFiles/ur_dashboard_msgs__rosidl_generator_c.dir/rosidl_generator_c/ur_dashboard_msgs/msg/detail/program_state__functions.c.o[0m
[18.571s] [  2%] [32mBuilding C object CMakeFiles/ur_dashboard_msgs__rosidl_generator_c.dir/rosidl_generator_c/ur_dashboard_msgs/msg/detail/robot_mode__functions.c.o[0m
[18.697s] [  3%] [32mBuilding C object CMakeFiles/ur_dashboard_msgs__rosidl_generator_c.dir/rosidl_generator_c/ur_dashboard_msgs/msg/detail/safety_mode__functions.c.o[0m
[18.827s] [  4%] [32mBuilding C object CMakeFiles/ur_dashboard_msgs__rosidl_generator_c.dir/rosidl_generator_c/ur_dashboard_msgs/srv/detail/add_to_log__functions.c.o[0m
[18.978s] [  5%] [32mBuilding C object CMakeFiles/ur_dashboard_msgs__rosidl_generator_c.dir/rosidl_generator_c/ur_dashboard_msgs/srv/detail/get_loaded_program__functions.c.o[0m
[19.134s] [  5%] [32mBuilding C object CMakeFiles/ur_dashboard_msgs__rosidl_generator_c.dir/rosidl_generator_c/ur_dashboard_msgs/srv/detail/get_program_state__functions.c.o[0m
[19.287s] [  6%] [32mBuilding C object CMakeFiles/ur_dashboard_msgs__rosidl_generator_c.dir/rosidl_generator_c/ur_dashboard_msgs/srv/detail/get_robot_mode__functions.c.o[0m
[19.445s] [  7%] [32mBuilding C object CMakeFiles/ur_dashboard_msgs__rosidl_generator_c.dir/rosidl_generator_c/ur_dashboard_msgs/srv/detail/get_safety_mode__functions.c.o[0m
[19.595s] [  8%] [32mBuilding C object CMakeFiles/ur_dashboard_msgs__rosidl_generator_c.dir/rosidl_generator_c/ur_dashboard_msgs/srv/detail/is_program_running__functions.c.o[0m
[19.746s] [  8%] [32mBuilding C object CMakeFiles/ur_dashboard_msgs__rosidl_generator_c.dir/rosidl_generator_c/ur_dashboard_msgs/srv/detail/is_program_saved__functions.c.o[0m
[19.895s] [  9%] [32mBuilding C object CMakeFiles/ur_dashboard_msgs__rosidl_generator_c.dir/rosidl_generator_c/ur_dashboard_msgs/srv/detail/load__functions.c.o[0m
[20.049s] [ 10%] [32mBuilding C object CMakeFiles/ur_dashboard_msgs__rosidl_generator_c.dir/rosidl_generator_c/ur_dashboard_msgs/srv/detail/popup__functions.c.o[0m
[20.207s] [ 10%] [32mBuilding C object CMakeFiles/ur_dashboard_msgs__rosidl_generator_c.dir/rosidl_generator_c/ur_dashboard_msgs/srv/detail/raw_request__functions.c.o[0m
[20.366s] [ 11%] [32mBuilding C object CMakeFiles/ur_dashboard_msgs__rosidl_generator_c.dir/rosidl_generator_c/ur_dashboard_msgs/action/detail/set_mode__functions.c.o[0m
[20.659s] [ 12%] [32m[1mLinking C shared library libur_dashboard_msgs__rosidl_generator_c.so[0m
[20.793s] [ 12%] Built target ur_dashboard_msgs__rosidl_generator_c
[20.826s] [ 12%] [34m[1mGenerating C++ introspection for ROS interfaces[0m
[24.889s] [35m[1mScanning dependencies of target ur_dashboard_msgs__rosidl_typesupport_introspection_cpp[0m
[24.971s] [ 13%] [32mBuilding CXX object CMakeFiles/ur_dashboard_msgs__rosidl_typesupport_introspection_cpp.dir/rosidl_typesupport_introspection_cpp/ur_dashboard_msgs/msg/detail/program_state__type_support.cpp.o[0m
[25.777s] [ 14%] [32mBuilding CXX object CMakeFiles/ur_dashboard_msgs__rosidl_typesupport_introspection_cpp.dir/rosidl_typesupport_introspection_cpp/ur_dashboard_msgs/msg/detail/robot_mode__type_support.cpp.o[0m
[26.577s] [ 15%] [32mBuilding CXX object CMakeFiles/ur_dashboard_msgs__rosidl_typesupport_introspection_cpp.dir/rosidl_typesupport_introspection_cpp/ur_dashboard_msgs/msg/detail/safety_mode__type_support.cpp.o[0m
[27.381s] [ 15%] [32mBuilding CXX object CMakeFiles/ur_dashboard_msgs__rosidl_typesupport_introspection_cpp.dir/rosidl_typesupport_introspection_cpp/ur_dashboard_msgs/srv/detail/add_to_log__type_support.cpp.o[0m
[28.196s] [ 16%] [32mBuilding CXX object CMakeFiles/ur_dashboard_msgs__rosidl_typesupport_introspection_cpp.dir/rosidl_typesupport_introspection_cpp/ur_dashboard_msgs/srv/detail/get_loaded_program__type_support.cpp.o[0m
[29.036s] [ 17%] [32mBuilding CXX object CMakeFiles/ur_dashboard_msgs__rosidl_typesupport_introspection_cpp.dir/rosidl_typesupport_introspection_cpp/ur_dashboard_msgs/srv/detail/get_program_state__type_support.cpp.o[0m
[29.923s] [ 18%] [32mBuilding CXX object CMakeFiles/ur_dashboard_msgs__rosidl_typesupport_introspection_cpp.dir/rosidl_typesupport_introspection_cpp/ur_dashboard_msgs/srv/detail/get_robot_mode__type_support.cpp.o[0m
[30.768s] [ 18%] [32mBuilding CXX object CMakeFiles/ur_dashboard_msgs__rosidl_typesupport_introspection_cpp.dir/rosidl_typesupport_introspection_cpp/ur_dashboard_msgs/srv/detail/get_safety_mode__type_support.cpp.o[0m
[31.618s] [ 19%] [32mBuilding CXX object CMakeFiles/ur_dashboard_msgs__rosidl_typesupport_introspection_cpp.dir/rosidl_typesupport_introspection_cpp/ur_dashboard_msgs/srv/detail/is_program_running__type_support.cpp.o[0m
[32.448s] [ 20%] [32mBuilding CXX object CMakeFiles/ur_dashboard_msgs__rosidl_typesupport_introspection_cpp.dir/rosidl_typesupport_introspection_cpp/ur_dashboard_msgs/srv/detail/is_program_saved__type_support.cpp.o[0m
[33.280s] [ 21%] [32mBuilding CXX object CMakeFiles/ur_dashboard_msgs__rosidl_typesupport_introspection_cpp.dir/rosidl_typesupport_introspection_cpp/ur_dashboard_msgs/srv/detail/load__type_support.cpp.o[0m
[34.122s] [ 21%] [32mBuilding CXX object CMakeFiles/ur_dashboard_msgs__rosidl_typesupport_introspection_cpp.dir/rosidl_typesupport_introspection_cpp/ur_dashboard_msgs/srv/detail/popup__type_support.cpp.o[0m
[34.938s] [ 22%] [32mBuilding CXX object CMakeFiles/ur_dashboard_msgs__rosidl_typesupport_introspection_cpp.dir/rosidl_typesupport_introspection_cpp/ur_dashboard_msgs/srv/detail/raw_request__type_support.cpp.o[0m
[35.755s] [ 23%] [32mBuilding CXX object CMakeFiles/ur_dashboard_msgs__rosidl_typesupport_introspection_cpp.dir/rosidl_typesupport_introspection_cpp/ur_dashboard_msgs/action/detail/set_mode__type_support.cpp.o[0m
[36.728s] [ 24%] [32m[1mLinking CXX shared library libur_dashboard_msgs__rosidl_typesupport_introspection_cpp.so[0m
[37.006s] [ 24%] Built target ur_dashboard_msgs__rosidl_typesupport_introspection_cpp
[37.039s] [ 25%] [34m[1mGenerating C++ type support for eProsima Fast-RTPS[0m
[42.181s] [35m[1mScanning dependencies of target ur_dashboard_msgs__rosidl_typesupport_fastrtps_cpp[0m
[42.306s] [ 26%] [32mBuilding CXX object CMakeFiles/ur_dashboard_msgs__rosidl_typesupport_fastrtps_cpp.dir/rosidl_typesupport_fastrtps_cpp/ur_dashboard_msgs/msg/detail/dds_fastrtps/program_state__type_support.cpp.o[0m
[43.516s] [ 27%] [32mBuilding CXX object CMakeFiles/ur_dashboard_msgs__rosidl_typesupport_fastrtps_cpp.dir/rosidl_typesupport_fastrtps_cpp/ur_dashboard_msgs/msg/detail/dds_fastrtps/robot_mode__type_support.cpp.o[0m
[44.770s] [ 27%] [32mBuilding CXX object CMakeFiles/ur_dashboard_msgs__rosidl_typesupport_fastrtps_cpp.dir/rosidl_typesupport_fastrtps_cpp/ur_dashboard_msgs/msg/detail/dds_fastrtps/safety_mode__type_support.cpp.o[0m
[45.997s] [ 28%] [32mBuilding CXX object CMakeFiles/ur_dashboard_msgs__rosidl_typesupport_fastrtps_cpp.dir/rosidl_typesupport_fastrtps_cpp/ur_dashboard_msgs/srv/detail/dds_fastrtps/add_to_log__type_support.cpp.o[0m
[47.282s] [ 29%] [32mBuilding CXX object CMakeFiles/ur_dashboard_msgs__rosidl_typesupport_fastrtps_cpp.dir/rosidl_typesupport_fastrtps_cpp/ur_dashboard_msgs/srv/detail/dds_fastrtps/get_loaded_program__type_support.cpp.o[0m
[48.555s] [ 30%] [32mBuilding CXX object CMakeFiles/ur_dashboard_msgs__rosidl_typesupport_fastrtps_cpp.dir/rosidl_typesupport_fastrtps_cpp/ur_dashboard_msgs/srv/detail/dds_fastrtps/get_program_state__type_support.cpp.o[0m
[49.846s] [ 30%] [32mBuilding CXX object CMakeFiles/ur_dashboard_msgs__rosidl_typesupport_fastrtps_cpp.dir/rosidl_typesupport_fastrtps_cpp/ur_dashboard_msgs/srv/detail/dds_fastrtps/get_robot_mode__type_support.cpp.o[0m
[51.154s] [ 31%] [32mBuilding CXX object CMakeFiles/ur_dashboard_msgs__rosidl_typesupport_fastrtps_cpp.dir/rosidl_typesupport_fastrtps_cpp/ur_dashboard_msgs/srv/detail/dds_fastrtps/get_safety_mode__type_support.cpp.o[0m
[52.506s] [ 32%] [32mBuilding CXX object CMakeFiles/ur_dashboard_msgs__rosidl_typesupport_fastrtps_cpp.dir/rosidl_typesupport_fastrtps_cpp/ur_dashboard_msgs/srv/detail/dds_fastrtps/is_program_running__type_support.cpp.o[0m
[53.793s] [ 33%] [32mBuilding CXX object CMakeFiles/ur_dashboard_msgs__rosidl_typesupport_fastrtps_cpp.dir/rosidl_typesupport_fastrtps_cpp/ur_dashboard_msgs/srv/detail/dds_fastrtps/is_program_saved__type_support.cpp.o[0m
[55.071s] [ 33%] [32mBuilding CXX object CMakeFiles/ur_dashboard_msgs__rosidl_typesupport_fastrtps_cpp.dir/rosidl_typesupport_fastrtps_cpp/ur_dashboard_msgs/srv/detail/dds_fastrtps/load__type_support.cpp.o[0m
[56.345s] [ 34%] [32mBuilding CXX object CMakeFiles/ur_dashboard_msgs__rosidl_typesupport_fastrtps_cpp.dir/rosidl_typesupport_fastrtps_cpp/ur_dashboard_msgs/srv/detail/dds_fastrtps/popup__type_support.cpp.o[0m
[57.609s] [ 35%] [32mBuilding CXX object CMakeFiles/ur_dashboard_msgs__rosidl_typesupport_fastrtps_cpp.dir/rosidl_typesupport_fastrtps_cpp/ur_dashboard_msgs/srv/detail/dds_fastrtps/raw_request__type_support.cpp.o[0m
[58.887s] [ 36%] [32mBuilding CXX object CMakeFiles/ur_dashboard_msgs__rosidl_typesupport_fastrtps_cpp.dir/rosidl_typesupport_fastrtps_cpp/ur_dashboard_msgs/action/detail/dds_fastrtps/set_mode__type_support.cpp.o[0m
[60.351s] [ 36%] [32m[1mLinking CXX shared library libur_dashboard_msgs__rosidl_typesupport_fastrtps_cpp.so[0m
[60.797s] [ 36%] Built target ur_dashboard_msgs__rosidl_typesupport_fastrtps_cpp
[60.826s] [ 37%] [34m[1mGenerating C introspection for ROS interfaces[0m
[65.257s] [35m[1mScanning dependencies of target ur_dashboard_msgs__rosidl_typesupport_introspection_c[0m
[65.331s] [ 38%] [32mBuilding C object CMakeFiles/ur_dashboard_msgs__rosidl_typesupport_introspection_c.dir/rosidl_typesupport_introspection_c/ur_dashboard_msgs/msg/detail/program_state__type_support.c.o[0m
[65.441s] [ 39%] [32mBuilding C object CMakeFiles/ur_dashboard_msgs__rosidl_typesupport_introspection_c.dir/rosidl_typesupport_introspection_c/ur_dashboard_msgs/msg/detail/robot_mode__type_support.c.o[0m
[65.546s] [ 39%] [32mBuilding C object CMakeFiles/ur_dashboard_msgs__rosidl_typesupport_introspection_c.dir/rosidl_typesupport_introspection_c/ur_dashboard_msgs/msg/detail/safety_mode__type_support.c.o[0m
[65.666s] [ 40%] [32mBuilding C object CMakeFiles/ur_dashboard_msgs__rosidl_typesupport_introspection_c.dir/rosidl_typesupport_introspection_c/ur_dashboard_msgs/srv/detail/add_to_log__type_support.c.o[0m
[65.784s] [ 41%] [32mBuilding C object CMakeFiles/ur_dashboard_msgs__rosidl_typesupport_introspection_c.dir/rosidl_typesupport_introspection_c/ur_dashboard_msgs/srv/detail/get_loaded_program__type_support.c.o[0m
[65.903s] [ 42%] [32mBuilding C object CMakeFiles/ur_dashboard_msgs__rosidl_typesupport_introspection_c.dir/rosidl_typesupport_introspection_c/ur_dashboard_msgs/srv/detail/get_program_state__type_support.c.o[0m
[66.026s] [ 42%] [32mBuilding C object CMakeFiles/ur_dashboard_msgs__rosidl_typesupport_introspection_c.dir/rosidl_typesupport_introspection_c/ur_dashboard_msgs/srv/detail/get_robot_mode__type_support.c.o[0m
[66.151s] [ 43%] [32mBuilding C object CMakeFiles/ur_dashboard_msgs__rosidl_typesupport_introspection_c.dir/rosidl_typesupport_introspection_c/ur_dashboard_msgs/srv/detail/get_safety_mode__type_support.c.o[0m
[66.270s] [ 44%] [32mBuilding C object CMakeFiles/ur_dashboard_msgs__rosidl_typesupport_introspection_c.dir/rosidl_typesupport_introspection_c/ur_dashboard_msgs/srv/detail/is_program_running__type_support.c.o[0m
[66.390s] [ 44%] [32mBuilding C object CMakeFiles/ur_dashboard_msgs__rosidl_typesupport_introspection_c.dir/rosidl_typesupport_introspection_c/ur_dashboard_msgs/srv/detail/is_program_saved__type_support.c.o[0m
[66.510s] [ 45%] [32mBuilding C object CMakeFiles/ur_dashboard_msgs__rosidl_typesupport_introspection_c.dir/rosidl_typesupport_introspection_c/ur_dashboard_msgs/srv/detail/load__type_support.c.o[0m
[66.631s] [ 46%] [32mBuilding C object CMakeFiles/ur_dashboard_msgs__rosidl_typesupport_introspection_c.dir/rosidl_typesupport_introspection_c/ur_dashboard_msgs/srv/detail/popup__type_support.c.o[0m
[66.750s] [ 47%] [32mBuilding C object CMakeFiles/ur_dashboard_msgs__rosidl_typesupport_introspection_c.dir/rosidl_typesupport_introspection_c/ur_dashboard_msgs/srv/detail/raw_request__type_support.c.o[0m
[66.868s] [ 47%] [32mBuilding C object CMakeFiles/ur_dashboard_msgs__rosidl_typesupport_introspection_c.dir/rosidl_typesupport_introspection_c/ur_dashboard_msgs/action/detail/set_mode__type_support.c.o[0m
[67.030s] [ 48%] [32m[1mLinking C shared library libur_dashboard_msgs__rosidl_typesupport_introspection_c.so[0m
[67.142s] [ 48%] Built target ur_dashboard_msgs__rosidl_typesupport_introspection_c
[67.179s] [ 49%] [34m[1mGenerating C++ type support dispatch for ROS interfaces[0m
[70.361s] [35m[1mScanning dependencies of target ur_dashboard_msgs__rosidl_typesupport_cpp[0m
[70.423s] [ 50%] [32mBuilding CXX object CMakeFiles/ur_dashboard_msgs__rosidl_typesupport_cpp.dir/rosidl_typesupport_cpp/ur_dashboard_msgs/msg/program_state__type_support.cpp.o[0m
[71.220s] [ 51%] [32mBuilding CXX object CMakeFiles/ur_dashboard_msgs__rosidl_typesupport_cpp.dir/rosidl_typesupport_cpp/ur_dashboard_msgs/msg/robot_mode__type_support.cpp.o[0m
[72.005s] [ 51%] [32mBuilding CXX object CMakeFiles/ur_dashboard_msgs__rosidl_typesupport_cpp.dir/rosidl_typesupport_cpp/ur_dashboard_msgs/msg/safety_mode__type_support.cpp.o[0m
[72.802s] [ 52%] [32mBuilding CXX object CMakeFiles/ur_dashboard_msgs__rosidl_typesupport_cpp.dir/rosidl_typesupport_cpp/ur_dashboard_msgs/srv/add_to_log__type_support.cpp.o[0m
[73.637s] [ 53%] [32mBuilding CXX object CMakeFiles/ur_dashboard_msgs__rosidl_typesupport_cpp.dir/rosidl_typesupport_cpp/ur_dashboard_msgs/srv/get_loaded_program__type_support.cpp.o[0m
[74.460s] [ 53%] [32mBuilding CXX object CMakeFiles/ur_dashboard_msgs__rosidl_typesupport_cpp.dir/rosidl_typesupport_cpp/ur_dashboard_msgs/srv/get_program_state__type_support.cpp.o[0m
[75.272s] [ 54%] [32mBuilding CXX object CMakeFiles/ur_dashboard_msgs__rosidl_typesupport_cpp.dir/rosidl_typesupport_cpp/ur_dashboard_msgs/srv/get_robot_mode__type_support.cpp.o[0m
[76.093s] [ 55%] [32mBuilding CXX object CMakeFiles/ur_dashboard_msgs__rosidl_typesupport_cpp.dir/rosidl_typesupport_cpp/ur_dashboard_msgs/srv/get_safety_mode__type_support.cpp.o[0m
[76.905s] [ 56%] [32mBuilding CXX object CMakeFiles/ur_dashboard_msgs__rosidl_typesupport_cpp.dir/rosidl_typesupport_cpp/ur_dashboard_msgs/srv/is_program_running__type_support.cpp.o[0m
[77.713s] [ 56%] [32mBuilding CXX object CMakeFiles/ur_dashboard_msgs__rosidl_typesupport_cpp.dir/rosidl_typesupport_cpp/ur_dashboard_msgs/srv/is_program_saved__type_support.cpp.o[0m
[78.521s] [ 57%] [32mBuilding CXX object CMakeFiles/ur_dashboard_msgs__rosidl_typesupport_cpp.dir/rosidl_typesupport_cpp/ur_dashboard_msgs/srv/load__type_support.cpp.o[0m
[79.343s] [ 58%] [32mBuilding CXX object CMakeFiles/ur_dashboard_msgs__rosidl_typesupport_cpp.dir/rosidl_typesupport_cpp/ur_dashboard_msgs/srv/popup__type_support.cpp.o[0m
[80.183s] [ 59%] [32mBuilding CXX object CMakeFiles/ur_dashboard_msgs__rosidl_typesupport_cpp.dir/rosidl_typesupport_cpp/ur_dashboard_msgs/srv/raw_request__type_support.cpp.o[0m
[80.981s] [ 59%] [32mBuilding CXX object CMakeFiles/ur_dashboard_msgs__rosidl_typesupport_cpp.dir/rosidl_typesupport_cpp/ur_dashboard_msgs/action/set_mode__type_support.cpp.o[0m
[81.923s] [ 60%] [32m[1mLinking CXX shared library libur_dashboard_msgs__rosidl_typesupport_cpp.so[0m
[82.189s] [ 60%] Built target ur_dashboard_msgs__rosidl_typesupport_cpp
[82.221s] [ 61%] [34m[1mGenerating C type support dispatch for ROS interfaces[0m
[85.393s] [35m[1mScanning dependencies of target ur_dashboard_msgs__rosidl_typesupport_c[0m
[85.454s] [ 61%] [32mBuilding CXX object CMakeFiles/ur_dashboard_msgs__rosidl_typesupport_c.dir/rosidl_typesupport_c/ur_dashboard_msgs/msg/program_state__type_support.cpp.o[0m
[85.551s] [ 62%] [32mBuilding CXX object CMakeFiles/ur_dashboard_msgs__rosidl_typesupport_c.dir/rosidl_typesupport_c/ur_dashboard_msgs/msg/robot_mode__type_support.cpp.o[0m
[85.644s] [ 63%] [32mBuilding CXX object CMakeFiles/ur_dashboard_msgs__rosidl_typesupport_c.dir/rosidl_typesupport_c/ur_dashboard_msgs/msg/safety_mode__type_support.cpp.o[0m
[85.738s] [ 64%] [32mBuilding CXX object CMakeFiles/ur_dashboard_msgs__rosidl_typesupport_c.dir/rosidl_typesupport_c/ur_dashboard_msgs/srv/add_to_log__type_support.cpp.o[0m
[85.838s] [ 64%] [32mBuilding CXX object CMakeFiles/ur_dashboard_msgs__rosidl_typesupport_c.dir/rosidl_typesupport_c/ur_dashboard_msgs/srv/get_loaded_program__type_support.cpp.o[0m
[85.939s] [ 65%] [32mBuilding CXX object CMakeFiles/ur_dashboard_msgs__rosidl_typesupport_c.dir/rosidl_typesupport_c/ur_dashboard_msgs/srv/get_program_state__type_support.cpp.o[0m
[86.041s] [ 66%] [32mBuilding CXX object CMakeFiles/ur_dashboard_msgs__rosidl_typesupport_c.dir/rosidl_typesupport_c/ur_dashboard_msgs/srv/get_robot_mode__type_support.cpp.o[0m
[86.145s] [ 67%] [32mBuilding CXX object CMakeFiles/ur_dashboard_msgs__rosidl_typesupport_c.dir/rosidl_typesupport_c/ur_dashboard_msgs/srv/get_safety_mode__type_support.cpp.o[0m
[86.248s] [ 67%] [32mBuilding CXX object CMakeFiles/ur_dashboard_msgs__rosidl_typesupport_c.dir/rosidl_typesupport_c/ur_dashboard_msgs/srv/is_program_running__type_support.cpp.o[0m
[86.349s] [ 68%] [32mBuilding CXX object CMakeFiles/ur_dashboard_msgs__rosidl_typesupport_c.dir/rosidl_typesupport_c/ur_dashboard_msgs/srv/is_program_saved__type_support.cpp.o[0m
[86.451s] [ 69%] [32mBuilding CXX object CMakeFiles/ur_dashboard_msgs__rosidl_typesupport_c.dir/rosidl_typesupport_c/ur_dashboard_msgs/srv/load__type_support.cpp.o[0m
[86.551s] [ 70%] [32mBuilding CXX object CMakeFiles/ur_dashboard_msgs__rosidl_typesupport_c.dir/rosidl_typesupport_c/ur_dashboard_msgs/srv/popup__type_support.cpp.o[0m
[86.651s] [ 70%] [32mBuilding CXX object CMakeFiles/ur_dashboard_msgs__rosidl_typesupport_c.dir/rosidl_typesupport_c/ur_dashboard_msgs/srv/raw_request__type_support.cpp.o[0m
[86.753s] [ 71%] [32mBuilding CXX object CMakeFiles/ur_dashboard_msgs__rosidl_typesupport_c.dir/rosidl_typesupport_c/ur_dashboard_msgs/action/set_mode__type_support.cpp.o[0m
[86.911s] [ 72%] [32m[1mLinking CXX shared library libur_dashboard_msgs__rosidl_typesupport_c.so[0m
[87.179s] [ 72%] Built target ur_dashboard_msgs__rosidl_typesupport_c
[87.209s] [ 73%] [34m[1mGenerating C type support for eProsima Fast-RTPS[0m
[92.015s] [35m[1mScanning dependencies of target ur_dashboard_msgs__rosidl_typesupport_fastrtps_c[0m
[92.173s] [ 74%] [32mBuilding CXX object CMakeFiles/ur_dashboard_msgs__rosidl_typesupport_fastrtps_c.dir/rosidl_typesupport_fastrtps_c/ur_dashboard_msgs/msg/detail/program_state__type_support_c.cpp.o[0m
[93.263s] [ 74%] [32mBuilding CXX object CMakeFiles/ur_dashboard_msgs__rosidl_typesupport_fastrtps_c.dir/rosidl_typesupport_fastrtps_c/ur_dashboard_msgs/msg/detail/robot_mode__type_support_c.cpp.o[0m
[94.337s] [ 75%] [32mBuilding CXX object CMakeFiles/ur_dashboard_msgs__rosidl_typesupport_fastrtps_c.dir/rosidl_typesupport_fastrtps_c/ur_dashboard_msgs/msg/detail/safety_mode__type_support_c.cpp.o[0m
[95.442s] [ 76%] [32mBuilding CXX object CMakeFiles/ur_dashboard_msgs__rosidl_typesupport_fastrtps_c.dir/rosidl_typesupport_fastrtps_c/ur_dashboard_msgs/srv/detail/add_to_log__type_support_c.cpp.o[0m
[96.591s] [ 77%] [32mBuilding CXX object CMakeFiles/ur_dashboard_msgs__rosidl_typesupport_fastrtps_c.dir/rosidl_typesupport_fastrtps_c/ur_dashboard_msgs/srv/detail/get_loaded_program__type_support_c.cpp.o[0m
[97.735s] [ 77%] [32mBuilding CXX object CMakeFiles/ur_dashboard_msgs__rosidl_typesupport_fastrtps_c.dir/rosidl_typesupport_fastrtps_c/ur_dashboard_msgs/srv/detail/get_program_state__type_support_c.cpp.o[0m
[98.948s] [ 78%] [32mBuilding CXX object CMakeFiles/ur_dashboard_msgs__rosidl_typesupport_fastrtps_c.dir/rosidl_typesupport_fastrtps_c/ur_dashboard_msgs/srv/detail/get_robot_mode__type_support_c.cpp.o[0m
[100.104s] [ 79%] [32mBuilding CXX object CMakeFiles/ur_dashboard_msgs__rosidl_typesupport_fastrtps_c.dir/rosidl_typesupport_fastrtps_c/ur_dashboard_msgs/srv/detail/get_safety_mode__type_support_c.cpp.o[0m
[101.269s] [ 80%] [32mBuilding CXX object CMakeFiles/ur_dashboard_msgs__rosidl_typesupport_fastrtps_c.dir/rosidl_typesupport_fastrtps_c/ur_dashboard_msgs/srv/detail/is_program_running__type_support_c.cpp.o[0m
[102.386s] [ 80%] [32mBuilding CXX object CMakeFiles/ur_dashboard_msgs__rosidl_typesupport_fastrtps_c.dir/rosidl_typesupport_fastrtps_c/ur_dashboard_msgs/srv/detail/is_program_saved__type_support_c.cpp.o[0m
[103.552s] [ 81%] [32mBuilding CXX object CMakeFiles/ur_dashboard_msgs__rosidl_typesupport_fastrtps_c.dir/rosidl_typesupport_fastrtps_c/ur_dashboard_msgs/srv/detail/load__type_support_c.cpp.o[0m
[104.688s] [ 82%] [32mBuilding CXX object CMakeFiles/ur_dashboard_msgs__rosidl_typesupport_fastrtps_c.dir/rosidl_typesupport_fastrtps_c/ur_dashboard_msgs/srv/detail/popup__type_support_c.cpp.o[0m
[105.934s] [ 83%] [32mBuilding CXX object CMakeFiles/ur_dashboard_msgs__rosidl_typesupport_fastrtps_c.dir/rosidl_typesupport_fastrtps_c/ur_dashboard_msgs/srv/detail/raw_request__type_support_c.cpp.o[0m
[107.136s] [ 83%] [32mBuilding CXX object CMakeFiles/ur_dashboard_msgs__rosidl_typesupport_fastrtps_c.dir/rosidl_typesupport_fastrtps_c/ur_dashboard_msgs/action/detail/set_mode__type_support_c.cpp.o[0m
[108.384s] [ 84%] [32m[1mLinking CXX shared library libur_dashboard_msgs__rosidl_typesupport_fastrtps_c.so[0m
[108.848s] [ 84%] Built target ur_dashboard_msgs__rosidl_typesupport_fastrtps_c
[108.877s] [35m[1mScanning dependencies of target ur_dashboard_msgs[0m
[108.903s] [ 84%] Built target ur_dashboard_msgs
[108.931s] [35m[1mScanning dependencies of target ur_dashboard_msgs__py[0m
[108.961s] [ 85%] [34m[1mGenerating Python code for ROS interfaces[0m
[119.647s] [ 85%] Built target ur_dashboard_msgs__py
[119.675s] [35m[1mScanning dependencies of target ur_dashboard_msgs__python[0m
[119.843s] [ 86%] [32mBuilding C object CMakeFiles/ur_dashboard_msgs__python.dir/rosidl_generator_py/ur_dashboard_msgs/msg/_program_state_s.c.o[0m
[120.194s] [ 86%] [32mBuilding C object CMakeFiles/ur_dashboard_msgs__python.dir/rosidl_generator_py/ur_dashboard_msgs/msg/_robot_mode_s.c.o[0m
[120.545s] [ 87%] [32mBuilding C object CMakeFiles/ur_dashboard_msgs__python.dir/rosidl_generator_py/ur_dashboard_msgs/msg/_safety_mode_s.c.o[0m
[120.934s] [ 88%] [32mBuilding C object CMakeFiles/ur_dashboard_msgs__python.dir/rosidl_generator_py/ur_dashboard_msgs/srv/_add_to_log_s.c.o[0m
[121.322s] [ 89%] [32mBuilding C object CMakeFiles/ur_dashboard_msgs__python.dir/rosidl_generator_py/ur_dashboard_msgs/srv/_get_loaded_program_s.c.o[0m
[121.704s] [ 89%] [32mBuilding C object CMakeFiles/ur_dashboard_msgs__python.dir/rosidl_generator_py/ur_dashboard_msgs/srv/_get_program_state_s.c.o[0m
[122.085s] [ 90%] [32mBuilding C object CMakeFiles/ur_dashboard_msgs__python.dir/rosidl_generator_py/ur_dashboard_msgs/srv/_get_robot_mode_s.c.o[0m
[122.478s] [ 91%] [32mBuilding C object CMakeFiles/ur_dashboard_msgs__python.dir/rosidl_generator_py/ur_dashboard_msgs/srv/_get_safety_mode_s.c.o[0m
[122.853s] [ 92%] [32mBuilding C object CMakeFiles/ur_dashboard_msgs__python.dir/rosidl_generator_py/ur_dashboard_msgs/srv/_is_program_running_s.c.o[0m
[123.222s] [ 92%] [32mBuilding C object CMakeFiles/ur_dashboard_msgs__python.dir/rosidl_generator_py/ur_dashboard_msgs/srv/_is_program_saved_s.c.o[0m
[123.606s] [ 93%] [32mBuilding C object CMakeFiles/ur_dashboard_msgs__python.dir/rosidl_generator_py/ur_dashboard_msgs/srv/_load_s.c.o[0m
[123.987s] [ 94%] [32mBuilding C object CMakeFiles/ur_dashboard_msgs__python.dir/rosidl_generator_py/ur_dashboard_msgs/srv/_popup_s.c.o[0m
[124.382s] [ 95%] [32mBuilding C object CMakeFiles/ur_dashboard_msgs__python.dir/rosidl_generator_py/ur_dashboard_msgs/srv/_raw_request_s.c.o[0m
[124.767s] [ 95%] [32mBuilding C object CMakeFiles/ur_dashboard_msgs__python.dir/rosidl_generator_py/ur_dashboard_msgs/action/_set_mode_s.c.o[0m
[125.332s] [ 96%] [32m[1mLinking C shared library rosidl_generator_py/ur_dashboard_msgs/libur_dashboard_msgs__python.so[0m
[125.491s] [ 96%] Built target ur_dashboard_msgs__python
[125.519s] [35m[1mScanning dependencies of target ur_dashboard_msgs__rosidl_typesupport_c__pyext[0m
[125.592s] [ 97%] [32mBuilding C object CMakeFiles/ur_dashboard_msgs__rosidl_typesupport_c__pyext.dir/rosidl_generator_py/ur_dashboard_msgs/_ur_dashboard_msgs_s.ep.rosidl_typesupport_c.c.o[0m
[126.356s] [ 97%] [32m[1mLinking C shared library rosidl_generator_py/ur_dashboard_msgs/ur_dashboard_msgs_s__rosidl_typesupport_c.cpython-38-x86_64-linux-gnu.so[0m
[126.473s] [ 97%] Built target ur_dashboard_msgs__rosidl_typesupport_c__pyext
[126.499s] [35m[1mScanning dependencies of target ur_dashboard_msgs__rosidl_typesupport_introspection_c__pyext[0m
[126.592s] [ 98%] [32mBuilding C object CMakeFiles/ur_dashboard_msgs__rosidl_typesupport_introspection_c__pyext.dir/rosidl_generator_py/ur_dashboard_msgs/_ur_dashboard_msgs_s.ep.rosidl_typesupport_introspection_c.c.o[0m
[127.333s] [ 99%] [32m[1mLinking C shared library rosidl_generator_py/ur_dashboard_msgs/ur_dashboard_msgs_s__rosidl_typesupport_introspection_c.cpython-38-x86_64-linux-gnu.so[0m
[127.456s] [ 99%] Built target ur_dashboard_msgs__rosidl_typesupport_introspection_c__pyext
[127.483s] [35m[1mScanning dependencies of target ur_dashboard_msgs__rosidl_typesupport_fastrtps_c__pyext[0m
[127.575s] [100%] [32mBuilding C object CMakeFiles/ur_dashboard_msgs__rosidl_typesupport_fastrtps_c__pyext.dir/rosidl_generator_py/ur_dashboard_msgs/_ur_dashboard_msgs_s.ep.rosidl_typesupport_fastrtps_c.c.o[0m
[128.332s] [100%] [32m[1mLinking CXX shared library rosidl_generator_py/ur_dashboard_msgs/ur_dashboard_msgs_s__rosidl_typesupport_fastrtps_c.cpython-38-x86_64-linux-gnu.so[0m
[128.758s] [100%] Built target ur_dashboard_msgs__rosidl_typesupport_fastrtps_c__pyext
[128.789s] Invoked command in '/home/ubuntu/workspace/Velizar/robotics_v1/build/ur_dashboard_msgs' returned '0': CMAKE_PREFIX_PATH=/opt/ros/foxy PS1=[\u@\h \W]$(git_branch)$ /usr/bin/cmake --build /home/ubuntu/workspace/Velizar/robotics_v1/build/ur_dashboard_msgs -- -j2 -l2
[129.504s] Invoking command in '/home/ubuntu/workspace/Velizar/robotics_v1/build/ur_dashboard_msgs': CMAKE_PREFIX_PATH=/opt/ros/foxy PS1=[\u@\h \W]$(git_branch)$ /usr/bin/cmake --install /home/ubuntu/workspace/Velizar/robotics_v1/build/ur_dashboard_msgs
[129.533s] -- Install configuration: "Debug"
[129.535s] -- Execute custom install script
[129.537s] -- Symlinking: /home/ubuntu/workspace/Velizar/robotics_v1/install/ur_dashboard_msgs/share/ament_index/resource_index/rosidl_interfaces/ur_dashboard_msgs
[129.566s] -- Symlinking: /home/ubuntu/workspace/Velizar/robotics_v1/install/ur_dashboard_msgs/include/ur_dashboard_msgs/action/detail/set_mode__functions.h
[129.592s] -- Symlinking: /home/ubuntu/workspace/Velizar/robotics_v1/install/ur_dashboard_msgs/include/ur_dashboard_msgs/action/detail/set_mode__struct.h
[129.614s] -- Symlinking: /home/ubuntu/workspace/Velizar/robotics_v1/install/ur_dashboard_msgs/include/ur_dashboard_msgs/action/detail/set_mode__type_support.h
[129.638s] -- Symlinking: /home/ubuntu/workspace/Velizar/robotics_v1/install/ur_dashboard_msgs/include/ur_dashboard_msgs/action/set_mode.h
[129.662s] -- Symlinking: /home/ubuntu/workspace/Velizar/robotics_v1/install/ur_dashboard_msgs/include/ur_dashboard_msgs/msg/detail/program_state__functions.h
[129.689s] -- Symlinking: /home/ubuntu/workspace/Velizar/robotics_v1/install/ur_dashboard_msgs/include/ur_dashboard_msgs/msg/detail/program_state__struct.h
[129.712s] -- Symlinking: /home/ubuntu/workspace/Velizar/robotics_v1/install/ur_dashboard_msgs/include/ur_dashboard_msgs/msg/detail/program_state__type_support.h
[129.736s] -- Symlinking: /home/ubuntu/workspace/Velizar/robotics_v1/install/ur_dashboard_msgs/include/ur_dashboard_msgs/msg/detail/robot_mode__functions.h
[129.759s] -- Symlinking: /home/ubuntu/workspace/Velizar/robotics_v1/install/ur_dashboard_msgs/include/ur_dashboard_msgs/msg/detail/robot_mode__struct.h
[129.785s] -- Symlinking: /home/ubuntu/workspace/Velizar/robotics_v1/install/ur_dashboard_msgs/include/ur_dashboard_msgs/msg/detail/robot_mode__type_support.h
[129.810s] -- Symlinking: /home/ubuntu/workspace/Velizar/robotics_v1/install/ur_dashboard_msgs/include/ur_dashboard_msgs/msg/detail/safety_mode__functions.h
[129.832s] -- Symlinking: /home/ubuntu/workspace/Velizar/robotics_v1/install/ur_dashboard_msgs/include/ur_dashboard_msgs/msg/detail/safety_mode__struct.h
[129.856s] -- Symlinking: /home/ubuntu/workspace/Velizar/robotics_v1/install/ur_dashboard_msgs/include/ur_dashboard_msgs/msg/detail/safety_mode__type_support.h
[129.884s] -- Symlinking: /home/ubuntu/workspace/Velizar/robotics_v1/install/ur_dashboard_msgs/include/ur_dashboard_msgs/msg/program_state.h
[129.906s] -- Symlinking: /home/ubuntu/workspace/Velizar/robotics_v1/install/ur_dashboard_msgs/include/ur_dashboard_msgs/msg/robot_mode.h
[129.928s] -- Symlinking: /home/ubuntu/workspace/Velizar/robotics_v1/install/ur_dashboard_msgs/include/ur_dashboard_msgs/msg/rosidl_generator_c__visibility_control.h
[129.951s] -- Symlinking: /home/ubuntu/workspace/Velizar/robotics_v1/install/ur_dashboard_msgs/include/ur_dashboard_msgs/msg/safety_mode.h
[129.978s] -- Symlinking: /home/ubuntu/workspace/Velizar/robotics_v1/install/ur_dashboard_msgs/include/ur_dashboard_msgs/srv/add_to_log.h
[130.001s] -- Symlinking: /home/ubuntu/workspace/Velizar/robotics_v1/install/ur_dashboard_msgs/include/ur_dashboard_msgs/srv/detail/add_to_log__functions.h
[130.024s] -- Symlinking: /home/ubuntu/workspace/Velizar/robotics_v1/install/ur_dashboard_msgs/include/ur_dashboard_msgs/srv/detail/add_to_log__struct.h
[130.047s] -- Symlinking: /home/ubuntu/workspace/Velizar/robotics_v1/install/ur_dashboard_msgs/include/ur_dashboard_msgs/srv/detail/add_to_log__type_support.h
[130.074s] -- Symlinking: /home/ubuntu/workspace/Velizar/robotics_v1/install/ur_dashboard_msgs/include/ur_dashboard_msgs/srv/detail/get_loaded_program__functions.h
[130.102s] -- Symlinking: /home/ubuntu/workspace/Velizar/robotics_v1/install/ur_dashboard_msgs/include/ur_dashboard_msgs/srv/detail/get_loaded_program__struct.h
[130.130s] -- Symlinking: /home/ubuntu/workspace/Velizar/robotics_v1/install/ur_dashboard_msgs/include/ur_dashboard_msgs/srv/detail/get_loaded_program__type_support.h
[130.154s] -- Symlinking: /home/ubuntu/workspace/Velizar/robotics_v1/install/ur_dashboard_msgs/include/ur_dashboard_msgs/srv/detail/get_program_state__functions.h
[130.181s] -- Symlinking: /home/ubuntu/workspace/Velizar/robotics_v1/install/ur_dashboard_msgs/include/ur_dashboard_msgs/srv/detail/get_program_state__struct.h
[130.204s] -- Symlinking: /home/ubuntu/workspace/Velizar/robotics_v1/install/ur_dashboard_msgs/include/ur_dashboard_msgs/srv/detail/get_program_state__type_support.h
[130.226s] -- Symlinking: /home/ubuntu/workspace/Velizar/robotics_v1/install/ur_dashboard_msgs/include/ur_dashboard_msgs/srv/detail/get_robot_mode__functions.h
[130.252s] -- Symlinking: /home/ubuntu/workspace/Velizar/robotics_v1/install/ur_dashboard_msgs/include/ur_dashboard_msgs/srv/detail/get_robot_mode__struct.h
[130.279s] -- Symlinking: /home/ubuntu/workspace/Velizar/robotics_v1/install/ur_dashboard_msgs/include/ur_dashboard_msgs/srv/detail/get_robot_mode__type_support.h
[130.302s] -- Symlinking: /home/ubuntu/workspace/Velizar/robotics_v1/install/ur_dashboard_msgs/include/ur_dashboard_msgs/srv/detail/get_safety_mode__functions.h
[130.324s] -- Symlinking: /home/ubuntu/workspace/Velizar/robotics_v1/install/ur_dashboard_msgs/include/ur_dashboard_msgs/srv/detail/get_safety_mode__struct.h
[130.347s] -- Symlinking: /home/ubuntu/workspace/Velizar/robotics_v1/install/ur_dashboard_msgs/include/ur_dashboard_msgs/srv/detail/get_safety_mode__type_support.h
[130.375s] -- Symlinking: /home/ubuntu/workspace/Velizar/robotics_v1/install/ur_dashboard_msgs/include/ur_dashboard_msgs/srv/detail/is_program_running__functions.h
[130.398s] -- Symlinking: /home/ubuntu/workspace/Velizar/robotics_v1/install/ur_dashboard_msgs/include/ur_dashboard_msgs/srv/detail/is_program_running__struct.h
[130.420s] -- Symlinking: /home/ubuntu/workspace/Velizar/robotics_v1/install/ur_dashboard_msgs/include/ur_dashboard_msgs/srv/detail/is_program_running__type_support.h
[130.443s] -- Symlinking: /home/ubuntu/workspace/Velizar/robotics_v1/install/ur_dashboard_msgs/include/ur_dashboard_msgs/srv/detail/is_program_saved__functions.h
[130.472s] -- Symlinking: /home/ubuntu/workspace/Velizar/robotics_v1/install/ur_dashboard_msgs/include/ur_dashboard_msgs/srv/detail/is_program_saved__struct.h
[130.494s] -- Symlinking: /home/ubuntu/workspace/Velizar/robotics_v1/install/ur_dashboard_msgs/include/ur_dashboard_msgs/srv/detail/is_program_saved__type_support.h
[130.517s] -- Symlinking: /home/ubuntu/workspace/Velizar/robotics_v1/install/ur_dashboard_msgs/include/ur_dashboard_msgs/srv/detail/load__functions.h
[130.540s] -- Symlinking: /home/ubuntu/workspace/Velizar/robotics_v1/install/ur_dashboard_msgs/include/ur_dashboard_msgs/srv/detail/load__struct.h
[130.565s] -- Symlinking: /home/ubuntu/workspace/Velizar/robotics_v1/install/ur_dashboard_msgs/include/ur_dashboard_msgs/srv/detail/load__type_support.h
[130.589s] -- Symlinking: /home/ubuntu/workspace/Velizar/robotics_v1/install/ur_dashboard_msgs/include/ur_dashboard_msgs/srv/detail/popup__functions.h
[130.612s] -- Symlinking: /home/ubuntu/workspace/Velizar/robotics_v1/install/ur_dashboard_msgs/include/ur_dashboard_msgs/srv/detail/popup__struct.h
[130.634s] -- Symlinking: /home/ubuntu/workspace/Velizar/robotics_v1/install/ur_dashboard_msgs/include/ur_dashboard_msgs/srv/detail/popup__type_support.h
[130.659s] -- Symlinking: /home/ubuntu/workspace/Velizar/robotics_v1/install/ur_dashboard_msgs/include/ur_dashboard_msgs/srv/detail/raw_request__functions.h
[130.687s] -- Symlinking: /home/ubuntu/workspace/Velizar/robotics_v1/install/ur_dashboard_msgs/include/ur_dashboard_msgs/srv/detail/raw_request__struct.h
[130.711s] -- Symlinking: /home/ubuntu/workspace/Velizar/robotics_v1/install/ur_dashboard_msgs/include/ur_dashboard_msgs/srv/detail/raw_request__type_support.h
[130.737s] -- Symlinking: /home/ubuntu/workspace/Velizar/robotics_v1/install/ur_dashboard_msgs/include/ur_dashboard_msgs/srv/get_loaded_program.h
[130.763s] -- Symlinking: /home/ubuntu/workspace/Velizar/robotics_v1/install/ur_dashboard_msgs/include/ur_dashboard_msgs/srv/get_program_state.h
[130.788s] -- Symlinking: /home/ubuntu/workspace/Velizar/robotics_v1/install/ur_dashboard_msgs/include/ur_dashboard_msgs/srv/get_robot_mode.h
[130.809s] -- Symlinking: /home/ubuntu/workspace/Velizar/robotics_v1/install/ur_dashboard_msgs/include/ur_dashboard_msgs/srv/get_safety_mode.h
[130.830s] -- Symlinking: /home/ubuntu/workspace/Velizar/robotics_v1/install/ur_dashboard_msgs/include/ur_dashboard_msgs/srv/is_program_running.h
[130.851s] -- Symlinking: /home/ubuntu/workspace/Velizar/robotics_v1/install/ur_dashboard_msgs/include/ur_dashboard_msgs/srv/is_program_saved.h
[130.877s] -- Symlinking: /home/ubuntu/workspace/Velizar/robotics_v1/install/ur_dashboard_msgs/include/ur_dashboard_msgs/srv/load.h
[130.899s] -- Symlinking: /home/ubuntu/workspace/Velizar/robotics_v1/install/ur_dashboard_msgs/include/ur_dashboard_msgs/srv/popup.h
[130.920s] -- Symlinking: /home/ubuntu/workspace/Velizar/robotics_v1/install/ur_dashboard_msgs/include/ur_dashboard_msgs/srv/raw_request.h
[130.944s] -- Symlinking: /home/ubuntu/workspace/Velizar/robotics_v1/install/ur_dashboard_msgs/share/ur_dashboard_msgs/environment/library_path.sh
[130.974s] -- Symlinking: /home/ubuntu/workspace/Velizar/robotics_v1/install/ur_dashboard_msgs/share/ur_dashboard_msgs/environment/library_path.dsv
[130.999s] -- Symlinking: /home/ubuntu/workspace/Velizar/robotics_v1/install/ur_dashboard_msgs/include/ur_dashboard_msgs/action/detail/set_mode__rosidl_typesupport_fastrtps_c.h
[131.021s] -- Symlinking: /home/ubuntu/workspace/Velizar/robotics_v1/install/ur_dashboard_msgs/include/ur_dashboard_msgs/msg/detail/program_state__rosidl_typesupport_fastrtps_c.h
[131.043s] -- Symlinking: /home/ubuntu/workspace/Velizar/robotics_v1/install/ur_dashboard_msgs/include/ur_dashboard_msgs/msg/detail/robot_mode__rosidl_typesupport_fastrtps_c.h
[131.069s] -- Symlinking: /home/ubuntu/workspace/Velizar/robotics_v1/install/ur_dashboard_msgs/include/ur_dashboard_msgs/msg/detail/safety_mode__rosidl_typesupport_fastrtps_c.h
[131.097s] -- Symlinking: /home/ubuntu/workspace/Velizar/robotics_v1/install/ur_dashboard_msgs/include/ur_dashboard_msgs/msg/rosidl_typesupport_fastrtps_c__visibility_control.h
[131.119s] -- Symlinking: /home/ubuntu/workspace/Velizar/robotics_v1/install/ur_dashboard_msgs/include/ur_dashboard_msgs/srv/detail/add_to_log__rosidl_typesupport_fastrtps_c.h
[131.142s] -- Symlinking: /home/ubuntu/workspace/Velizar/robotics_v1/install/ur_dashboard_msgs/include/ur_dashboard_msgs/srv/detail/get_loaded_program__rosidl_typesupport_fastrtps_c.h
[131.167s] -- Symlinking: /home/ubuntu/workspace/Velizar/robotics_v1/install/ur_dashboard_msgs/include/ur_dashboard_msgs/srv/detail/get_program_state__rosidl_typesupport_fastrtps_c.h
[131.191s] -- Symlinking: /home/ubuntu/workspace/Velizar/robotics_v1/install/ur_dashboard_msgs/include/ur_dashboard_msgs/srv/detail/get_robot_mode__rosidl_typesupport_fastrtps_c.h
[131.212s] -- Symlinking: /home/ubuntu/workspace/Velizar/robotics_v1/install/ur_dashboard_msgs/include/ur_dashboard_msgs/srv/detail/get_safety_mode__rosidl_typesupport_fastrtps_c.h
[131.233s] -- Symlinking: /home/ubuntu/workspace/Velizar/robotics_v1/install/ur_dashboard_msgs/include/ur_dashboard_msgs/srv/detail/is_program_running__rosidl_typesupport_fastrtps_c.h
[131.255s] -- Symlinking: /home/ubuntu/workspace/Velizar/robotics_v1/install/ur_dashboard_msgs/include/ur_dashboard_msgs/srv/detail/is_program_saved__rosidl_typesupport_fastrtps_c.h
[131.281s] -- Symlinking: /home/ubuntu/workspace/Velizar/robotics_v1/install/ur_dashboard_msgs/include/ur_dashboard_msgs/srv/detail/load__rosidl_typesupport_fastrtps_c.h
[131.303s] -- Symlinking: /home/ubuntu/workspace/Velizar/robotics_v1/install/ur_dashboard_msgs/include/ur_dashboard_msgs/srv/detail/popup__rosidl_typesupport_fastrtps_c.h
[131.330s] -- Symlinking: /home/ubuntu/workspace/Velizar/robotics_v1/install/ur_dashboard_msgs/include/ur_dashboard_msgs/srv/detail/raw_request__rosidl_typesupport_fastrtps_c.h
[131.354s] -- Symlinking: /home/ubuntu/workspace/Velizar/robotics_v1/install/ur_dashboard_msgs/lib/libur_dashboard_msgs__rosidl_typesupport_fastrtps_c.so
[131.384s] -- Symlinking: /home/ubuntu/workspace/Velizar/robotics_v1/install/ur_dashboard_msgs/include/ur_dashboard_msgs/action/detail/set_mode__rosidl_typesupport_fastrtps_cpp.hpp
[131.407s] -- Symlinking: /home/ubuntu/workspace/Velizar/robotics_v1/install/ur_dashboard_msgs/include/ur_dashboard_msgs/msg/detail/program_state__rosidl_typesupport_fastrtps_cpp.hpp
[131.429s] -- Symlinking: /home/ubuntu/workspace/Velizar/robotics_v1/install/ur_dashboard_msgs/include/ur_dashboard_msgs/msg/detail/robot_mode__rosidl_typesupport_fastrtps_cpp.hpp
[131.452s] -- Symlinking: /home/ubuntu/workspace/Velizar/robotics_v1/install/ur_dashboard_msgs/include/ur_dashboard_msgs/msg/detail/safety_mode__rosidl_typesupport_fastrtps_cpp.hpp
[131.479s] -- Symlinking: /home/ubuntu/workspace/Velizar/robotics_v1/install/ur_dashboard_msgs/include/ur_dashboard_msgs/msg/rosidl_typesupport_fastrtps_cpp__visibility_control.h
[131.503s] -- Symlinking: /home/ubuntu/workspace/Velizar/robotics_v1/install/ur_dashboard_msgs/include/ur_dashboard_msgs/srv/detail/add_to_log__rosidl_typesupport_fastrtps_cpp.hpp
[131.524s] -- Symlinking: /home/ubuntu/workspace/Velizar/robotics_v1/install/ur_dashboard_msgs/include/ur_dashboard_msgs/srv/detail/get_loaded_program__rosidl_typesupport_fastrtps_cpp.hpp
[131.548s] -- Symlinking: /home/ubuntu/workspace/Velizar/robotics_v1/install/ur_dashboard_msgs/include/ur_dashboard_msgs/srv/detail/get_program_state__rosidl_typesupport_fastrtps_cpp.hpp
[131.574s] -- Symlinking: /home/ubuntu/workspace/Velizar/robotics_v1/install/ur_dashboard_msgs/include/ur_dashboard_msgs/srv/detail/get_robot_mode__rosidl_typesupport_fastrtps_cpp.hpp
[131.596s] -- Symlinking: /home/ubuntu/workspace/Velizar/robotics_v1/install/ur_dashboard_msgs/include/ur_dashboard_msgs/srv/detail/get_safety_mode__rosidl_typesupport_fastrtps_cpp.hpp
[131.618s] -- Symlinking: /home/ubuntu/workspace/Velizar/robotics_v1/install/ur_dashboard_msgs/include/ur_dashboard_msgs/srv/detail/is_program_running__rosidl_typesupport_fastrtps_cpp.hpp
[131.641s] -- Symlinking: /home/ubuntu/workspace/Velizar/robotics_v1/install/ur_dashboard_msgs/include/ur_dashboard_msgs/srv/detail/is_program_saved__rosidl_typesupport_fastrtps_cpp.hpp
[131.666s] -- Symlinking: /home/ubuntu/workspace/Velizar/robotics_v1/install/ur_dashboard_msgs/include/ur_dashboard_msgs/srv/detail/load__rosidl_typesupport_fastrtps_cpp.hpp
[131.689s] -- Symlinking: /home/ubuntu/workspace/Velizar/robotics_v1/install/ur_dashboard_msgs/include/ur_dashboard_msgs/srv/detail/popup__rosidl_typesupport_fastrtps_cpp.hpp
[131.712s] -- Symlinking: /home/ubuntu/workspace/Velizar/robotics_v1/install/ur_dashboard_msgs/include/ur_dashboard_msgs/srv/detail/raw_request__rosidl_typesupport_fastrtps_cpp.hpp
[131.735s] -- Symlinking: /home/ubuntu/workspace/Velizar/robotics_v1/install/ur_dashboard_msgs/lib/libur_dashboard_msgs__rosidl_typesupport_fastrtps_cpp.so
[131.759s] -- Symlinking: /home/ubuntu/workspace/Velizar/robotics_v1/install/ur_dashboard_msgs/include/ur_dashboard_msgs/action/detail/set_mode__rosidl_typesupport_introspection_c.h
[131.785s] -- Symlinking: /home/ubuntu/workspace/Velizar/robotics_v1/install/ur_dashboard_msgs/include/ur_dashboard_msgs/msg/detail/program_state__rosidl_typesupport_introspection_c.h
[131.807s] -- Symlinking: /home/ubuntu/workspace/Velizar/robotics_v1/install/ur_dashboard_msgs/include/ur_dashboard_msgs/msg/detail/robot_mode__rosidl_typesupport_introspection_c.h
[131.829s] -- Symlinking: /home/ubuntu/workspace/Velizar/robotics_v1/install/ur_dashboard_msgs/include/ur_dashboard_msgs/msg/detail/safety_mode__rosidl_typesupport_introspection_c.h
[131.852s] -- Symlinking: /home/ubuntu/workspace/Velizar/robotics_v1/install/ur_dashboard_msgs/include/ur_dashboard_msgs/msg/rosidl_typesupport_introspection_c__visibility_control.h
[131.878s] -- Symlinking: /home/ubuntu/workspace/Velizar/robotics_v1/install/ur_dashboard_msgs/include/ur_dashboard_msgs/srv/detail/add_to_log__rosidl_typesupport_introspection_c.h
[131.900s] -- Symlinking: /home/ubuntu/workspace/Velizar/robotics_v1/install/ur_dashboard_msgs/include/ur_dashboard_msgs/srv/detail/get_loaded_program__rosidl_typesupport_introspection_c.h
[131.926s] -- Symlinking: /home/ubuntu/workspace/Velizar/robotics_v1/install/ur_dashboard_msgs/include/ur_dashboard_msgs/srv/detail/get_program_state__rosidl_typesupport_introspection_c.h
[131.949s] -- Symlinking: /home/ubuntu/workspace/Velizar/robotics_v1/install/ur_dashboard_msgs/include/ur_dashboard_msgs/srv/detail/get_robot_mode__rosidl_typesupport_introspection_c.h
[131.976s] -- Symlinking: /home/ubuntu/workspace/Velizar/robotics_v1/install/ur_dashboard_msgs/include/ur_dashboard_msgs/srv/detail/get_safety_mode__rosidl_typesupport_introspection_c.h
[131.998s] -- Symlinking: /home/ubuntu/workspace/Velizar/robotics_v1/install/ur_dashboard_msgs/include/ur_dashboard_msgs/srv/detail/is_program_running__rosidl_typesupport_introspection_c.h
[132.020s] -- Symlinking: /home/ubuntu/workspace/Velizar/robotics_v1/install/ur_dashboard_msgs/include/ur_dashboard_msgs/srv/detail/is_program_saved__rosidl_typesupport_introspection_c.h
[132.042s] -- Symlinking: /home/ubuntu/workspace/Velizar/robotics_v1/install/ur_dashboard_msgs/include/ur_dashboard_msgs/srv/detail/load__rosidl_typesupport_introspection_c.h
[132.069s] -- Symlinking: /home/ubuntu/workspace/Velizar/robotics_v1/install/ur_dashboard_msgs/include/ur_dashboard_msgs/srv/detail/popup__rosidl_typesupport_introspection_c.h
[132.096s] -- Symlinking: /home/ubuntu/workspace/Velizar/robotics_v1/install/ur_dashboard_msgs/include/ur_dashboard_msgs/srv/detail/raw_request__rosidl_typesupport_introspection_c.h
[132.164s] -- Symlinking: /home/ubuntu/workspace/Velizar/robotics_v1/install/ur_dashboard_msgs/include/ur_dashboard_msgs/action/detail/set_mode__builder.hpp
[132.189s] -- Symlinking: /home/ubuntu/workspace/Velizar/robotics_v1/install/ur_dashboard_msgs/include/ur_dashboard_msgs/action/detail/set_mode__struct.hpp
[132.211s] -- Symlinking: /home/ubuntu/workspace/Velizar/robotics_v1/install/ur_dashboard_msgs/include/ur_dashboard_msgs/action/detail/set_mode__traits.hpp
[132.233s] -- Symlinking: /home/ubuntu/workspace/Velizar/robotics_v1/install/ur_dashboard_msgs/include/ur_dashboard_msgs/action/set_mode.hpp
[132.256s] -- Symlinking: /home/ubuntu/workspace/Velizar/robotics_v1/install/ur_dashboard_msgs/include/ur_dashboard_msgs/msg/detail/program_state__builder.hpp
[132.282s] -- Symlinking: /home/ubuntu/workspace/Velizar/robotics_v1/install/ur_dashboard_msgs/include/ur_dashboard_msgs/msg/detail/program_state__struct.hpp
[132.304s] -- Symlinking: /home/ubuntu/workspace/Velizar/robotics_v1/install/ur_dashboard_msgs/include/ur_dashboard_msgs/msg/detail/program_state__traits.hpp
[132.327s] -- Symlinking: /home/ubuntu/workspace/Velizar/robotics_v1/install/ur_dashboard_msgs/include/ur_dashboard_msgs/msg/detail/robot_mode__builder.hpp
[132.350s] -- Symlinking: /home/ubuntu/workspace/Velizar/robotics_v1/install/ur_dashboard_msgs/include/ur_dashboard_msgs/msg/detail/robot_mode__struct.hpp
[132.377s] -- Symlinking: /home/ubuntu/workspace/Velizar/robotics_v1/install/ur_dashboard_msgs/include/ur_dashboard_msgs/msg/detail/robot_mode__traits.hpp
[132.400s] -- Symlinking: /home/ubuntu/workspace/Velizar/robotics_v1/install/ur_dashboard_msgs/include/ur_dashboard_msgs/msg/detail/safety_mode__builder.hpp
[132.422s] -- Symlinking: /home/ubuntu/workspace/Velizar/robotics_v1/install/ur_dashboard_msgs/include/ur_dashboard_msgs/msg/detail/safety_mode__struct.hpp
[132.444s] -- Symlinking: /home/ubuntu/workspace/Velizar/robotics_v1/install/ur_dashboard_msgs/include/ur_dashboard_msgs/msg/detail/safety_mode__traits.hpp
[132.473s] -- Symlinking: /home/ubuntu/workspace/Velizar/robotics_v1/install/ur_dashboard_msgs/include/ur_dashboard_msgs/msg/program_state.hpp
[132.496s] -- Symlinking: /home/ubuntu/workspace/Velizar/robotics_v1/install/ur_dashboard_msgs/include/ur_dashboard_msgs/msg/robot_mode.hpp
[132.524s] -- Symlinking: /home/ubuntu/workspace/Velizar/robotics_v1/install/ur_dashboard_msgs/include/ur_dashboard_msgs/msg/safety_mode.hpp
[132.547s] -- Symlinking: /home/ubuntu/workspace/Velizar/robotics_v1/install/ur_dashboard_msgs/include/ur_dashboard_msgs/srv/add_to_log.hpp
[132.576s] -- Symlinking: /home/ubuntu/workspace/Velizar/robotics_v1/install/ur_dashboard_msgs/include/ur_dashboard_msgs/srv/detail/add_to_log__builder.hpp
[132.599s] -- Symlinking: /home/ubuntu/workspace/Velizar/robotics_v1/install/ur_dashboard_msgs/include/ur_dashboard_msgs/srv/detail/add_to_log__struct.hpp
[132.621s] -- Symlinking: /home/ubuntu/workspace/Velizar/robotics_v1/install/ur_dashboard_msgs/include/ur_dashboard_msgs/srv/detail/add_to_log__traits.hpp
[132.643s] -- Symlinking: /home/ubuntu/workspace/Velizar/robotics_v1/install/ur_dashboard_msgs/include/ur_dashboard_msgs/srv/detail/get_loaded_program__builder.hpp
[132.672s] -- Symlinking: /home/ubuntu/workspace/Velizar/robotics_v1/install/ur_dashboard_msgs/include/ur_dashboard_msgs/srv/detail/get_loaded_program__struct.hpp
[132.695s] -- Symlinking: /home/ubuntu/workspace/Velizar/robotics_v1/install/ur_dashboard_msgs/include/ur_dashboard_msgs/srv/detail/get_loaded_program__traits.hpp
[132.718s] -- Symlinking: /home/ubuntu/workspace/Velizar/robotics_v1/install/ur_dashboard_msgs/include/ur_dashboard_msgs/srv/detail/get_program_state__builder.hpp
[132.740s] -- Symlinking: /home/ubuntu/workspace/Velizar/robotics_v1/install/ur_dashboard_msgs/include/ur_dashboard_msgs/srv/detail/get_program_state__struct.hpp
[132.769s] -- Symlinking: /home/ubuntu/workspace/Velizar/robotics_v1/install/ur_dashboard_msgs/include/ur_dashboard_msgs/srv/detail/get_program_state__traits.hpp
[132.792s] -- Symlinking: /home/ubuntu/workspace/Velizar/robotics_v1/install/ur_dashboard_msgs/include/ur_dashboard_msgs/srv/detail/get_robot_mode__builder.hpp
[132.815s] -- Symlinking: /home/ubuntu/workspace/Velizar/robotics_v1/install/ur_dashboard_msgs/include/ur_dashboard_msgs/srv/detail/get_robot_mode__struct.hpp
[132.836s] -- Symlinking: /home/ubuntu/workspace/Velizar/robotics_v1/install/ur_dashboard_msgs/include/ur_dashboard_msgs/srv/detail/get_robot_mode__traits.hpp
[132.860s] -- Symlinking: /home/ubuntu/workspace/Velizar/robotics_v1/install/ur_dashboard_msgs/include/ur_dashboard_msgs/srv/detail/get_safety_mode__builder.hpp
[132.887s] -- Symlinking: /home/ubuntu/workspace/Velizar/robotics_v1/install/ur_dashboard_msgs/include/ur_dashboard_msgs/srv/detail/get_safety_mode__struct.hpp
[132.910s] -- Symlinking: /home/ubuntu/workspace/Velizar/robotics_v1/install/ur_dashboard_msgs/include/ur_dashboard_msgs/srv/detail/get_safety_mode__traits.hpp
[132.933s] -- Symlinking: /home/ubuntu/workspace/Velizar/robotics_v1/install/ur_dashboard_msgs/include/ur_dashboard_msgs/srv/detail/is_program_running__builder.hpp
[132.956s] -- Symlinking: /home/ubuntu/workspace/Velizar/robotics_v1/install/ur_dashboard_msgs/include/ur_dashboard_msgs/srv/detail/is_program_running__struct.hpp
[132.983s] -- Symlinking: /home/ubuntu/workspace/Velizar/robotics_v1/install/ur_dashboard_msgs/include/ur_dashboard_msgs/srv/detail/is_program_running__traits.hpp
[133.007s] -- Symlinking: /home/ubuntu/workspace/Velizar/robotics_v1/install/ur_dashboard_msgs/include/ur_dashboard_msgs/srv/detail/is_program_saved__builder.hpp
[133.029s] -- Symlinking: /home/ubuntu/workspace/Velizar/robotics_v1/install/ur_dashboard_msgs/include/ur_dashboard_msgs/srv/detail/is_program_saved__struct.hpp
[133.052s] -- Symlinking: /home/ubuntu/workspace/Velizar/robotics_v1/install/ur_dashboard_msgs/include/ur_dashboard_msgs/srv/detail/is_program_saved__traits.hpp
[133.079s] -- Symlinking: /home/ubuntu/workspace/Velizar/robotics_v1/install/ur_dashboard_msgs/include/ur_dashboard_msgs/srv/detail/load__builder.hpp
[133.108s] -- Symlinking: /home/ubuntu/workspace/Velizar/robotics_v1/install/ur_dashboard_msgs/include/ur_dashboard_msgs/srv/detail/load__struct.hpp
[133.135s] -- Symlinking: /home/ubuntu/workspace/Velizar/robotics_v1/install/ur_dashboard_msgs/include/ur_dashboard_msgs/srv/detail/load__traits.hpp
[133.160s] -- Symlinking: /home/ubuntu/workspace/Velizar/robotics_v1/install/ur_dashboard_msgs/include/ur_dashboard_msgs/srv/detail/popup__builder.hpp
[133.187s] -- Symlinking: /home/ubuntu/workspace/Velizar/robotics_v1/install/ur_dashboard_msgs/include/ur_dashboard_msgs/srv/detail/popup__struct.hpp
[133.210s] -- Symlinking: /home/ubuntu/workspace/Velizar/robotics_v1/install/ur_dashboard_msgs/include/ur_dashboard_msgs/srv/detail/popup__traits.hpp
[133.232s] -- Symlinking: /home/ubuntu/workspace/Velizar/robotics_v1/install/ur_dashboard_msgs/include/ur_dashboard_msgs/srv/detail/raw_request__builder.hpp
[133.255s] -- Symlinking: /home/ubuntu/workspace/Velizar/robotics_v1/install/ur_dashboard_msgs/include/ur_dashboard_msgs/srv/detail/raw_request__struct.hpp
[133.283s] -- Symlinking: /home/ubuntu/workspace/Velizar/robotics_v1/install/ur_dashboard_msgs/include/ur_dashboard_msgs/srv/detail/raw_request__traits.hpp
[133.306s] -- Symlinking: /home/ubuntu/workspace/Velizar/robotics_v1/install/ur_dashboard_msgs/include/ur_dashboard_msgs/srv/get_loaded_program.hpp
[133.328s] -- Symlinking: /home/ubuntu/workspace/Velizar/robotics_v1/install/ur_dashboard_msgs/include/ur_dashboard_msgs/srv/get_program_state.hpp
[133.350s] -- Symlinking: /home/ubuntu/workspace/Velizar/robotics_v1/install/ur_dashboard_msgs/include/ur_dashboard_msgs/srv/get_robot_mode.hpp
[133.380s] -- Symlinking: /home/ubuntu/workspace/Velizar/robotics_v1/install/ur_dashboard_msgs/include/ur_dashboard_msgs/srv/get_safety_mode.hpp
[133.402s] -- Symlinking: /home/ubuntu/workspace/Velizar/robotics_v1/install/ur_dashboard_msgs/include/ur_dashboard_msgs/srv/is_program_running.hpp
[133.424s] -- Symlinking: /home/ubuntu/workspace/Velizar/robotics_v1/install/ur_dashboard_msgs/include/ur_dashboard_msgs/srv/is_program_saved.hpp
[133.448s] -- Symlinking: /home/ubuntu/workspace/Velizar/robotics_v1/install/ur_dashboard_msgs/include/ur_dashboard_msgs/srv/load.hpp
[133.476s] -- Symlinking: /home/ubuntu/workspace/Velizar/robotics_v1/install/ur_dashboard_msgs/include/ur_dashboard_msgs/srv/popup.hpp
[133.499s] -- Symlinking: /home/ubuntu/workspace/Velizar/robotics_v1/install/ur_dashboard_msgs/include/ur_dashboard_msgs/srv/raw_request.hpp
[133.524s] -- Symlinking: /home/ubuntu/workspace/Velizar/robotics_v1/install/ur_dashboard_msgs/include/ur_dashboard_msgs/action/detail/set_mode__rosidl_typesupport_introspection_cpp.hpp
[133.548s] -- Symlinking: /home/ubuntu/workspace/Velizar/robotics_v1/install/ur_dashboard_msgs/include/ur_dashboard_msgs/msg/detail/program_state__rosidl_typesupport_introspection_cpp.hpp
[133.576s] -- Symlinking: /home/ubuntu/workspace/Velizar/robotics_v1/install/ur_dashboard_msgs/include/ur_dashboard_msgs/msg/detail/robot_mode__rosidl_typesupport_introspection_cpp.hpp
[133.598s] -- Symlinking: /home/ubuntu/workspace/Velizar/robotics_v1/install/ur_dashboard_msgs/include/ur_dashboard_msgs/msg/detail/safety_mode__rosidl_typesupport_introspection_cpp.hpp
[133.621s] -- Symlinking: /home/ubuntu/workspace/Velizar/robotics_v1/install/ur_dashboard_msgs/include/ur_dashboard_msgs/srv/detail/add_to_log__rosidl_typesupport_introspection_cpp.hpp
[133.644s] -- Symlinking: /home/ubuntu/workspace/Velizar/robotics_v1/install/ur_dashboard_msgs/include/ur_dashboard_msgs/srv/detail/get_loaded_program__rosidl_typesupport_introspection_cpp.hpp
[133.673s] -- Symlinking: /home/ubuntu/workspace/Velizar/robotics_v1/install/ur_dashboard_msgs/include/ur_dashboard_msgs/srv/detail/get_program_state__rosidl_typesupport_introspection_cpp.hpp
[133.696s] -- Symlinking: /home/ubuntu/workspace/Velizar/robotics_v1/install/ur_dashboard_msgs/include/ur_dashboard_msgs/srv/detail/get_robot_mode__rosidl_typesupport_introspection_cpp.hpp
[133.719s] -- Symlinking: /home/ubuntu/workspace/Velizar/robotics_v1/install/ur_dashboard_msgs/include/ur_dashboard_msgs/srv/detail/get_safety_mode__rosidl_typesupport_introspection_cpp.hpp
[133.742s] -- Symlinking: /home/ubuntu/workspace/Velizar/robotics_v1/install/ur_dashboard_msgs/include/ur_dashboard_msgs/srv/detail/is_program_running__rosidl_typesupport_introspection_cpp.hpp
[133.770s] -- Symlinking: /home/ubuntu/workspace/Velizar/robotics_v1/install/ur_dashboard_msgs/include/ur_dashboard_msgs/srv/detail/is_program_saved__rosidl_typesupport_introspection_cpp.hpp
[133.793s] -- Symlinking: /home/ubuntu/workspace/Velizar/robotics_v1/install/ur_dashboard_msgs/include/ur_dashboard_msgs/srv/detail/load__rosidl_typesupport_introspection_cpp.hpp
[133.816s] -- Symlinking: /home/ubuntu/workspace/Velizar/robotics_v1/install/ur_dashboard_msgs/include/ur_dashboard_msgs/srv/detail/popup__rosidl_typesupport_introspection_cpp.hpp
[133.839s] -- Symlinking: /home/ubuntu/workspace/Velizar/robotics_v1/install/ur_dashboard_msgs/include/ur_dashboard_msgs/srv/detail/raw_request__rosidl_typesupport_introspection_cpp.hpp
[133.864s] -- Symlinking: /home/ubuntu/workspace/Velizar/robotics_v1/install/ur_dashboard_msgs/share/ur_dashboard_msgs/environment/pythonpath.sh
[133.890s] -- Symlinking: /home/ubuntu/workspace/Velizar/robotics_v1/install/ur_dashboard_msgs/share/ur_dashboard_msgs/environment/pythonpath.dsv
[133.913s] -- Symlinking: /home/ubuntu/workspace/Velizar/robotics_v1/install/ur_dashboard_msgs/lib/python3.8/site-packages/ur_dashboard_msgs/__init__.py
[133.936s] -- Symlinking: /home/ubuntu/workspace/Velizar/robotics_v1/install/ur_dashboard_msgs/lib/python3.8/site-packages/ur_dashboard_msgs/msg/__init__.py
[133.960s] -- Symlinking: /home/ubuntu/workspace/Velizar/robotics_v1/install/ur_dashboard_msgs/lib/python3.8/site-packages/ur_dashboard_msgs/msg/_program_state.py
[133.988s] -- Symlinking: /home/ubuntu/workspace/Velizar/robotics_v1/install/ur_dashboard_msgs/lib/python3.8/site-packages/ur_dashboard_msgs/msg/_robot_mode.py
[134.010s] -- Symlinking: /home/ubuntu/workspace/Velizar/robotics_v1/install/ur_dashboard_msgs/lib/python3.8/site-packages/ur_dashboard_msgs/msg/_safety_mode.py
[134.034s] -- Symlinking: /home/ubuntu/workspace/Velizar/robotics_v1/install/ur_dashboard_msgs/lib/python3.8/site-packages/ur_dashboard_msgs/srv/__init__.py
[134.058s] -- Symlinking: /home/ubuntu/workspace/Velizar/robotics_v1/install/ur_dashboard_msgs/lib/python3.8/site-packages/ur_dashboard_msgs/srv/_add_to_log.py
[134.087s] -- Symlinking: /home/ubuntu/workspace/Velizar/robotics_v1/install/ur_dashboard_msgs/lib/python3.8/site-packages/ur_dashboard_msgs/srv/_get_loaded_program.py
[134.114s] -- Symlinking: /home/ubuntu/workspace/Velizar/robotics_v1/install/ur_dashboard_msgs/lib/python3.8/site-packages/ur_dashboard_msgs/srv/_get_program_state.py
[134.136s] -- Symlinking: /home/ubuntu/workspace/Velizar/robotics_v1/install/ur_dashboard_msgs/lib/python3.8/site-packages/ur_dashboard_msgs/srv/_get_robot_mode.py
[134.159s] -- Symlinking: /home/ubuntu/workspace/Velizar/robotics_v1/install/ur_dashboard_msgs/lib/python3.8/site-packages/ur_dashboard_msgs/srv/_get_safety_mode.py
[134.185s] -- Symlinking: /home/ubuntu/workspace/Velizar/robotics_v1/install/ur_dashboard_msgs/lib/python3.8/site-packages/ur_dashboard_msgs/srv/_is_program_running.py
[134.207s] -- Symlinking: /home/ubuntu/workspace/Velizar/robotics_v1/install/ur_dashboard_msgs/lib/python3.8/site-packages/ur_dashboard_msgs/srv/_is_program_saved.py
[134.229s] -- Symlinking: /home/ubuntu/workspace/Velizar/robotics_v1/install/ur_dashboard_msgs/lib/python3.8/site-packages/ur_dashboard_msgs/srv/_load.py
[134.251s] -- Symlinking: /home/ubuntu/workspace/Velizar/robotics_v1/install/ur_dashboard_msgs/lib/python3.8/site-packages/ur_dashboard_msgs/srv/_popup.py
[134.278s] -- Symlinking: /home/ubuntu/workspace/Velizar/robotics_v1/install/ur_dashboard_msgs/lib/python3.8/site-packages/ur_dashboard_msgs/srv/_raw_request.py
[134.300s] -- Symlinking: /home/ubuntu/workspace/Velizar/robotics_v1/install/ur_dashboard_msgs/lib/python3.8/site-packages/ur_dashboard_msgs/action/__init__.py
[134.323s] -- Symlinking: /home/ubuntu/workspace/Velizar/robotics_v1/install/ur_dashboard_msgs/lib/python3.8/site-packages/ur_dashboard_msgs/action/_set_mode.py
[134.345s] -- Symlinking: /home/ubuntu/workspace/Velizar/robotics_v1/install/ur_dashboard_msgs/lib/python3.8/site-packages/ur_dashboard_msgs/ur_dashboard_msgs_s__rosidl_typesupport_fastrtps_c.cpython-38-x86_64-linux-gnu.so
[134.374s] -- Symlinking: /home/ubuntu/workspace/Velizar/robotics_v1/install/ur_dashboard_msgs/lib/python3.8/site-packages/ur_dashboard_msgs/ur_dashboard_msgs_s__rosidl_typesupport_introspection_c.cpython-38-x86_64-linux-gnu.so
[134.397s] -- Symlinking: /home/ubuntu/workspace/Velizar/robotics_v1/install/ur_dashboard_msgs/lib/python3.8/site-packages/ur_dashboard_msgs/ur_dashboard_msgs_s__rosidl_typesupport_c.cpython-38-x86_64-linux-gnu.so
[134.420s] -- Symlinking: /home/ubuntu/workspace/Velizar/robotics_v1/install/ur_dashboard_msgs/lib/libur_dashboard_msgs__python.so
[134.443s] -- Symlinking: /home/ubuntu/workspace/Velizar/robotics_v1/install/ur_dashboard_msgs/share/ur_dashboard_msgs/msg/ProgramState.idl
[134.471s] -- Symlinking: /home/ubuntu/workspace/Velizar/robotics_v1/install/ur_dashboard_msgs/share/ur_dashboard_msgs/msg/RobotMode.idl
[134.494s] -- Symlinking: /home/ubuntu/workspace/Velizar/robotics_v1/install/ur_dashboard_msgs/share/ur_dashboard_msgs/msg/SafetyMode.idl
[134.517s] -- Symlinking: /home/ubuntu/workspace/Velizar/robotics_v1/install/ur_dashboard_msgs/share/ur_dashboard_msgs/srv/AddToLog.idl
[134.541s] -- Symlinking: /home/ubuntu/workspace/Velizar/robotics_v1/install/ur_dashboard_msgs/share/ur_dashboard_msgs/srv/GetLoadedProgram.idl
[134.568s] -- Symlinking: /home/ubuntu/workspace/Velizar/robotics_v1/install/ur_dashboard_msgs/share/ur_dashboard_msgs/srv/GetProgramState.idl
[134.592s] -- Symlinking: /home/ubuntu/workspace/Velizar/robotics_v1/install/ur_dashboard_msgs/share/ur_dashboard_msgs/srv/GetRobotMode.idl
[134.614s] -- Symlinking: /home/ubuntu/workspace/Velizar/robotics_v1/install/ur_dashboard_msgs/share/ur_dashboard_msgs/srv/GetSafetyMode.idl
[134.636s] -- Symlinking: /home/ubuntu/workspace/Velizar/robotics_v1/install/ur_dashboard_msgs/share/ur_dashboard_msgs/srv/IsProgramRunning.idl
[134.658s] -- Symlinking: /home/ubuntu/workspace/Velizar/robotics_v1/install/ur_dashboard_msgs/share/ur_dashboard_msgs/srv/IsProgramSaved.idl
[134.686s] -- Symlinking: /home/ubuntu/workspace/Velizar/robotics_v1/install/ur_dashboard_msgs/share/ur_dashboard_msgs/srv/Load.idl
[134.709s] -- Symlinking: /home/ubuntu/workspace/Velizar/robotics_v1/install/ur_dashboard_msgs/share/ur_dashboard_msgs/srv/Popup.idl
[134.732s] -- Symlinking: /home/ubuntu/workspace/Velizar/robotics_v1/install/ur_dashboard_msgs/share/ur_dashboard_msgs/srv/RawRequest.idl
[134.755s] -- Symlinking: /home/ubuntu/workspace/Velizar/robotics_v1/install/ur_dashboard_msgs/share/ur_dashboard_msgs/action/SetMode.idl
[134.782s] -- Symlinking: /home/ubuntu/workspace/Velizar/robotics_v1/install/ur_dashboard_msgs/share/ur_dashboard_msgs/msg/ProgramState.msg
[134.805s] -- Symlinking: /home/ubuntu/workspace/Velizar/robotics_v1/install/ur_dashboard_msgs/share/ur_dashboard_msgs/msg/RobotMode.msg
[134.827s] -- Symlinking: /home/ubuntu/workspace/Velizar/robotics_v1/install/ur_dashboard_msgs/share/ur_dashboard_msgs/msg/SafetyMode.msg
[134.850s] -- Symlinking: /home/ubuntu/workspace/Velizar/robotics_v1/install/ur_dashboard_msgs/share/ur_dashboard_msgs/srv/AddToLog.srv
[134.878s] -- Symlinking: /home/ubuntu/workspace/Velizar/robotics_v1/install/ur_dashboard_msgs/share/ur_dashboard_msgs/srv/AddToLog_Request.msg
[134.901s] -- Symlinking: /home/ubuntu/workspace/Velizar/robotics_v1/install/ur_dashboard_msgs/share/ur_dashboard_msgs/srv/AddToLog_Response.msg
[134.924s] -- Symlinking: /home/ubuntu/workspace/Velizar/robotics_v1/install/ur_dashboard_msgs/share/ur_dashboard_msgs/srv/GetLoadedProgram.srv
[134.948s] -- Symlinking: /home/ubuntu/workspace/Velizar/robotics_v1/install/ur_dashboard_msgs/share/ur_dashboard_msgs/srv/GetLoadedProgram_Request.msg
[134.975s] -- Symlinking: /home/ubuntu/workspace/Velizar/robotics_v1/install/ur_dashboard_msgs/share/ur_dashboard_msgs/srv/GetLoadedProgram_Response.msg
[134.998s] -- Symlinking: /home/ubuntu/workspace/Velizar/robotics_v1/install/ur_dashboard_msgs/share/ur_dashboard_msgs/srv/GetProgramState.srv
[135.020s] -- Symlinking: /home/ubuntu/workspace/Velizar/robotics_v1/install/ur_dashboard_msgs/share/ur_dashboard_msgs/srv/GetProgramState_Request.msg
[135.044s] -- Symlinking: /home/ubuntu/workspace/Velizar/robotics_v1/install/ur_dashboard_msgs/share/ur_dashboard_msgs/srv/GetProgramState_Response.msg
[135.071s] -- Symlinking: /home/ubuntu/workspace/Velizar/robotics_v1/install/ur_dashboard_msgs/share/ur_dashboard_msgs/srv/GetRobotMode.srv
[135.100s] -- Symlinking: /home/ubuntu/workspace/Velizar/robotics_v1/install/ur_dashboard_msgs/share/ur_dashboard_msgs/srv/GetRobotMode_Request.msg
[135.123s] -- Symlinking: /home/ubuntu/workspace/Velizar/robotics_v1/install/ur_dashboard_msgs/share/ur_dashboard_msgs/srv/GetRobotMode_Response.msg
[135.146s] -- Symlinking: /home/ubuntu/workspace/Velizar/robotics_v1/install/ur_dashboard_msgs/share/ur_dashboard_msgs/srv/GetSafetyMode.srv
[135.172s] -- Symlinking: /home/ubuntu/workspace/Velizar/robotics_v1/install/ur_dashboard_msgs/share/ur_dashboard_msgs/srv/GetSafetyMode_Request.msg
[135.197s] -- Symlinking: /home/ubuntu/workspace/Velizar/robotics_v1/install/ur_dashboard_msgs/share/ur_dashboard_msgs/srv/GetSafetyMode_Response.msg
[135.219s] -- Symlinking: /home/ubuntu/workspace/Velizar/robotics_v1/install/ur_dashboard_msgs/share/ur_dashboard_msgs/srv/IsProgramRunning.srv
[135.242s] -- Symlinking: /home/ubuntu/workspace/Velizar/robotics_v1/install/ur_dashboard_msgs/share/ur_dashboard_msgs/srv/IsProgramRunning_Request.msg
[135.266s] -- Symlinking: /home/ubuntu/workspace/Velizar/robotics_v1/install/ur_dashboard_msgs/share/ur_dashboard_msgs/srv/IsProgramRunning_Response.msg
[135.292s] -- Symlinking: /home/ubuntu/workspace/Velizar/robotics_v1/install/ur_dashboard_msgs/share/ur_dashboard_msgs/srv/IsProgramSaved.srv
[135.315s] -- Symlinking: /home/ubuntu/workspace/Velizar/robotics_v1/install/ur_dashboard_msgs/share/ur_dashboard_msgs/srv/IsProgramSaved_Request.msg
[135.338s] -- Symlinking: /home/ubuntu/workspace/Velizar/robotics_v1/install/ur_dashboard_msgs/share/ur_dashboard_msgs/srv/IsProgramSaved_Response.msg
[135.361s] -- Symlinking: /home/ubuntu/workspace/Velizar/robotics_v1/install/ur_dashboard_msgs/share/ur_dashboard_msgs/srv/Load.srv
[135.389s] -- Symlinking: /home/ubuntu/workspace/Velizar/robotics_v1/install/ur_dashboard_msgs/share/ur_dashboard_msgs/srv/Load_Request.msg
[135.412s] -- Symlinking: /home/ubuntu/workspace/Velizar/robotics_v1/install/ur_dashboard_msgs/share/ur_dashboard_msgs/srv/Load_Response.msg
[135.434s] -- Symlinking: /home/ubuntu/workspace/Velizar/robotics_v1/install/ur_dashboard_msgs/share/ur_dashboard_msgs/srv/Popup.srv
[135.463s] -- Symlinking: /home/ubuntu/workspace/Velizar/robotics_v1/install/ur_dashboard_msgs/share/ur_dashboard_msgs/srv/Popup_Request.msg
[135.484s] -- Symlinking: /home/ubuntu/workspace/Velizar/robotics_v1/install/ur_dashboard_msgs/share/ur_dashboard_msgs/srv/Popup_Response.msg
[135.509s] -- Symlinking: /home/ubuntu/workspace/Velizar/robotics_v1/install/ur_dashboard_msgs/share/ur_dashboard_msgs/srv/RawRequest.srv
[135.533s] -- Symlinking: /home/ubuntu/workspace/Velizar/robotics_v1/install/ur_dashboard_msgs/share/ur_dashboard_msgs/srv/RawRequest_Request.msg
[135.556s] -- Symlinking: /home/ubuntu/workspace/Velizar/robotics_v1/install/ur_dashboard_msgs/share/ur_dashboard_msgs/srv/RawRequest_Response.msg
[135.583s] -- Symlinking: /home/ubuntu/workspace/Velizar/robotics_v1/install/ur_dashboard_msgs/share/ur_dashboard_msgs/action/SetMode.action
[135.606s] -- Symlinking: /home/ubuntu/workspace/Velizar/robotics_v1/install/ur_dashboard_msgs/share/ament_index/resource_index/package_run_dependencies/ur_dashboard_msgs
[135.629s] -- Symlinking: /home/ubuntu/workspace/Velizar/robotics_v1/install/ur_dashboard_msgs/share/ament_index/resource_index/parent_prefix_path/ur_dashboard_msgs
[135.652s] -- Symlinking: /home/ubuntu/workspace/Velizar/robotics_v1/install/ur_dashboard_msgs/share/ur_dashboard_msgs/environment/ament_prefix_path.sh
[135.676s] -- Symlinking: /home/ubuntu/workspace/Velizar/robotics_v1/install/ur_dashboard_msgs/share/ur_dashboard_msgs/environment/ament_prefix_path.dsv
[135.702s] -- Symlinking: /home/ubuntu/workspace/Velizar/robotics_v1/install/ur_dashboard_msgs/share/ur_dashboard_msgs/environment/path.sh
[135.730s] -- Symlinking: /home/ubuntu/workspace/Velizar/robotics_v1/install/ur_dashboard_msgs/share/ur_dashboard_msgs/environment/path.dsv
[135.753s] -- Symlinking: /home/ubuntu/workspace/Velizar/robotics_v1/install/ur_dashboard_msgs/share/ur_dashboard_msgs/local_setup.bash
[135.777s] -- Symlinking: /home/ubuntu/workspace/Velizar/robotics_v1/install/ur_dashboard_msgs/share/ur_dashboard_msgs/local_setup.sh
[135.802s] -- Symlinking: /home/ubuntu/workspace/Velizar/robotics_v1/install/ur_dashboard_msgs/share/ur_dashboard_msgs/local_setup.zsh
[135.824s] -- Symlinking: /home/ubuntu/workspace/Velizar/robotics_v1/install/ur_dashboard_msgs/share/ur_dashboard_msgs/local_setup.dsv
[135.847s] -- Symlinking: /home/ubuntu/workspace/Velizar/robotics_v1/install/ur_dashboard_msgs/share/ur_dashboard_msgs/package.dsv
[135.871s] -- Symlinking: /home/ubuntu/workspace/Velizar/robotics_v1/install/ur_dashboard_msgs/share/ament_index/resource_index/packages/ur_dashboard_msgs
[135.897s] -- Symlinking: /home/ubuntu/workspace/Velizar/robotics_v1/install/ur_dashboard_msgs/share/ur_dashboard_msgs/cmake/rosidl_cmake-extras.cmake
[135.919s] -- Symlinking: /home/ubuntu/workspace/Velizar/robotics_v1/install/ur_dashboard_msgs/share/ur_dashboard_msgs/cmake/ament_cmake_export_dependencies-extras.cmake
[135.941s] -- Symlinking: /home/ubuntu/workspace/Velizar/robotics_v1/install/ur_dashboard_msgs/share/ur_dashboard_msgs/cmake/ament_cmake_export_libraries-extras.cmake
[135.964s] -- Symlinking: /home/ubuntu/workspace/Velizar/robotics_v1/install/ur_dashboard_msgs/share/ur_dashboard_msgs/cmake/ament_cmake_export_targets-extras.cmake
[135.994s] -- Symlinking: /home/ubuntu/workspace/Velizar/robotics_v1/install/ur_dashboard_msgs/share/ur_dashboard_msgs/cmake/ament_cmake_export_include_directories-extras.cmake
[136.016s] -- Symlinking: /home/ubuntu/workspace/Velizar/robotics_v1/install/ur_dashboard_msgs/share/ur_dashboard_msgs/cmake/rosidl_cmake_export_typesupport_libraries-extras.cmake
[136.039s] -- Symlinking: /home/ubuntu/workspace/Velizar/robotics_v1/install/ur_dashboard_msgs/share/ur_dashboard_msgs/cmake/rosidl_cmake_export_typesupport_targets-extras.cmake
[136.062s] -- Symlinking: /home/ubuntu/workspace/Velizar/robotics_v1/install/ur_dashboard_msgs/share/ur_dashboard_msgs/cmake/ur_dashboard_msgsConfig.cmake
[136.089s] -- Symlinking: /home/ubuntu/workspace/Velizar/robotics_v1/install/ur_dashboard_msgs/share/ur_dashboard_msgs/cmake/ur_dashboard_msgsConfig-version.cmake
[136.112s] -- Symlinking: /home/ubuntu/workspace/Velizar/robotics_v1/install/ur_dashboard_msgs/share/ur_dashboard_msgs/package.xml
[136.135s] -- Installing: /home/ubuntu/workspace/Velizar/robotics_v1/install/ur_dashboard_msgs/lib/libur_dashboard_msgs__rosidl_generator_c.so
[136.136s] -- Set runtime path of "/home/ubuntu/workspace/Velizar/robotics_v1/install/ur_dashboard_msgs/lib/libur_dashboard_msgs__rosidl_generator_c.so" to ""
[136.136s] -- Installing: /home/ubuntu/workspace/Velizar/robotics_v1/install/ur_dashboard_msgs/lib/libur_dashboard_msgs__rosidl_typesupport_introspection_c.so
[136.138s] -- Set runtime path of "/home/ubuntu/workspace/Velizar/robotics_v1/install/ur_dashboard_msgs/lib/libur_dashboard_msgs__rosidl_typesupport_introspection_c.so" to ""
[136.138s] -- Installing: /home/ubuntu/workspace/Velizar/robotics_v1/install/ur_dashboard_msgs/lib/libur_dashboard_msgs__rosidl_typesupport_c.so
[136.140s] -- Set runtime path of "/home/ubuntu/workspace/Velizar/robotics_v1/install/ur_dashboard_msgs/lib/libur_dashboard_msgs__rosidl_typesupport_c.so" to ""
[136.141s] -- Installing: /home/ubuntu/workspace/Velizar/robotics_v1/install/ur_dashboard_msgs/lib/libur_dashboard_msgs__rosidl_typesupport_introspection_cpp.so
[136.142s] -- Set runtime path of "/home/ubuntu/workspace/Velizar/robotics_v1/install/ur_dashboard_msgs/lib/libur_dashboard_msgs__rosidl_typesupport_introspection_cpp.so" to ""
[136.143s] -- Installing: /home/ubuntu/workspace/Velizar/robotics_v1/install/ur_dashboard_msgs/lib/libur_dashboard_msgs__rosidl_typesupport_cpp.so
[136.144s] -- Set runtime path of "/home/ubuntu/workspace/Velizar/robotics_v1/install/ur_dashboard_msgs/lib/libur_dashboard_msgs__rosidl_typesupport_cpp.so" to ""
[136.219s] Compiling '/home/ubuntu/workspace/Velizar/robotics_v1/install/ur_dashboard_msgs/lib/python3.8/site-packages/ur_dashboard_msgs/__init__.py'...
[136.230s] -- Installing: /home/ubuntu/workspace/Velizar/robotics_v1/install/ur_dashboard_msgs/share/ur_dashboard_msgs/cmake/ur_dashboard_msgs__rosidl_generator_cExport.cmake
[136.230s] -- Installing: /home/ubuntu/workspace/Velizar/robotics_v1/install/ur_dashboard_msgs/share/ur_dashboard_msgs/cmake/ur_dashboard_msgs__rosidl_generator_cExport-debug.cmake
[136.230s] -- Installing: /home/ubuntu/workspace/Velizar/robotics_v1/install/ur_dashboard_msgs/share/ur_dashboard_msgs/cmake/ur_dashboard_msgs__rosidl_typesupport_introspection_cExport.cmake
[136.231s] -- Installing: /home/ubuntu/workspace/Velizar/robotics_v1/install/ur_dashboard_msgs/share/ur_dashboard_msgs/cmake/ur_dashboard_msgs__rosidl_typesupport_introspection_cExport-debug.cmake
[136.231s] -- Installing: /home/ubuntu/workspace/Velizar/robotics_v1/install/ur_dashboard_msgs/share/ur_dashboard_msgs/cmake/ur_dashboard_msgs__rosidl_typesupport_cExport.cmake
[136.232s] -- Installing: /home/ubuntu/workspace/Velizar/robotics_v1/install/ur_dashboard_msgs/share/ur_dashboard_msgs/cmake/ur_dashboard_msgs__rosidl_typesupport_cExport-debug.cmake
[136.232s] -- Installing: /home/ubuntu/workspace/Velizar/robotics_v1/install/ur_dashboard_msgs/share/ur_dashboard_msgs/cmake/ur_dashboard_msgs__rosidl_generator_cppExport.cmake
[136.233s] -- Installing: /home/ubuntu/workspace/Velizar/robotics_v1/install/ur_dashboard_msgs/share/ur_dashboard_msgs/cmake/ur_dashboard_msgs__rosidl_typesupport_introspection_cppExport.cmake
[136.233s] -- Installing: /home/ubuntu/workspace/Velizar/robotics_v1/install/ur_dashboard_msgs/share/ur_dashboard_msgs/cmake/ur_dashboard_msgs__rosidl_typesupport_introspection_cppExport-debug.cmake
[136.234s] -- Installing: /home/ubuntu/workspace/Velizar/robotics_v1/install/ur_dashboard_msgs/share/ur_dashboard_msgs/cmake/ur_dashboard_msgs__rosidl_typesupport_cppExport.cmake
[136.234s] -- Installing: /home/ubuntu/workspace/Velizar/robotics_v1/install/ur_dashboard_msgs/share/ur_dashboard_msgs/cmake/ur_dashboard_msgs__rosidl_typesupport_cppExport-debug.cmake
[136.244s] Invoked command in '/home/ubuntu/workspace/Velizar/robotics_v1/build/ur_dashboard_msgs' returned '0': CMAKE_PREFIX_PATH=/opt/ros/foxy PS1=[\u@\h \W]$(git_branch)$ /usr/bin/cmake --install /home/ubuntu/workspace/Velizar/robotics_v1/build/ur_dashboard_msgs
