[0.059s] Invoking command in '/home/ubuntu/workspace/Velizar/robotics_v1/build/robo_collector_interfaces': CMAKE_PREFIX_PATH=/opt/ros/foxy PS1=[\u@\h \W]$(git_branch)$ /usr/bin/cmake /home/ubuntu/workspace/Velizar/robotics_v1/src/robo_collector/robo_collector_interfaces -DCMAKE_BUILD_TYPE=Debug -DCMAKE_CXX_COMPILER=/usr/bin/clang++ -DAMENT_CMAKE_SYMLINK_INSTALL=1 -DCMAKE_INSTALL_PREFIX=/home/ubuntu/workspace/Velizar/robotics_v1/install/robo_collector_interfaces
[0.276s] -- The C compiler identification is GNU 9.4.0
[0.617s] -- The CXX compiler identification is Clang 10.0.0
[0.633s] -- Check for working C compiler: /usr/bin/cc
[0.885s] -- Check for working C compiler: /usr/bin/cc -- works
[0.888s] -- Detecting C compiler ABI info
[1.139s] -- Detecting C compiler ABI info - done
[1.195s] -- Detecting C compile features
[1.196s] -- Detecting C compile features - done
[1.211s] -- Check for working CXX compiler: /usr/bin/clang++
[1.592s] -- Check for working CXX compiler: /usr/bin/clang++ -- works
[1.598s] -- Detecting CXX compiler ABI info
[1.992s] -- Detecting CXX compiler ABI info - done
[2.042s] -- Detecting CXX compile features
[2.043s] -- Detecting CXX compile features - done
[2.049s] -- Found ament_cmake: 0.9.9 (/opt/ros/foxy/share/ament_cmake/cmake)
[2.114s] -- Found PythonInterp: /usr/bin/python3 (found suitable version "3.8.10", minimum required is "3") 
[2.114s] -- Using PYTHON_EXECUTABLE: /usr/bin/python3
[2.596s] -- Override CMake install command with custom implementation using symlinks instead of copying resources
[2.670s] -- Found rosidl_default_generators: 1.0.1 (/opt/ros/foxy/share/rosidl_default_generators/cmake)
[2.681s] -- Using all available rosidl_typesupport_c: rosidl_typesupport_fastrtps_c;rosidl_typesupport_introspection_c
[2.712s] -- Found rosidl_adapter: 1.2.1 (/opt/ros/foxy/share/rosidl_adapter/cmake)
[3.043s] -- Found OpenSSL: /usr/lib/x86_64-linux-gnu/libcrypto.so (found version "1.1.1f")  
[3.146s] -- Found FastRTPS: /opt/ros/foxy/include  
[3.460s] -- Using all available rosidl_typesupport_cpp: rosidl_typesupport_fastrtps_cpp;rosidl_typesupport_introspection_cpp
[3.639s] -- Found PythonInterp: /usr/bin/python3 (found version "3.8.10") 
[3.966s] -- Found ament_cmake_ros: 0.9.2 (/opt/ros/foxy/share/ament_cmake_ros/cmake)
[4.314s] -- Using all available rosidl_typesupport_c: rosidl_typesupport_fastrtps_c;rosidl_typesupport_introspection_c
[4.351s] -- Using all available rosidl_typesupport_cpp: rosidl_typesupport_fastrtps_cpp;rosidl_typesupport_introspection_cpp
[4.412s] -- Found PythonInterp: /usr/bin/python3 (found suitable version "3.8.10", minimum required is "3.5") 
[4.417s] -- Found python_cmake_module: 0.8.1 (/opt/ros/foxy/share/python_cmake_module/cmake)
[4.495s] -- Found PythonLibs: /usr/lib/x86_64-linux-gnu/libpython3.8.so (found suitable version "3.8.10", minimum required is "3.5") 
[4.496s] -- Using PYTHON_EXECUTABLE: /usr/bin/python3
[4.496s] -- Using PYTHON_INCLUDE_DIRS: /usr/include/python3.8
[4.497s] -- Using PYTHON_LIBRARIES: /usr/lib/x86_64-linux-gnu/libpython3.8.so
[4.551s] -- Found PythonExtra: .so  
[4.716s] -- Configuring done
[4.855s] -- Generating done
[4.870s] -- Build files have been written to: /home/ubuntu/workspace/Velizar/robotics_v1/build/robo_collector_interfaces
[4.895s] Invoked command in '/home/ubuntu/workspace/Velizar/robotics_v1/build/robo_collector_interfaces' returned '0': CMAKE_PREFIX_PATH=/opt/ros/foxy PS1=[\u@\h \W]$(git_branch)$ /usr/bin/cmake /home/ubuntu/workspace/Velizar/robotics_v1/src/robo_collector/robo_collector_interfaces -DCMAKE_BUILD_TYPE=Debug -DCMAKE_CXX_COMPILER=/usr/bin/clang++ -DAMENT_CMAKE_SYMLINK_INSTALL=1 -DCMAKE_INSTALL_PREFIX=/home/ubuntu/workspace/Velizar/robotics_v1/install/robo_collector_interfaces
[4.898s] Invoking command in '/home/ubuntu/workspace/Velizar/robotics_v1/build/robo_collector_interfaces': CMAKE_PREFIX_PATH=/opt/ros/foxy PS1=[\u@\h \W]$(git_branch)$ /usr/bin/cmake --build /home/ubuntu/workspace/Velizar/robotics_v1/build/robo_collector_interfaces -- -j2 -l2
[5.023s] [  2%] [34m[1mGenerating C code for ROS interfaces[0m
[5.063s] [35m[1mScanning dependencies of target robo_collector_interfaces__cpp[0m
[5.135s] [  5%] [34m[1mGenerating C++ code for ROS interfaces[0m
[6.774s] [35m[1mScanning dependencies of target robo_collector_interfaces__rosidl_generator_c[0m
[6.849s] [  7%] [32mBuilding C object CMakeFiles/robo_collector_interfaces__rosidl_generator_c.dir/rosidl_generator_c/robo_collector_interfaces/msg/detail/robot_move_type__functions.c.o[0m
[7.030s] [  7%] Built target robo_collector_interfaces__cpp
[7.078s] [ 10%] [34m[1mGenerating C++ introspection for ROS interfaces[0m
[7.110s] [ 12%] [32mBuilding C object CMakeFiles/robo_collector_interfaces__rosidl_generator_c.dir/rosidl_generator_c/robo_collector_interfaces/msg/detail/user_authenticate__functions.c.o[0m
[7.409s] [ 15%] [32m[1mLinking C shared library librobo_collector_interfaces__rosidl_generator_c.so[0m
[7.656s] [ 15%] Built target robo_collector_interfaces__rosidl_generator_c
[7.736s] [ 17%] [34m[1mGenerating C++ type support for eProsima Fast-RTPS[0m
[8.695s] [35m[1mScanning dependencies of target robo_collector_interfaces__rosidl_typesupport_introspection_cpp[0m
[8.791s] [ 20%] [32mBuilding CXX object CMakeFiles/robo_collector_interfaces__rosidl_typesupport_introspection_cpp.dir/rosidl_typesupport_introspection_cpp/robo_collector_interfaces/msg/detail/robot_move_type__type_support.cpp.o[0m
[9.585s] [35m[1mScanning dependencies of target robo_collector_interfaces__rosidl_typesupport_fastrtps_cpp[0m
[9.634s] [ 23%] [32mBuilding CXX object CMakeFiles/robo_collector_interfaces__rosidl_typesupport_fastrtps_cpp.dir/rosidl_typesupport_fastrtps_cpp/robo_collector_interfaces/msg/detail/dds_fastrtps/robot_move_type__type_support.cpp.o[0m
[10.568s] [ 25%] [32mBuilding CXX object CMakeFiles/robo_collector_interfaces__rosidl_typesupport_introspection_cpp.dir/rosidl_typesupport_introspection_cpp/robo_collector_interfaces/msg/detail/user_authenticate__type_support.cpp.o[0m
[12.308s] [ 28%] [32m[1mLinking CXX shared library librobo_collector_interfaces__rosidl_typesupport_introspection_cpp.so[0m
[12.314s] [ 30%] [32mBuilding CXX object CMakeFiles/robo_collector_interfaces__rosidl_typesupport_fastrtps_cpp.dir/rosidl_typesupport_fastrtps_cpp/robo_collector_interfaces/msg/detail/dds_fastrtps/user_authenticate__type_support.cpp.o[0m
[12.820s] [ 30%] Built target robo_collector_interfaces__rosidl_typesupport_introspection_cpp
[12.913s] [ 33%] [34m[1mGenerating C introspection for ROS interfaces[0m
[14.728s] [35m[1mScanning dependencies of target robo_collector_interfaces__rosidl_typesupport_introspection_c[0m
[14.770s] [ 35%] [32m[1mLinking CXX shared library librobo_collector_interfaces__rosidl_typesupport_fastrtps_cpp.so[0m
[14.823s] [ 38%] [32mBuilding C object CMakeFiles/robo_collector_interfaces__rosidl_typesupport_introspection_c.dir/rosidl_typesupport_introspection_c/robo_collector_interfaces/msg/detail/robot_move_type__type_support.c.o[0m
[15.054s] [ 41%] [32mBuilding C object CMakeFiles/robo_collector_interfaces__rosidl_typesupport_introspection_c.dir/rosidl_typesupport_introspection_c/robo_collector_interfaces/msg/detail/user_authenticate__type_support.c.o[0m
[15.296s] [ 43%] [32m[1mLinking C shared library librobo_collector_interfaces__rosidl_typesupport_introspection_c.so[0m
[15.491s] [ 43%] Built target robo_collector_interfaces__rosidl_typesupport_fastrtps_cpp
[15.500s] [ 43%] Built target robo_collector_interfaces__rosidl_typesupport_introspection_c
[15.555s] [ 46%] [34m[1mGenerating C type support dispatch for ROS interfaces[0m
[15.555s] [ 48%] [34m[1mGenerating C++ type support dispatch for ROS interfaces[0m
[16.985s] [35m[1mScanning dependencies of target robo_collector_interfaces__rosidl_typesupport_cpp[0m
[17.020s] [ 51%] [32mBuilding CXX object CMakeFiles/robo_collector_interfaces__rosidl_typesupport_cpp.dir/rosidl_typesupport_cpp/robo_collector_interfaces/msg/robot_move_type__type_support.cpp.o[0m
[17.048s] [35m[1mScanning dependencies of target robo_collector_interfaces__rosidl_typesupport_c[0m
[17.132s] [ 53%] [32mBuilding CXX object CMakeFiles/robo_collector_interfaces__rosidl_typesupport_c.dir/rosidl_typesupport_c/robo_collector_interfaces/msg/robot_move_type__type_support.cpp.o[0m
[17.338s] [ 56%] [32mBuilding CXX object CMakeFiles/robo_collector_interfaces__rosidl_typesupport_c.dir/rosidl_typesupport_c/robo_collector_interfaces/msg/user_authenticate__type_support.cpp.o[0m
[17.546s] [ 58%] [32m[1mLinking CXX shared library librobo_collector_interfaces__rosidl_typesupport_c.so[0m
[18.083s] [ 58%] Built target robo_collector_interfaces__rosidl_typesupport_c
[18.131s] [ 61%] [32mBuilding CXX object CMakeFiles/robo_collector_interfaces__rosidl_typesupport_cpp.dir/rosidl_typesupport_cpp/robo_collector_interfaces/msg/user_authenticate__type_support.cpp.o[0m
[18.533s] [ 64%] [34m[1mGenerating C type support for eProsima Fast-RTPS[0m
[19.756s] [ 66%] [32m[1mLinking CXX shared library librobo_collector_interfaces__rosidl_typesupport_cpp.so[0m
[20.216s] [ 66%] Built target robo_collector_interfaces__rosidl_typesupport_cpp
[20.328s] [35m[1mScanning dependencies of target robo_collector_interfaces__rosidl_typesupport_fastrtps_c[0m
[20.428s] [ 69%] [32mBuilding CXX object CMakeFiles/robo_collector_interfaces__rosidl_typesupport_fastrtps_c.dir/rosidl_typesupport_fastrtps_c/robo_collector_interfaces/msg/detail/robot_move_type__type_support_c.cpp.o[0m
[20.451s] [ 71%] [32mBuilding CXX object CMakeFiles/robo_collector_interfaces__rosidl_typesupport_fastrtps_c.dir/rosidl_typesupport_fastrtps_c/robo_collector_interfaces/msg/detail/user_authenticate__type_support_c.cpp.o[0m
[22.694s] [ 74%] [32m[1mLinking CXX shared library librobo_collector_interfaces__rosidl_typesupport_fastrtps_c.so[0m
[23.227s] [ 74%] Built target robo_collector_interfaces__rosidl_typesupport_fastrtps_c
[23.254s] [35m[1mScanning dependencies of target robo_collector_interfaces[0m
[23.280s] [ 74%] Built target robo_collector_interfaces
[23.310s] [35m[1mScanning dependencies of target robo_collector_interfaces__py[0m
[23.346s] [ 76%] [34m[1mGenerating Python code for ROS interfaces[0m
[25.697s] [ 76%] Built target robo_collector_interfaces__py
[25.774s] [35m[1mScanning dependencies of target robo_collector_interfaces__python[0m
[25.930s] [ 79%] [32mBuilding C object CMakeFiles/robo_collector_interfaces__python.dir/rosidl_generator_py/robo_collector_interfaces/msg/_robot_move_type_s.c.o[0m
[25.964s] [ 82%] [32mBuilding C object CMakeFiles/robo_collector_interfaces__python.dir/rosidl_generator_py/robo_collector_interfaces/msg/_user_authenticate_s.c.o[0m
[26.707s] [ 84%] [32m[1mLinking C shared library rosidl_generator_py/robo_collector_interfaces/librobo_collector_interfaces__python.so[0m
[26.873s] [ 84%] Built target robo_collector_interfaces__python
[26.934s] [35m[1mScanning dependencies of target robo_collector_interfaces__rosidl_typesupport_c__pyext[0m
[26.948s] [35m[1mScanning dependencies of target robo_collector_interfaces__rosidl_typesupport_introspection_c__pyext[0m
[27.056s] [ 87%] [32mBuilding C object CMakeFiles/robo_collector_interfaces__rosidl_typesupport_introspection_c__pyext.dir/rosidl_generator_py/robo_collector_interfaces/_robo_collector_interfaces_s.ep.rosidl_typesupport_introspection_c.c.o[0m
[27.060s] [ 89%] [32mBuilding C object CMakeFiles/robo_collector_interfaces__rosidl_typesupport_c__pyext.dir/rosidl_generator_py/robo_collector_interfaces/_robo_collector_interfaces_s.ep.rosidl_typesupport_c.c.o[0m
[27.711s] [ 92%] [32m[1mLinking C shared library rosidl_generator_py/robo_collector_interfaces/robo_collector_interfaces_s__rosidl_typesupport_introspection_c.cpython-38-x86_64-linux-gnu.so[0m
[27.752s] [ 94%] [32m[1mLinking C shared library rosidl_generator_py/robo_collector_interfaces/robo_collector_interfaces_s__rosidl_typesupport_c.cpython-38-x86_64-linux-gnu.so[0m
[27.965s] [ 94%] Built target robo_collector_interfaces__rosidl_typesupport_introspection_c__pyext
[27.986s] [ 94%] Built target robo_collector_interfaces__rosidl_typesupport_c__pyext
[28.034s] [35m[1mScanning dependencies of target robo_collector_interfaces__rosidl_typesupport_fastrtps_c__pyext[0m
[28.157s] [ 97%] [32mBuilding C object CMakeFiles/robo_collector_interfaces__rosidl_typesupport_fastrtps_c__pyext.dir/rosidl_generator_py/robo_collector_interfaces/_robo_collector_interfaces_s.ep.rosidl_typesupport_fastrtps_c.c.o[0m
[28.694s] [100%] [32m[1mLinking CXX shared library rosidl_generator_py/robo_collector_interfaces/robo_collector_interfaces_s__rosidl_typesupport_fastrtps_c.cpython-38-x86_64-linux-gnu.so[0m
[29.282s] [100%] Built target robo_collector_interfaces__rosidl_typesupport_fastrtps_c__pyext
[29.329s] Invoked command in '/home/ubuntu/workspace/Velizar/robotics_v1/build/robo_collector_interfaces' returned '0': CMAKE_PREFIX_PATH=/opt/ros/foxy PS1=[\u@\h \W]$(git_branch)$ /usr/bin/cmake --build /home/ubuntu/workspace/Velizar/robotics_v1/build/robo_collector_interfaces -- -j2 -l2
[29.636s] Invoking command in '/home/ubuntu/workspace/Velizar/robotics_v1/build/robo_collector_interfaces': CMAKE_PREFIX_PATH=/opt/ros/foxy PS1=[\u@\h \W]$(git_branch)$ /usr/bin/cmake --install /home/ubuntu/workspace/Velizar/robotics_v1/build/robo_collector_interfaces
[29.686s] -- Install configuration: "Debug"
[29.694s] -- Execute custom install script
[29.695s] -- Symlinking: /home/ubuntu/workspace/Velizar/robotics_v1/install/robo_collector_interfaces/share/ament_index/resource_index/rosidl_interfaces/robo_collector_interfaces
[29.746s] -- Symlinking: /home/ubuntu/workspace/Velizar/robotics_v1/install/robo_collector_interfaces/include/robo_collector_interfaces/msg/detail/robot_move_type__functions.h
[29.782s] -- Symlinking: /home/ubuntu/workspace/Velizar/robotics_v1/install/robo_collector_interfaces/include/robo_collector_interfaces/msg/detail/robot_move_type__struct.h
[29.806s] -- Symlinking: /home/ubuntu/workspace/Velizar/robotics_v1/install/robo_collector_interfaces/include/robo_collector_interfaces/msg/detail/robot_move_type__type_support.h
[29.860s] -- Symlinking: /home/ubuntu/workspace/Velizar/robotics_v1/install/robo_collector_interfaces/include/robo_collector_interfaces/msg/detail/user_authenticate__functions.h
[29.896s] -- Symlinking: /home/ubuntu/workspace/Velizar/robotics_v1/install/robo_collector_interfaces/include/robo_collector_interfaces/msg/detail/user_authenticate__struct.h
[29.959s] -- Symlinking: /home/ubuntu/workspace/Velizar/robotics_v1/install/robo_collector_interfaces/include/robo_collector_interfaces/msg/detail/user_authenticate__type_support.h
[30.004s] -- Symlinking: /home/ubuntu/workspace/Velizar/robotics_v1/install/robo_collector_interfaces/include/robo_collector_interfaces/msg/robot_move_type.h
[30.053s] -- Symlinking: /home/ubuntu/workspace/Velizar/robotics_v1/install/robo_collector_interfaces/include/robo_collector_interfaces/msg/rosidl_generator_c__visibility_control.h
[30.110s] -- Symlinking: /home/ubuntu/workspace/Velizar/robotics_v1/install/robo_collector_interfaces/include/robo_collector_interfaces/msg/user_authenticate.h
[30.170s] -- Symlinking: /home/ubuntu/workspace/Velizar/robotics_v1/install/robo_collector_interfaces/share/robo_collector_interfaces/environment/library_path.sh
[30.219s] -- Symlinking: /home/ubuntu/workspace/Velizar/robotics_v1/install/robo_collector_interfaces/share/robo_collector_interfaces/environment/library_path.dsv
[30.271s] -- Symlinking: /home/ubuntu/workspace/Velizar/robotics_v1/install/robo_collector_interfaces/include/robo_collector_interfaces/msg/detail/robot_move_type__rosidl_typesupport_fastrtps_c.h
[30.329s] -- Symlinking: /home/ubuntu/workspace/Velizar/robotics_v1/install/robo_collector_interfaces/include/robo_collector_interfaces/msg/detail/user_authenticate__rosidl_typesupport_fastrtps_c.h
[30.392s] -- Symlinking: /home/ubuntu/workspace/Velizar/robotics_v1/install/robo_collector_interfaces/include/robo_collector_interfaces/msg/rosidl_typesupport_fastrtps_c__visibility_control.h
[30.446s] -- Symlinking: /home/ubuntu/workspace/Velizar/robotics_v1/install/robo_collector_interfaces/lib/librobo_collector_interfaces__rosidl_typesupport_fastrtps_c.so
[30.504s] -- Symlinking: /home/ubuntu/workspace/Velizar/robotics_v1/install/robo_collector_interfaces/include/robo_collector_interfaces/msg/detail/robot_move_type__rosidl_typesupport_fastrtps_cpp.hpp
[30.555s] -- Symlinking: /home/ubuntu/workspace/Velizar/robotics_v1/install/robo_collector_interfaces/include/robo_collector_interfaces/msg/detail/user_authenticate__rosidl_typesupport_fastrtps_cpp.hpp
[30.604s] -- Symlinking: /home/ubuntu/workspace/Velizar/robotics_v1/install/robo_collector_interfaces/include/robo_collector_interfaces/msg/rosidl_typesupport_fastrtps_cpp__visibility_control.h
[30.628s] -- Symlinking: /home/ubuntu/workspace/Velizar/robotics_v1/install/robo_collector_interfaces/lib/librobo_collector_interfaces__rosidl_typesupport_fastrtps_cpp.so
[30.652s] -- Symlinking: /home/ubuntu/workspace/Velizar/robotics_v1/install/robo_collector_interfaces/include/robo_collector_interfaces/msg/detail/robot_move_type__rosidl_typesupport_introspection_c.h
[30.679s] -- Symlinking: /home/ubuntu/workspace/Velizar/robotics_v1/install/robo_collector_interfaces/include/robo_collector_interfaces/msg/detail/user_authenticate__rosidl_typesupport_introspection_c.h
[30.702s] -- Symlinking: /home/ubuntu/workspace/Velizar/robotics_v1/install/robo_collector_interfaces/include/robo_collector_interfaces/msg/rosidl_typesupport_introspection_c__visibility_control.h
[30.725s] -- Symlinking: /home/ubuntu/workspace/Velizar/robotics_v1/install/robo_collector_interfaces/include/robo_collector_interfaces/msg/detail/robot_move_type__builder.hpp
[30.748s] -- Symlinking: /home/ubuntu/workspace/Velizar/robotics_v1/install/robo_collector_interfaces/include/robo_collector_interfaces/msg/detail/robot_move_type__struct.hpp
[30.772s] -- Symlinking: /home/ubuntu/workspace/Velizar/robotics_v1/install/robo_collector_interfaces/include/robo_collector_interfaces/msg/detail/robot_move_type__traits.hpp
[30.800s] -- Symlinking: /home/ubuntu/workspace/Velizar/robotics_v1/install/robo_collector_interfaces/include/robo_collector_interfaces/msg/detail/user_authenticate__builder.hpp
[30.828s] -- Symlinking: /home/ubuntu/workspace/Velizar/robotics_v1/install/robo_collector_interfaces/include/robo_collector_interfaces/msg/detail/user_authenticate__struct.hpp
[30.854s] -- Symlinking: /home/ubuntu/workspace/Velizar/robotics_v1/install/robo_collector_interfaces/include/robo_collector_interfaces/msg/detail/user_authenticate__traits.hpp
[30.881s] -- Symlinking: /home/ubuntu/workspace/Velizar/robotics_v1/install/robo_collector_interfaces/include/robo_collector_interfaces/msg/robot_move_type.hpp
[30.903s] -- Symlinking: /home/ubuntu/workspace/Velizar/robotics_v1/install/robo_collector_interfaces/include/robo_collector_interfaces/msg/user_authenticate.hpp
[30.927s] -- Symlinking: /home/ubuntu/workspace/Velizar/robotics_v1/install/robo_collector_interfaces/include/robo_collector_interfaces/msg/detail/robot_move_type__rosidl_typesupport_introspection_cpp.hpp
[30.949s] -- Symlinking: /home/ubuntu/workspace/Velizar/robotics_v1/install/robo_collector_interfaces/include/robo_collector_interfaces/msg/detail/user_authenticate__rosidl_typesupport_introspection_cpp.hpp
[30.975s] -- Symlinking: /home/ubuntu/workspace/Velizar/robotics_v1/install/robo_collector_interfaces/share/robo_collector_interfaces/environment/pythonpath.sh
[30.999s] -- Symlinking: /home/ubuntu/workspace/Velizar/robotics_v1/install/robo_collector_interfaces/share/robo_collector_interfaces/environment/pythonpath.dsv
[31.022s] -- Symlinking: /home/ubuntu/workspace/Velizar/robotics_v1/install/robo_collector_interfaces/lib/python3.8/site-packages/robo_collector_interfaces/__init__.py
[31.046s] -- Symlinking: /home/ubuntu/workspace/Velizar/robotics_v1/install/robo_collector_interfaces/lib/python3.8/site-packages/robo_collector_interfaces/msg/__init__.py
[31.068s] -- Symlinking: /home/ubuntu/workspace/Velizar/robotics_v1/install/robo_collector_interfaces/lib/python3.8/site-packages/robo_collector_interfaces/msg/_robot_move_type.py
[31.094s] -- Symlinking: /home/ubuntu/workspace/Velizar/robotics_v1/install/robo_collector_interfaces/lib/python3.8/site-packages/robo_collector_interfaces/msg/_user_authenticate.py
[31.118s] -- Symlinking: /home/ubuntu/workspace/Velizar/robotics_v1/install/robo_collector_interfaces/lib/python3.8/site-packages/robo_collector_interfaces/robo_collector_interfaces_s__rosidl_typesupport_fastrtps_c.cpython-38-x86_64-linux-gnu.so
[31.141s] -- Symlinking: /home/ubuntu/workspace/Velizar/robotics_v1/install/robo_collector_interfaces/lib/python3.8/site-packages/robo_collector_interfaces/robo_collector_interfaces_s__rosidl_typesupport_introspection_c.cpython-38-x86_64-linux-gnu.so
[31.164s] -- Symlinking: /home/ubuntu/workspace/Velizar/robotics_v1/install/robo_collector_interfaces/lib/python3.8/site-packages/robo_collector_interfaces/robo_collector_interfaces_s__rosidl_typesupport_c.cpython-38-x86_64-linux-gnu.so
[31.192s] -- Symlinking: /home/ubuntu/workspace/Velizar/robotics_v1/install/robo_collector_interfaces/lib/librobo_collector_interfaces__python.so
[31.215s] -- Symlinking: /home/ubuntu/workspace/Velizar/robotics_v1/install/robo_collector_interfaces/share/robo_collector_interfaces/msg/RobotMoveType.idl
[31.237s] -- Symlinking: /home/ubuntu/workspace/Velizar/robotics_v1/install/robo_collector_interfaces/share/robo_collector_interfaces/msg/UserAuthenticate.idl
[31.262s] -- Symlinking: /home/ubuntu/workspace/Velizar/robotics_v1/install/robo_collector_interfaces/share/robo_collector_interfaces/msg/RobotMoveType.msg
[31.286s] -- Symlinking: /home/ubuntu/workspace/Velizar/robotics_v1/install/robo_collector_interfaces/share/robo_collector_interfaces/msg/UserAuthenticate.msg
[31.309s] -- Symlinking: /home/ubuntu/workspace/Velizar/robotics_v1/install/robo_collector_interfaces/share/ament_index/resource_index/package_run_dependencies/robo_collector_interfaces
[31.336s] -- Symlinking: /home/ubuntu/workspace/Velizar/robotics_v1/install/robo_collector_interfaces/share/ament_index/resource_index/parent_prefix_path/robo_collector_interfaces
[31.362s] -- Symlinking: /home/ubuntu/workspace/Velizar/robotics_v1/install/robo_collector_interfaces/share/robo_collector_interfaces/environment/ament_prefix_path.sh
[31.390s] -- Symlinking: /home/ubuntu/workspace/Velizar/robotics_v1/install/robo_collector_interfaces/share/robo_collector_interfaces/environment/ament_prefix_path.dsv
[31.414s] -- Symlinking: /home/ubuntu/workspace/Velizar/robotics_v1/install/robo_collector_interfaces/share/robo_collector_interfaces/environment/path.sh
[31.438s] -- Symlinking: /home/ubuntu/workspace/Velizar/robotics_v1/install/robo_collector_interfaces/share/robo_collector_interfaces/environment/path.dsv
[31.462s] -- Symlinking: /home/ubuntu/workspace/Velizar/robotics_v1/install/robo_collector_interfaces/share/robo_collector_interfaces/local_setup.bash
[31.490s] -- Symlinking: /home/ubuntu/workspace/Velizar/robotics_v1/install/robo_collector_interfaces/share/robo_collector_interfaces/local_setup.sh
[31.512s] -- Symlinking: /home/ubuntu/workspace/Velizar/robotics_v1/install/robo_collector_interfaces/share/robo_collector_interfaces/local_setup.zsh
[31.535s] -- Symlinking: /home/ubuntu/workspace/Velizar/robotics_v1/install/robo_collector_interfaces/share/robo_collector_interfaces/local_setup.dsv
[31.573s] -- Symlinking: /home/ubuntu/workspace/Velizar/robotics_v1/install/robo_collector_interfaces/share/robo_collector_interfaces/package.dsv
[31.602s] -- Symlinking: /home/ubuntu/workspace/Velizar/robotics_v1/install/robo_collector_interfaces/share/ament_index/resource_index/packages/robo_collector_interfaces
[31.627s] -- Symlinking: /home/ubuntu/workspace/Velizar/robotics_v1/install/robo_collector_interfaces/share/robo_collector_interfaces/cmake/rosidl_cmake-extras.cmake
[31.656s] -- Symlinking: /home/ubuntu/workspace/Velizar/robotics_v1/install/robo_collector_interfaces/share/robo_collector_interfaces/cmake/ament_cmake_export_dependencies-extras.cmake
[31.682s] -- Symlinking: /home/ubuntu/workspace/Velizar/robotics_v1/install/robo_collector_interfaces/share/robo_collector_interfaces/cmake/ament_cmake_export_libraries-extras.cmake
[31.706s] -- Symlinking: /home/ubuntu/workspace/Velizar/robotics_v1/install/robo_collector_interfaces/share/robo_collector_interfaces/cmake/ament_cmake_export_targets-extras.cmake
[31.729s] -- Symlinking: /home/ubuntu/workspace/Velizar/robotics_v1/install/robo_collector_interfaces/share/robo_collector_interfaces/cmake/ament_cmake_export_include_directories-extras.cmake
[31.752s] -- Symlinking: /home/ubuntu/workspace/Velizar/robotics_v1/install/robo_collector_interfaces/share/robo_collector_interfaces/cmake/rosidl_cmake_export_typesupport_libraries-extras.cmake
[31.780s] -- Symlinking: /home/ubuntu/workspace/Velizar/robotics_v1/install/robo_collector_interfaces/share/robo_collector_interfaces/cmake/rosidl_cmake_export_typesupport_targets-extras.cmake
[31.802s] -- Symlinking: /home/ubuntu/workspace/Velizar/robotics_v1/install/robo_collector_interfaces/share/robo_collector_interfaces/cmake/robo_collector_interfacesConfig.cmake
[31.827s] -- Symlinking: /home/ubuntu/workspace/Velizar/robotics_v1/install/robo_collector_interfaces/share/robo_collector_interfaces/cmake/robo_collector_interfacesConfig-version.cmake
[31.855s] -- Symlinking: /home/ubuntu/workspace/Velizar/robotics_v1/install/robo_collector_interfaces/share/robo_collector_interfaces/package.xml
[31.884s] -- Installing: /home/ubuntu/workspace/Velizar/robotics_v1/install/robo_collector_interfaces/lib/librobo_collector_interfaces__rosidl_generator_c.so
[31.885s] -- Set runtime path of "/home/ubuntu/workspace/Velizar/robotics_v1/install/robo_collector_interfaces/lib/librobo_collector_interfaces__rosidl_generator_c.so" to ""
[31.886s] -- Installing: /home/ubuntu/workspace/Velizar/robotics_v1/install/robo_collector_interfaces/lib/librobo_collector_interfaces__rosidl_typesupport_introspection_c.so
[31.887s] -- Set runtime path of "/home/ubuntu/workspace/Velizar/robotics_v1/install/robo_collector_interfaces/lib/librobo_collector_interfaces__rosidl_typesupport_introspection_c.so" to ""
[31.887s] -- Installing: /home/ubuntu/workspace/Velizar/robotics_v1/install/robo_collector_interfaces/lib/librobo_collector_interfaces__rosidl_typesupport_c.so
[31.888s] -- Set runtime path of "/home/ubuntu/workspace/Velizar/robotics_v1/install/robo_collector_interfaces/lib/librobo_collector_interfaces__rosidl_typesupport_c.so" to ""
[31.888s] -- Installing: /home/ubuntu/workspace/Velizar/robotics_v1/install/robo_collector_interfaces/lib/librobo_collector_interfaces__rosidl_typesupport_introspection_cpp.so
[31.889s] -- Set runtime path of "/home/ubuntu/workspace/Velizar/robotics_v1/install/robo_collector_interfaces/lib/librobo_collector_interfaces__rosidl_typesupport_introspection_cpp.so" to ""
[31.890s] -- Installing: /home/ubuntu/workspace/Velizar/robotics_v1/install/robo_collector_interfaces/lib/librobo_collector_interfaces__rosidl_typesupport_cpp.so
[31.891s] -- Set runtime path of "/home/ubuntu/workspace/Velizar/robotics_v1/install/robo_collector_interfaces/lib/librobo_collector_interfaces__rosidl_typesupport_cpp.so" to ""
[31.961s] Compiling '/home/ubuntu/workspace/Velizar/robotics_v1/install/robo_collector_interfaces/lib/python3.8/site-packages/robo_collector_interfaces/__init__.py'...
[31.978s] -- Installing: /home/ubuntu/workspace/Velizar/robotics_v1/install/robo_collector_interfaces/share/robo_collector_interfaces/cmake/robo_collector_interfaces__rosidl_generator_cExport.cmake
[31.979s] -- Installing: /home/ubuntu/workspace/Velizar/robotics_v1/install/robo_collector_interfaces/share/robo_collector_interfaces/cmake/robo_collector_interfaces__rosidl_generator_cExport-debug.cmake
[31.979s] -- Installing: /home/ubuntu/workspace/Velizar/robotics_v1/install/robo_collector_interfaces/share/robo_collector_interfaces/cmake/robo_collector_interfaces__rosidl_typesupport_introspection_cExport.cmake
[31.979s] -- Installing: /home/ubuntu/workspace/Velizar/robotics_v1/install/robo_collector_interfaces/share/robo_collector_interfaces/cmake/robo_collector_interfaces__rosidl_typesupport_introspection_cExport-debug.cmake
[31.979s] -- Installing: /home/ubuntu/workspace/Velizar/robotics_v1/install/robo_collector_interfaces/share/robo_collector_interfaces/cmake/robo_collector_interfaces__rosidl_typesupport_cExport.cmake
[31.980s] -- Installing: /home/ubuntu/workspace/Velizar/robotics_v1/install/robo_collector_interfaces/share/robo_collector_interfaces/cmake/robo_collector_interfaces__rosidl_typesupport_cExport-debug.cmake
[31.980s] -- Installing: /home/ubuntu/workspace/Velizar/robotics_v1/install/robo_collector_interfaces/share/robo_collector_interfaces/cmake/robo_collector_interfaces__rosidl_generator_cppExport.cmake
[31.980s] -- Installing: /home/ubuntu/workspace/Velizar/robotics_v1/install/robo_collector_interfaces/share/robo_collector_interfaces/cmake/robo_collector_interfaces__rosidl_typesupport_introspection_cppExport.cmake
[31.980s] -- Installing: /home/ubuntu/workspace/Velizar/robotics_v1/install/robo_collector_interfaces/share/robo_collector_interfaces/cmake/robo_collector_interfaces__rosidl_typesupport_introspection_cppExport-debug.cmake
[31.981s] -- Installing: /home/ubuntu/workspace/Velizar/robotics_v1/install/robo_collector_interfaces/share/robo_collector_interfaces/cmake/robo_collector_interfaces__rosidl_typesupport_cppExport.cmake
[31.981s] -- Installing: /home/ubuntu/workspace/Velizar/robotics_v1/install/robo_collector_interfaces/share/robo_collector_interfaces/cmake/robo_collector_interfaces__rosidl_typesupport_cppExport-debug.cmake
[31.995s] Invoked command in '/home/ubuntu/workspace/Velizar/robotics_v1/build/robo_collector_interfaces' returned '0': CMAKE_PREFIX_PATH=/opt/ros/foxy PS1=[\u@\h \W]$(git_branch)$ /usr/bin/cmake --install /home/ubuntu/workspace/Velizar/robotics_v1/build/robo_collector_interfaces
