[0.083s] Invoking command in '/home/ubuntu/workspace/Velizar/robotics_v1/build/robo_collector_gui': AMENT_PREFIX_PATH=/home/ubuntu/workspace/Velizar/robotics_v1/install/robo_collector_common:/home/ubuntu/workspace/Velizar/robotics_v1/install/robo_collector_interfaces:${AMENT_PREFIX_PATH} CMAKE_PREFIX_PATH=/home/ubuntu/workspace/Velizar/robotics_v1/install/ros2_game_engine:/home/ubuntu/workspace/Velizar/robotics_v1/install/robo_collector_common:/home/ubuntu/workspace/Velizar/robotics_v1/install/robo_common:/home/ubuntu/workspace/Velizar/robotics_v1/install/game_engine:/home/ubuntu/workspace/Velizar/robotics_v1/install/manager_utils:/home/ubuntu/workspace/Velizar/robotics_v1/install/sdl_utils:/home/ubuntu/workspace/Velizar/robotics_v1/install/resource_utils:/home/ubuntu/workspace/Velizar/robotics_v1/install/utils:/home/ubuntu/workspace/Velizar/robotics_v1/install/robo_collector_interfaces:/home/ubuntu/workspace/Velizar/robotics_v1/install/cmake_helpers:/opt/ros/foxy LD_LIBRARY_PATH=/home/ubuntu/workspace/Velizar/robotics_v1/install/robo_collector_interfaces/lib:${LD_LIBRARY_PATH} PKG_CONFIG_PATH=/home/ubuntu/workspace/Velizar/robotics_v1/install/ros2_game_engine/lib/x86_64-linux-gnu/pkgconfig:/home/ubuntu/workspace/Velizar/robotics_v1/install/ros2_game_engine/lib/pkgconfig:/home/ubuntu/workspace/Velizar/robotics_v1/install/robo_common/lib/x86_64-linux-gnu/pkgconfig:/home/ubuntu/workspace/Velizar/robotics_v1/install/robo_common/lib/pkgconfig:/home/ubuntu/workspace/Velizar/robotics_v1/install/game_engine/lib/x86_64-linux-gnu/pkgconfig:/home/ubuntu/workspace/Velizar/robotics_v1/install/game_engine/lib/pkgconfig:/home/ubuntu/workspace/Velizar/robotics_v1/install/manager_utils/lib/x86_64-linux-gnu/pkgconfig:/home/ubuntu/workspace/Velizar/robotics_v1/install/manager_utils/lib/pkgconfig:/home/ubuntu/workspace/Velizar/robotics_v1/install/sdl_utils/lib/x86_64-linux-gnu/pkgconfig:/home/ubuntu/workspace/Velizar/robotics_v1/install/sdl_utils/lib/pkgconfig:/home/ubuntu/workspace/Velizar/robotics_v1/install/resource_utils/lib/x86_64-linux-gnu/pkgconfig:/home/ubuntu/workspace/Velizar/robotics_v1/install/resource_utils/lib/pkgconfig:/home/ubuntu/workspace/Velizar/robotics_v1/install/utils/lib/x86_64-linux-gnu/pkgconfig:/home/ubuntu/workspace/Velizar/robotics_v1/install/utils/lib/pkgconfig:/home/ubuntu/workspace/Velizar/robotics_v1/install/cmake_helpers/lib/x86_64-linux-gnu/pkgconfig:/home/ubuntu/workspace/Velizar/robotics_v1/install/cmake_helpers/lib/pkgconfig PS1=[\u@\h \W]$(git_branch)$ PYTHONPATH=/home/ubuntu/workspace/Velizar/robotics_v1/install/robo_collector_interfaces/lib/python3.8/site-packages:${PYTHONPATH} /usr/bin/cmake /home/ubuntu/workspace/Velizar/robotics_v1/src/robo_collector/robo_collector_gui -DCMAKE_BUILD_TYPE=Debug -DCMAKE_CXX_COMPILER=/usr/bin/clang++ -DAMENT_CMAKE_SYMLINK_INSTALL=1 -DCMAKE_INSTALL_PREFIX=/home/ubuntu/workspace/Velizar/robotics_v1/install/robo_collector_gui
[0.450s] -- The CXX compiler identification is Clang 10.0.0
[0.481s] -- Check for working CXX compiler: /usr/bin/clang++
[0.885s] -- Check for working CXX compiler: /usr/bin/clang++ -- works
[0.890s] -- Detecting CXX compiler ABI info
[1.322s] -- Detecting CXX compiler ABI info - done
[1.372s] -- Detecting CXX compile features
[1.375s] -- Detecting CXX compile features - done
[1.380s] -- Found cmake_helpers: 1.0.0 (/home/ubuntu/workspace/Velizar/robotics_v1/install/cmake_helpers/share/cmake_helpers/cmake)
[1.387s] -- Found ament_cmake: 0.9.9 (/opt/ros/foxy/share/ament_cmake/cmake)
[1.456s] -- Found PythonInterp: /usr/bin/python3 (found suitable version "3.8.10", minimum required is "3") 
[1.457s] -- Using PYTHON_EXECUTABLE: /usr/bin/python3
[1.969s] -- Override CMake install command with custom implementation using symlinks instead of copying resources
[2.088s] -- Found ament_index_cpp: 1.1.0 (/opt/ros/foxy/share/ament_index_cpp/cmake)
[2.104s] -- Found rclcpp: 2.4.1 (/opt/ros/foxy/share/rclcpp/cmake)
[2.299s] -- Using all available rosidl_typesupport_c: rosidl_typesupport_fastrtps_c;rosidl_typesupport_introspection_c
[2.341s] -- Found rosidl_adapter: 1.2.1 (/opt/ros/foxy/share/rosidl_adapter/cmake)
[2.653s] -- Found OpenSSL: /usr/lib/x86_64-linux-gnu/libcrypto.so (found version "1.1.1f")  
[2.772s] -- Found FastRTPS: /opt/ros/foxy/include  
[3.089s] -- Using all available rosidl_typesupport_cpp: rosidl_typesupport_fastrtps_cpp;rosidl_typesupport_introspection_cpp
[3.399s] -- Found rmw_implementation_cmake: 1.0.3 (/opt/ros/foxy/share/rmw_implementation_cmake/cmake)
[3.407s] -- Using RMW implementation 'rmw_fastrtps_cpp' as default
[3.413s] -- Looking for C++ include pthread.h
[3.796s] -- Looking for C++ include pthread.h - found
[3.797s] -- Performing Test CMAKE_HAVE_LIBC_PTHREAD
[4.197s] -- Performing Test CMAKE_HAVE_LIBC_PTHREAD - Failed
[4.198s] -- Looking for pthread_create in pthreads
[4.450s] -- Looking for pthread_create in pthreads - not found
[4.451s] -- Looking for pthread_create in pthread
[4.793s] -- Looking for pthread_create in pthread - found
[4.798s] -- Found Threads: TRUE  
[5.580s] -- Found robo_collector_interfaces: 1.0.0 (/home/ubuntu/workspace/Velizar/robotics_v1/install/robo_collector_interfaces/share/robo_collector_interfaces/cmake)
[12.153s] -- Configuring done
[12.240s] -- Generating done
[12.248s] -- Build files have been written to: /home/ubuntu/workspace/Velizar/robotics_v1/build/robo_collector_gui
[12.270s] Invoked command in '/home/ubuntu/workspace/Velizar/robotics_v1/build/robo_collector_gui' returned '0': AMENT_PREFIX_PATH=/home/ubuntu/workspace/Velizar/robotics_v1/install/robo_collector_common:/home/ubuntu/workspace/Velizar/robotics_v1/install/robo_collector_interfaces:${AMENT_PREFIX_PATH} CMAKE_PREFIX_PATH=/home/ubuntu/workspace/Velizar/robotics_v1/install/ros2_game_engine:/home/ubuntu/workspace/Velizar/robotics_v1/install/robo_collector_common:/home/ubuntu/workspace/Velizar/robotics_v1/install/robo_common:/home/ubuntu/workspace/Velizar/robotics_v1/install/game_engine:/home/ubuntu/workspace/Velizar/robotics_v1/install/manager_utils:/home/ubuntu/workspace/Velizar/robotics_v1/install/sdl_utils:/home/ubuntu/workspace/Velizar/robotics_v1/install/resource_utils:/home/ubuntu/workspace/Velizar/robotics_v1/install/utils:/home/ubuntu/workspace/Velizar/robotics_v1/install/robo_collector_interfaces:/home/ubuntu/workspace/Velizar/robotics_v1/install/cmake_helpers:/opt/ros/foxy LD_LIBRARY_PATH=/home/ubuntu/workspace/Velizar/robotics_v1/install/robo_collector_interfaces/lib:${LD_LIBRARY_PATH} PKG_CONFIG_PATH=/home/ubuntu/workspace/Velizar/robotics_v1/install/ros2_game_engine/lib/x86_64-linux-gnu/pkgconfig:/home/ubuntu/workspace/Velizar/robotics_v1/install/ros2_game_engine/lib/pkgconfig:/home/ubuntu/workspace/Velizar/robotics_v1/install/robo_common/lib/x86_64-linux-gnu/pkgconfig:/home/ubuntu/workspace/Velizar/robotics_v1/install/robo_common/lib/pkgconfig:/home/ubuntu/workspace/Velizar/robotics_v1/install/game_engine/lib/x86_64-linux-gnu/pkgconfig:/home/ubuntu/workspace/Velizar/robotics_v1/install/game_engine/lib/pkgconfig:/home/ubuntu/workspace/Velizar/robotics_v1/install/manager_utils/lib/x86_64-linux-gnu/pkgconfig:/home/ubuntu/workspace/Velizar/robotics_v1/install/manager_utils/lib/pkgconfig:/home/ubuntu/workspace/Velizar/robotics_v1/install/sdl_utils/lib/x86_64-linux-gnu/pkgconfig:/home/ubuntu/workspace/Velizar/robotics_v1/install/sdl_utils/lib/pkgconfig:/home/ubuntu/workspace/Velizar/robotics_v1/install/resource_utils/lib/x86_64-linux-gnu/pkgconfig:/home/ubuntu/workspace/Velizar/robotics_v1/install/resource_utils/lib/pkgconfig:/home/ubuntu/workspace/Velizar/robotics_v1/install/utils/lib/x86_64-linux-gnu/pkgconfig:/home/ubuntu/workspace/Velizar/robotics_v1/install/utils/lib/pkgconfig:/home/ubuntu/workspace/Velizar/robotics_v1/install/cmake_helpers/lib/x86_64-linux-gnu/pkgconfig:/home/ubuntu/workspace/Velizar/robotics_v1/install/cmake_helpers/lib/pkgconfig PS1=[\u@\h \W]$(git_branch)$ PYTHONPATH=/home/ubuntu/workspace/Velizar/robotics_v1/install/robo_collector_interfaces/lib/python3.8/site-packages:${PYTHONPATH} /usr/bin/cmake /home/ubuntu/workspace/Velizar/robotics_v1/src/robo_collector/robo_collector_gui -DCMAKE_BUILD_TYPE=Debug -DCMAKE_CXX_COMPILER=/usr/bin/clang++ -DAMENT_CMAKE_SYMLINK_INSTALL=1 -DCMAKE_INSTALL_PREFIX=/home/ubuntu/workspace/Velizar/robotics_v1/install/robo_collector_gui
[12.276s] Invoking command in '/home/ubuntu/workspace/Velizar/robotics_v1/build/robo_collector_gui': AMENT_PREFIX_PATH=/home/ubuntu/workspace/Velizar/robotics_v1/install/robo_collector_common:/home/ubuntu/workspace/Velizar/robotics_v1/install/robo_collector_interfaces:${AMENT_PREFIX_PATH} CMAKE_PREFIX_PATH=/home/ubuntu/workspace/Velizar/robotics_v1/install/ros2_game_engine:/home/ubuntu/workspace/Velizar/robotics_v1/install/robo_collector_common:/home/ubuntu/workspace/Velizar/robotics_v1/install/robo_common:/home/ubuntu/workspace/Velizar/robotics_v1/install/game_engine:/home/ubuntu/workspace/Velizar/robotics_v1/install/manager_utils:/home/ubuntu/workspace/Velizar/robotics_v1/install/sdl_utils:/home/ubuntu/workspace/Velizar/robotics_v1/install/resource_utils:/home/ubuntu/workspace/Velizar/robotics_v1/install/utils:/home/ubuntu/workspace/Velizar/robotics_v1/install/robo_collector_interfaces:/home/ubuntu/workspace/Velizar/robotics_v1/install/cmake_helpers:/opt/ros/foxy LD_LIBRARY_PATH=/home/ubuntu/workspace/Velizar/robotics_v1/install/robo_collector_interfaces/lib:${LD_LIBRARY_PATH} PKG_CONFIG_PATH=/home/ubuntu/workspace/Velizar/robotics_v1/install/ros2_game_engine/lib/x86_64-linux-gnu/pkgconfig:/home/ubuntu/workspace/Velizar/robotics_v1/install/ros2_game_engine/lib/pkgconfig:/home/ubuntu/workspace/Velizar/robotics_v1/install/robo_common/lib/x86_64-linux-gnu/pkgconfig:/home/ubuntu/workspace/Velizar/robotics_v1/install/robo_common/lib/pkgconfig:/home/ubuntu/workspace/Velizar/robotics_v1/install/game_engine/lib/x86_64-linux-gnu/pkgconfig:/home/ubuntu/workspace/Velizar/robotics_v1/install/game_engine/lib/pkgconfig:/home/ubuntu/workspace/Velizar/robotics_v1/install/manager_utils/lib/x86_64-linux-gnu/pkgconfig:/home/ubuntu/workspace/Velizar/robotics_v1/install/manager_utils/lib/pkgconfig:/home/ubuntu/workspace/Velizar/robotics_v1/install/sdl_utils/lib/x86_64-linux-gnu/pkgconfig:/home/ubuntu/workspace/Velizar/robotics_v1/install/sdl_utils/lib/pkgconfig:/home/ubuntu/workspace/Velizar/robotics_v1/install/resource_utils/lib/x86_64-linux-gnu/pkgconfig:/home/ubuntu/workspace/Velizar/robotics_v1/install/resource_utils/lib/pkgconfig:/home/ubuntu/workspace/Velizar/robotics_v1/install/utils/lib/x86_64-linux-gnu/pkgconfig:/home/ubuntu/workspace/Velizar/robotics_v1/install/utils/lib/pkgconfig:/home/ubuntu/workspace/Velizar/robotics_v1/install/cmake_helpers/lib/x86_64-linux-gnu/pkgconfig:/home/ubuntu/workspace/Velizar/robotics_v1/install/cmake_helpers/lib/pkgconfig PS1=[\u@\h \W]$(git_branch)$ PYTHONPATH=/home/ubuntu/workspace/Velizar/robotics_v1/install/robo_collector_interfaces/lib/python3.8/site-packages:${PYTHONPATH} /usr/bin/cmake --build /home/ubuntu/workspace/Velizar/robotics_v1/build/robo_collector_gui -- -j2 -l2
[12.393s] [35m[1mScanning dependencies of target robo_collector_gui[0m
[12.725s] [  5%] [32mBuilding CXX object CMakeFiles/robo_collector_gui.dir/src/main.cpp.o[0m
[17.978s] [ 11%] [32mBuilding CXX object CMakeFiles/robo_collector_gui.dir/src/RoboCollectorGui.cpp.o[0m
[23.020s] [ 17%] [32mBuilding CXX object CMakeFiles/robo_collector_gui.dir/src/config/RoboCollectorGuiConfigGenerator.cpp.o[0m
[28.042s] [ 23%] [32mBuilding CXX object CMakeFiles/robo_collector_gui.dir/src/helpers/TurnHelper.cpp.o[0m
[29.348s] [ 29%] [32mBuilding CXX object CMakeFiles/robo_collector_gui.dir/src/helpers/RoboCollectorBuilder.cpp.o[0m
[34.137s] [ 35%] [32mBuilding CXX object CMakeFiles/robo_collector_gui.dir/src/helpers/RoboCollectorGuiInitHelper.cpp.o[0m
[40.097s] [ 41%] [32mBuilding CXX object CMakeFiles/robo_collector_gui.dir/src/external_api/CollectorControllerExternalBridge.cpp.o[0m
[60.188s] [ 47%] [32mBuilding CXX object CMakeFiles/robo_collector_gui.dir/src/external_api/RoboCollectorGuiRos2ParamProvider.cpp.o[0m
[64.483s] [ 52%] [32mBuilding CXX object CMakeFiles/robo_collector_gui.dir/src/layout/RoboCollectorLayout.cpp.o[0m
[66.664s] [ 58%] [32mBuilding CXX object CMakeFiles/robo_collector_gui.dir/src/layout/helpers/RoboCollectorLayoutInitHelper.cpp.o[0m
[68.732s] [ 64%] [32mBuilding CXX object CMakeFiles/robo_collector_gui.dir/src/layout/entities/robot/RobotAI.cpp.o[0m
[70.336s] [ 70%] [32mBuilding CXX object CMakeFiles/robo_collector_gui.dir/src/layout/entities/coin/Coin.cpp.o[0m
[72.202s] [ 76%] [32mBuilding CXX object CMakeFiles/robo_collector_gui.dir/src/layout/entities/coin/CoinHandler.cpp.o[0m
[73.502s] [ 82%] [32mBuilding CXX object CMakeFiles/robo_collector_gui.dir/src/layout/entities/coin/animation/CoinCollectAnimEndCb.cpp.o[0m
[74.573s] [ 88%] [32mBuilding CXX object CMakeFiles/robo_collector_gui.dir/src/layout/entities/coin/animation/CoinRespawnAnim.cpp.o[0m
[75.683s] [ 94%] [32mBuilding CXX object CMakeFiles/robo_collector_gui.dir/src/layout/panels/PanelHandler.cpp.o[0m
[76.911s] [100%] [32m[1mLinking CXX executable robo_collector_gui[0m
[80.659s] [100%] Built target robo_collector_gui
[80.689s] Invoked command in '/home/ubuntu/workspace/Velizar/robotics_v1/build/robo_collector_gui' returned '0': AMENT_PREFIX_PATH=/home/ubuntu/workspace/Velizar/robotics_v1/install/robo_collector_common:/home/ubuntu/workspace/Velizar/robotics_v1/install/robo_collector_interfaces:${AMENT_PREFIX_PATH} CMAKE_PREFIX_PATH=/home/ubuntu/workspace/Velizar/robotics_v1/install/ros2_game_engine:/home/ubuntu/workspace/Velizar/robotics_v1/install/robo_collector_common:/home/ubuntu/workspace/Velizar/robotics_v1/install/robo_common:/home/ubuntu/workspace/Velizar/robotics_v1/install/game_engine:/home/ubuntu/workspace/Velizar/robotics_v1/install/manager_utils:/home/ubuntu/workspace/Velizar/robotics_v1/install/sdl_utils:/home/ubuntu/workspace/Velizar/robotics_v1/install/resource_utils:/home/ubuntu/workspace/Velizar/robotics_v1/install/utils:/home/ubuntu/workspace/Velizar/robotics_v1/install/robo_collector_interfaces:/home/ubuntu/workspace/Velizar/robotics_v1/install/cmake_helpers:/opt/ros/foxy LD_LIBRARY_PATH=/home/ubuntu/workspace/Velizar/robotics_v1/install/robo_collector_interfaces/lib:${LD_LIBRARY_PATH} PKG_CONFIG_PATH=/home/ubuntu/workspace/Velizar/robotics_v1/install/ros2_game_engine/lib/x86_64-linux-gnu/pkgconfig:/home/ubuntu/workspace/Velizar/robotics_v1/install/ros2_game_engine/lib/pkgconfig:/home/ubuntu/workspace/Velizar/robotics_v1/install/robo_common/lib/x86_64-linux-gnu/pkgconfig:/home/ubuntu/workspace/Velizar/robotics_v1/install/robo_common/lib/pkgconfig:/home/ubuntu/workspace/Velizar/robotics_v1/install/game_engine/lib/x86_64-linux-gnu/pkgconfig:/home/ubuntu/workspace/Velizar/robotics_v1/install/game_engine/lib/pkgconfig:/home/ubuntu/workspace/Velizar/robotics_v1/install/manager_utils/lib/x86_64-linux-gnu/pkgconfig:/home/ubuntu/workspace/Velizar/robotics_v1/install/manager_utils/lib/pkgconfig:/home/ubuntu/workspace/Velizar/robotics_v1/install/sdl_utils/lib/x86_64-linux-gnu/pkgconfig:/home/ubuntu/workspace/Velizar/robotics_v1/install/sdl_utils/lib/pkgconfig:/home/ubuntu/workspace/Velizar/robotics_v1/install/resource_utils/lib/x86_64-linux-gnu/pkgconfig:/home/ubuntu/workspace/Velizar/robotics_v1/install/resource_utils/lib/pkgconfig:/home/ubuntu/workspace/Velizar/robotics_v1/install/utils/lib/x86_64-linux-gnu/pkgconfig:/home/ubuntu/workspace/Velizar/robotics_v1/install/utils/lib/pkgconfig:/home/ubuntu/workspace/Velizar/robotics_v1/install/cmake_helpers/lib/x86_64-linux-gnu/pkgconfig:/home/ubuntu/workspace/Velizar/robotics_v1/install/cmake_helpers/lib/pkgconfig PS1=[\u@\h \W]$(git_branch)$ PYTHONPATH=/home/ubuntu/workspace/Velizar/robotics_v1/install/robo_collector_interfaces/lib/python3.8/site-packages:${PYTHONPATH} /usr/bin/cmake --build /home/ubuntu/workspace/Velizar/robotics_v1/build/robo_collector_gui -- -j2 -l2
[80.831s] Invoking command in '/home/ubuntu/workspace/Velizar/robotics_v1/build/robo_collector_gui': AMENT_PREFIX_PATH=/home/ubuntu/workspace/Velizar/robotics_v1/install/robo_collector_common:/home/ubuntu/workspace/Velizar/robotics_v1/install/robo_collector_interfaces:${AMENT_PREFIX_PATH} CMAKE_PREFIX_PATH=/home/ubuntu/workspace/Velizar/robotics_v1/install/ros2_game_engine:/home/ubuntu/workspace/Velizar/robotics_v1/install/robo_collector_common:/home/ubuntu/workspace/Velizar/robotics_v1/install/robo_common:/home/ubuntu/workspace/Velizar/robotics_v1/install/game_engine:/home/ubuntu/workspace/Velizar/robotics_v1/install/manager_utils:/home/ubuntu/workspace/Velizar/robotics_v1/install/sdl_utils:/home/ubuntu/workspace/Velizar/robotics_v1/install/resource_utils:/home/ubuntu/workspace/Velizar/robotics_v1/install/utils:/home/ubuntu/workspace/Velizar/robotics_v1/install/robo_collector_interfaces:/home/ubuntu/workspace/Velizar/robotics_v1/install/cmake_helpers:/opt/ros/foxy LD_LIBRARY_PATH=/home/ubuntu/workspace/Velizar/robotics_v1/install/robo_collector_interfaces/lib:${LD_LIBRARY_PATH} PKG_CONFIG_PATH=/home/ubuntu/workspace/Velizar/robotics_v1/install/ros2_game_engine/lib/x86_64-linux-gnu/pkgconfig:/home/ubuntu/workspace/Velizar/robotics_v1/install/ros2_game_engine/lib/pkgconfig:/home/ubuntu/workspace/Velizar/robotics_v1/install/robo_common/lib/x86_64-linux-gnu/pkgconfig:/home/ubuntu/workspace/Velizar/robotics_v1/install/robo_common/lib/pkgconfig:/home/ubuntu/workspace/Velizar/robotics_v1/install/game_engine/lib/x86_64-linux-gnu/pkgconfig:/home/ubuntu/workspace/Velizar/robotics_v1/install/game_engine/lib/pkgconfig:/home/ubuntu/workspace/Velizar/robotics_v1/install/manager_utils/lib/x86_64-linux-gnu/pkgconfig:/home/ubuntu/workspace/Velizar/robotics_v1/install/manager_utils/lib/pkgconfig:/home/ubuntu/workspace/Velizar/robotics_v1/install/sdl_utils/lib/x86_64-linux-gnu/pkgconfig:/home/ubuntu/workspace/Velizar/robotics_v1/install/sdl_utils/lib/pkgconfig:/home/ubuntu/workspace/Velizar/robotics_v1/install/resource_utils/lib/x86_64-linux-gnu/pkgconfig:/home/ubuntu/workspace/Velizar/robotics_v1/install/resource_utils/lib/pkgconfig:/home/ubuntu/workspace/Velizar/robotics_v1/install/utils/lib/x86_64-linux-gnu/pkgconfig:/home/ubuntu/workspace/Velizar/robotics_v1/install/utils/lib/pkgconfig:/home/ubuntu/workspace/Velizar/robotics_v1/install/cmake_helpers/lib/x86_64-linux-gnu/pkgconfig:/home/ubuntu/workspace/Velizar/robotics_v1/install/cmake_helpers/lib/pkgconfig PS1=[\u@\h \W]$(git_branch)$ PYTHONPATH=/home/ubuntu/workspace/Velizar/robotics_v1/install/robo_collector_interfaces/lib/python3.8/site-packages:${PYTHONPATH} /usr/bin/cmake --install /home/ubuntu/workspace/Velizar/robotics_v1/build/robo_collector_gui
[80.852s] -- Install configuration: "Debug"
[80.853s] -- Execute custom install script
[80.854s] -- Symlinking: /home/ubuntu/workspace/Velizar/robotics_v1/install/robo_collector_gui/share/robo_collector_gui/package.xml
[80.883s] -- Symlinking: /home/ubuntu/workspace/Velizar/robotics_v1/install/robo_collector_gui/share/robo_collector_gui//launch/launch.py
[80.911s] -- Symlinking: /home/ubuntu/workspace/Velizar/robotics_v1/install/robo_collector_gui/share/robo_collector_gui//config/params.yaml
[80.934s] -- Symlinking: /home/ubuntu/workspace/Velizar/robotics_v1/install/robo_collector_gui/lib/robo_collector_gui/robo_collector_gui
[80.958s] -- Symlinking: /home/ubuntu/workspace/Velizar/robotics_v1/install/robo_collector_gui/share/ament_index/resource_index/packages/robo_collector_gui
[80.983s] -- Symlinking: /home/ubuntu/workspace/Velizar/robotics_v1/install/robo_collector_gui/share/robo_collector_gui/hook/ament_prefix_path.dsv
[81.011s] -- Symlinking: /home/ubuntu/workspace/Velizar/robotics_v1/install/robo_collector_gui/share/robo_collector_gui/hook/ros_package_path.dsv
[81.035s] -- Symlinking: /home/ubuntu/workspace/Velizar/robotics_v1/install/robo_collector_gui/share/ament_index/resource_index/package_run_dependencies/robo_collector_gui
[81.058s] -- Symlinking: /home/ubuntu/workspace/Velizar/robotics_v1/install/robo_collector_gui/share/ament_index/resource_index/parent_prefix_path/robo_collector_gui
[81.083s] -- Symlinking: /home/ubuntu/workspace/Velizar/robotics_v1/install/robo_collector_gui/share/robo_collector_gui/environment/ament_prefix_path.sh
[81.111s] -- Symlinking: /home/ubuntu/workspace/Velizar/robotics_v1/install/robo_collector_gui/share/robo_collector_gui/environment/ament_prefix_path.dsv
[81.134s] -- Symlinking: /home/ubuntu/workspace/Velizar/robotics_v1/install/robo_collector_gui/share/robo_collector_gui/environment/path.sh
[81.158s] -- Symlinking: /home/ubuntu/workspace/Velizar/robotics_v1/install/robo_collector_gui/share/robo_collector_gui/environment/path.dsv
[81.182s] -- Symlinking: /home/ubuntu/workspace/Velizar/robotics_v1/install/robo_collector_gui/share/robo_collector_gui/local_setup.bash
[81.210s] -- Symlinking: /home/ubuntu/workspace/Velizar/robotics_v1/install/robo_collector_gui/share/robo_collector_gui/local_setup.sh
[81.233s] -- Symlinking: /home/ubuntu/workspace/Velizar/robotics_v1/install/robo_collector_gui/share/robo_collector_gui/local_setup.zsh
[81.256s] -- Symlinking: /home/ubuntu/workspace/Velizar/robotics_v1/install/robo_collector_gui/share/robo_collector_gui/local_setup.dsv
[81.281s] -- Symlinking: /home/ubuntu/workspace/Velizar/robotics_v1/install/robo_collector_gui/share/robo_collector_gui/package.dsv
[81.308s] -- Symlinking: /home/ubuntu/workspace/Velizar/robotics_v1/install/robo_collector_gui/share/ament_index/resource_index/packages/robo_collector_gui
[81.332s] -- Symlinking: /home/ubuntu/workspace/Velizar/robotics_v1/install/robo_collector_gui/share/robo_collector_gui/cmake/robo_collector_guiConfig.cmake
[81.355s] -- Symlinking: /home/ubuntu/workspace/Velizar/robotics_v1/install/robo_collector_gui/share/robo_collector_gui/cmake/robo_collector_guiConfig-version.cmake
[81.380s] -- Up-to-date symlink: /home/ubuntu/workspace/Velizar/robotics_v1/install/robo_collector_gui/share/robo_collector_gui/package.xml
[81.383s] -- Symlinking: /home/ubuntu/workspace/Velizar/robotics_v1/install/robo_collector_gui/share/robo_collector_gui/resources//RoboCollectorGui.rsrc
[81.411s] -- Symlinking: /home/ubuntu/workspace/Velizar/robotics_v1/install/robo_collector_gui/share/robo_collector_gui/resources//f/vinque_rg_20.ttf
[81.434s] -- Symlinking: /home/ubuntu/workspace/Velizar/robotics_v1/install/robo_collector_gui/share/robo_collector_gui/resources//f/vinque_rg_30.ttf
[81.457s] -- Symlinking: /home/ubuntu/workspace/Velizar/robotics_v1/install/robo_collector_gui/share/robo_collector_gui/resources//f/vinque_rg_75.ttf
[81.482s] -- Symlinking: /home/ubuntu/workspace/Velizar/robotics_v1/install/robo_collector_gui/share/robo_collector_gui/resources//generated/RoboCollectorGuiResources.h
[81.508s] -- Symlinking: /home/ubuntu/workspace/Velizar/robotics_v1/install/robo_collector_gui/share/robo_collector_gui/resources//generated/RoboCollectorGuiResourcesDynamic.h
[81.531s] -- Symlinking: /home/ubuntu/workspace/Velizar/robotics_v1/install/robo_collector_gui/share/robo_collector_gui/resources//generated/RoboCollectorGuiResourcesDynamicValues.h
[81.554s] -- Symlinking: /home/ubuntu/workspace/Velizar/robotics_v1/install/robo_collector_gui/share/robo_collector_gui/resources//generated/fonts.bin
[81.578s] -- Symlinking: /home/ubuntu/workspace/Velizar/robotics_v1/install/robo_collector_gui/share/robo_collector_gui/resources//generated/resources.bin
[81.605s] -- Symlinking: /home/ubuntu/workspace/Velizar/robotics_v1/install/robo_collector_gui/share/robo_collector_gui/resources//generated/sounds.bin
[81.628s] -- Symlinking: /home/ubuntu/workspace/Velizar/robotics_v1/install/robo_collector_gui/share/robo_collector_gui/resources//levels/level_1/field_map.txt
[81.651s] -- Symlinking: /home/ubuntu/workspace/Velizar/robotics_v1/install/robo_collector_gui/share/robo_collector_gui/resources//p/background/map.png
[81.676s] -- Symlinking: /home/ubuntu/workspace/Velizar/robotics_v1/install/robo_collector_gui/share/robo_collector_gui/resources//p/background/obstacle.png
[81.708s] -- Symlinking: /home/ubuntu/workspace/Velizar/robotics_v1/install/robo_collector_gui/share/robo_collector_gui/resources//p/background/tile.png
[81.731s] -- Symlinking: /home/ubuntu/workspace/Velizar/robotics_v1/install/robo_collector_gui/share/robo_collector_gui/resources//p/buttons/help_button.png
[81.754s] -- Symlinking: /home/ubuntu/workspace/Velizar/robotics_v1/install/robo_collector_gui/share/robo_collector_gui/resources//p/buttons/left_button.png
[81.779s] -- Symlinking: /home/ubuntu/workspace/Velizar/robotics_v1/install/robo_collector_gui/share/robo_collector_gui/resources//p/buttons/right_button.png
[81.806s] -- Symlinking: /home/ubuntu/workspace/Velizar/robotics_v1/install/robo_collector_gui/share/robo_collector_gui/resources//p/buttons/settings_button.png
[81.829s] -- Symlinking: /home/ubuntu/workspace/Velizar/robotics_v1/install/robo_collector_gui/share/robo_collector_gui/resources//p/buttons/up_button.png
[81.852s] -- Symlinking: /home/ubuntu/workspace/Velizar/robotics_v1/install/robo_collector_gui/share/robo_collector_gui/resources//p/coin_animations/bronze/coin_anim_bronze.png
[81.877s] -- Symlinking: /home/ubuntu/workspace/Velizar/robotics_v1/install/robo_collector_gui/share/robo_collector_gui/resources//p/coin_animations/gold/coin_anim_gold.png
[81.904s] -- Symlinking: /home/ubuntu/workspace/Velizar/robotics_v1/install/robo_collector_gui/share/robo_collector_gui/resources//p/coin_animations/silver/coin_anim_silver.png
[81.926s] -- Symlinking: /home/ubuntu/workspace/Velizar/robotics_v1/install/robo_collector_gui/share/robo_collector_gui/resources//p/entities/damage_marker.png
[81.950s] -- Symlinking: /home/ubuntu/workspace/Velizar/robotics_v1/install/robo_collector_gui/share/robo_collector_gui/resources//p/entities/enemy_robots.png
[81.975s] -- Symlinking: /home/ubuntu/workspace/Velizar/robotics_v1/install/robo_collector_gui/share/robo_collector_gui/resources//p/entities/player_robot.png
[82.003s] -- Symlinking: /home/ubuntu/workspace/Velizar/robotics_v1/install/robo_collector_gui/share/robo_collector_gui/resources//p/panels/coin_panel.png
[82.025s] -- Symlinking: /home/ubuntu/workspace/Velizar/robotics_v1/install/robo_collector_gui/share/robo_collector_gui/resources//p/panels/health_indicator.png
[82.048s] -- Symlinking: /home/ubuntu/workspace/Velizar/robotics_v1/install/robo_collector_gui/share/robo_collector_gui/resources//p/panels/health_panel.png
[82.071s] -- Symlinking: /home/ubuntu/workspace/Velizar/robotics_v1/install/robo_collector_gui/share/robo_collector_gui/resources//p/panels/hor_delimiter.png
[82.100s] -- Symlinking: /home/ubuntu/workspace/Velizar/robotics_v1/install/robo_collector_gui/share/robo_collector_gui/resources//p/panels/time_panel.png
[82.123s] -- Symlinking: /home/ubuntu/workspace/Velizar/robotics_v1/install/robo_collector_gui/share/robo_collector_gui/resources//p/panels/vert_delimiter.png
[82.146s] -- Symlinking: /home/ubuntu/workspace/Velizar/robotics_v1/install/robo_collector_gui/share/robo_collector_gui/resources//p/stars/star_single.png
[82.170s] -- Symlinking: /home/ubuntu/workspace/Velizar/robotics_v1/install/robo_collector_gui/share/robo_collector_gui/resources//p/stars/stars.png
[82.207s] Invoked command in '/home/ubuntu/workspace/Velizar/robotics_v1/build/robo_collector_gui' returned '0': AMENT_PREFIX_PATH=/home/ubuntu/workspace/Velizar/robotics_v1/install/robo_collector_common:/home/ubuntu/workspace/Velizar/robotics_v1/install/robo_collector_interfaces:${AMENT_PREFIX_PATH} CMAKE_PREFIX_PATH=/home/ubuntu/workspace/Velizar/robotics_v1/install/ros2_game_engine:/home/ubuntu/workspace/Velizar/robotics_v1/install/robo_collector_common:/home/ubuntu/workspace/Velizar/robotics_v1/install/robo_common:/home/ubuntu/workspace/Velizar/robotics_v1/install/game_engine:/home/ubuntu/workspace/Velizar/robotics_v1/install/manager_utils:/home/ubuntu/workspace/Velizar/robotics_v1/install/sdl_utils:/home/ubuntu/workspace/Velizar/robotics_v1/install/resource_utils:/home/ubuntu/workspace/Velizar/robotics_v1/install/utils:/home/ubuntu/workspace/Velizar/robotics_v1/install/robo_collector_interfaces:/home/ubuntu/workspace/Velizar/robotics_v1/install/cmake_helpers:/opt/ros/foxy LD_LIBRARY_PATH=/home/ubuntu/workspace/Velizar/robotics_v1/install/robo_collector_interfaces/lib:${LD_LIBRARY_PATH} PKG_CONFIG_PATH=/home/ubuntu/workspace/Velizar/robotics_v1/install/ros2_game_engine/lib/x86_64-linux-gnu/pkgconfig:/home/ubuntu/workspace/Velizar/robotics_v1/install/ros2_game_engine/lib/pkgconfig:/home/ubuntu/workspace/Velizar/robotics_v1/install/robo_common/lib/x86_64-linux-gnu/pkgconfig:/home/ubuntu/workspace/Velizar/robotics_v1/install/robo_common/lib/pkgconfig:/home/ubuntu/workspace/Velizar/robotics_v1/install/game_engine/lib/x86_64-linux-gnu/pkgconfig:/home/ubuntu/workspace/Velizar/robotics_v1/install/game_engine/lib/pkgconfig:/home/ubuntu/workspace/Velizar/robotics_v1/install/manager_utils/lib/x86_64-linux-gnu/pkgconfig:/home/ubuntu/workspace/Velizar/robotics_v1/install/manager_utils/lib/pkgconfig:/home/ubuntu/workspace/Velizar/robotics_v1/install/sdl_utils/lib/x86_64-linux-gnu/pkgconfig:/home/ubuntu/workspace/Velizar/robotics_v1/install/sdl_utils/lib/pkgconfig:/home/ubuntu/workspace/Velizar/robotics_v1/install/resource_utils/lib/x86_64-linux-gnu/pkgconfig:/home/ubuntu/workspace/Velizar/robotics_v1/install/resource_utils/lib/pkgconfig:/home/ubuntu/workspace/Velizar/robotics_v1/install/utils/lib/x86_64-linux-gnu/pkgconfig:/home/ubuntu/workspace/Velizar/robotics_v1/install/utils/lib/pkgconfig:/home/ubuntu/workspace/Velizar/robotics_v1/install/cmake_helpers/lib/x86_64-linux-gnu/pkgconfig:/home/ubuntu/workspace/Velizar/robotics_v1/install/cmake_helpers/lib/pkgconfig PS1=[\u@\h \W]$(git_branch)$ PYTHONPATH=/home/ubuntu/workspace/Velizar/robotics_v1/install/robo_collector_interfaces/lib/python3.8/site-packages:${PYTHONPATH} /usr/bin/cmake --install /home/ubuntu/workspace/Velizar/robotics_v1/build/robo_collector_gui
