[0.029s] Invoking command in '/home/ubuntu/workspace/Velizar/robotics_v1/build/ur_bringup': CMAKE_PREFIX_PATH=/opt/ros/foxy PS1=[\u@\h \W]$(git_branch)$ /usr/bin/cmake /home/ubuntu/workspace/Velizar/robotics_v1/src/ur_driver/Universal_Robots_ROS2_Driver/ur_bringup -DCMAKE_BUILD_TYPE=Debug -DCMAKE_CXX_COMPILER=/usr/bin/clang++ -DAMENT_CMAKE_SYMLINK_INSTALL=1 -DCMAKE_INSTALL_PREFIX=/home/ubuntu/workspace/Velizar/robotics_v1/install/ur_bringup
[0.207s] -- The C compiler identification is GNU 9.4.0
[0.475s] -- The CXX compiler identification is Clang 10.0.0
[0.493s] -- Check for working C compiler: /usr/bin/cc
[0.689s] -- Check for working C compiler: /usr/bin/cc -- works
[0.693s] -- Detecting C compiler ABI info
[0.885s] -- Detecting C compiler ABI info - done
[0.941s] -- Detecting C compile features
[0.942s] -- Detecting C compile features - done
[0.954s] -- Check for working CXX compiler: /usr/bin/clang++
[1.311s] -- Check for working CXX compiler: /usr/bin/clang++ -- works
[1.315s] -- Detecting CXX compiler ABI info
[1.655s] -- Detecting CXX compiler ABI info - done
[1.705s] -- Detecting CXX compile features
[1.707s] -- Detecting CXX compile features - done
[1.714s] -- Found ament_cmake: 0.9.9 (/opt/ros/foxy/share/ament_cmake/cmake)
[1.774s] -- Found PythonInterp: /usr/bin/python3 (found suitable version "3.8.10", minimum required is "3") 
[1.774s] -- Using PYTHON_EXECUTABLE: /usr/bin/python3
[2.229s] -- Override CMake install command with custom implementation using symlinks instead of copying resources
[2.455s] -- Configuring done
[2.462s] -- Generating done
[2.466s] -- Build files have been written to: /home/ubuntu/workspace/Velizar/robotics_v1/build/ur_bringup
[2.479s] Invoked command in '/home/ubuntu/workspace/Velizar/robotics_v1/build/ur_bringup' returned '0': CMAKE_PREFIX_PATH=/opt/ros/foxy PS1=[\u@\h \W]$(git_branch)$ /usr/bin/cmake /home/ubuntu/workspace/Velizar/robotics_v1/src/ur_driver/Universal_Robots_ROS2_Driver/ur_bringup -DCMAKE_BUILD_TYPE=Debug -DCMAKE_CXX_COMPILER=/usr/bin/clang++ -DAMENT_CMAKE_SYMLINK_INSTALL=1 -DCMAKE_INSTALL_PREFIX=/home/ubuntu/workspace/Velizar/robotics_v1/install/ur_bringup
[2.481s] Invoking command in '/home/ubuntu/workspace/Velizar/robotics_v1/build/ur_bringup': CMAKE_PREFIX_PATH=/opt/ros/foxy PS1=[\u@\h \W]$(git_branch)$ /usr/bin/cmake --build /home/ubuntu/workspace/Velizar/robotics_v1/build/ur_bringup -- -j2 -l2
[2.592s] Invoked command in '/home/ubuntu/workspace/Velizar/robotics_v1/build/ur_bringup' returned '0': CMAKE_PREFIX_PATH=/opt/ros/foxy PS1=[\u@\h \W]$(git_branch)$ /usr/bin/cmake --build /home/ubuntu/workspace/Velizar/robotics_v1/build/ur_bringup -- -j2 -l2
[2.652s] Invoking command in '/home/ubuntu/workspace/Velizar/robotics_v1/build/ur_bringup': CMAKE_PREFIX_PATH=/opt/ros/foxy PS1=[\u@\h \W]$(git_branch)$ /usr/bin/cmake --install /home/ubuntu/workspace/Velizar/robotics_v1/build/ur_bringup
[2.678s] -- Install configuration: "Debug"
[2.680s] -- Execute custom install script
[2.682s] -- Symlinking: /home/ubuntu/workspace/Velizar/robotics_v1/install/ur_bringup/share/ur_bringup/config/test_goal_publishers_config.yaml
[2.708s] -- Symlinking: /home/ubuntu/workspace/Velizar/robotics_v1/install/ur_bringup/share/ur_bringup/config/ur_controllers.yaml
[2.732s] -- Symlinking: /home/ubuntu/workspace/Velizar/robotics_v1/install/ur_bringup/share/ur_bringup/launch/test_joint_trajectory_controller.launch.py
[2.755s] -- Symlinking: /home/ubuntu/workspace/Velizar/robotics_v1/install/ur_bringup/share/ur_bringup/launch/test_scaled_joint_trajectory_controller.launch.py
[2.778s] -- Symlinking: /home/ubuntu/workspace/Velizar/robotics_v1/install/ur_bringup/share/ur_bringup/launch/ur10.launch.py
[2.803s] -- Symlinking: /home/ubuntu/workspace/Velizar/robotics_v1/install/ur_bringup/share/ur_bringup/launch/ur10e.launch.py
[2.825s] -- Symlinking: /home/ubuntu/workspace/Velizar/robotics_v1/install/ur_bringup/share/ur_bringup/launch/ur16e.launch.py
[2.849s] -- Symlinking: /home/ubuntu/workspace/Velizar/robotics_v1/install/ur_bringup/share/ur_bringup/launch/ur3.launch.py
[2.873s] -- Symlinking: /home/ubuntu/workspace/Velizar/robotics_v1/install/ur_bringup/share/ur_bringup/launch/ur3e.launch.py
[2.896s] -- Symlinking: /home/ubuntu/workspace/Velizar/robotics_v1/install/ur_bringup/share/ur_bringup/launch/ur5.launch.py
[2.922s] -- Symlinking: /home/ubuntu/workspace/Velizar/robotics_v1/install/ur_bringup/share/ur_bringup/launch/ur5e.launch.py
[2.945s] -- Symlinking: /home/ubuntu/workspace/Velizar/robotics_v1/install/ur_bringup/share/ur_bringup/launch/ur_control.launch.py
[2.969s] -- Symlinking: /home/ubuntu/workspace/Velizar/robotics_v1/install/ur_bringup/share/ur_bringup/launch/ur_dashboard_client.launch.py
[2.992s] -- Symlinking: /home/ubuntu/workspace/Velizar/robotics_v1/install/ur_bringup/share/ur_bringup/launch/ur_moveit.launch.py
[3.017s] -- Symlinking: /home/ubuntu/workspace/Velizar/robotics_v1/install/ur_bringup/share/ament_index/resource_index/package_run_dependencies/ur_bringup
[3.044s] -- Symlinking: /home/ubuntu/workspace/Velizar/robotics_v1/install/ur_bringup/share/ament_index/resource_index/parent_prefix_path/ur_bringup
[3.069s] -- Symlinking: /home/ubuntu/workspace/Velizar/robotics_v1/install/ur_bringup/share/ur_bringup/environment/ament_prefix_path.sh
[3.093s] -- Symlinking: /home/ubuntu/workspace/Velizar/robotics_v1/install/ur_bringup/share/ur_bringup/environment/ament_prefix_path.dsv
[3.118s] -- Symlinking: /home/ubuntu/workspace/Velizar/robotics_v1/install/ur_bringup/share/ur_bringup/environment/path.sh
[3.142s] -- Symlinking: /home/ubuntu/workspace/Velizar/robotics_v1/install/ur_bringup/share/ur_bringup/environment/path.dsv
[3.166s] -- Symlinking: /home/ubuntu/workspace/Velizar/robotics_v1/install/ur_bringup/share/ur_bringup/local_setup.bash
[3.189s] -- Symlinking: /home/ubuntu/workspace/Velizar/robotics_v1/install/ur_bringup/share/ur_bringup/local_setup.sh
[3.214s] -- Symlinking: /home/ubuntu/workspace/Velizar/robotics_v1/install/ur_bringup/share/ur_bringup/local_setup.zsh
[3.238s] -- Symlinking: /home/ubuntu/workspace/Velizar/robotics_v1/install/ur_bringup/share/ur_bringup/local_setup.dsv
[3.262s] -- Symlinking: /home/ubuntu/workspace/Velizar/robotics_v1/install/ur_bringup/share/ur_bringup/package.dsv
[3.285s] -- Symlinking: /home/ubuntu/workspace/Velizar/robotics_v1/install/ur_bringup/share/ament_index/resource_index/packages/ur_bringup
[3.311s] -- Symlinking: /home/ubuntu/workspace/Velizar/robotics_v1/install/ur_bringup/share/ur_bringup/cmake/ur_bringupConfig.cmake
[3.334s] -- Symlinking: /home/ubuntu/workspace/Velizar/robotics_v1/install/ur_bringup/share/ur_bringup/cmake/ur_bringupConfig-version.cmake
[3.357s] -- Symlinking: /home/ubuntu/workspace/Velizar/robotics_v1/install/ur_bringup/share/ur_bringup/package.xml
[3.390s] Invoked command in '/home/ubuntu/workspace/Velizar/robotics_v1/build/ur_bringup' returned '0': CMAKE_PREFIX_PATH=/opt/ros/foxy PS1=[\u@\h \W]$(git_branch)$ /usr/bin/cmake --install /home/ubuntu/workspace/Velizar/robotics_v1/build/ur_bringup
