[4.175s] Invoking command in '/home/ubuntu/workspace/Velizar/robotics_v1/src/robo_cleaner/robo_cleaner_ai_py': AMENT_PREFIX_PATH=/home/ubuntu/workspace/Velizar/robotics_v1/install/robo_cleaner_interfaces:${AMENT_PREFIX_PATH} CMAKE_PREFIX_PATH=/home/ubuntu/workspace/Velizar/robotics_v1/install/robo_cleaner_interfaces LD_LIBRARY_PATH=/home/ubuntu/workspace/Velizar/robotics_v1/install/robo_cleaner_interfaces/lib:${LD_LIBRARY_PATH} PS1=[\u@\h \W]$(git_branch)$ PYTHONPATH=/home/ubuntu/workspace/Velizar/robotics_v1/install/robo_cleaner_ai_py/lib/python3.8/site-packages:/home/ubuntu/workspace/Velizar/robotics_v1/install/robo_cleaner_interfaces/lib/python3.8/site-packages:${PYTHONPATH} /usr/bin/python3 setup.py egg_info --egg-base ../../../build/robo_cleaner_ai_py build --build-base /home/ubuntu/workspace/Velizar/robotics_v1/build/robo_cleaner_ai_py/build install --prefix /home/ubuntu/workspace/Velizar/robotics_v1/install/robo_cleaner_ai_py --record /home/ubuntu/workspace/Velizar/robotics_v1/build/robo_cleaner_ai_py/install.log --single-version-externally-managed
[5.435s] running egg_info
[5.438s] writing ../../../build/robo_cleaner_ai_py/robo_cleaner_ai_py.egg-info/PKG-INFO
[5.440s] writing dependency_links to ../../../build/robo_cleaner_ai_py/robo_cleaner_ai_py.egg-info/dependency_links.txt
[5.442s] writing entry points to ../../../build/robo_cleaner_ai_py/robo_cleaner_ai_py.egg-info/entry_points.txt
[5.444s] writing requirements to ../../../build/robo_cleaner_ai_py/robo_cleaner_ai_py.egg-info/requires.txt
[5.447s] writing top-level names to ../../../build/robo_cleaner_ai_py/robo_cleaner_ai_py.egg-info/top_level.txt
[5.656s] reading manifest file '../../../build/robo_cleaner_ai_py/robo_cleaner_ai_py.egg-info/SOURCES.txt'
[5.675s] writing manifest file '../../../build/robo_cleaner_ai_py/robo_cleaner_ai_py.egg-info/SOURCES.txt'
[5.677s] running build
[5.679s] running build_py
[5.681s] copying robo_cleaner_ai_py/map.py -> /home/ubuntu/workspace/Velizar/robotics_v1/build/robo_cleaner_ai_py/build/lib/robo_cleaner_ai_py
[5.686s] copying robo_cleaner_ai_py/robo_cleaner_ai.py -> /home/ubuntu/workspace/Velizar/robotics_v1/build/robo_cleaner_ai_py/build/lib/robo_cleaner_ai_py
[5.688s] running install
[5.697s] running install_lib
[5.711s] copying /home/ubuntu/workspace/Velizar/robotics_v1/build/robo_cleaner_ai_py/build/lib/robo_cleaner_ai_py/map.py -> /home/ubuntu/workspace/Velizar/robotics_v1/install/robo_cleaner_ai_py/lib/python3.8/site-packages/robo_cleaner_ai_py
[5.722s] copying /home/ubuntu/workspace/Velizar/robotics_v1/build/robo_cleaner_ai_py/build/lib/robo_cleaner_ai_py/robo_cleaner_ai.py -> /home/ubuntu/workspace/Velizar/robotics_v1/install/robo_cleaner_ai_py/lib/python3.8/site-packages/robo_cleaner_ai_py
[5.738s] byte-compiling /home/ubuntu/workspace/Velizar/robotics_v1/install/robo_cleaner_ai_py/lib/python3.8/site-packages/robo_cleaner_ai_py/map.py to map.cpython-38.pyc
[5.774s] byte-compiling /home/ubuntu/workspace/Velizar/robotics_v1/install/robo_cleaner_ai_py/lib/python3.8/site-packages/robo_cleaner_ai_py/robo_cleaner_ai.py to robo_cleaner_ai.cpython-38.pyc
[5.804s] running install_data
[5.808s] running install_egg_info
[5.813s] removing '/home/ubuntu/workspace/Velizar/robotics_v1/install/robo_cleaner_ai_py/lib/python3.8/site-packages/robo_cleaner_ai_py-0.0.0-py3.8.egg-info' (and everything under it)
[5.814s] Copying ../../../build/robo_cleaner_ai_py/robo_cleaner_ai_py.egg-info to /home/ubuntu/workspace/Velizar/robotics_v1/install/robo_cleaner_ai_py/lib/python3.8/site-packages/robo_cleaner_ai_py-0.0.0-py3.8.egg-info
[5.829s] running install_scripts
[5.936s] Installing robot_ai script to /home/ubuntu/workspace/Velizar/robotics_v1/install/robo_cleaner_ai_py/lib/robo_cleaner_ai_py
[5.939s] writing list of installed files to '/home/ubuntu/workspace/Velizar/robotics_v1/build/robo_cleaner_ai_py/install.log'
[6.142s] Invoked command in '/home/ubuntu/workspace/Velizar/robotics_v1/src/robo_cleaner/robo_cleaner_ai_py' returned '0': AMENT_PREFIX_PATH=/home/ubuntu/workspace/Velizar/robotics_v1/install/robo_cleaner_interfaces:${AMENT_PREFIX_PATH} CMAKE_PREFIX_PATH=/home/ubuntu/workspace/Velizar/robotics_v1/install/robo_cleaner_interfaces LD_LIBRARY_PATH=/home/ubuntu/workspace/Velizar/robotics_v1/install/robo_cleaner_interfaces/lib:${LD_LIBRARY_PATH} PS1=[\u@\h \W]$(git_branch)$ PYTHONPATH=/home/ubuntu/workspace/Velizar/robotics_v1/install/robo_cleaner_ai_py/lib/python3.8/site-packages:/home/ubuntu/workspace/Velizar/robotics_v1/install/robo_cleaner_interfaces/lib/python3.8/site-packages:${PYTHONPATH} /usr/bin/python3 setup.py egg_info --egg-base ../../../build/robo_cleaner_ai_py build --build-base /home/ubuntu/workspace/Velizar/robotics_v1/build/robo_cleaner_ai_py/build install --prefix /home/ubuntu/workspace/Velizar/robotics_v1/install/robo_cleaner_ai_py --record /home/ubuntu/workspace/Velizar/robotics_v1/build/robo_cleaner_ai_py/install.log --single-version-externally-managed
