[1.471s] DEBUG:colcon:Command line arguments: ['/usr/bin/colcon', 'build', '--packages-select', 'robo_miner_ai_py']
[1.471s] DEBUG:colcon:Parsed command line arguments: Namespace(allow_overriding=[], ament_cmake_args=None, base_paths=['.'], build_base='build', catkin_cmake_args=None, catkin_skip_building_tests=False, cmake_args=None, cmake_clean_cache=False, cmake_clean_first=False, cmake_force_configure=False, cmake_target=None, cmake_target_skip_unavailable=False, continue_on_error=False, event_handlers=None, executor='parallel', ignore_user_meta=False, install_base='install', log_base=None, log_level=None, main=<bound method BuildVerb.main of <colcon_core.verb.build.BuildVerb object at 0x7f6bb39557c0>>, merge_install=False, metas=['./colcon.meta'], packages_above=None, packages_above_and_dependencies=None, packages_above_depth=None, packages_end=None, packages_ignore=None, packages_ignore_regex=None, packages_select=['robo_miner_ai_py'], packages_select_build_failed=False, packages_select_by_dep=None, packages_select_regex=None, packages_select_test_failures=False, packages_skip=None, packages_skip_build_finished=False, packages_skip_by_dep=None, packages_skip_regex=None, packages_skip_test_passed=False, packages_skip_up_to=None, packages_start=None, packages_up_to=None, packages_up_to_regex=None, parallel_workers=2, paths=None, symlink_install=False, test_result_base=None, verb_extension=<colcon_core.verb.build.BuildVerb object at 0x7f6bb39557c0>, verb_name='build', verb_parser=<colcon_defaults.argument_parser.defaults.DefaultArgumentsDecorator object at 0x7f6bb3955d30>)
[1.716s] Level 1:colcon.colcon_core.package_discovery:discover_packages(colcon_meta) check parameters
[1.717s] Level 1:colcon.colcon_core.package_discovery:discover_packages(recursive) check parameters
[1.717s] Level 1:colcon.colcon_core.package_discovery:discover_packages(ignore) check parameters
[1.717s] Level 1:colcon.colcon_core.package_discovery:discover_packages(path) check parameters
[1.717s] Level 1:colcon.colcon_core.package_discovery:discover_packages(colcon_meta) discover
[1.717s] Level 1:colcon.colcon_core.package_discovery:discover_packages(recursive) discover
[1.718s] INFO:colcon.colcon_core.package_discovery:Crawling recursively for packages in '/home/ubuntu/workspace/Velizar/robotics_v1'
[1.718s] Level 1:colcon.colcon_core.package_identification:_identify(.) by extensions ['ignore', 'ignore_ament_install']
[1.719s] Level 1:colcon.colcon_core.package_identification:_identify(.) by extension 'ignore'
[1.719s] Level 1:colcon.colcon_core.package_identification:_identify(.) by extension 'ignore_ament_install'
[1.719s] Level 1:colcon.colcon_core.package_identification:_identify(.) by extensions ['colcon_pkg']
[1.720s] Level 1:colcon.colcon_core.package_identification:_identify(.) by extension 'colcon_pkg'
[1.720s] Level 1:colcon.colcon_core.package_identification:_identify(.) by extensions ['colcon_meta']
[1.720s] Level 1:colcon.colcon_core.package_identification:_identify(.) by extension 'colcon_meta'
[1.720s] Level 1:colcon.colcon_core.package_identification:_identify(.) by extensions ['ros']
[1.720s] Level 1:colcon.colcon_core.package_identification:_identify(.) by extension 'ros'
[1.820s] Level 1:colcon.colcon_core.package_identification:_identify(.) by extensions ['cmake', 'python']
[1.820s] Level 1:colcon.colcon_core.package_identification:_identify(.) by extension 'cmake'
[1.821s] Level 1:colcon.colcon_core.package_identification:_identify(.) by extension 'python'
[1.821s] Level 1:colcon.colcon_core.package_identification:_identify(.) by extensions ['python_setup_py']
[1.821s] Level 1:colcon.colcon_core.package_identification:_identify(.) by extension 'python_setup_py'
[1.822s] Level 1:colcon.colcon_core.package_identification:_identify(build) by extensions ['ignore', 'ignore_ament_install']
[1.824s] Level 1:colcon.colcon_core.package_identification:_identify(build) by extension 'ignore'
[1.825s] Level 1:colcon.colcon_core.package_identification:_identify(build) ignored
[1.827s] Level 1:colcon.colcon_core.package_identification:_identify(doc) by extensions ['ignore', 'ignore_ament_install']
[1.829s] Level 1:colcon.colcon_core.package_identification:_identify(doc) by extension 'ignore'
[1.830s] Level 1:colcon.colcon_core.package_identification:_identify(doc) by extension 'ignore_ament_install'
[1.831s] Level 1:colcon.colcon_core.package_identification:_identify(doc) by extensions ['colcon_pkg']
[1.831s] Level 1:colcon.colcon_core.package_identification:_identify(doc) by extension 'colcon_pkg'
[1.833s] Level 1:colcon.colcon_core.package_identification:_identify(doc) by extensions ['colcon_meta']
[1.833s] Level 1:colcon.colcon_core.package_identification:_identify(doc) by extension 'colcon_meta'
[1.833s] Level 1:colcon.colcon_core.package_identification:_identify(doc) by extensions ['ros']
[1.833s] Level 1:colcon.colcon_core.package_identification:_identify(doc) by extension 'ros'
[1.834s] Level 1:colcon.colcon_core.package_identification:_identify(doc) by extensions ['cmake', 'python']
[1.835s] Level 1:colcon.colcon_core.package_identification:_identify(doc) by extension 'cmake'
[1.835s] Level 1:colcon.colcon_core.package_identification:_identify(doc) by extension 'python'
[1.836s] Level 1:colcon.colcon_core.package_identification:_identify(doc) by extensions ['python_setup_py']
[1.836s] Level 1:colcon.colcon_core.package_identification:_identify(doc) by extension 'python_setup_py'
[1.837s] Level 1:colcon.colcon_core.package_identification:_identify(doc/previews) by extensions ['ignore', 'ignore_ament_install']
[1.837s] Level 1:colcon.colcon_core.package_identification:_identify(doc/previews) by extension 'ignore'
[1.838s] Level 1:colcon.colcon_core.package_identification:_identify(doc/previews) by extension 'ignore_ament_install'
[1.838s] Level 1:colcon.colcon_core.package_identification:_identify(doc/previews) by extensions ['colcon_pkg']
[1.838s] Level 1:colcon.colcon_core.package_identification:_identify(doc/previews) by extension 'colcon_pkg'
[1.838s] Level 1:colcon.colcon_core.package_identification:_identify(doc/previews) by extensions ['colcon_meta']
[1.839s] Level 1:colcon.colcon_core.package_identification:_identify(doc/previews) by extension 'colcon_meta'
[1.839s] Level 1:colcon.colcon_core.package_identification:_identify(doc/previews) by extensions ['ros']
[1.839s] Level 1:colcon.colcon_core.package_identification:_identify(doc/previews) by extension 'ros'
[1.840s] Level 1:colcon.colcon_core.package_identification:_identify(doc/previews) by extensions ['cmake', 'python']
[1.840s] Level 1:colcon.colcon_core.package_identification:_identify(doc/previews) by extension 'cmake'
[1.841s] Level 1:colcon.colcon_core.package_identification:_identify(doc/previews) by extension 'python'
[1.841s] Level 1:colcon.colcon_core.package_identification:_identify(doc/previews) by extensions ['python_setup_py']
[1.841s] Level 1:colcon.colcon_core.package_identification:_identify(doc/previews) by extension 'python_setup_py'
[1.842s] Level 1:colcon.colcon_core.package_identification:_identify(install) by extensions ['ignore', 'ignore_ament_install']
[1.842s] Level 1:colcon.colcon_core.package_identification:_identify(install) by extension 'ignore'
[1.842s] Level 1:colcon.colcon_core.package_identification:_identify(install) ignored
[1.843s] Level 1:colcon.colcon_core.package_identification:_identify(log) by extensions ['ignore', 'ignore_ament_install']
[1.843s] Level 1:colcon.colcon_core.package_identification:_identify(log) by extension 'ignore'
[1.844s] Level 1:colcon.colcon_core.package_identification:_identify(log) ignored
[1.845s] Level 1:colcon.colcon_core.package_identification:_identify(screenshots) by extensions ['ignore', 'ignore_ament_install']
[1.845s] Level 1:colcon.colcon_core.package_identification:_identify(screenshots) by extension 'ignore'
[1.846s] Level 1:colcon.colcon_core.package_identification:_identify(screenshots) by extension 'ignore_ament_install'
[1.847s] Level 1:colcon.colcon_core.package_identification:_identify(screenshots) by extensions ['colcon_pkg']
[1.848s] Level 1:colcon.colcon_core.package_identification:_identify(screenshots) by extension 'colcon_pkg'
[1.848s] Level 1:colcon.colcon_core.package_identification:_identify(screenshots) by extensions ['colcon_meta']
[1.848s] Level 1:colcon.colcon_core.package_identification:_identify(screenshots) by extension 'colcon_meta'
[1.848s] Level 1:colcon.colcon_core.package_identification:_identify(screenshots) by extensions ['ros']
[1.848s] Level 1:colcon.colcon_core.package_identification:_identify(screenshots) by extension 'ros'
[1.849s] Level 1:colcon.colcon_core.package_identification:_identify(screenshots) by extensions ['cmake', 'python']
[1.849s] Level 1:colcon.colcon_core.package_identification:_identify(screenshots) by extension 'cmake'
[1.849s] Level 1:colcon.colcon_core.package_identification:_identify(screenshots) by extension 'python'
[1.849s] Level 1:colcon.colcon_core.package_identification:_identify(screenshots) by extensions ['python_setup_py']
[1.849s] Level 1:colcon.colcon_core.package_identification:_identify(screenshots) by extension 'python_setup_py'
[1.850s] Level 1:colcon.colcon_core.package_identification:_identify(scripts) by extensions ['ignore', 'ignore_ament_install']
[1.850s] Level 1:colcon.colcon_core.package_identification:_identify(scripts) by extension 'ignore'
[1.850s] Level 1:colcon.colcon_core.package_identification:_identify(scripts) by extension 'ignore_ament_install'
[1.850s] Level 1:colcon.colcon_core.package_identification:_identify(scripts) by extensions ['colcon_pkg']
[1.850s] Level 1:colcon.colcon_core.package_identification:_identify(scripts) by extension 'colcon_pkg'
[1.850s] Level 1:colcon.colcon_core.package_identification:_identify(scripts) by extensions ['colcon_meta']
[1.850s] Level 1:colcon.colcon_core.package_identification:_identify(scripts) by extension 'colcon_meta'
[1.851s] Level 1:colcon.colcon_core.package_identification:_identify(scripts) by extensions ['ros']
[1.851s] Level 1:colcon.colcon_core.package_identification:_identify(scripts) by extension 'ros'
[1.851s] Level 1:colcon.colcon_core.package_identification:_identify(scripts) by extensions ['cmake', 'python']
[1.851s] Level 1:colcon.colcon_core.package_identification:_identify(scripts) by extension 'cmake'
[1.852s] Level 1:colcon.colcon_core.package_identification:_identify(scripts) by extension 'python'
[1.852s] Level 1:colcon.colcon_core.package_identification:_identify(scripts) by extensions ['python_setup_py']
[1.852s] Level 1:colcon.colcon_core.package_identification:_identify(scripts) by extension 'python_setup_py'
[1.853s] Level 1:colcon.colcon_core.package_identification:_identify(src) by extensions ['ignore', 'ignore_ament_install']
[1.854s] Level 1:colcon.colcon_core.package_identification:_identify(src) by extension 'ignore'
[1.854s] Level 1:colcon.colcon_core.package_identification:_identify(src) by extension 'ignore_ament_install'
[1.855s] Level 1:colcon.colcon_core.package_identification:_identify(src) by extensions ['colcon_pkg']
[1.856s] Level 1:colcon.colcon_core.package_identification:_identify(src) by extension 'colcon_pkg'
[1.856s] Level 1:colcon.colcon_core.package_identification:_identify(src) by extensions ['colcon_meta']
[1.857s] Level 1:colcon.colcon_core.package_identification:_identify(src) by extension 'colcon_meta'
[1.858s] Level 1:colcon.colcon_core.package_identification:_identify(src) by extensions ['ros']
[1.860s] Level 1:colcon.colcon_core.package_identification:_identify(src) by extension 'ros'
[1.865s] Level 1:colcon.colcon_core.package_identification:_identify(src) by extensions ['cmake', 'python']
[1.865s] Level 1:colcon.colcon_core.package_identification:_identify(src) by extension 'cmake'
[1.865s] Level 1:colcon.colcon_core.package_identification:_identify(src) by extension 'python'
[1.865s] Level 1:colcon.colcon_core.package_identification:_identify(src) by extensions ['python_setup_py']
[1.865s] Level 1:colcon.colcon_core.package_identification:_identify(src) by extension 'python_setup_py'
[1.866s] Level 1:colcon.colcon_core.package_identification:_identify(src/lib) by extensions ['ignore', 'ignore_ament_install']
[1.866s] Level 1:colcon.colcon_core.package_identification:_identify(src/lib) by extension 'ignore'
[1.866s] Level 1:colcon.colcon_core.package_identification:_identify(src/lib) by extension 'ignore_ament_install'
[1.866s] Level 1:colcon.colcon_core.package_identification:_identify(src/lib) by extensions ['colcon_pkg']
[1.866s] Level 1:colcon.colcon_core.package_identification:_identify(src/lib) by extension 'colcon_pkg'
[1.866s] Level 1:colcon.colcon_core.package_identification:_identify(src/lib) by extensions ['colcon_meta']
[1.867s] Level 1:colcon.colcon_core.package_identification:_identify(src/lib) by extension 'colcon_meta'
[1.867s] Level 1:colcon.colcon_core.package_identification:_identify(src/lib) by extensions ['ros']
[1.867s] Level 1:colcon.colcon_core.package_identification:_identify(src/lib) by extension 'ros'
[1.867s] Level 1:colcon.colcon_core.package_identification:_identify(src/lib) by extensions ['cmake', 'python']
[1.867s] Level 1:colcon.colcon_core.package_identification:_identify(src/lib) by extension 'cmake'
[1.868s] Level 1:colcon.colcon_core.package_identification:_identify(src/lib) by extension 'python'
[1.868s] Level 1:colcon.colcon_core.package_identification:_identify(src/lib) by extensions ['python_setup_py']
[1.868s] Level 1:colcon.colcon_core.package_identification:_identify(src/lib) by extension 'python_setup_py'
[1.869s] Level 1:colcon.colcon_core.package_identification:_identify(src/lib/cmake_helpers) by extensions ['ignore', 'ignore_ament_install']
[1.870s] Level 1:colcon.colcon_core.package_identification:_identify(src/lib/cmake_helpers) by extension 'ignore'
[1.872s] Level 1:colcon.colcon_core.package_identification:_identify(src/lib/cmake_helpers) by extension 'ignore_ament_install'
[1.872s] Level 1:colcon.colcon_core.package_identification:_identify(src/lib/cmake_helpers) by extensions ['colcon_pkg']
[1.872s] Level 1:colcon.colcon_core.package_identification:_identify(src/lib/cmake_helpers) by extension 'colcon_pkg'
[1.872s] Level 1:colcon.colcon_core.package_identification:_identify(src/lib/cmake_helpers) by extensions ['colcon_meta']
[1.872s] Level 1:colcon.colcon_core.package_identification:_identify(src/lib/cmake_helpers) by extension 'colcon_meta'
[1.872s] Level 1:colcon.colcon_core.package_identification:_identify(src/lib/cmake_helpers) by extensions ['ros']
[1.872s] Level 1:colcon.colcon_core.package_identification:_identify(src/lib/cmake_helpers) by extension 'ros'
[1.904s] DEBUG:colcon.colcon_core.package_identification:Package 'src/lib/cmake_helpers' with type 'ros.cmake' and name 'cmake_helpers'
[1.904s] Level 1:colcon.colcon_core.package_identification:_identify(src/lib/game_engine) by extensions ['ignore', 'ignore_ament_install']
[1.905s] Level 1:colcon.colcon_core.package_identification:_identify(src/lib/game_engine) by extension 'ignore'
[1.905s] Level 1:colcon.colcon_core.package_identification:_identify(src/lib/game_engine) by extension 'ignore_ament_install'
[1.905s] Level 1:colcon.colcon_core.package_identification:_identify(src/lib/game_engine) by extensions ['colcon_pkg']
[1.906s] Level 1:colcon.colcon_core.package_identification:_identify(src/lib/game_engine) by extension 'colcon_pkg'
[1.906s] Level 1:colcon.colcon_core.package_identification:_identify(src/lib/game_engine) by extensions ['colcon_meta']
[1.906s] Level 1:colcon.colcon_core.package_identification:_identify(src/lib/game_engine) by extension 'colcon_meta'
[1.907s] Level 1:colcon.colcon_core.package_identification:_identify(src/lib/game_engine) by extensions ['ros']
[1.907s] Level 1:colcon.colcon_core.package_identification:_identify(src/lib/game_engine) by extension 'ros'
[1.918s] DEBUG:colcon.colcon_core.package_identification:Package 'src/lib/game_engine' with type 'ros.cmake' and name 'game_engine'
[1.919s] Level 1:colcon.colcon_core.package_identification:_identify(src/lib/manager_utils) by extensions ['ignore', 'ignore_ament_install']
[1.919s] Level 1:colcon.colcon_core.package_identification:_identify(src/lib/manager_utils) by extension 'ignore'
[1.920s] Level 1:colcon.colcon_core.package_identification:_identify(src/lib/manager_utils) by extension 'ignore_ament_install'
[1.920s] Level 1:colcon.colcon_core.package_identification:_identify(src/lib/manager_utils) by extensions ['colcon_pkg']
[1.920s] Level 1:colcon.colcon_core.package_identification:_identify(src/lib/manager_utils) by extension 'colcon_pkg'
[1.920s] Level 1:colcon.colcon_core.package_identification:_identify(src/lib/manager_utils) by extensions ['colcon_meta']
[1.920s] Level 1:colcon.colcon_core.package_identification:_identify(src/lib/manager_utils) by extension 'colcon_meta'
[1.921s] Level 1:colcon.colcon_core.package_identification:_identify(src/lib/manager_utils) by extensions ['ros']
[1.921s] Level 1:colcon.colcon_core.package_identification:_identify(src/lib/manager_utils) by extension 'ros'
[1.938s] DEBUG:colcon.colcon_core.package_identification:Package 'src/lib/manager_utils' with type 'ros.cmake' and name 'manager_utils'
[1.941s] Level 1:colcon.colcon_core.package_identification:_identify(src/lib/resource_utils) by extensions ['ignore', 'ignore_ament_install']
[1.941s] Level 1:colcon.colcon_core.package_identification:_identify(src/lib/resource_utils) by extension 'ignore'
[1.942s] Level 1:colcon.colcon_core.package_identification:_identify(src/lib/resource_utils) by extension 'ignore_ament_install'
[1.942s] Level 1:colcon.colcon_core.package_identification:_identify(src/lib/resource_utils) by extensions ['colcon_pkg']
[1.942s] Level 1:colcon.colcon_core.package_identification:_identify(src/lib/resource_utils) by extension 'colcon_pkg'
[1.944s] Level 1:colcon.colcon_core.package_identification:_identify(src/lib/resource_utils) by extensions ['colcon_meta']
[1.944s] Level 1:colcon.colcon_core.package_identification:_identify(src/lib/resource_utils) by extension 'colcon_meta'
[1.945s] Level 1:colcon.colcon_core.package_identification:_identify(src/lib/resource_utils) by extensions ['ros']
[1.946s] Level 1:colcon.colcon_core.package_identification:_identify(src/lib/resource_utils) by extension 'ros'
[1.957s] DEBUG:colcon.colcon_core.package_identification:Package 'src/lib/resource_utils' with type 'ros.cmake' and name 'resource_utils'
[1.959s] Level 1:colcon.colcon_core.package_identification:_identify(src/lib/ros2_game_engine) by extensions ['ignore', 'ignore_ament_install']
[1.962s] Level 1:colcon.colcon_core.package_identification:_identify(src/lib/ros2_game_engine) by extension 'ignore'
[1.964s] Level 1:colcon.colcon_core.package_identification:_identify(src/lib/ros2_game_engine) by extension 'ignore_ament_install'
[1.965s] Level 1:colcon.colcon_core.package_identification:_identify(src/lib/ros2_game_engine) by extensions ['colcon_pkg']
[1.965s] Level 1:colcon.colcon_core.package_identification:_identify(src/lib/ros2_game_engine) by extension 'colcon_pkg'
[1.966s] Level 1:colcon.colcon_core.package_identification:_identify(src/lib/ros2_game_engine) by extensions ['colcon_meta']
[1.966s] Level 1:colcon.colcon_core.package_identification:_identify(src/lib/ros2_game_engine) by extension 'colcon_meta'
[1.966s] Level 1:colcon.colcon_core.package_identification:_identify(src/lib/ros2_game_engine) by extensions ['ros']
[1.966s] Level 1:colcon.colcon_core.package_identification:_identify(src/lib/ros2_game_engine) by extension 'ros'
[1.972s] DEBUG:colcon.colcon_core.package_identification:Package 'src/lib/ros2_game_engine' with type 'ros.cmake' and name 'ros2_game_engine'
[1.973s] Level 1:colcon.colcon_core.package_identification:_identify(src/lib/sdl_utils) by extensions ['ignore', 'ignore_ament_install']
[1.975s] Level 1:colcon.colcon_core.package_identification:_identify(src/lib/sdl_utils) by extension 'ignore'
[1.976s] Level 1:colcon.colcon_core.package_identification:_identify(src/lib/sdl_utils) by extension 'ignore_ament_install'
[1.978s] Level 1:colcon.colcon_core.package_identification:_identify(src/lib/sdl_utils) by extensions ['colcon_pkg']
[1.982s] Level 1:colcon.colcon_core.package_identification:_identify(src/lib/sdl_utils) by extension 'colcon_pkg'
[1.984s] Level 1:colcon.colcon_core.package_identification:_identify(src/lib/sdl_utils) by extensions ['colcon_meta']
[1.986s] Level 1:colcon.colcon_core.package_identification:_identify(src/lib/sdl_utils) by extension 'colcon_meta'
[1.987s] Level 1:colcon.colcon_core.package_identification:_identify(src/lib/sdl_utils) by extensions ['ros']
[1.987s] Level 1:colcon.colcon_core.package_identification:_identify(src/lib/sdl_utils) by extension 'ros'
[1.997s] DEBUG:colcon.colcon_core.package_identification:Package 'src/lib/sdl_utils' with type 'ros.cmake' and name 'sdl_utils'
[1.998s] Level 1:colcon.colcon_core.package_identification:_identify(src/lib/utils) by extensions ['ignore', 'ignore_ament_install']
[1.999s] Level 1:colcon.colcon_core.package_identification:_identify(src/lib/utils) by extension 'ignore'
[1.999s] Level 1:colcon.colcon_core.package_identification:_identify(src/lib/utils) by extension 'ignore_ament_install'
[2.000s] Level 1:colcon.colcon_core.package_identification:_identify(src/lib/utils) by extensions ['colcon_pkg']
[2.000s] Level 1:colcon.colcon_core.package_identification:_identify(src/lib/utils) by extension 'colcon_pkg'
[2.000s] Level 1:colcon.colcon_core.package_identification:_identify(src/lib/utils) by extensions ['colcon_meta']
[2.000s] Level 1:colcon.colcon_core.package_identification:_identify(src/lib/utils) by extension 'colcon_meta'
[2.000s] Level 1:colcon.colcon_core.package_identification:_identify(src/lib/utils) by extensions ['ros']
[2.000s] Level 1:colcon.colcon_core.package_identification:_identify(src/lib/utils) by extension 'ros'
[2.023s] DEBUG:colcon.colcon_core.package_identification:Package 'src/lib/utils' with type 'ros.cmake' and name 'utils'
[2.024s] Level 1:colcon.colcon_core.package_identification:_identify(src/robo_cleaner) by extensions ['ignore', 'ignore_ament_install']
[2.025s] Level 1:colcon.colcon_core.package_identification:_identify(src/robo_cleaner) by extension 'ignore'
[2.025s] Level 1:colcon.colcon_core.package_identification:_identify(src/robo_cleaner) by extension 'ignore_ament_install'
[2.025s] Level 1:colcon.colcon_core.package_identification:_identify(src/robo_cleaner) by extensions ['colcon_pkg']
[2.025s] Level 1:colcon.colcon_core.package_identification:_identify(src/robo_cleaner) by extension 'colcon_pkg'
[2.025s] Level 1:colcon.colcon_core.package_identification:_identify(src/robo_cleaner) by extensions ['colcon_meta']
[2.025s] Level 1:colcon.colcon_core.package_identification:_identify(src/robo_cleaner) by extension 'colcon_meta'
[2.026s] Level 1:colcon.colcon_core.package_identification:_identify(src/robo_cleaner) by extensions ['ros']
[2.026s] Level 1:colcon.colcon_core.package_identification:_identify(src/robo_cleaner) by extension 'ros'
[2.028s] Level 1:colcon.colcon_core.package_identification:_identify(src/robo_cleaner) by extensions ['cmake', 'python']
[2.029s] Level 1:colcon.colcon_core.package_identification:_identify(src/robo_cleaner) by extension 'cmake'
[2.029s] Level 1:colcon.colcon_core.package_identification:_identify(src/robo_cleaner) by extension 'python'
[2.029s] Level 1:colcon.colcon_core.package_identification:_identify(src/robo_cleaner) by extensions ['python_setup_py']
[2.029s] Level 1:colcon.colcon_core.package_identification:_identify(src/robo_cleaner) by extension 'python_setup_py'
[2.031s] Level 1:colcon.colcon_core.package_identification:_identify(src/robo_cleaner/robo_cleaner_common) by extensions ['ignore', 'ignore_ament_install']
[2.032s] Level 1:colcon.colcon_core.package_identification:_identify(src/robo_cleaner/robo_cleaner_common) by extension 'ignore'
[2.033s] Level 1:colcon.colcon_core.package_identification:_identify(src/robo_cleaner/robo_cleaner_common) by extension 'ignore_ament_install'
[2.033s] Level 1:colcon.colcon_core.package_identification:_identify(src/robo_cleaner/robo_cleaner_common) by extensions ['colcon_pkg']
[2.033s] Level 1:colcon.colcon_core.package_identification:_identify(src/robo_cleaner/robo_cleaner_common) by extension 'colcon_pkg'
[2.034s] Level 1:colcon.colcon_core.package_identification:_identify(src/robo_cleaner/robo_cleaner_common) by extensions ['colcon_meta']
[2.034s] Level 1:colcon.colcon_core.package_identification:_identify(src/robo_cleaner/robo_cleaner_common) by extension 'colcon_meta'
[2.034s] Level 1:colcon.colcon_core.package_identification:_identify(src/robo_cleaner/robo_cleaner_common) by extensions ['ros']
[2.034s] Level 1:colcon.colcon_core.package_identification:_identify(src/robo_cleaner/robo_cleaner_common) by extension 'ros'
[2.040s] DEBUG:colcon.colcon_core.package_identification:Package 'src/robo_cleaner/robo_cleaner_common' with type 'ros.ament_cmake' and name 'robo_cleaner_common'
[2.041s] Level 1:colcon.colcon_core.package_identification:_identify(src/robo_cleaner/robo_cleaner_gui) by extensions ['ignore', 'ignore_ament_install']
[2.041s] Level 1:colcon.colcon_core.package_identification:_identify(src/robo_cleaner/robo_cleaner_gui) by extension 'ignore'
[2.042s] Level 1:colcon.colcon_core.package_identification:_identify(src/robo_cleaner/robo_cleaner_gui) by extension 'ignore_ament_install'
[2.042s] Level 1:colcon.colcon_core.package_identification:_identify(src/robo_cleaner/robo_cleaner_gui) by extensions ['colcon_pkg']
[2.043s] Level 1:colcon.colcon_core.package_identification:_identify(src/robo_cleaner/robo_cleaner_gui) by extension 'colcon_pkg'
[2.045s] Level 1:colcon.colcon_core.package_identification:_identify(src/robo_cleaner/robo_cleaner_gui) by extensions ['colcon_meta']
[2.047s] Level 1:colcon.colcon_core.package_identification:_identify(src/robo_cleaner/robo_cleaner_gui) by extension 'colcon_meta'
[2.049s] Level 1:colcon.colcon_core.package_identification:_identify(src/robo_cleaner/robo_cleaner_gui) by extensions ['ros']
[2.052s] Level 1:colcon.colcon_core.package_identification:_identify(src/robo_cleaner/robo_cleaner_gui) by extension 'ros'
[2.164s] DEBUG:colcon.colcon_core.package_identification:Package 'src/robo_cleaner/robo_cleaner_gui' with type 'ros.ament_cmake' and name 'robo_cleaner_gui'
[2.166s] Level 1:colcon.colcon_core.package_identification:_identify(src/robo_cleaner/robo_cleaner_interfaces) by extensions ['ignore', 'ignore_ament_install']
[2.168s] Level 1:colcon.colcon_core.package_identification:_identify(src/robo_cleaner/robo_cleaner_interfaces) by extension 'ignore'
[2.169s] Level 1:colcon.colcon_core.package_identification:_identify(src/robo_cleaner/robo_cleaner_interfaces) by extension 'ignore_ament_install'
[2.170s] Level 1:colcon.colcon_core.package_identification:_identify(src/robo_cleaner/robo_cleaner_interfaces) by extensions ['colcon_pkg']
[2.170s] Level 1:colcon.colcon_core.package_identification:_identify(src/robo_cleaner/robo_cleaner_interfaces) by extension 'colcon_pkg'
[2.171s] Level 1:colcon.colcon_core.package_identification:_identify(src/robo_cleaner/robo_cleaner_interfaces) by extensions ['colcon_meta']
[2.171s] Level 1:colcon.colcon_core.package_identification:_identify(src/robo_cleaner/robo_cleaner_interfaces) by extension 'colcon_meta'
[2.171s] Level 1:colcon.colcon_core.package_identification:_identify(src/robo_cleaner/robo_cleaner_interfaces) by extensions ['ros']
[2.171s] Level 1:colcon.colcon_core.package_identification:_identify(src/robo_cleaner/robo_cleaner_interfaces) by extension 'ros'
[2.173s] DEBUG:colcon.colcon_core.package_identification:Package 'src/robo_cleaner/robo_cleaner_interfaces' with type 'ros.ament_cmake' and name 'robo_cleaner_interfaces'
[2.174s] Level 1:colcon.colcon_core.package_identification:_identify(src/robo_collector) by extensions ['ignore', 'ignore_ament_install']
[2.177s] Level 1:colcon.colcon_core.package_identification:_identify(src/robo_collector) by extension 'ignore'
[2.178s] Level 1:colcon.colcon_core.package_identification:_identify(src/robo_collector) by extension 'ignore_ament_install'
[2.179s] Level 1:colcon.colcon_core.package_identification:_identify(src/robo_collector) by extensions ['colcon_pkg']
[2.179s] Level 1:colcon.colcon_core.package_identification:_identify(src/robo_collector) by extension 'colcon_pkg'
[2.179s] Level 1:colcon.colcon_core.package_identification:_identify(src/robo_collector) by extensions ['colcon_meta']
[2.180s] Level 1:colcon.colcon_core.package_identification:_identify(src/robo_collector) by extension 'colcon_meta'
[2.180s] Level 1:colcon.colcon_core.package_identification:_identify(src/robo_collector) by extensions ['ros']
[2.180s] Level 1:colcon.colcon_core.package_identification:_identify(src/robo_collector) by extension 'ros'
[2.181s] Level 1:colcon.colcon_core.package_identification:_identify(src/robo_collector) by extensions ['cmake', 'python']
[2.181s] Level 1:colcon.colcon_core.package_identification:_identify(src/robo_collector) by extension 'cmake'
[2.181s] Level 1:colcon.colcon_core.package_identification:_identify(src/robo_collector) by extension 'python'
[2.181s] Level 1:colcon.colcon_core.package_identification:_identify(src/robo_collector) by extensions ['python_setup_py']
[2.181s] Level 1:colcon.colcon_core.package_identification:_identify(src/robo_collector) by extension 'python_setup_py'
[2.182s] Level 1:colcon.colcon_core.package_identification:_identify(src/robo_collector/robo_collector_common) by extensions ['ignore', 'ignore_ament_install']
[2.182s] Level 1:colcon.colcon_core.package_identification:_identify(src/robo_collector/robo_collector_common) by extension 'ignore'
[2.183s] Level 1:colcon.colcon_core.package_identification:_identify(src/robo_collector/robo_collector_common) by extension 'ignore_ament_install'
[2.183s] Level 1:colcon.colcon_core.package_identification:_identify(src/robo_collector/robo_collector_common) by extensions ['colcon_pkg']
[2.183s] Level 1:colcon.colcon_core.package_identification:_identify(src/robo_collector/robo_collector_common) by extension 'colcon_pkg'
[2.183s] Level 1:colcon.colcon_core.package_identification:_identify(src/robo_collector/robo_collector_common) by extensions ['colcon_meta']
[2.184s] Level 1:colcon.colcon_core.package_identification:_identify(src/robo_collector/robo_collector_common) by extension 'colcon_meta'
[2.184s] Level 1:colcon.colcon_core.package_identification:_identify(src/robo_collector/robo_collector_common) by extensions ['ros']
[2.184s] Level 1:colcon.colcon_core.package_identification:_identify(src/robo_collector/robo_collector_common) by extension 'ros'
[2.192s] DEBUG:colcon.colcon_core.package_identification:Package 'src/robo_collector/robo_collector_common' with type 'ros.ament_cmake' and name 'robo_collector_common'
[2.196s] Level 1:colcon.colcon_core.package_identification:_identify(src/robo_collector/robo_collector_controller) by extensions ['ignore', 'ignore_ament_install']
[2.199s] Level 1:colcon.colcon_core.package_identification:_identify(src/robo_collector/robo_collector_controller) by extension 'ignore'
[2.200s] Level 1:colcon.colcon_core.package_identification:_identify(src/robo_collector/robo_collector_controller) by extension 'ignore_ament_install'
[2.203s] Level 1:colcon.colcon_core.package_identification:_identify(src/robo_collector/robo_collector_controller) by extensions ['colcon_pkg']
[2.204s] Level 1:colcon.colcon_core.package_identification:_identify(src/robo_collector/robo_collector_controller) by extension 'colcon_pkg'
[2.205s] Level 1:colcon.colcon_core.package_identification:_identify(src/robo_collector/robo_collector_controller) by extensions ['colcon_meta']
[2.205s] Level 1:colcon.colcon_core.package_identification:_identify(src/robo_collector/robo_collector_controller) by extension 'colcon_meta'
[2.206s] Level 1:colcon.colcon_core.package_identification:_identify(src/robo_collector/robo_collector_controller) by extensions ['ros']
[2.207s] Level 1:colcon.colcon_core.package_identification:_identify(src/robo_collector/robo_collector_controller) by extension 'ros'
[2.210s] DEBUG:colcon.colcon_core.package_identification:Package 'src/robo_collector/robo_collector_controller' with type 'ros.ament_cmake' and name 'robo_collector_controller'
[2.212s] Level 1:colcon.colcon_core.package_identification:_identify(src/robo_collector/robo_collector_controller_py) by extensions ['ignore', 'ignore_ament_install']
[2.213s] Level 1:colcon.colcon_core.package_identification:_identify(src/robo_collector/robo_collector_controller_py) by extension 'ignore'
[2.214s] Level 1:colcon.colcon_core.package_identification:_identify(src/robo_collector/robo_collector_controller_py) by extension 'ignore_ament_install'
[2.215s] Level 1:colcon.colcon_core.package_identification:_identify(src/robo_collector/robo_collector_controller_py) by extensions ['colcon_pkg']
[2.215s] Level 1:colcon.colcon_core.package_identification:_identify(src/robo_collector/robo_collector_controller_py) by extension 'colcon_pkg'
[2.215s] Level 1:colcon.colcon_core.package_identification:_identify(src/robo_collector/robo_collector_controller_py) by extensions ['colcon_meta']
[2.215s] Level 1:colcon.colcon_core.package_identification:_identify(src/robo_collector/robo_collector_controller_py) by extension 'colcon_meta'
[2.215s] Level 1:colcon.colcon_core.package_identification:_identify(src/robo_collector/robo_collector_controller_py) by extensions ['ros']
[2.216s] Level 1:colcon.colcon_core.package_identification:_identify(src/robo_collector/robo_collector_controller_py) by extension 'ros'
[2.218s] DEBUG:colcon.colcon_core.package_identification:Package 'src/robo_collector/robo_collector_controller_py' with type 'ros.ament_python' and name 'robo_collector_controller_py'
[2.219s] Level 1:colcon.colcon_core.package_identification:_identify(src/robo_collector/robo_collector_gui) by extensions ['ignore', 'ignore_ament_install']
[2.220s] Level 1:colcon.colcon_core.package_identification:_identify(src/robo_collector/robo_collector_gui) by extension 'ignore'
[2.220s] Level 1:colcon.colcon_core.package_identification:_identify(src/robo_collector/robo_collector_gui) by extension 'ignore_ament_install'
[2.220s] Level 1:colcon.colcon_core.package_identification:_identify(src/robo_collector/robo_collector_gui) by extensions ['colcon_pkg']
[2.220s] Level 1:colcon.colcon_core.package_identification:_identify(src/robo_collector/robo_collector_gui) by extension 'colcon_pkg'
[2.220s] Level 1:colcon.colcon_core.package_identification:_identify(src/robo_collector/robo_collector_gui) by extensions ['colcon_meta']
[2.220s] Level 1:colcon.colcon_core.package_identification:_identify(src/robo_collector/robo_collector_gui) by extension 'colcon_meta'
[2.221s] Level 1:colcon.colcon_core.package_identification:_identify(src/robo_collector/robo_collector_gui) by extensions ['ros']
[2.221s] Level 1:colcon.colcon_core.package_identification:_identify(src/robo_collector/robo_collector_gui) by extension 'ros'
[2.224s] DEBUG:colcon.colcon_core.package_identification:Package 'src/robo_collector/robo_collector_gui' with type 'ros.ament_cmake' and name 'robo_collector_gui'
[2.225s] Level 1:colcon.colcon_core.package_identification:_identify(src/robo_collector/robo_collector_interfaces) by extensions ['ignore', 'ignore_ament_install']
[2.225s] Level 1:colcon.colcon_core.package_identification:_identify(src/robo_collector/robo_collector_interfaces) by extension 'ignore'
[2.226s] Level 1:colcon.colcon_core.package_identification:_identify(src/robo_collector/robo_collector_interfaces) by extension 'ignore_ament_install'
[2.229s] Level 1:colcon.colcon_core.package_identification:_identify(src/robo_collector/robo_collector_interfaces) by extensions ['colcon_pkg']
[2.231s] Level 1:colcon.colcon_core.package_identification:_identify(src/robo_collector/robo_collector_interfaces) by extension 'colcon_pkg'
[2.232s] Level 1:colcon.colcon_core.package_identification:_identify(src/robo_collector/robo_collector_interfaces) by extensions ['colcon_meta']
[2.232s] Level 1:colcon.colcon_core.package_identification:_identify(src/robo_collector/robo_collector_interfaces) by extension 'colcon_meta'
[2.232s] Level 1:colcon.colcon_core.package_identification:_identify(src/robo_collector/robo_collector_interfaces) by extensions ['ros']
[2.232s] Level 1:colcon.colcon_core.package_identification:_identify(src/robo_collector/robo_collector_interfaces) by extension 'ros'
[2.242s] DEBUG:colcon.colcon_core.package_identification:Package 'src/robo_collector/robo_collector_interfaces' with type 'ros.ament_cmake' and name 'robo_collector_interfaces'
[2.245s] Level 1:colcon.colcon_core.package_identification:_identify(src/robo_common) by extensions ['ignore', 'ignore_ament_install']
[2.249s] Level 1:colcon.colcon_core.package_identification:_identify(src/robo_common) by extension 'ignore'
[2.250s] Level 1:colcon.colcon_core.package_identification:_identify(src/robo_common) by extension 'ignore_ament_install'
[2.250s] Level 1:colcon.colcon_core.package_identification:_identify(src/robo_common) by extensions ['colcon_pkg']
[2.251s] Level 1:colcon.colcon_core.package_identification:_identify(src/robo_common) by extension 'colcon_pkg'
[2.251s] Level 1:colcon.colcon_core.package_identification:_identify(src/robo_common) by extensions ['colcon_meta']
[2.251s] Level 1:colcon.colcon_core.package_identification:_identify(src/robo_common) by extension 'colcon_meta'
[2.251s] Level 1:colcon.colcon_core.package_identification:_identify(src/robo_common) by extensions ['ros']
[2.251s] Level 1:colcon.colcon_core.package_identification:_identify(src/robo_common) by extension 'ros'
[2.260s] DEBUG:colcon.colcon_core.package_identification:Package 'src/robo_common' with type 'ros.cmake' and name 'robo_common'
[2.262s] Level 1:colcon.colcon_core.package_identification:_identify(src/robo_miner) by extensions ['ignore', 'ignore_ament_install']
[2.263s] Level 1:colcon.colcon_core.package_identification:_identify(src/robo_miner) by extension 'ignore'
[2.263s] Level 1:colcon.colcon_core.package_identification:_identify(src/robo_miner) by extension 'ignore_ament_install'
[2.263s] Level 1:colcon.colcon_core.package_identification:_identify(src/robo_miner) by extensions ['colcon_pkg']
[2.263s] Level 1:colcon.colcon_core.package_identification:_identify(src/robo_miner) by extension 'colcon_pkg'
[2.264s] Level 1:colcon.colcon_core.package_identification:_identify(src/robo_miner) by extensions ['colcon_meta']
[2.264s] Level 1:colcon.colcon_core.package_identification:_identify(src/robo_miner) by extension 'colcon_meta'
[2.264s] Level 1:colcon.colcon_core.package_identification:_identify(src/robo_miner) by extensions ['ros']
[2.264s] Level 1:colcon.colcon_core.package_identification:_identify(src/robo_miner) by extension 'ros'
[2.264s] Level 1:colcon.colcon_core.package_identification:_identify(src/robo_miner) by extensions ['cmake', 'python']
[2.264s] Level 1:colcon.colcon_core.package_identification:_identify(src/robo_miner) by extension 'cmake'
[2.264s] Level 1:colcon.colcon_core.package_identification:_identify(src/robo_miner) by extension 'python'
[2.264s] Level 1:colcon.colcon_core.package_identification:_identify(src/robo_miner) by extensions ['python_setup_py']
[2.264s] Level 1:colcon.colcon_core.package_identification:_identify(src/robo_miner) by extension 'python_setup_py'
[2.265s] Level 1:colcon.colcon_core.package_identification:_identify(src/robo_miner/robo_miner_ai_py) by extensions ['ignore', 'ignore_ament_install']
[2.265s] Level 1:colcon.colcon_core.package_identification:_identify(src/robo_miner/robo_miner_ai_py) by extension 'ignore'
[2.265s] Level 1:colcon.colcon_core.package_identification:_identify(src/robo_miner/robo_miner_ai_py) by extension 'ignore_ament_install'
[2.265s] Level 1:colcon.colcon_core.package_identification:_identify(src/robo_miner/robo_miner_ai_py) by extensions ['colcon_pkg']
[2.265s] Level 1:colcon.colcon_core.package_identification:_identify(src/robo_miner/robo_miner_ai_py) by extension 'colcon_pkg'
[2.265s] Level 1:colcon.colcon_core.package_identification:_identify(src/robo_miner/robo_miner_ai_py) by extensions ['colcon_meta']
[2.265s] Level 1:colcon.colcon_core.package_identification:_identify(src/robo_miner/robo_miner_ai_py) by extension 'colcon_meta'
[2.265s] Level 1:colcon.colcon_core.package_identification:_identify(src/robo_miner/robo_miner_ai_py) by extensions ['ros']
[2.266s] Level 1:colcon.colcon_core.package_identification:_identify(src/robo_miner/robo_miner_ai_py) by extension 'ros'
[2.267s] DEBUG:colcon.colcon_core.package_identification:Package 'src/robo_miner/robo_miner_ai_py' with type 'ros.ament_python' and name 'robo_miner_ai_py'
[2.267s] Level 1:colcon.colcon_core.package_identification:_identify(src/robo_miner/robo_miner_common) by extensions ['ignore', 'ignore_ament_install']
[2.267s] Level 1:colcon.colcon_core.package_identification:_identify(src/robo_miner/robo_miner_common) by extension 'ignore'
[2.268s] Level 1:colcon.colcon_core.package_identification:_identify(src/robo_miner/robo_miner_common) by extension 'ignore_ament_install'
[2.268s] Level 1:colcon.colcon_core.package_identification:_identify(src/robo_miner/robo_miner_common) by extensions ['colcon_pkg']
[2.268s] Level 1:colcon.colcon_core.package_identification:_identify(src/robo_miner/robo_miner_common) by extension 'colcon_pkg'
[2.268s] Level 1:colcon.colcon_core.package_identification:_identify(src/robo_miner/robo_miner_common) by extensions ['colcon_meta']
[2.268s] Level 1:colcon.colcon_core.package_identification:_identify(src/robo_miner/robo_miner_common) by extension 'colcon_meta'
[2.268s] Level 1:colcon.colcon_core.package_identification:_identify(src/robo_miner/robo_miner_common) by extensions ['ros']
[2.268s] Level 1:colcon.colcon_core.package_identification:_identify(src/robo_miner/robo_miner_common) by extension 'ros'
[2.276s] DEBUG:colcon.colcon_core.package_identification:Package 'src/robo_miner/robo_miner_common' with type 'ros.ament_cmake' and name 'robo_miner_common'
[2.277s] Level 1:colcon.colcon_core.package_identification:_identify(src/robo_miner/robo_miner_gui) by extensions ['ignore', 'ignore_ament_install']
[2.278s] Level 1:colcon.colcon_core.package_identification:_identify(src/robo_miner/robo_miner_gui) by extension 'ignore'
[2.279s] Level 1:colcon.colcon_core.package_identification:_identify(src/robo_miner/robo_miner_gui) by extension 'ignore_ament_install'
[2.279s] Level 1:colcon.colcon_core.package_identification:_identify(src/robo_miner/robo_miner_gui) by extensions ['colcon_pkg']
[2.279s] Level 1:colcon.colcon_core.package_identification:_identify(src/robo_miner/robo_miner_gui) by extension 'colcon_pkg'
[2.279s] Level 1:colcon.colcon_core.package_identification:_identify(src/robo_miner/robo_miner_gui) by extensions ['colcon_meta']
[2.279s] Level 1:colcon.colcon_core.package_identification:_identify(src/robo_miner/robo_miner_gui) by extension 'colcon_meta'
[2.280s] Level 1:colcon.colcon_core.package_identification:_identify(src/robo_miner/robo_miner_gui) by extensions ['ros']
[2.280s] Level 1:colcon.colcon_core.package_identification:_identify(src/robo_miner/robo_miner_gui) by extension 'ros'
[2.282s] DEBUG:colcon.colcon_core.package_identification:Package 'src/robo_miner/robo_miner_gui' with type 'ros.ament_cmake' and name 'robo_miner_gui'
[2.282s] Level 1:colcon.colcon_core.package_identification:_identify(src/robo_miner/robo_miner_interfaces) by extensions ['ignore', 'ignore_ament_install']
[2.282s] Level 1:colcon.colcon_core.package_identification:_identify(src/robo_miner/robo_miner_interfaces) by extension 'ignore'
[2.282s] Level 1:colcon.colcon_core.package_identification:_identify(src/robo_miner/robo_miner_interfaces) by extension 'ignore_ament_install'
[2.282s] Level 1:colcon.colcon_core.package_identification:_identify(src/robo_miner/robo_miner_interfaces) by extensions ['colcon_pkg']
[2.282s] Level 1:colcon.colcon_core.package_identification:_identify(src/robo_miner/robo_miner_interfaces) by extension 'colcon_pkg'
[2.282s] Level 1:colcon.colcon_core.package_identification:_identify(src/robo_miner/robo_miner_interfaces) by extensions ['colcon_meta']
[2.283s] Level 1:colcon.colcon_core.package_identification:_identify(src/robo_miner/robo_miner_interfaces) by extension 'colcon_meta'
[2.283s] Level 1:colcon.colcon_core.package_identification:_identify(src/robo_miner/robo_miner_interfaces) by extensions ['ros']
[2.283s] Level 1:colcon.colcon_core.package_identification:_identify(src/robo_miner/robo_miner_interfaces) by extension 'ros'
[2.284s] DEBUG:colcon.colcon_core.package_identification:Package 'src/robo_miner/robo_miner_interfaces' with type 'ros.ament_cmake' and name 'robo_miner_interfaces'
[2.284s] Level 1:colcon.colcon_core.package_identification:_identify(src/tools) by extensions ['ignore', 'ignore_ament_install']
[2.284s] Level 1:colcon.colcon_core.package_identification:_identify(src/tools) by extension 'ignore'
[2.285s] Level 1:colcon.colcon_core.package_identification:_identify(src/tools) by extension 'ignore_ament_install'
[2.285s] Level 1:colcon.colcon_core.package_identification:_identify(src/tools) by extensions ['colcon_pkg']
[2.285s] Level 1:colcon.colcon_core.package_identification:_identify(src/tools) by extension 'colcon_pkg'
[2.285s] Level 1:colcon.colcon_core.package_identification:_identify(src/tools) by extensions ['colcon_meta']
[2.285s] Level 1:colcon.colcon_core.package_identification:_identify(src/tools) by extension 'colcon_meta'
[2.285s] Level 1:colcon.colcon_core.package_identification:_identify(src/tools) by extensions ['ros']
[2.285s] Level 1:colcon.colcon_core.package_identification:_identify(src/tools) by extension 'ros'
[2.285s] Level 1:colcon.colcon_core.package_identification:_identify(src/tools) by extensions ['cmake', 'python']
[2.285s] Level 1:colcon.colcon_core.package_identification:_identify(src/tools) by extension 'cmake'
[2.286s] Level 1:colcon.colcon_core.package_identification:_identify(src/tools) by extension 'python'
[2.286s] Level 1:colcon.colcon_core.package_identification:_identify(src/tools) by extensions ['python_setup_py']
[2.286s] Level 1:colcon.colcon_core.package_identification:_identify(src/tools) by extension 'python_setup_py'
[2.286s] Level 1:colcon.colcon_core.package_identification:_identify(src/tools/resource_builder) by extensions ['ignore', 'ignore_ament_install']
[2.287s] Level 1:colcon.colcon_core.package_identification:_identify(src/tools/resource_builder) by extension 'ignore'
[2.288s] Level 1:colcon.colcon_core.package_identification:_identify(src/tools/resource_builder) by extension 'ignore_ament_install'
[2.289s] Level 1:colcon.colcon_core.package_identification:_identify(src/tools/resource_builder) by extensions ['colcon_pkg']
[2.289s] Level 1:colcon.colcon_core.package_identification:_identify(src/tools/resource_builder) by extension 'colcon_pkg'
[2.289s] Level 1:colcon.colcon_core.package_identification:_identify(src/tools/resource_builder) by extensions ['colcon_meta']
[2.289s] Level 1:colcon.colcon_core.package_identification:_identify(src/tools/resource_builder) by extension 'colcon_meta'
[2.289s] Level 1:colcon.colcon_core.package_identification:_identify(src/tools/resource_builder) by extensions ['ros']
[2.290s] Level 1:colcon.colcon_core.package_identification:_identify(src/tools/resource_builder) by extension 'ros'
[2.296s] DEBUG:colcon.colcon_core.package_identification:Package 'src/tools/resource_builder' with type 'ros.cmake' and name 'resource_builder'
[2.296s] Level 1:colcon.colcon_core.package_identification:_identify(src/ur_dev) by extensions ['ignore', 'ignore_ament_install']
[2.296s] Level 1:colcon.colcon_core.package_identification:_identify(src/ur_dev) by extension 'ignore'
[2.297s] Level 1:colcon.colcon_core.package_identification:_identify(src/ur_dev) by extension 'ignore_ament_install'
[2.297s] Level 1:colcon.colcon_core.package_identification:_identify(src/ur_dev) by extensions ['colcon_pkg']
[2.297s] Level 1:colcon.colcon_core.package_identification:_identify(src/ur_dev) by extension 'colcon_pkg'
[2.297s] Level 1:colcon.colcon_core.package_identification:_identify(src/ur_dev) by extensions ['colcon_meta']
[2.297s] Level 1:colcon.colcon_core.package_identification:_identify(src/ur_dev) by extension 'colcon_meta'
[2.297s] Level 1:colcon.colcon_core.package_identification:_identify(src/ur_dev) by extensions ['ros']
[2.297s] Level 1:colcon.colcon_core.package_identification:_identify(src/ur_dev) by extension 'ros'
[2.297s] Level 1:colcon.colcon_core.package_identification:_identify(src/ur_dev) by extensions ['cmake', 'python']
[2.297s] Level 1:colcon.colcon_core.package_identification:_identify(src/ur_dev) by extension 'cmake'
[2.298s] Level 1:colcon.colcon_core.package_identification:_identify(src/ur_dev) by extension 'python'
[2.298s] Level 1:colcon.colcon_core.package_identification:_identify(src/ur_dev) by extensions ['python_setup_py']
[2.298s] Level 1:colcon.colcon_core.package_identification:_identify(src/ur_dev) by extension 'python_setup_py'
[2.298s] Level 1:colcon.colcon_core.package_identification:_identify(src/ur_dev/ur_control_gui) by extensions ['ignore', 'ignore_ament_install']
[2.298s] Level 1:colcon.colcon_core.package_identification:_identify(src/ur_dev/ur_control_gui) by extension 'ignore'
[2.298s] Level 1:colcon.colcon_core.package_identification:_identify(src/ur_dev/ur_control_gui) by extension 'ignore_ament_install'
[2.298s] Level 1:colcon.colcon_core.package_identification:_identify(src/ur_dev/ur_control_gui) by extensions ['colcon_pkg']
[2.299s] Level 1:colcon.colcon_core.package_identification:_identify(src/ur_dev/ur_control_gui) by extension 'colcon_pkg'
[2.299s] Level 1:colcon.colcon_core.package_identification:_identify(src/ur_dev/ur_control_gui) by extensions ['colcon_meta']
[2.299s] Level 1:colcon.colcon_core.package_identification:_identify(src/ur_dev/ur_control_gui) by extension 'colcon_meta'
[2.299s] Level 1:colcon.colcon_core.package_identification:_identify(src/ur_dev/ur_control_gui) by extensions ['ros']
[2.299s] Level 1:colcon.colcon_core.package_identification:_identify(src/ur_dev/ur_control_gui) by extension 'ros'
[2.301s] DEBUG:colcon.colcon_core.package_identification:Package 'src/ur_dev/ur_control_gui' with type 'ros.ament_cmake' and name 'ur_control_gui'
[2.301s] Level 1:colcon.colcon_core.package_identification:_identify(src/ur_dev/urscript) by extensions ['ignore', 'ignore_ament_install']
[2.301s] Level 1:colcon.colcon_core.package_identification:_identify(src/ur_dev/urscript) by extension 'ignore'
[2.302s] Level 1:colcon.colcon_core.package_identification:_identify(src/ur_dev/urscript) by extension 'ignore_ament_install'
[2.302s] Level 1:colcon.colcon_core.package_identification:_identify(src/ur_dev/urscript) by extensions ['colcon_pkg']
[2.302s] Level 1:colcon.colcon_core.package_identification:_identify(src/ur_dev/urscript) by extension 'colcon_pkg'
[2.302s] Level 1:colcon.colcon_core.package_identification:_identify(src/ur_dev/urscript) by extensions ['colcon_meta']
[2.302s] Level 1:colcon.colcon_core.package_identification:_identify(src/ur_dev/urscript) by extension 'colcon_meta'
[2.302s] Level 1:colcon.colcon_core.package_identification:_identify(src/ur_dev/urscript) by extensions ['ros']
[2.302s] Level 1:colcon.colcon_core.package_identification:_identify(src/ur_dev/urscript) by extension 'ros'
[2.303s] Level 1:colcon.colcon_core.package_identification:_identify(src/ur_dev/urscript) by extensions ['cmake', 'python']
[2.303s] Level 1:colcon.colcon_core.package_identification:_identify(src/ur_dev/urscript) by extension 'cmake'
[2.303s] Level 1:colcon.colcon_core.package_identification:_identify(src/ur_dev/urscript) by extension 'python'
[2.303s] Level 1:colcon.colcon_core.package_identification:_identify(src/ur_dev/urscript) by extensions ['python_setup_py']
[2.304s] Level 1:colcon.colcon_core.package_identification:_identify(src/ur_dev/urscript) by extension 'python_setup_py'
[2.304s] Level 1:colcon.colcon_core.package_identification:_identify(src/ur_dev/urscript/urscript_bridge) by extensions ['ignore', 'ignore_ament_install']
[2.305s] Level 1:colcon.colcon_core.package_identification:_identify(src/ur_dev/urscript/urscript_bridge) by extension 'ignore'
[2.305s] Level 1:colcon.colcon_core.package_identification:_identify(src/ur_dev/urscript/urscript_bridge) by extension 'ignore_ament_install'
[2.306s] Level 1:colcon.colcon_core.package_identification:_identify(src/ur_dev/urscript/urscript_bridge) by extensions ['colcon_pkg']
[2.306s] Level 1:colcon.colcon_core.package_identification:_identify(src/ur_dev/urscript/urscript_bridge) by extension 'colcon_pkg'
[2.306s] Level 1:colcon.colcon_core.package_identification:_identify(src/ur_dev/urscript/urscript_bridge) by extensions ['colcon_meta']
[2.306s] Level 1:colcon.colcon_core.package_identification:_identify(src/ur_dev/urscript/urscript_bridge) by extension 'colcon_meta'
[2.306s] Level 1:colcon.colcon_core.package_identification:_identify(src/ur_dev/urscript/urscript_bridge) by extensions ['ros']
[2.307s] Level 1:colcon.colcon_core.package_identification:_identify(src/ur_dev/urscript/urscript_bridge) by extension 'ros'
[2.312s] DEBUG:colcon.colcon_core.package_identification:Package 'src/ur_dev/urscript/urscript_bridge' with type 'ros.ament_cmake' and name 'urscript_bridge'
[2.312s] Level 1:colcon.colcon_core.package_identification:_identify(src/ur_dev/urscript/urscript_common) by extensions ['ignore', 'ignore_ament_install']
[2.312s] Level 1:colcon.colcon_core.package_identification:_identify(src/ur_dev/urscript/urscript_common) by extension 'ignore'
[2.313s] Level 1:colcon.colcon_core.package_identification:_identify(src/ur_dev/urscript/urscript_common) by extension 'ignore_ament_install'
[2.313s] Level 1:colcon.colcon_core.package_identification:_identify(src/ur_dev/urscript/urscript_common) by extensions ['colcon_pkg']
[2.313s] Level 1:colcon.colcon_core.package_identification:_identify(src/ur_dev/urscript/urscript_common) by extension 'colcon_pkg'
[2.313s] Level 1:colcon.colcon_core.package_identification:_identify(src/ur_dev/urscript/urscript_common) by extensions ['colcon_meta']
[2.313s] Level 1:colcon.colcon_core.package_identification:_identify(src/ur_dev/urscript/urscript_common) by extension 'colcon_meta'
[2.313s] Level 1:colcon.colcon_core.package_identification:_identify(src/ur_dev/urscript/urscript_common) by extensions ['ros']
[2.313s] Level 1:colcon.colcon_core.package_identification:_identify(src/ur_dev/urscript/urscript_common) by extension 'ros'
[2.316s] DEBUG:colcon.colcon_core.package_identification:Package 'src/ur_dev/urscript/urscript_common' with type 'ros.ament_cmake' and name 'urscript_common'
[2.316s] Level 1:colcon.colcon_core.package_identification:_identify(src/ur_dev/urscript/urscript_interfaces) by extensions ['ignore', 'ignore_ament_install']
[2.316s] Level 1:colcon.colcon_core.package_identification:_identify(src/ur_dev/urscript/urscript_interfaces) by extension 'ignore'
[2.317s] Level 1:colcon.colcon_core.package_identification:_identify(src/ur_dev/urscript/urscript_interfaces) by extension 'ignore_ament_install'
[2.317s] Level 1:colcon.colcon_core.package_identification:_identify(src/ur_dev/urscript/urscript_interfaces) by extensions ['colcon_pkg']
[2.317s] Level 1:colcon.colcon_core.package_identification:_identify(src/ur_dev/urscript/urscript_interfaces) by extension 'colcon_pkg'
[2.317s] Level 1:colcon.colcon_core.package_identification:_identify(src/ur_dev/urscript/urscript_interfaces) by extensions ['colcon_meta']
[2.317s] Level 1:colcon.colcon_core.package_identification:_identify(src/ur_dev/urscript/urscript_interfaces) by extension 'colcon_meta'
[2.317s] Level 1:colcon.colcon_core.package_identification:_identify(src/ur_dev/urscript/urscript_interfaces) by extensions ['ros']
[2.317s] Level 1:colcon.colcon_core.package_identification:_identify(src/ur_dev/urscript/urscript_interfaces) by extension 'ros'
[2.319s] DEBUG:colcon.colcon_core.package_identification:Package 'src/ur_dev/urscript/urscript_interfaces' with type 'ros.ament_cmake' and name 'urscript_interfaces'
[2.319s] Level 1:colcon.colcon_core.package_identification:_identify(src/ur_driver) by extensions ['ignore', 'ignore_ament_install']
[2.320s] Level 1:colcon.colcon_core.package_identification:_identify(src/ur_driver) by extension 'ignore'
[2.320s] Level 1:colcon.colcon_core.package_identification:_identify(src/ur_driver) by extension 'ignore_ament_install'
[2.320s] Level 1:colcon.colcon_core.package_identification:_identify(src/ur_driver) by extensions ['colcon_pkg']
[2.320s] Level 1:colcon.colcon_core.package_identification:_identify(src/ur_driver) by extension 'colcon_pkg'
[2.320s] Level 1:colcon.colcon_core.package_identification:_identify(src/ur_driver) by extensions ['colcon_meta']
[2.320s] Level 1:colcon.colcon_core.package_identification:_identify(src/ur_driver) by extension 'colcon_meta'
[2.321s] Level 1:colcon.colcon_core.package_identification:_identify(src/ur_driver) by extensions ['ros']
[2.321s] Level 1:colcon.colcon_core.package_identification:_identify(src/ur_driver) by extension 'ros'
[2.322s] Level 1:colcon.colcon_core.package_identification:_identify(src/ur_driver) by extensions ['cmake', 'python']
[2.322s] Level 1:colcon.colcon_core.package_identification:_identify(src/ur_driver) by extension 'cmake'
[2.322s] Level 1:colcon.colcon_core.package_identification:_identify(src/ur_driver) by extension 'python'
[2.323s] Level 1:colcon.colcon_core.package_identification:_identify(src/ur_driver) by extensions ['python_setup_py']
[2.323s] Level 1:colcon.colcon_core.package_identification:_identify(src/ur_driver) by extension 'python_setup_py'
[2.325s] Level 1:colcon.colcon_core.package_identification:_identify(src/ur_driver/Universal_Robots_Client_Library) by extensions ['ignore', 'ignore_ament_install']
[2.327s] Level 1:colcon.colcon_core.package_identification:_identify(src/ur_driver/Universal_Robots_Client_Library) by extension 'ignore'
[2.328s] Level 1:colcon.colcon_core.package_identification:_identify(src/ur_driver/Universal_Robots_Client_Library) by extension 'ignore_ament_install'
[2.328s] Level 1:colcon.colcon_core.package_identification:_identify(src/ur_driver/Universal_Robots_Client_Library) by extensions ['colcon_pkg']
[2.328s] Level 1:colcon.colcon_core.package_identification:_identify(src/ur_driver/Universal_Robots_Client_Library) by extension 'colcon_pkg'
[2.328s] Level 1:colcon.colcon_core.package_identification:_identify(src/ur_driver/Universal_Robots_Client_Library) by extensions ['colcon_meta']
[2.328s] Level 1:colcon.colcon_core.package_identification:_identify(src/ur_driver/Universal_Robots_Client_Library) by extension 'colcon_meta'
[2.328s] Level 1:colcon.colcon_core.package_identification:_identify(src/ur_driver/Universal_Robots_Client_Library) by extensions ['ros']
[2.328s] Level 1:colcon.colcon_core.package_identification:_identify(src/ur_driver/Universal_Robots_Client_Library) by extension 'ros'
[2.336s] DEBUG:colcon.colcon_core.package_identification:Package 'src/ur_driver/Universal_Robots_Client_Library' with type 'ros.cmake' and name 'ur_client_library'
[2.337s] Level 1:colcon.colcon_core.package_identification:_identify(src/ur_driver/Universal_Robots_ROS2_Driver) by extensions ['ignore', 'ignore_ament_install']
[2.337s] Level 1:colcon.colcon_core.package_identification:_identify(src/ur_driver/Universal_Robots_ROS2_Driver) by extension 'ignore'
[2.338s] Level 1:colcon.colcon_core.package_identification:_identify(src/ur_driver/Universal_Robots_ROS2_Driver) by extension 'ignore_ament_install'
[2.339s] Level 1:colcon.colcon_core.package_identification:_identify(src/ur_driver/Universal_Robots_ROS2_Driver) by extensions ['colcon_pkg']
[2.339s] Level 1:colcon.colcon_core.package_identification:_identify(src/ur_driver/Universal_Robots_ROS2_Driver) by extension 'colcon_pkg'
[2.340s] Level 1:colcon.colcon_core.package_identification:_identify(src/ur_driver/Universal_Robots_ROS2_Driver) by extensions ['colcon_meta']
[2.340s] Level 1:colcon.colcon_core.package_identification:_identify(src/ur_driver/Universal_Robots_ROS2_Driver) by extension 'colcon_meta'
[2.340s] Level 1:colcon.colcon_core.package_identification:_identify(src/ur_driver/Universal_Robots_ROS2_Driver) by extensions ['ros']
[2.340s] Level 1:colcon.colcon_core.package_identification:_identify(src/ur_driver/Universal_Robots_ROS2_Driver) by extension 'ros'
[2.340s] Level 1:colcon.colcon_core.package_identification:_identify(src/ur_driver/Universal_Robots_ROS2_Driver) by extensions ['cmake', 'python']
[2.341s] Level 1:colcon.colcon_core.package_identification:_identify(src/ur_driver/Universal_Robots_ROS2_Driver) by extension 'cmake'
[2.341s] Level 1:colcon.colcon_core.package_identification:_identify(src/ur_driver/Universal_Robots_ROS2_Driver) by extension 'python'
[2.341s] Level 1:colcon.colcon_core.package_identification:_identify(src/ur_driver/Universal_Robots_ROS2_Driver) by extensions ['python_setup_py']
[2.341s] Level 1:colcon.colcon_core.package_identification:_identify(src/ur_driver/Universal_Robots_ROS2_Driver) by extension 'python_setup_py'
[2.342s] Level 1:colcon.colcon_core.package_identification:_identify(src/ur_driver/Universal_Robots_ROS2_Driver/ur_bringup) by extensions ['ignore', 'ignore_ament_install']
[2.343s] Level 1:colcon.colcon_core.package_identification:_identify(src/ur_driver/Universal_Robots_ROS2_Driver/ur_bringup) by extension 'ignore'
[2.344s] Level 1:colcon.colcon_core.package_identification:_identify(src/ur_driver/Universal_Robots_ROS2_Driver/ur_bringup) by extension 'ignore_ament_install'
[2.344s] Level 1:colcon.colcon_core.package_identification:_identify(src/ur_driver/Universal_Robots_ROS2_Driver/ur_bringup) by extensions ['colcon_pkg']
[2.344s] Level 1:colcon.colcon_core.package_identification:_identify(src/ur_driver/Universal_Robots_ROS2_Driver/ur_bringup) by extension 'colcon_pkg'
[2.345s] Level 1:colcon.colcon_core.package_identification:_identify(src/ur_driver/Universal_Robots_ROS2_Driver/ur_bringup) by extensions ['colcon_meta']
[2.345s] Level 1:colcon.colcon_core.package_identification:_identify(src/ur_driver/Universal_Robots_ROS2_Driver/ur_bringup) by extension 'colcon_meta'
[2.345s] Level 1:colcon.colcon_core.package_identification:_identify(src/ur_driver/Universal_Robots_ROS2_Driver/ur_bringup) by extensions ['ros']
[2.345s] Level 1:colcon.colcon_core.package_identification:_identify(src/ur_driver/Universal_Robots_ROS2_Driver/ur_bringup) by extension 'ros'
[2.354s] DEBUG:colcon.colcon_core.package_identification:Package 'src/ur_driver/Universal_Robots_ROS2_Driver/ur_bringup' with type 'ros.ament_cmake' and name 'ur_bringup'
[2.359s] Level 1:colcon.colcon_core.package_identification:_identify(src/ur_driver/Universal_Robots_ROS2_Driver/ur_controllers) by extensions ['ignore', 'ignore_ament_install']
[2.360s] Level 1:colcon.colcon_core.package_identification:_identify(src/ur_driver/Universal_Robots_ROS2_Driver/ur_controllers) by extension 'ignore'
[2.362s] Level 1:colcon.colcon_core.package_identification:_identify(src/ur_driver/Universal_Robots_ROS2_Driver/ur_controllers) by extension 'ignore_ament_install'
[2.363s] Level 1:colcon.colcon_core.package_identification:_identify(src/ur_driver/Universal_Robots_ROS2_Driver/ur_controllers) by extensions ['colcon_pkg']
[2.363s] Level 1:colcon.colcon_core.package_identification:_identify(src/ur_driver/Universal_Robots_ROS2_Driver/ur_controllers) by extension 'colcon_pkg'
[2.363s] Level 1:colcon.colcon_core.package_identification:_identify(src/ur_driver/Universal_Robots_ROS2_Driver/ur_controllers) by extensions ['colcon_meta']
[2.363s] Level 1:colcon.colcon_core.package_identification:_identify(src/ur_driver/Universal_Robots_ROS2_Driver/ur_controllers) by extension 'colcon_meta'
[2.364s] Level 1:colcon.colcon_core.package_identification:_identify(src/ur_driver/Universal_Robots_ROS2_Driver/ur_controllers) by extensions ['ros']
[2.364s] Level 1:colcon.colcon_core.package_identification:_identify(src/ur_driver/Universal_Robots_ROS2_Driver/ur_controllers) by extension 'ros'
[2.373s] DEBUG:colcon.colcon_core.package_identification:Package 'src/ur_driver/Universal_Robots_ROS2_Driver/ur_controllers' with type 'ros.ament_cmake' and name 'ur_controllers'
[2.374s] Level 1:colcon.colcon_core.package_identification:_identify(src/ur_driver/Universal_Robots_ROS2_Driver/ur_dashboard_msgs) by extensions ['ignore', 'ignore_ament_install']
[2.375s] Level 1:colcon.colcon_core.package_identification:_identify(src/ur_driver/Universal_Robots_ROS2_Driver/ur_dashboard_msgs) by extension 'ignore'
[2.376s] Level 1:colcon.colcon_core.package_identification:_identify(src/ur_driver/Universal_Robots_ROS2_Driver/ur_dashboard_msgs) by extension 'ignore_ament_install'
[2.378s] Level 1:colcon.colcon_core.package_identification:_identify(src/ur_driver/Universal_Robots_ROS2_Driver/ur_dashboard_msgs) by extensions ['colcon_pkg']
[2.380s] Level 1:colcon.colcon_core.package_identification:_identify(src/ur_driver/Universal_Robots_ROS2_Driver/ur_dashboard_msgs) by extension 'colcon_pkg'
[2.381s] Level 1:colcon.colcon_core.package_identification:_identify(src/ur_driver/Universal_Robots_ROS2_Driver/ur_dashboard_msgs) by extensions ['colcon_meta']
[2.383s] Level 1:colcon.colcon_core.package_identification:_identify(src/ur_driver/Universal_Robots_ROS2_Driver/ur_dashboard_msgs) by extension 'colcon_meta'
[2.385s] Level 1:colcon.colcon_core.package_identification:_identify(src/ur_driver/Universal_Robots_ROS2_Driver/ur_dashboard_msgs) by extensions ['ros']
[2.385s] Level 1:colcon.colcon_core.package_identification:_identify(src/ur_driver/Universal_Robots_ROS2_Driver/ur_dashboard_msgs) by extension 'ros'
[2.393s] DEBUG:colcon.colcon_core.package_identification:Package 'src/ur_driver/Universal_Robots_ROS2_Driver/ur_dashboard_msgs' with type 'ros.ament_cmake' and name 'ur_dashboard_msgs'
[2.397s] Level 1:colcon.colcon_core.package_identification:_identify(src/ur_driver/Universal_Robots_ROS2_Driver/ur_description) by extensions ['ignore', 'ignore_ament_install']
[2.397s] Level 1:colcon.colcon_core.package_identification:_identify(src/ur_driver/Universal_Robots_ROS2_Driver/ur_description) by extension 'ignore'
[2.398s] Level 1:colcon.colcon_core.package_identification:_identify(src/ur_driver/Universal_Robots_ROS2_Driver/ur_description) by extension 'ignore_ament_install'
[2.398s] Level 1:colcon.colcon_core.package_identification:_identify(src/ur_driver/Universal_Robots_ROS2_Driver/ur_description) by extensions ['colcon_pkg']
[2.398s] Level 1:colcon.colcon_core.package_identification:_identify(src/ur_driver/Universal_Robots_ROS2_Driver/ur_description) by extension 'colcon_pkg'
[2.398s] Level 1:colcon.colcon_core.package_identification:_identify(src/ur_driver/Universal_Robots_ROS2_Driver/ur_description) by extensions ['colcon_meta']
[2.398s] Level 1:colcon.colcon_core.package_identification:_identify(src/ur_driver/Universal_Robots_ROS2_Driver/ur_description) by extension 'colcon_meta'
[2.399s] Level 1:colcon.colcon_core.package_identification:_identify(src/ur_driver/Universal_Robots_ROS2_Driver/ur_description) by extensions ['ros']
[2.400s] Level 1:colcon.colcon_core.package_identification:_identify(src/ur_driver/Universal_Robots_ROS2_Driver/ur_description) by extension 'ros'
[2.404s] DEBUG:colcon.colcon_core.package_identification:Package 'src/ur_driver/Universal_Robots_ROS2_Driver/ur_description' with type 'ros.ament_cmake' and name 'ur_description'
[2.406s] Level 1:colcon.colcon_core.package_identification:_identify(src/ur_driver/Universal_Robots_ROS2_Driver/ur_moveit_config) by extensions ['ignore', 'ignore_ament_install']
[2.407s] Level 1:colcon.colcon_core.package_identification:_identify(src/ur_driver/Universal_Robots_ROS2_Driver/ur_moveit_config) by extension 'ignore'
[2.407s] Level 1:colcon.colcon_core.package_identification:_identify(src/ur_driver/Universal_Robots_ROS2_Driver/ur_moveit_config) by extension 'ignore_ament_install'
[2.407s] Level 1:colcon.colcon_core.package_identification:_identify(src/ur_driver/Universal_Robots_ROS2_Driver/ur_moveit_config) by extensions ['colcon_pkg']
[2.407s] Level 1:colcon.colcon_core.package_identification:_identify(src/ur_driver/Universal_Robots_ROS2_Driver/ur_moveit_config) by extension 'colcon_pkg'
[2.408s] Level 1:colcon.colcon_core.package_identification:_identify(src/ur_driver/Universal_Robots_ROS2_Driver/ur_moveit_config) by extensions ['colcon_meta']
[2.408s] Level 1:colcon.colcon_core.package_identification:_identify(src/ur_driver/Universal_Robots_ROS2_Driver/ur_moveit_config) by extension 'colcon_meta'
[2.408s] Level 1:colcon.colcon_core.package_identification:_identify(src/ur_driver/Universal_Robots_ROS2_Driver/ur_moveit_config) by extensions ['ros']
[2.408s] Level 1:colcon.colcon_core.package_identification:_identify(src/ur_driver/Universal_Robots_ROS2_Driver/ur_moveit_config) by extension 'ros'
[2.411s] DEBUG:colcon.colcon_core.package_identification:Package 'src/ur_driver/Universal_Robots_ROS2_Driver/ur_moveit_config' with type 'ros.ament_cmake' and name 'ur_moveit_config'
[2.413s] Level 1:colcon.colcon_core.package_identification:_identify(src/ur_driver/Universal_Robots_ROS2_Driver/ur_robot_driver) by extensions ['ignore', 'ignore_ament_install']
[2.413s] Level 1:colcon.colcon_core.package_identification:_identify(src/ur_driver/Universal_Robots_ROS2_Driver/ur_robot_driver) by extension 'ignore'
[2.414s] Level 1:colcon.colcon_core.package_identification:_identify(src/ur_driver/Universal_Robots_ROS2_Driver/ur_robot_driver) by extension 'ignore_ament_install'
[2.414s] Level 1:colcon.colcon_core.package_identification:_identify(src/ur_driver/Universal_Robots_ROS2_Driver/ur_robot_driver) by extensions ['colcon_pkg']
[2.414s] Level 1:colcon.colcon_core.package_identification:_identify(src/ur_driver/Universal_Robots_ROS2_Driver/ur_robot_driver) by extension 'colcon_pkg'
[2.414s] Level 1:colcon.colcon_core.package_identification:_identify(src/ur_driver/Universal_Robots_ROS2_Driver/ur_robot_driver) by extensions ['colcon_meta']
[2.414s] Level 1:colcon.colcon_core.package_identification:_identify(src/ur_driver/Universal_Robots_ROS2_Driver/ur_robot_driver) by extension 'colcon_meta'
[2.415s] Level 1:colcon.colcon_core.package_identification:_identify(src/ur_driver/Universal_Robots_ROS2_Driver/ur_robot_driver) by extensions ['ros']
[2.415s] Level 1:colcon.colcon_core.package_identification:_identify(src/ur_driver/Universal_Robots_ROS2_Driver/ur_robot_driver) by extension 'ros'
[2.444s] DEBUG:colcon.colcon_core.package_identification:Package 'src/ur_driver/Universal_Robots_ROS2_Driver/ur_robot_driver' with type 'ros.ament_cmake' and name 'ur_robot_driver'
[2.445s] Level 1:colcon.colcon_core.package_discovery:discover_packages(recursive) using defaults
[2.447s] Level 1:colcon.colcon_core.package_discovery:discover_packages(ignore) discover
[2.451s] Level 1:colcon.colcon_core.package_discovery:discover_packages(ignore) using defaults
[2.451s] Level 1:colcon.colcon_core.package_discovery:discover_packages(path) discover
[2.452s] Level 1:colcon.colcon_core.package_discovery:discover_packages(path) using defaults
[2.653s] INFO:colcon.colcon_core.package_selection:Skipping not selected package 'cmake_helpers' in 'src/lib/cmake_helpers'
[2.653s] INFO:colcon.colcon_core.package_selection:Skipping not selected package 'robo_cleaner_interfaces' in 'src/robo_cleaner/robo_cleaner_interfaces'
[2.653s] INFO:colcon.colcon_core.package_selection:Skipping not selected package 'robo_collector_interfaces' in 'src/robo_collector/robo_collector_interfaces'
[2.653s] INFO:colcon.colcon_core.package_selection:Skipping not selected package 'robo_miner_interfaces' in 'src/robo_miner/robo_miner_interfaces'
[2.653s] INFO:colcon.colcon_core.package_selection:Skipping not selected package 'ur_bringup' in 'src/ur_driver/Universal_Robots_ROS2_Driver/ur_bringup'
[2.653s] INFO:colcon.colcon_core.package_selection:Skipping not selected package 'ur_client_library' in 'src/ur_driver/Universal_Robots_Client_Library'
[2.653s] INFO:colcon.colcon_core.package_selection:Skipping not selected package 'ur_dashboard_msgs' in 'src/ur_driver/Universal_Robots_ROS2_Driver/ur_dashboard_msgs'
[2.653s] INFO:colcon.colcon_core.package_selection:Skipping not selected package 'ur_description' in 'src/ur_driver/Universal_Robots_ROS2_Driver/ur_description'
[2.653s] INFO:colcon.colcon_core.package_selection:Skipping not selected package 'ur_moveit_config' in 'src/ur_driver/Universal_Robots_ROS2_Driver/ur_moveit_config'
[2.654s] INFO:colcon.colcon_core.package_selection:Skipping not selected package 'urscript_interfaces' in 'src/ur_dev/urscript/urscript_interfaces'
[2.654s] INFO:colcon.colcon_core.package_selection:Skipping not selected package 'robo_collector_controller_py' in 'src/robo_collector/robo_collector_controller_py'
[2.654s] INFO:colcon.colcon_core.package_selection:Skipping not selected package 'ur_controllers' in 'src/ur_driver/Universal_Robots_ROS2_Driver/ur_controllers'
[2.654s] INFO:colcon.colcon_core.package_selection:Skipping not selected package 'utils' in 'src/lib/utils'
[2.654s] INFO:colcon.colcon_core.package_selection:Skipping not selected package 'resource_utils' in 'src/lib/resource_utils'
[2.654s] INFO:colcon.colcon_core.package_selection:Skipping not selected package 'ur_robot_driver' in 'src/ur_driver/Universal_Robots_ROS2_Driver/ur_robot_driver'
[2.654s] INFO:colcon.colcon_core.package_selection:Skipping not selected package 'urscript_common' in 'src/ur_dev/urscript/urscript_common'
[2.654s] INFO:colcon.colcon_core.package_selection:Skipping not selected package 'resource_builder' in 'src/tools/resource_builder'
[2.655s] INFO:colcon.colcon_core.package_selection:Skipping not selected package 'sdl_utils' in 'src/lib/sdl_utils'
[2.655s] INFO:colcon.colcon_core.package_selection:Skipping not selected package 'manager_utils' in 'src/lib/manager_utils'
[2.655s] INFO:colcon.colcon_core.package_selection:Skipping not selected package 'game_engine' in 'src/lib/game_engine'
[2.655s] INFO:colcon.colcon_core.package_selection:Skipping not selected package 'robo_common' in 'src/robo_common'
[2.655s] INFO:colcon.colcon_core.package_selection:Skipping not selected package 'robo_cleaner_common' in 'src/robo_cleaner/robo_cleaner_common'
[2.655s] INFO:colcon.colcon_core.package_selection:Skipping not selected package 'robo_collector_common' in 'src/robo_collector/robo_collector_common'
[2.655s] INFO:colcon.colcon_core.package_selection:Skipping not selected package 'robo_miner_common' in 'src/robo_miner/robo_miner_common'
[2.656s] INFO:colcon.colcon_core.package_selection:Skipping not selected package 'ros2_game_engine' in 'src/lib/ros2_game_engine'
[2.656s] INFO:colcon.colcon_core.package_selection:Skipping not selected package 'robo_cleaner_gui' in 'src/robo_cleaner/robo_cleaner_gui'
[2.656s] INFO:colcon.colcon_core.package_selection:Skipping not selected package 'robo_collector_controller' in 'src/robo_collector/robo_collector_controller'
[2.656s] INFO:colcon.colcon_core.package_selection:Skipping not selected package 'robo_collector_gui' in 'src/robo_collector/robo_collector_gui'
[2.656s] INFO:colcon.colcon_core.package_selection:Skipping not selected package 'robo_miner_gui' in 'src/robo_miner/robo_miner_gui'
[2.656s] INFO:colcon.colcon_core.package_selection:Skipping not selected package 'ur_control_gui' in 'src/ur_dev/ur_control_gui'
[2.656s] INFO:colcon.colcon_core.package_selection:Skipping not selected package 'urscript_bridge' in 'src/ur_dev/urscript/urscript_bridge'
[2.661s] Level 1:colcon.colcon_core.package_discovery:discover_packages(prefix_path) check parameters
[2.662s] Level 1:colcon.colcon_core.package_discovery:discover_packages(prefix_path) discover
[2.697s] DEBUG:colcon.colcon_installed_package_information.package_discovery:Found 32 installed packages in /home/ubuntu/workspace/Velizar/robotics_v1/install
[2.709s] DEBUG:colcon.colcon_installed_package_information.package_discovery:Found 267 installed packages in /opt/ros/foxy
[2.722s] Level 1:colcon.colcon_core.package_discovery:discover_packages(prefix_path) using defaults
[3.282s] Level 5:colcon.colcon_core.verb:set package 'robo_miner_ai_py' build argument 'cmake_args' from command line to 'None'
[3.283s] Level 5:colcon.colcon_core.verb:set package 'robo_miner_ai_py' build argument 'cmake_target' from command line to 'None'
[3.284s] Level 5:colcon.colcon_core.verb:set package 'robo_miner_ai_py' build argument 'cmake_target_skip_unavailable' from command line to 'False'
[3.284s] Level 5:colcon.colcon_core.verb:set package 'robo_miner_ai_py' build argument 'cmake_clean_cache' from command line to 'False'
[3.284s] Level 5:colcon.colcon_core.verb:set package 'robo_miner_ai_py' build argument 'cmake_clean_first' from command line to 'False'
[3.285s] Level 5:colcon.colcon_core.verb:set package 'robo_miner_ai_py' build argument 'cmake_force_configure' from command line to 'False'
[3.285s] Level 5:colcon.colcon_core.verb:set package 'robo_miner_ai_py' build argument 'ament_cmake_args' from command line to 'None'
[3.285s] Level 5:colcon.colcon_core.verb:set package 'robo_miner_ai_py' build argument 'catkin_cmake_args' from command line to 'None'
[3.285s] Level 5:colcon.colcon_core.verb:set package 'robo_miner_ai_py' build argument 'catkin_skip_building_tests' from command line to 'False'
[3.285s] DEBUG:colcon.colcon_core.verb:Building package 'robo_miner_ai_py' with the following arguments: {'ament_cmake_args': None, 'build_base': '/home/ubuntu/workspace/Velizar/robotics_v1/build/robo_miner_ai_py', 'catkin_cmake_args': None, 'catkin_skip_building_tests': False, 'cmake_args': None, 'cmake_clean_cache': False, 'cmake_clean_first': False, 'cmake_force_configure': False, 'cmake_target': None, 'cmake_target_skip_unavailable': False, 'install_base': '/home/ubuntu/workspace/Velizar/robotics_v1/install/robo_miner_ai_py', 'merge_install': False, 'path': '/home/ubuntu/workspace/Velizar/robotics_v1/src/robo_miner/robo_miner_ai_py', 'symlink_install': False, 'test_result_base': None}
[3.291s] INFO:colcon.colcon_core.executor:Executing jobs using 'parallel' executor
[3.332s] DEBUG:colcon.colcon_parallel_executor.executor.parallel:run_until_complete
[3.334s] INFO:colcon.colcon_ros.task.ament_python.build:Building ROS package in '/home/ubuntu/workspace/Velizar/robotics_v1/src/robo_miner/robo_miner_ai_py' with build type 'ament_python'
[3.336s] Level 1:colcon.colcon_core.shell:create_environment_hook('robo_miner_ai_py', 'ament_prefix_path')
[3.393s] INFO:colcon.colcon_core.plugin_system:Skipping extension 'colcon_core.shell.bat': Not used on non-Windows systems
[3.395s] INFO:colcon.colcon_core.shell:Creating environment hook '/home/ubuntu/workspace/Velizar/robotics_v1/install/robo_miner_ai_py/share/robo_miner_ai_py/hook/ament_prefix_path.ps1'
[3.399s] INFO:colcon.colcon_core.shell:Creating environment descriptor '/home/ubuntu/workspace/Velizar/robotics_v1/install/robo_miner_ai_py/share/robo_miner_ai_py/hook/ament_prefix_path.dsv'
[3.406s] INFO:colcon.colcon_core.shell:Creating environment hook '/home/ubuntu/workspace/Velizar/robotics_v1/install/robo_miner_ai_py/share/robo_miner_ai_py/hook/ament_prefix_path.sh'
[3.427s] INFO:colcon.colcon_core.shell:Skip shell extension 'powershell' for command environment: Not usable outside of PowerShell
[3.428s] DEBUG:colcon.colcon_core.shell:Skip shell extension 'dsv' for command environment
[5.549s] INFO:colcon.colcon_core.task.python.build:Building Python package in '/home/ubuntu/workspace/Velizar/robotics_v1/src/robo_miner/robo_miner_ai_py'
[5.571s] INFO:colcon.colcon_core.shell:Skip shell extension 'powershell' for command environment: Not usable outside of PowerShell
[5.572s] DEBUG:colcon.colcon_core.shell:Skip shell extension 'dsv' for command environment
[8.996s] DEBUG:colcon.colcon_core.event_handler.log_command:Invoking command in '/home/ubuntu/workspace/Velizar/robotics_v1/src/robo_miner/robo_miner_ai_py': CMAKE_PREFIX_PATH=/home/ubuntu/workspace/Velizar/robotics_v1/install/robo_miner_interfaces:/home/ubuntu/workspace/Velizar/robotics_v1/install/urscript_bridge:/home/ubuntu/workspace/Velizar/robotics_v1/install/ur_control_gui:/home/ubuntu/workspace/Velizar/robotics_v1/install/urscript_common:/home/ubuntu/workspace/Velizar/robotics_v1/install/robo_miner_gui:/home/ubuntu/workspace/Velizar/robotics_v1/install/robo_collector_gui:/home/ubuntu/workspace/Velizar/robotics_v1/install/robo_collector_controller:/home/ubuntu/workspace/Velizar/robotics_v1/install/robo_cleaner_gui:/home/ubuntu/workspace/Velizar/robotics_v1/install/ros2_game_engine:/home/ubuntu/workspace/Velizar/robotics_v1/install/robo_miner_common:/home/ubuntu/workspace/Velizar/robotics_v1/install/robo_collector_common:/home/ubuntu/workspace/Velizar/robotics_v1/install/robo_cleaner_common:/home/ubuntu/workspace/Velizar/robotics_v1/install/robo_common:/home/ubuntu/workspace/Velizar/robotics_v1/install/game_engine:/home/ubuntu/workspace/Velizar/robotics_v1/install/manager_utils:/home/ubuntu/workspace/Velizar/robotics_v1/install/sdl_utils:/home/ubuntu/workspace/Velizar/robotics_v1/install/resource_builder:/home/ubuntu/workspace/Velizar/robotics_v1/install/resource_utils:/home/ubuntu/workspace/Velizar/robotics_v1/install/utils:/home/ubuntu/workspace/Velizar/robotics_v1/install/urscript_interfaces:/home/ubuntu/workspace/Velizar/robotics_v1/install/ur_robot_driver:/home/ubuntu/workspace/Velizar/robotics_v1/install/ur_moveit_config:/home/ubuntu/workspace/Velizar/robotics_v1/install/ur_description:/home/ubuntu/workspace/Velizar/robotics_v1/install/ur_controllers:/home/ubuntu/workspace/Velizar/robotics_v1/install/ur_dashboard_msgs:/home/ubuntu/workspace/Velizar/robotics_v1/install/ur_client_library:/home/ubuntu/workspace/Velizar/robotics_v1/install/ur_bringup:/home/ubuntu/workspace/Velizar/robotics_v1/install/robo_collector_interfaces:/home/ubuntu/workspace/Velizar/robotics_v1/install/robo_cleaner_interfaces:/home/ubuntu/workspace/Velizar/robotics_v1/install/cmake_helpers LD_LIBRARY_PATH=/home/ubuntu/workspace/Velizar/robotics_v1/install/robo_miner_interfaces/lib:/home/ubuntu/workspace/Velizar/robotics_v1/install/urscript_interfaces/lib:/home/ubuntu/workspace/Velizar/robotics_v1/install/ur_robot_driver/lib:/home/ubuntu/workspace/Velizar/robotics_v1/install/ur_controllers/lib:/home/ubuntu/workspace/Velizar/robotics_v1/install/ur_dashboard_msgs/lib:/home/ubuntu/workspace/Velizar/robotics_v1/install/ur_client_library/lib:/home/ubuntu/workspace/Velizar/robotics_v1/install/robo_collector_interfaces/lib:/home/ubuntu/workspace/Velizar/robotics_v1/install/robo_cleaner_interfaces/lib:/opt/ros/foxy/opt/yaml_cpp_vendor/lib:/opt/ros/foxy/opt/rviz_ogre_vendor/lib:/opt/ros/foxy/lib/x86_64-linux-gnu:/opt/ros/foxy/lib PS1=[\u@\h \W]$(git_branch)$ PYTHONPATH=/home/ubuntu/workspace/Velizar/robotics_v1/install/robo_miner_ai_py/lib/python3.8/site-packages:/home/ubuntu/workspace/Velizar/robotics_v1/install/robo_miner_interfaces/lib/python3.8/site-packages:/home/ubuntu/workspace/Velizar/robotics_v1/install/urscript_interfaces/lib/python3.8/site-packages:/home/ubuntu/workspace/Velizar/robotics_v1/install/ur_dashboard_msgs/lib/python3.8/site-packages:/home/ubuntu/workspace/Velizar/robotics_v1/install/robo_collector_controller_py/lib/python3.8/site-packages:/home/ubuntu/workspace/Velizar/robotics_v1/install/robo_collector_interfaces/lib/python3.8/site-packages:/home/ubuntu/workspace/Velizar/robotics_v1/install/robo_cleaner_interfaces/lib/python3.8/site-packages:/opt/ros/foxy/lib/python3.8/site-packages /usr/bin/python3 setup.py egg_info --egg-base ../../../build/robo_miner_ai_py build --build-base /home/ubuntu/workspace/Velizar/robotics_v1/build/robo_miner_ai_py/build install --prefix /home/ubuntu/workspace/Velizar/robotics_v1/install/robo_miner_ai_py --record /home/ubuntu/workspace/Velizar/robotics_v1/build/robo_miner_ai_py/install.log --single-version-externally-managed
[11.815s] DEBUG:colcon.colcon_core.event_handler.log_command:Invoked command in '/home/ubuntu/workspace/Velizar/robotics_v1/src/robo_miner/robo_miner_ai_py' returned '0': CMAKE_PREFIX_PATH=/home/ubuntu/workspace/Velizar/robotics_v1/install/robo_miner_interfaces:/home/ubuntu/workspace/Velizar/robotics_v1/install/urscript_bridge:/home/ubuntu/workspace/Velizar/robotics_v1/install/ur_control_gui:/home/ubuntu/workspace/Velizar/robotics_v1/install/urscript_common:/home/ubuntu/workspace/Velizar/robotics_v1/install/robo_miner_gui:/home/ubuntu/workspace/Velizar/robotics_v1/install/robo_collector_gui:/home/ubuntu/workspace/Velizar/robotics_v1/install/robo_collector_controller:/home/ubuntu/workspace/Velizar/robotics_v1/install/robo_cleaner_gui:/home/ubuntu/workspace/Velizar/robotics_v1/install/ros2_game_engine:/home/ubuntu/workspace/Velizar/robotics_v1/install/robo_miner_common:/home/ubuntu/workspace/Velizar/robotics_v1/install/robo_collector_common:/home/ubuntu/workspace/Velizar/robotics_v1/install/robo_cleaner_common:/home/ubuntu/workspace/Velizar/robotics_v1/install/robo_common:/home/ubuntu/workspace/Velizar/robotics_v1/install/game_engine:/home/ubuntu/workspace/Velizar/robotics_v1/install/manager_utils:/home/ubuntu/workspace/Velizar/robotics_v1/install/sdl_utils:/home/ubuntu/workspace/Velizar/robotics_v1/install/resource_builder:/home/ubuntu/workspace/Velizar/robotics_v1/install/resource_utils:/home/ubuntu/workspace/Velizar/robotics_v1/install/utils:/home/ubuntu/workspace/Velizar/robotics_v1/install/urscript_interfaces:/home/ubuntu/workspace/Velizar/robotics_v1/install/ur_robot_driver:/home/ubuntu/workspace/Velizar/robotics_v1/install/ur_moveit_config:/home/ubuntu/workspace/Velizar/robotics_v1/install/ur_description:/home/ubuntu/workspace/Velizar/robotics_v1/install/ur_controllers:/home/ubuntu/workspace/Velizar/robotics_v1/install/ur_dashboard_msgs:/home/ubuntu/workspace/Velizar/robotics_v1/install/ur_client_library:/home/ubuntu/workspace/Velizar/robotics_v1/install/ur_bringup:/home/ubuntu/workspace/Velizar/robotics_v1/install/robo_collector_interfaces:/home/ubuntu/workspace/Velizar/robotics_v1/install/robo_cleaner_interfaces:/home/ubuntu/workspace/Velizar/robotics_v1/install/cmake_helpers LD_LIBRARY_PATH=/home/ubuntu/workspace/Velizar/robotics_v1/install/robo_miner_interfaces/lib:/home/ubuntu/workspace/Velizar/robotics_v1/install/urscript_interfaces/lib:/home/ubuntu/workspace/Velizar/robotics_v1/install/ur_robot_driver/lib:/home/ubuntu/workspace/Velizar/robotics_v1/install/ur_controllers/lib:/home/ubuntu/workspace/Velizar/robotics_v1/install/ur_dashboard_msgs/lib:/home/ubuntu/workspace/Velizar/robotics_v1/install/ur_client_library/lib:/home/ubuntu/workspace/Velizar/robotics_v1/install/robo_collector_interfaces/lib:/home/ubuntu/workspace/Velizar/robotics_v1/install/robo_cleaner_interfaces/lib:/opt/ros/foxy/opt/yaml_cpp_vendor/lib:/opt/ros/foxy/opt/rviz_ogre_vendor/lib:/opt/ros/foxy/lib/x86_64-linux-gnu:/opt/ros/foxy/lib PS1=[\u@\h \W]$(git_branch)$ PYTHONPATH=/home/ubuntu/workspace/Velizar/robotics_v1/install/robo_miner_ai_py/lib/python3.8/site-packages:/home/ubuntu/workspace/Velizar/robotics_v1/install/robo_miner_interfaces/lib/python3.8/site-packages:/home/ubuntu/workspace/Velizar/robotics_v1/install/urscript_interfaces/lib/python3.8/site-packages:/home/ubuntu/workspace/Velizar/robotics_v1/install/ur_dashboard_msgs/lib/python3.8/site-packages:/home/ubuntu/workspace/Velizar/robotics_v1/install/robo_collector_controller_py/lib/python3.8/site-packages:/home/ubuntu/workspace/Velizar/robotics_v1/install/robo_collector_interfaces/lib/python3.8/site-packages:/home/ubuntu/workspace/Velizar/robotics_v1/install/robo_cleaner_interfaces/lib/python3.8/site-packages:/opt/ros/foxy/lib/python3.8/site-packages /usr/bin/python3 setup.py egg_info --egg-base ../../../build/robo_miner_ai_py build --build-base /home/ubuntu/workspace/Velizar/robotics_v1/build/robo_miner_ai_py/build install --prefix /home/ubuntu/workspace/Velizar/robotics_v1/install/robo_miner_ai_py --record /home/ubuntu/workspace/Velizar/robotics_v1/build/robo_miner_ai_py/install.log --single-version-externally-managed
[11.867s] Level 1:colcon.colcon_core.environment:checking '/home/ubuntu/workspace/Velizar/robotics_v1/install/robo_miner_ai_py' for CMake module files
[11.869s] Level 1:colcon.colcon_core.environment:checking '/home/ubuntu/workspace/Velizar/robotics_v1/install/robo_miner_ai_py' for CMake config files
[11.878s] Level 1:colcon.colcon_core.environment:checking '/home/ubuntu/workspace/Velizar/robotics_v1/install/robo_miner_ai_py/lib'
[11.880s] Level 1:colcon.colcon_core.environment:checking '/home/ubuntu/workspace/Velizar/robotics_v1/install/robo_miner_ai_py/bin'
[11.880s] Level 1:colcon.colcon_core.environment:checking '/home/ubuntu/workspace/Velizar/robotics_v1/install/robo_miner_ai_py/lib/pkgconfig/robo_miner_ai_py.pc'
[11.882s] Level 1:colcon.colcon_core.environment:checking '/home/ubuntu/workspace/Velizar/robotics_v1/install/robo_miner_ai_py/lib/python3.8/site-packages'
[11.884s] Level 1:colcon.colcon_core.shell:create_environment_hook('robo_miner_ai_py', 'pythonpath')
[11.910s] INFO:colcon.colcon_core.shell:Creating environment hook '/home/ubuntu/workspace/Velizar/robotics_v1/install/robo_miner_ai_py/share/robo_miner_ai_py/hook/pythonpath.ps1'
[11.913s] INFO:colcon.colcon_core.shell:Creating environment descriptor '/home/ubuntu/workspace/Velizar/robotics_v1/install/robo_miner_ai_py/share/robo_miner_ai_py/hook/pythonpath.dsv'
[11.914s] INFO:colcon.colcon_core.shell:Creating environment hook '/home/ubuntu/workspace/Velizar/robotics_v1/install/robo_miner_ai_py/share/robo_miner_ai_py/hook/pythonpath.sh'
[11.918s] Level 1:colcon.colcon_core.environment:checking '/home/ubuntu/workspace/Velizar/robotics_v1/install/robo_miner_ai_py/bin'
[11.919s] Level 1:colcon.colcon_core.environment:create_environment_scripts_only(robo_miner_ai_py)
[11.935s] INFO:colcon.colcon_core.shell:Creating package script '/home/ubuntu/workspace/Velizar/robotics_v1/install/robo_miner_ai_py/share/robo_miner_ai_py/package.ps1'
[11.946s] INFO:colcon.colcon_core.shell:Creating package descriptor '/home/ubuntu/workspace/Velizar/robotics_v1/install/robo_miner_ai_py/share/robo_miner_ai_py/package.dsv'
[11.950s] INFO:colcon.colcon_core.shell:Creating package script '/home/ubuntu/workspace/Velizar/robotics_v1/install/robo_miner_ai_py/share/robo_miner_ai_py/package.sh'
[11.954s] INFO:colcon.colcon_core.shell:Creating package script '/home/ubuntu/workspace/Velizar/robotics_v1/install/robo_miner_ai_py/share/robo_miner_ai_py/package.bash'
[11.966s] INFO:colcon.colcon_core.shell:Creating package script '/home/ubuntu/workspace/Velizar/robotics_v1/install/robo_miner_ai_py/share/robo_miner_ai_py/package.zsh'
[11.978s] Level 1:colcon.colcon_core.environment:create_file_with_runtime_dependencies(/home/ubuntu/workspace/Velizar/robotics_v1/install/robo_miner_ai_py/share/colcon-core/packages/robo_miner_ai_py)
[11.979s] DEBUG:colcon.colcon_parallel_executor.executor.parallel:closing loop
[11.979s] DEBUG:colcon.colcon_parallel_executor.executor.parallel:loop closed
[11.980s] DEBUG:colcon.colcon_parallel_executor.executor.parallel:run_until_complete finished with '0'
[11.980s] DEBUG:colcon.colcon_core.event_reactor:joining thread
[12.057s] INFO:colcon.colcon_core.plugin_system:Skipping extension 'colcon_notification.desktop_notification.terminal_notifier': Not used on non-Darwin systems
[12.057s] INFO:colcon.colcon_core.plugin_system:Skipping extension 'colcon_notification.desktop_notification.win32': Not used on non-Windows systems
[12.057s] INFO:colcon.colcon_notification.desktop_notification:Sending desktop notification using 'notify2'
[12.189s] DEBUG:colcon.colcon_core.event_reactor:joined thread
[12.193s] INFO:colcon.colcon_core.shell:Creating prefix script '/home/ubuntu/workspace/Velizar/robotics_v1/install/local_setup.ps1'
[12.195s] INFO:colcon.colcon_core.shell:Creating prefix util module '/home/ubuntu/workspace/Velizar/robotics_v1/install/_local_setup_util_ps1.py'
[12.208s] INFO:colcon.colcon_core.shell:Creating prefix chain script '/home/ubuntu/workspace/Velizar/robotics_v1/install/setup.ps1'
[12.216s] INFO:colcon.colcon_core.shell:Creating prefix script '/home/ubuntu/workspace/Velizar/robotics_v1/install/local_setup.sh'
[12.221s] INFO:colcon.colcon_core.shell:Creating prefix util module '/home/ubuntu/workspace/Velizar/robotics_v1/install/_local_setup_util_sh.py'
[12.223s] INFO:colcon.colcon_core.shell:Creating prefix chain script '/home/ubuntu/workspace/Velizar/robotics_v1/install/setup.sh'
[12.234s] INFO:colcon.colcon_core.shell:Creating prefix script '/home/ubuntu/workspace/Velizar/robotics_v1/install/local_setup.bash'
[12.237s] INFO:colcon.colcon_core.shell:Creating prefix chain script '/home/ubuntu/workspace/Velizar/robotics_v1/install/setup.bash'
[12.253s] INFO:colcon.colcon_core.shell:Creating prefix script '/home/ubuntu/workspace/Velizar/robotics_v1/install/local_setup.zsh'
[12.260s] INFO:colcon.colcon_core.shell:Creating prefix chain script '/home/ubuntu/workspace/Velizar/robotics_v1/install/setup.zsh'
