[3.315s] Invoking command in '/home/ubuntu/workspace/Velizar/robotics_v1/src/robo_cleaner/robo_cleaner_ai_py': AMENT_PREFIX_PATH=/home/ubuntu/workspace/Velizar/robotics_v1/install/robo_cleaner_interfaces:${AMENT_PREFIX_PATH} CMAKE_PREFIX_PATH=/home/ubuntu/workspace/Velizar/robotics_v1/install/robo_cleaner_interfaces LD_LIBRARY_PATH=/home/ubuntu/workspace/Velizar/robotics_v1/install/robo_cleaner_interfaces/lib:${LD_LIBRARY_PATH} PS1=[\u@\h \W]$(git_branch)$ PYTHONPATH=/home/ubuntu/workspace/Velizar/robotics_v1/install/robo_cleaner_ai_py/lib/python3.8/site-packages:/home/ubuntu/workspace/Velizar/robotics_v1/install/robo_cleaner_interfaces/lib/python3.8/site-packages:${PYTHONPATH} /usr/bin/python3 setup.py egg_info --egg-base ../../../build/robo_cleaner_ai_py build --build-base /home/ubuntu/workspace/Velizar/robotics_v1/build/robo_cleaner_ai_py/build install --prefix /home/ubuntu/workspace/Velizar/robotics_v1/install/robo_cleaner_ai_py --record /home/ubuntu/workspace/Velizar/robotics_v1/build/robo_cleaner_ai_py/install.log --single-version-externally-managed
[4.487s] running egg_info
[4.489s] writing ../../../build/robo_cleaner_ai_py/robo_cleaner_ai_py.egg-info/PKG-INFO
[4.490s] writing dependency_links to ../../../build/robo_cleaner_ai_py/robo_cleaner_ai_py.egg-info/dependency_links.txt
[4.490s] writing entry points to ../../../build/robo_cleaner_ai_py/robo_cleaner_ai_py.egg-info/entry_points.txt
[4.491s] writing requirements to ../../../build/robo_cleaner_ai_py/robo_cleaner_ai_py.egg-info/requires.txt
[4.492s] writing top-level names to ../../../build/robo_cleaner_ai_py/robo_cleaner_ai_py.egg-info/top_level.txt
[4.664s] reading manifest file '../../../build/robo_cleaner_ai_py/robo_cleaner_ai_py.egg-info/SOURCES.txt'
[4.668s] writing manifest file '../../../build/robo_cleaner_ai_py/robo_cleaner_ai_py.egg-info/SOURCES.txt'
[4.669s] running build
[4.669s] running build_py
[4.670s] copying robo_cleaner_ai_py/ant_algorithm.py -> /home/ubuntu/workspace/Velizar/robotics_v1/build/robo_cleaner_ai_py/build/lib/robo_cleaner_ai_py
[4.672s] running install
[4.686s] running install_lib
[4.690s] copying /home/ubuntu/workspace/Velizar/robotics_v1/build/robo_cleaner_ai_py/build/lib/robo_cleaner_ai_py/ant_algorithm.py -> /home/ubuntu/workspace/Velizar/robotics_v1/install/robo_cleaner_ai_py/lib/python3.8/site-packages/robo_cleaner_ai_py
[4.692s] byte-compiling /home/ubuntu/workspace/Velizar/robotics_v1/install/robo_cleaner_ai_py/lib/python3.8/site-packages/robo_cleaner_ai_py/ant_algorithm.py to ant_algorithm.cpython-38.pyc
[4.711s] running install_data
[4.716s] running install_egg_info
[4.724s] removing '/home/ubuntu/workspace/Velizar/robotics_v1/install/robo_cleaner_ai_py/lib/python3.8/site-packages/robo_cleaner_ai_py-0.0.0-py3.8.egg-info' (and everything under it)
[4.725s] Copying ../../../build/robo_cleaner_ai_py/robo_cleaner_ai_py.egg-info to /home/ubuntu/workspace/Velizar/robotics_v1/install/robo_cleaner_ai_py/lib/python3.8/site-packages/robo_cleaner_ai_py-0.0.0-py3.8.egg-info
[4.736s] running install_scripts
[4.862s] Installing robot_ai script to /home/ubuntu/workspace/Velizar/robotics_v1/install/robo_cleaner_ai_py/lib/robo_cleaner_ai_py
[4.865s] writing list of installed files to '/home/ubuntu/workspace/Velizar/robotics_v1/build/robo_cleaner_ai_py/install.log'
[5.043s] Invoked command in '/home/ubuntu/workspace/Velizar/robotics_v1/src/robo_cleaner/robo_cleaner_ai_py' returned '0': AMENT_PREFIX_PATH=/home/ubuntu/workspace/Velizar/robotics_v1/install/robo_cleaner_interfaces:${AMENT_PREFIX_PATH} CMAKE_PREFIX_PATH=/home/ubuntu/workspace/Velizar/robotics_v1/install/robo_cleaner_interfaces LD_LIBRARY_PATH=/home/ubuntu/workspace/Velizar/robotics_v1/install/robo_cleaner_interfaces/lib:${LD_LIBRARY_PATH} PS1=[\u@\h \W]$(git_branch)$ PYTHONPATH=/home/ubuntu/workspace/Velizar/robotics_v1/install/robo_cleaner_ai_py/lib/python3.8/site-packages:/home/ubuntu/workspace/Velizar/robotics_v1/install/robo_cleaner_interfaces/lib/python3.8/site-packages:${PYTHONPATH} /usr/bin/python3 setup.py egg_info --egg-base ../../../build/robo_cleaner_ai_py build --build-base /home/ubuntu/workspace/Velizar/robotics_v1/build/robo_cleaner_ai_py/build install --prefix /home/ubuntu/workspace/Velizar/robotics_v1/install/robo_cleaner_ai_py --record /home/ubuntu/workspace/Velizar/robotics_v1/build/robo_cleaner_ai_py/install.log --single-version-externally-managed
