[0.556s] DEBUG:colcon:Command line arguments: ['/usr/bin/colcon', 'build', '--packages-select', 'robo_builder_py']
[0.556s] DEBUG:colcon:Parsed command line arguments: Namespace(allow_overriding=[], ament_cmake_args=None, base_paths=['.'], build_base='build', catkin_cmake_args=None, catkin_skip_building_tests=False, cmake_args=None, cmake_clean_cache=False, cmake_clean_first=False, cmake_force_configure=False, cmake_target=None, cmake_target_skip_unavailable=False, continue_on_error=False, event_handlers=None, executor='parallel', ignore_user_meta=False, install_base='install', log_base=None, log_level=None, main=<bound method BuildVerb.main of <colcon_core.verb.build.BuildVerb object at 0x7f3471ea5130>>, merge_install=False, metas=['./colcon.meta'], packages_above=None, packages_above_and_dependencies=None, packages_above_depth=None, packages_end=None, packages_ignore=None, packages_ignore_regex=None, packages_select=['robo_builder_py'], packages_select_build_failed=False, packages_select_by_dep=None, packages_select_regex=None, packages_select_test_failures=False, packages_skip=None, packages_skip_build_finished=False, packages_skip_by_dep=None, packages_skip_regex=None, packages_skip_test_passed=False, packages_skip_up_to=None, packages_start=None, packages_up_to=None, packages_up_to_regex=None, parallel_workers=4, paths=None, symlink_install=False, test_result_base=None, verb_extension=<colcon_core.verb.build.BuildVerb object at 0x7f3471ea5130>, verb_name='build', verb_parser=<colcon_defaults.argument_parser.defaults.DefaultArgumentsDecorator object at 0x7f3471ea5670>)
[0.701s] Level 1:colcon.colcon_core.package_discovery:discover_packages(colcon_meta) check parameters
[0.702s] Level 1:colcon.colcon_core.package_discovery:discover_packages(recursive) check parameters
[0.702s] Level 1:colcon.colcon_core.package_discovery:discover_packages(ignore) check parameters
[0.702s] Level 1:colcon.colcon_core.package_discovery:discover_packages(path) check parameters
[0.702s] Level 1:colcon.colcon_core.package_discovery:discover_packages(colcon_meta) discover
[0.702s] Level 1:colcon.colcon_core.package_discovery:discover_packages(recursive) discover
[0.703s] INFO:colcon.colcon_core.package_discovery:Crawling recursively for packages in '/home/ubuntu/workspace/Velizar/robotics_v1'
[0.703s] Level 1:colcon.colcon_core.package_identification:_identify(.) by extensions ['ignore', 'ignore_ament_install']
[0.704s] Level 1:colcon.colcon_core.package_identification:_identify(.) by extension 'ignore'
[0.704s] Level 1:colcon.colcon_core.package_identification:_identify(.) by extension 'ignore_ament_install'
[0.704s] Level 1:colcon.colcon_core.package_identification:_identify(.) by extensions ['colcon_pkg']
[0.704s] Level 1:colcon.colcon_core.package_identification:_identify(.) by extension 'colcon_pkg'
[0.705s] Level 1:colcon.colcon_core.package_identification:_identify(.) by extensions ['colcon_meta']
[0.705s] Level 1:colcon.colcon_core.package_identification:_identify(.) by extension 'colcon_meta'
[0.705s] Level 1:colcon.colcon_core.package_identification:_identify(.) by extensions ['ros']
[0.706s] Level 1:colcon.colcon_core.package_identification:_identify(.) by extension 'ros'
[0.762s] Level 1:colcon.colcon_core.package_identification:_identify(.) by extensions ['cmake', 'python']
[0.762s] Level 1:colcon.colcon_core.package_identification:_identify(.) by extension 'cmake'
[0.762s] Level 1:colcon.colcon_core.package_identification:_identify(.) by extension 'python'
[0.763s] Level 1:colcon.colcon_core.package_identification:_identify(.) by extensions ['python_setup_py']
[0.763s] Level 1:colcon.colcon_core.package_identification:_identify(.) by extension 'python_setup_py'
[0.764s] Level 1:colcon.colcon_core.package_identification:_identify(build) by extensions ['ignore', 'ignore_ament_install']
[0.764s] Level 1:colcon.colcon_core.package_identification:_identify(build) by extension 'ignore'
[0.764s] Level 1:colcon.colcon_core.package_identification:_identify(build) ignored
[0.765s] Level 1:colcon.colcon_core.package_identification:_identify(doc) by extensions ['ignore', 'ignore_ament_install']
[0.765s] Level 1:colcon.colcon_core.package_identification:_identify(doc) by extension 'ignore'
[0.766s] Level 1:colcon.colcon_core.package_identification:_identify(doc) by extension 'ignore_ament_install'
[0.766s] Level 1:colcon.colcon_core.package_identification:_identify(doc) by extensions ['colcon_pkg']
[0.766s] Level 1:colcon.colcon_core.package_identification:_identify(doc) by extension 'colcon_pkg'
[0.766s] Level 1:colcon.colcon_core.package_identification:_identify(doc) by extensions ['colcon_meta']
[0.766s] Level 1:colcon.colcon_core.package_identification:_identify(doc) by extension 'colcon_meta'
[0.766s] Level 1:colcon.colcon_core.package_identification:_identify(doc) by extensions ['ros']
[0.766s] Level 1:colcon.colcon_core.package_identification:_identify(doc) by extension 'ros'
[0.767s] Level 1:colcon.colcon_core.package_identification:_identify(doc) by extensions ['cmake', 'python']
[0.767s] Level 1:colcon.colcon_core.package_identification:_identify(doc) by extension 'cmake'
[0.767s] Level 1:colcon.colcon_core.package_identification:_identify(doc) by extension 'python'
[0.768s] Level 1:colcon.colcon_core.package_identification:_identify(doc) by extensions ['python_setup_py']
[0.768s] Level 1:colcon.colcon_core.package_identification:_identify(doc) by extension 'python_setup_py'
[0.768s] Level 1:colcon.colcon_core.package_identification:_identify(doc/previews) by extensions ['ignore', 'ignore_ament_install']
[0.768s] Level 1:colcon.colcon_core.package_identification:_identify(doc/previews) by extension 'ignore'
[0.769s] Level 1:colcon.colcon_core.package_identification:_identify(doc/previews) by extension 'ignore_ament_install'
[0.769s] Level 1:colcon.colcon_core.package_identification:_identify(doc/previews) by extensions ['colcon_pkg']
[0.769s] Level 1:colcon.colcon_core.package_identification:_identify(doc/previews) by extension 'colcon_pkg'
[0.770s] Level 1:colcon.colcon_core.package_identification:_identify(doc/previews) by extensions ['colcon_meta']
[0.770s] Level 1:colcon.colcon_core.package_identification:_identify(doc/previews) by extension 'colcon_meta'
[0.770s] Level 1:colcon.colcon_core.package_identification:_identify(doc/previews) by extensions ['ros']
[0.770s] Level 1:colcon.colcon_core.package_identification:_identify(doc/previews) by extension 'ros'
[0.770s] Level 1:colcon.colcon_core.package_identification:_identify(doc/previews) by extensions ['cmake', 'python']
[0.771s] Level 1:colcon.colcon_core.package_identification:_identify(doc/previews) by extension 'cmake'
[0.771s] Level 1:colcon.colcon_core.package_identification:_identify(doc/previews) by extension 'python'
[0.771s] Level 1:colcon.colcon_core.package_identification:_identify(doc/previews) by extensions ['python_setup_py']
[0.771s] Level 1:colcon.colcon_core.package_identification:_identify(doc/previews) by extension 'python_setup_py'
[0.772s] Level 1:colcon.colcon_core.package_identification:_identify(install) by extensions ['ignore', 'ignore_ament_install']
[0.772s] Level 1:colcon.colcon_core.package_identification:_identify(install) by extension 'ignore'
[0.772s] Level 1:colcon.colcon_core.package_identification:_identify(install) ignored
[0.775s] Level 1:colcon.colcon_core.package_identification:_identify(log) by extensions ['ignore', 'ignore_ament_install']
[0.775s] Level 1:colcon.colcon_core.package_identification:_identify(log) by extension 'ignore'
[0.776s] Level 1:colcon.colcon_core.package_identification:_identify(log) ignored
[0.777s] Level 1:colcon.colcon_core.package_identification:_identify(screenshots) by extensions ['ignore', 'ignore_ament_install']
[0.777s] Level 1:colcon.colcon_core.package_identification:_identify(screenshots) by extension 'ignore'
[0.777s] Level 1:colcon.colcon_core.package_identification:_identify(screenshots) by extension 'ignore_ament_install'
[0.777s] Level 1:colcon.colcon_core.package_identification:_identify(screenshots) by extensions ['colcon_pkg']
[0.778s] Level 1:colcon.colcon_core.package_identification:_identify(screenshots) by extension 'colcon_pkg'
[0.778s] Level 1:colcon.colcon_core.package_identification:_identify(screenshots) by extensions ['colcon_meta']
[0.778s] Level 1:colcon.colcon_core.package_identification:_identify(screenshots) by extension 'colcon_meta'
[0.779s] Level 1:colcon.colcon_core.package_identification:_identify(screenshots) by extensions ['ros']
[0.779s] Level 1:colcon.colcon_core.package_identification:_identify(screenshots) by extension 'ros'
[0.779s] Level 1:colcon.colcon_core.package_identification:_identify(screenshots) by extensions ['cmake', 'python']
[0.779s] Level 1:colcon.colcon_core.package_identification:_identify(screenshots) by extension 'cmake'
[0.779s] Level 1:colcon.colcon_core.package_identification:_identify(screenshots) by extension 'python'
[0.780s] Level 1:colcon.colcon_core.package_identification:_identify(screenshots) by extensions ['python_setup_py']
[0.780s] Level 1:colcon.colcon_core.package_identification:_identify(screenshots) by extension 'python_setup_py'
[0.781s] Level 1:colcon.colcon_core.package_identification:_identify(scripts) by extensions ['ignore', 'ignore_ament_install']
[0.781s] Level 1:colcon.colcon_core.package_identification:_identify(scripts) by extension 'ignore'
[0.781s] Level 1:colcon.colcon_core.package_identification:_identify(scripts) by extension 'ignore_ament_install'
[0.781s] Level 1:colcon.colcon_core.package_identification:_identify(scripts) by extensions ['colcon_pkg']
[0.781s] Level 1:colcon.colcon_core.package_identification:_identify(scripts) by extension 'colcon_pkg'
[0.782s] Level 1:colcon.colcon_core.package_identification:_identify(scripts) by extensions ['colcon_meta']
[0.782s] Level 1:colcon.colcon_core.package_identification:_identify(scripts) by extension 'colcon_meta'
[0.782s] Level 1:colcon.colcon_core.package_identification:_identify(scripts) by extensions ['ros']
[0.782s] Level 1:colcon.colcon_core.package_identification:_identify(scripts) by extension 'ros'
[0.782s] Level 1:colcon.colcon_core.package_identification:_identify(scripts) by extensions ['cmake', 'python']
[0.783s] Level 1:colcon.colcon_core.package_identification:_identify(scripts) by extension 'cmake'
[0.783s] Level 1:colcon.colcon_core.package_identification:_identify(scripts) by extension 'python'
[0.783s] Level 1:colcon.colcon_core.package_identification:_identify(scripts) by extensions ['python_setup_py']
[0.783s] Level 1:colcon.colcon_core.package_identification:_identify(scripts) by extension 'python_setup_py'
[0.784s] Level 1:colcon.colcon_core.package_identification:_identify(src) by extensions ['ignore', 'ignore_ament_install']
[0.784s] Level 1:colcon.colcon_core.package_identification:_identify(src) by extension 'ignore'
[0.784s] Level 1:colcon.colcon_core.package_identification:_identify(src) by extension 'ignore_ament_install'
[0.784s] Level 1:colcon.colcon_core.package_identification:_identify(src) by extensions ['colcon_pkg']
[0.784s] Level 1:colcon.colcon_core.package_identification:_identify(src) by extension 'colcon_pkg'
[0.785s] Level 1:colcon.colcon_core.package_identification:_identify(src) by extensions ['colcon_meta']
[0.785s] Level 1:colcon.colcon_core.package_identification:_identify(src) by extension 'colcon_meta'
[0.785s] Level 1:colcon.colcon_core.package_identification:_identify(src) by extensions ['ros']
[0.785s] Level 1:colcon.colcon_core.package_identification:_identify(src) by extension 'ros'
[0.786s] Level 1:colcon.colcon_core.package_identification:_identify(src) by extensions ['cmake', 'python']
[0.786s] Level 1:colcon.colcon_core.package_identification:_identify(src) by extension 'cmake'
[0.786s] Level 1:colcon.colcon_core.package_identification:_identify(src) by extension 'python'
[0.786s] Level 1:colcon.colcon_core.package_identification:_identify(src) by extensions ['python_setup_py']
[0.786s] Level 1:colcon.colcon_core.package_identification:_identify(src) by extension 'python_setup_py'
[0.787s] Level 1:colcon.colcon_core.package_identification:_identify(src/build) by extensions ['ignore', 'ignore_ament_install']
[0.787s] Level 1:colcon.colcon_core.package_identification:_identify(src/build) by extension 'ignore'
[0.787s] Level 1:colcon.colcon_core.package_identification:_identify(src/build) ignored
[0.788s] Level 1:colcon.colcon_core.package_identification:_identify(src/install) by extensions ['ignore', 'ignore_ament_install']
[0.788s] Level 1:colcon.colcon_core.package_identification:_identify(src/install) by extension 'ignore'
[0.788s] Level 1:colcon.colcon_core.package_identification:_identify(src/install) ignored
[0.789s] Level 1:colcon.colcon_core.package_identification:_identify(src/lib) by extensions ['ignore', 'ignore_ament_install']
[0.789s] Level 1:colcon.colcon_core.package_identification:_identify(src/lib) by extension 'ignore'
[0.789s] Level 1:colcon.colcon_core.package_identification:_identify(src/lib) by extension 'ignore_ament_install'
[0.789s] Level 1:colcon.colcon_core.package_identification:_identify(src/lib) by extensions ['colcon_pkg']
[0.789s] Level 1:colcon.colcon_core.package_identification:_identify(src/lib) by extension 'colcon_pkg'
[0.790s] Level 1:colcon.colcon_core.package_identification:_identify(src/lib) by extensions ['colcon_meta']
[0.790s] Level 1:colcon.colcon_core.package_identification:_identify(src/lib) by extension 'colcon_meta'
[0.790s] Level 1:colcon.colcon_core.package_identification:_identify(src/lib) by extensions ['ros']
[0.790s] Level 1:colcon.colcon_core.package_identification:_identify(src/lib) by extension 'ros'
[0.790s] Level 1:colcon.colcon_core.package_identification:_identify(src/lib) by extensions ['cmake', 'python']
[0.791s] Level 1:colcon.colcon_core.package_identification:_identify(src/lib) by extension 'cmake'
[0.791s] Level 1:colcon.colcon_core.package_identification:_identify(src/lib) by extension 'python'
[0.791s] Level 1:colcon.colcon_core.package_identification:_identify(src/lib) by extensions ['python_setup_py']
[0.791s] Level 1:colcon.colcon_core.package_identification:_identify(src/lib) by extension 'python_setup_py'
[0.793s] Level 1:colcon.colcon_core.package_identification:_identify(src/lib/cmake_helpers) by extensions ['ignore', 'ignore_ament_install']
[0.794s] Level 1:colcon.colcon_core.package_identification:_identify(src/lib/cmake_helpers) by extension 'ignore'
[0.794s] Level 1:colcon.colcon_core.package_identification:_identify(src/lib/cmake_helpers) by extension 'ignore_ament_install'
[0.795s] Level 1:colcon.colcon_core.package_identification:_identify(src/lib/cmake_helpers) by extensions ['colcon_pkg']
[0.795s] Level 1:colcon.colcon_core.package_identification:_identify(src/lib/cmake_helpers) by extension 'colcon_pkg'
[0.795s] Level 1:colcon.colcon_core.package_identification:_identify(src/lib/cmake_helpers) by extensions ['colcon_meta']
[0.796s] Level 1:colcon.colcon_core.package_identification:_identify(src/lib/cmake_helpers) by extension 'colcon_meta'
[0.796s] Level 1:colcon.colcon_core.package_identification:_identify(src/lib/cmake_helpers) by extensions ['ros']
[0.797s] Level 1:colcon.colcon_core.package_identification:_identify(src/lib/cmake_helpers) by extension 'ros'
[0.817s] DEBUG:colcon.colcon_core.package_identification:Package 'src/lib/cmake_helpers' with type 'ros.cmake' and name 'cmake_helpers'
[0.817s] Level 1:colcon.colcon_core.package_identification:_identify(src/lib/game_engine) by extensions ['ignore', 'ignore_ament_install']
[0.817s] Level 1:colcon.colcon_core.package_identification:_identify(src/lib/game_engine) by extension 'ignore'
[0.818s] Level 1:colcon.colcon_core.package_identification:_identify(src/lib/game_engine) by extension 'ignore_ament_install'
[0.818s] Level 1:colcon.colcon_core.package_identification:_identify(src/lib/game_engine) by extensions ['colcon_pkg']
[0.818s] Level 1:colcon.colcon_core.package_identification:_identify(src/lib/game_engine) by extension 'colcon_pkg'
[0.818s] Level 1:colcon.colcon_core.package_identification:_identify(src/lib/game_engine) by extensions ['colcon_meta']
[0.818s] Level 1:colcon.colcon_core.package_identification:_identify(src/lib/game_engine) by extension 'colcon_meta'
[0.819s] Level 1:colcon.colcon_core.package_identification:_identify(src/lib/game_engine) by extensions ['ros']
[0.819s] Level 1:colcon.colcon_core.package_identification:_identify(src/lib/game_engine) by extension 'ros'
[0.854s] DEBUG:colcon.colcon_core.package_identification:Package 'src/lib/game_engine' with type 'ros.cmake' and name 'game_engine'
[0.855s] Level 1:colcon.colcon_core.package_identification:_identify(src/lib/manager_utils) by extensions ['ignore', 'ignore_ament_install']
[0.855s] Level 1:colcon.colcon_core.package_identification:_identify(src/lib/manager_utils) by extension 'ignore'
[0.855s] Level 1:colcon.colcon_core.package_identification:_identify(src/lib/manager_utils) by extension 'ignore_ament_install'
[0.855s] Level 1:colcon.colcon_core.package_identification:_identify(src/lib/manager_utils) by extensions ['colcon_pkg']
[0.855s] Level 1:colcon.colcon_core.package_identification:_identify(src/lib/manager_utils) by extension 'colcon_pkg'
[0.855s] Level 1:colcon.colcon_core.package_identification:_identify(src/lib/manager_utils) by extensions ['colcon_meta']
[0.856s] Level 1:colcon.colcon_core.package_identification:_identify(src/lib/manager_utils) by extension 'colcon_meta'
[0.856s] Level 1:colcon.colcon_core.package_identification:_identify(src/lib/manager_utils) by extensions ['ros']
[0.856s] Level 1:colcon.colcon_core.package_identification:_identify(src/lib/manager_utils) by extension 'ros'
[0.860s] DEBUG:colcon.colcon_core.package_identification:Package 'src/lib/manager_utils' with type 'ros.cmake' and name 'manager_utils'
[0.860s] Level 1:colcon.colcon_core.package_identification:_identify(src/lib/resource_utils) by extensions ['ignore', 'ignore_ament_install']
[0.861s] Level 1:colcon.colcon_core.package_identification:_identify(src/lib/resource_utils) by extension 'ignore'
[0.861s] Level 1:colcon.colcon_core.package_identification:_identify(src/lib/resource_utils) by extension 'ignore_ament_install'
[0.862s] Level 1:colcon.colcon_core.package_identification:_identify(src/lib/resource_utils) by extensions ['colcon_pkg']
[0.862s] Level 1:colcon.colcon_core.package_identification:_identify(src/lib/resource_utils) by extension 'colcon_pkg'
[0.862s] Level 1:colcon.colcon_core.package_identification:_identify(src/lib/resource_utils) by extensions ['colcon_meta']
[0.862s] Level 1:colcon.colcon_core.package_identification:_identify(src/lib/resource_utils) by extension 'colcon_meta'
[0.862s] Level 1:colcon.colcon_core.package_identification:_identify(src/lib/resource_utils) by extensions ['ros']
[0.863s] Level 1:colcon.colcon_core.package_identification:_identify(src/lib/resource_utils) by extension 'ros'
[0.869s] DEBUG:colcon.colcon_core.package_identification:Package 'src/lib/resource_utils' with type 'ros.cmake' and name 'resource_utils'
[0.869s] Level 1:colcon.colcon_core.package_identification:_identify(src/lib/ros2_game_engine) by extensions ['ignore', 'ignore_ament_install']
[0.870s] Level 1:colcon.colcon_core.package_identification:_identify(src/lib/ros2_game_engine) by extension 'ignore'
[0.870s] Level 1:colcon.colcon_core.package_identification:_identify(src/lib/ros2_game_engine) by extension 'ignore_ament_install'
[0.871s] Level 1:colcon.colcon_core.package_identification:_identify(src/lib/ros2_game_engine) by extensions ['colcon_pkg']
[0.871s] Level 1:colcon.colcon_core.package_identification:_identify(src/lib/ros2_game_engine) by extension 'colcon_pkg'
[0.871s] Level 1:colcon.colcon_core.package_identification:_identify(src/lib/ros2_game_engine) by extensions ['colcon_meta']
[0.871s] Level 1:colcon.colcon_core.package_identification:_identify(src/lib/ros2_game_engine) by extension 'colcon_meta'
[0.871s] Level 1:colcon.colcon_core.package_identification:_identify(src/lib/ros2_game_engine) by extensions ['ros']
[0.871s] Level 1:colcon.colcon_core.package_identification:_identify(src/lib/ros2_game_engine) by extension 'ros'
[0.877s] DEBUG:colcon.colcon_core.package_identification:Package 'src/lib/ros2_game_engine' with type 'ros.cmake' and name 'ros2_game_engine'
[0.878s] Level 1:colcon.colcon_core.package_identification:_identify(src/lib/sdl_utils) by extensions ['ignore', 'ignore_ament_install']
[0.879s] Level 1:colcon.colcon_core.package_identification:_identify(src/lib/sdl_utils) by extension 'ignore'
[0.879s] Level 1:colcon.colcon_core.package_identification:_identify(src/lib/sdl_utils) by extension 'ignore_ament_install'
[0.880s] Level 1:colcon.colcon_core.package_identification:_identify(src/lib/sdl_utils) by extensions ['colcon_pkg']
[0.880s] Level 1:colcon.colcon_core.package_identification:_identify(src/lib/sdl_utils) by extension 'colcon_pkg'
[0.880s] Level 1:colcon.colcon_core.package_identification:_identify(src/lib/sdl_utils) by extensions ['colcon_meta']
[0.880s] Level 1:colcon.colcon_core.package_identification:_identify(src/lib/sdl_utils) by extension 'colcon_meta'
[0.880s] Level 1:colcon.colcon_core.package_identification:_identify(src/lib/sdl_utils) by extensions ['ros']
[0.880s] Level 1:colcon.colcon_core.package_identification:_identify(src/lib/sdl_utils) by extension 'ros'
[0.886s] DEBUG:colcon.colcon_core.package_identification:Package 'src/lib/sdl_utils' with type 'ros.cmake' and name 'sdl_utils'
[0.886s] Level 1:colcon.colcon_core.package_identification:_identify(src/lib/utils) by extensions ['ignore', 'ignore_ament_install']
[0.886s] Level 1:colcon.colcon_core.package_identification:_identify(src/lib/utils) by extension 'ignore'
[0.887s] Level 1:colcon.colcon_core.package_identification:_identify(src/lib/utils) by extension 'ignore_ament_install'
[0.887s] Level 1:colcon.colcon_core.package_identification:_identify(src/lib/utils) by extensions ['colcon_pkg']
[0.887s] Level 1:colcon.colcon_core.package_identification:_identify(src/lib/utils) by extension 'colcon_pkg'
[0.887s] Level 1:colcon.colcon_core.package_identification:_identify(src/lib/utils) by extensions ['colcon_meta']
[0.887s] Level 1:colcon.colcon_core.package_identification:_identify(src/lib/utils) by extension 'colcon_meta'
[0.887s] Level 1:colcon.colcon_core.package_identification:_identify(src/lib/utils) by extensions ['ros']
[0.887s] Level 1:colcon.colcon_core.package_identification:_identify(src/lib/utils) by extension 'ros'
[0.890s] DEBUG:colcon.colcon_core.package_identification:Package 'src/lib/utils' with type 'ros.cmake' and name 'utils'
[0.891s] Level 1:colcon.colcon_core.package_identification:_identify(src/log) by extensions ['ignore', 'ignore_ament_install']
[0.891s] Level 1:colcon.colcon_core.package_identification:_identify(src/log) by extension 'ignore'
[0.891s] Level 1:colcon.colcon_core.package_identification:_identify(src/log) ignored
[0.891s] Level 1:colcon.colcon_core.package_identification:_identify(src/robo_builder_py) by extensions ['ignore', 'ignore_ament_install']
[0.892s] Level 1:colcon.colcon_core.package_identification:_identify(src/robo_builder_py) by extension 'ignore'
[0.892s] Level 1:colcon.colcon_core.package_identification:_identify(src/robo_builder_py) by extension 'ignore_ament_install'
[0.892s] Level 1:colcon.colcon_core.package_identification:_identify(src/robo_builder_py) by extensions ['colcon_pkg']
[0.892s] Level 1:colcon.colcon_core.package_identification:_identify(src/robo_builder_py) by extension 'colcon_pkg'
[0.892s] Level 1:colcon.colcon_core.package_identification:_identify(src/robo_builder_py) by extensions ['colcon_meta']
[0.892s] Level 1:colcon.colcon_core.package_identification:_identify(src/robo_builder_py) by extension 'colcon_meta'
[0.892s] Level 1:colcon.colcon_core.package_identification:_identify(src/robo_builder_py) by extensions ['ros']
[0.892s] Level 1:colcon.colcon_core.package_identification:_identify(src/robo_builder_py) by extension 'ros'
[0.894s] DEBUG:colcon.colcon_core.package_identification:Package 'src/robo_builder_py' with type 'ros.ament_python' and name 'robo_builder_py'
[0.895s] Level 1:colcon.colcon_core.package_identification:_identify(src/robo_cleaner) by extensions ['ignore', 'ignore_ament_install']
[0.895s] Level 1:colcon.colcon_core.package_identification:_identify(src/robo_cleaner) by extension 'ignore'
[0.895s] Level 1:colcon.colcon_core.package_identification:_identify(src/robo_cleaner) by extension 'ignore_ament_install'
[0.895s] Level 1:colcon.colcon_core.package_identification:_identify(src/robo_cleaner) by extensions ['colcon_pkg']
[0.895s] Level 1:colcon.colcon_core.package_identification:_identify(src/robo_cleaner) by extension 'colcon_pkg'
[0.896s] Level 1:colcon.colcon_core.package_identification:_identify(src/robo_cleaner) by extensions ['colcon_meta']
[0.896s] Level 1:colcon.colcon_core.package_identification:_identify(src/robo_cleaner) by extension 'colcon_meta'
[0.896s] Level 1:colcon.colcon_core.package_identification:_identify(src/robo_cleaner) by extensions ['ros']
[0.896s] Level 1:colcon.colcon_core.package_identification:_identify(src/robo_cleaner) by extension 'ros'
[0.896s] Level 1:colcon.colcon_core.package_identification:_identify(src/robo_cleaner) by extensions ['cmake', 'python']
[0.896s] Level 1:colcon.colcon_core.package_identification:_identify(src/robo_cleaner) by extension 'cmake'
[0.896s] Level 1:colcon.colcon_core.package_identification:_identify(src/robo_cleaner) by extension 'python'
[0.897s] Level 1:colcon.colcon_core.package_identification:_identify(src/robo_cleaner) by extensions ['python_setup_py']
[0.897s] Level 1:colcon.colcon_core.package_identification:_identify(src/robo_cleaner) by extension 'python_setup_py'
[0.897s] Level 1:colcon.colcon_core.package_identification:_identify(src/robo_cleaner/robo_cleaner_ai_py) by extensions ['ignore', 'ignore_ament_install']
[0.897s] Level 1:colcon.colcon_core.package_identification:_identify(src/robo_cleaner/robo_cleaner_ai_py) by extension 'ignore'
[0.897s] Level 1:colcon.colcon_core.package_identification:_identify(src/robo_cleaner/robo_cleaner_ai_py) by extension 'ignore_ament_install'
[0.898s] Level 1:colcon.colcon_core.package_identification:_identify(src/robo_cleaner/robo_cleaner_ai_py) by extensions ['colcon_pkg']
[0.898s] Level 1:colcon.colcon_core.package_identification:_identify(src/robo_cleaner/robo_cleaner_ai_py) by extension 'colcon_pkg'
[0.898s] Level 1:colcon.colcon_core.package_identification:_identify(src/robo_cleaner/robo_cleaner_ai_py) by extensions ['colcon_meta']
[0.898s] Level 1:colcon.colcon_core.package_identification:_identify(src/robo_cleaner/robo_cleaner_ai_py) by extension 'colcon_meta'
[0.898s] Level 1:colcon.colcon_core.package_identification:_identify(src/robo_cleaner/robo_cleaner_ai_py) by extensions ['ros']
[0.898s] Level 1:colcon.colcon_core.package_identification:_identify(src/robo_cleaner/robo_cleaner_ai_py) by extension 'ros'
[0.901s] DEBUG:colcon.colcon_core.package_identification:Package 'src/robo_cleaner/robo_cleaner_ai_py' with type 'ros.ament_python' and name 'robo_cleaner_ai_py'
[0.901s] Level 1:colcon.colcon_core.package_identification:_identify(src/robo_cleaner/robo_cleaner_common) by extensions ['ignore', 'ignore_ament_install']
[0.901s] Level 1:colcon.colcon_core.package_identification:_identify(src/robo_cleaner/robo_cleaner_common) by extension 'ignore'
[0.902s] Level 1:colcon.colcon_core.package_identification:_identify(src/robo_cleaner/robo_cleaner_common) by extension 'ignore_ament_install'
[0.902s] Level 1:colcon.colcon_core.package_identification:_identify(src/robo_cleaner/robo_cleaner_common) by extensions ['colcon_pkg']
[0.902s] Level 1:colcon.colcon_core.package_identification:_identify(src/robo_cleaner/robo_cleaner_common) by extension 'colcon_pkg'
[0.902s] Level 1:colcon.colcon_core.package_identification:_identify(src/robo_cleaner/robo_cleaner_common) by extensions ['colcon_meta']
[0.902s] Level 1:colcon.colcon_core.package_identification:_identify(src/robo_cleaner/robo_cleaner_common) by extension 'colcon_meta'
[0.902s] Level 1:colcon.colcon_core.package_identification:_identify(src/robo_cleaner/robo_cleaner_common) by extensions ['ros']
[0.902s] Level 1:colcon.colcon_core.package_identification:_identify(src/robo_cleaner/robo_cleaner_common) by extension 'ros'
[0.905s] DEBUG:colcon.colcon_core.package_identification:Package 'src/robo_cleaner/robo_cleaner_common' with type 'ros.ament_cmake' and name 'robo_cleaner_common'
[0.906s] Level 1:colcon.colcon_core.package_identification:_identify(src/robo_cleaner/robo_cleaner_gui) by extensions ['ignore', 'ignore_ament_install']
[0.906s] Level 1:colcon.colcon_core.package_identification:_identify(src/robo_cleaner/robo_cleaner_gui) by extension 'ignore'
[0.906s] Level 1:colcon.colcon_core.package_identification:_identify(src/robo_cleaner/robo_cleaner_gui) by extension 'ignore_ament_install'
[0.907s] Level 1:colcon.colcon_core.package_identification:_identify(src/robo_cleaner/robo_cleaner_gui) by extensions ['colcon_pkg']
[0.907s] Level 1:colcon.colcon_core.package_identification:_identify(src/robo_cleaner/robo_cleaner_gui) by extension 'colcon_pkg'
[0.907s] Level 1:colcon.colcon_core.package_identification:_identify(src/robo_cleaner/robo_cleaner_gui) by extensions ['colcon_meta']
[0.907s] Level 1:colcon.colcon_core.package_identification:_identify(src/robo_cleaner/robo_cleaner_gui) by extension 'colcon_meta'
[0.907s] Level 1:colcon.colcon_core.package_identification:_identify(src/robo_cleaner/robo_cleaner_gui) by extensions ['ros']
[0.907s] Level 1:colcon.colcon_core.package_identification:_identify(src/robo_cleaner/robo_cleaner_gui) by extension 'ros'
[0.910s] DEBUG:colcon.colcon_core.package_identification:Package 'src/robo_cleaner/robo_cleaner_gui' with type 'ros.ament_cmake' and name 'robo_cleaner_gui'
[0.911s] Level 1:colcon.colcon_core.package_identification:_identify(src/robo_cleaner/robo_cleaner_interfaces) by extensions ['ignore', 'ignore_ament_install']
[0.911s] Level 1:colcon.colcon_core.package_identification:_identify(src/robo_cleaner/robo_cleaner_interfaces) by extension 'ignore'
[0.911s] Level 1:colcon.colcon_core.package_identification:_identify(src/robo_cleaner/robo_cleaner_interfaces) by extension 'ignore_ament_install'
[0.911s] Level 1:colcon.colcon_core.package_identification:_identify(src/robo_cleaner/robo_cleaner_interfaces) by extensions ['colcon_pkg']
[0.912s] Level 1:colcon.colcon_core.package_identification:_identify(src/robo_cleaner/robo_cleaner_interfaces) by extension 'colcon_pkg'
[0.912s] Level 1:colcon.colcon_core.package_identification:_identify(src/robo_cleaner/robo_cleaner_interfaces) by extensions ['colcon_meta']
[0.912s] Level 1:colcon.colcon_core.package_identification:_identify(src/robo_cleaner/robo_cleaner_interfaces) by extension 'colcon_meta'
[0.912s] Level 1:colcon.colcon_core.package_identification:_identify(src/robo_cleaner/robo_cleaner_interfaces) by extensions ['ros']
[0.912s] Level 1:colcon.colcon_core.package_identification:_identify(src/robo_cleaner/robo_cleaner_interfaces) by extension 'ros'
[0.916s] DEBUG:colcon.colcon_core.package_identification:Package 'src/robo_cleaner/robo_cleaner_interfaces' with type 'ros.ament_cmake' and name 'robo_cleaner_interfaces'
[0.917s] Level 1:colcon.colcon_core.package_identification:_identify(src/robo_collector) by extensions ['ignore', 'ignore_ament_install']
[0.917s] Level 1:colcon.colcon_core.package_identification:_identify(src/robo_collector) by extension 'ignore'
[0.917s] Level 1:colcon.colcon_core.package_identification:_identify(src/robo_collector) by extension 'ignore_ament_install'
[0.917s] Level 1:colcon.colcon_core.package_identification:_identify(src/robo_collector) by extensions ['colcon_pkg']
[0.917s] Level 1:colcon.colcon_core.package_identification:_identify(src/robo_collector) by extension 'colcon_pkg'
[0.918s] Level 1:colcon.colcon_core.package_identification:_identify(src/robo_collector) by extensions ['colcon_meta']
[0.918s] Level 1:colcon.colcon_core.package_identification:_identify(src/robo_collector) by extension 'colcon_meta'
[0.918s] Level 1:colcon.colcon_core.package_identification:_identify(src/robo_collector) by extensions ['ros']
[0.918s] Level 1:colcon.colcon_core.package_identification:_identify(src/robo_collector) by extension 'ros'
[0.921s] Level 1:colcon.colcon_core.package_identification:_identify(src/robo_collector) by extensions ['cmake', 'python']
[0.921s] Level 1:colcon.colcon_core.package_identification:_identify(src/robo_collector) by extension 'cmake'
[0.921s] Level 1:colcon.colcon_core.package_identification:_identify(src/robo_collector) by extension 'python'
[0.921s] Level 1:colcon.colcon_core.package_identification:_identify(src/robo_collector) by extensions ['python_setup_py']
[0.922s] Level 1:colcon.colcon_core.package_identification:_identify(src/robo_collector) by extension 'python_setup_py'
[0.922s] Level 1:colcon.colcon_core.package_identification:_identify(src/robo_collector/robo_collector_common) by extensions ['ignore', 'ignore_ament_install']
[0.923s] Level 1:colcon.colcon_core.package_identification:_identify(src/robo_collector/robo_collector_common) by extension 'ignore'
[0.923s] Level 1:colcon.colcon_core.package_identification:_identify(src/robo_collector/robo_collector_common) by extension 'ignore_ament_install'
[0.923s] Level 1:colcon.colcon_core.package_identification:_identify(src/robo_collector/robo_collector_common) by extensions ['colcon_pkg']
[0.923s] Level 1:colcon.colcon_core.package_identification:_identify(src/robo_collector/robo_collector_common) by extension 'colcon_pkg'
[0.923s] Level 1:colcon.colcon_core.package_identification:_identify(src/robo_collector/robo_collector_common) by extensions ['colcon_meta']
[0.923s] Level 1:colcon.colcon_core.package_identification:_identify(src/robo_collector/robo_collector_common) by extension 'colcon_meta'
[0.924s] Level 1:colcon.colcon_core.package_identification:_identify(src/robo_collector/robo_collector_common) by extensions ['ros']
[0.924s] Level 1:colcon.colcon_core.package_identification:_identify(src/robo_collector/robo_collector_common) by extension 'ros'
[0.930s] DEBUG:colcon.colcon_core.package_identification:Package 'src/robo_collector/robo_collector_common' with type 'ros.ament_cmake' and name 'robo_collector_common'
[0.930s] Level 1:colcon.colcon_core.package_identification:_identify(src/robo_collector/robo_collector_controller) by extensions ['ignore', 'ignore_ament_install']
[0.931s] Level 1:colcon.colcon_core.package_identification:_identify(src/robo_collector/robo_collector_controller) by extension 'ignore'
[0.931s] Level 1:colcon.colcon_core.package_identification:_identify(src/robo_collector/robo_collector_controller) by extension 'ignore_ament_install'
[0.931s] Level 1:colcon.colcon_core.package_identification:_identify(src/robo_collector/robo_collector_controller) by extensions ['colcon_pkg']
[0.931s] Level 1:colcon.colcon_core.package_identification:_identify(src/robo_collector/robo_collector_controller) by extension 'colcon_pkg'
[0.931s] Level 1:colcon.colcon_core.package_identification:_identify(src/robo_collector/robo_collector_controller) by extensions ['colcon_meta']
[0.931s] Level 1:colcon.colcon_core.package_identification:_identify(src/robo_collector/robo_collector_controller) by extension 'colcon_meta'
[0.932s] Level 1:colcon.colcon_core.package_identification:_identify(src/robo_collector/robo_collector_controller) by extensions ['ros']
[0.932s] Level 1:colcon.colcon_core.package_identification:_identify(src/robo_collector/robo_collector_controller) by extension 'ros'
[0.935s] DEBUG:colcon.colcon_core.package_identification:Package 'src/robo_collector/robo_collector_controller' with type 'ros.ament_cmake' and name 'robo_collector_controller'
[0.936s] Level 1:colcon.colcon_core.package_identification:_identify(src/robo_collector/robo_collector_controller_py) by extensions ['ignore', 'ignore_ament_install']
[0.936s] Level 1:colcon.colcon_core.package_identification:_identify(src/robo_collector/robo_collector_controller_py) by extension 'ignore'
[0.936s] Level 1:colcon.colcon_core.package_identification:_identify(src/robo_collector/robo_collector_controller_py) by extension 'ignore_ament_install'
[0.937s] Level 1:colcon.colcon_core.package_identification:_identify(src/robo_collector/robo_collector_controller_py) by extensions ['colcon_pkg']
[0.937s] Level 1:colcon.colcon_core.package_identification:_identify(src/robo_collector/robo_collector_controller_py) by extension 'colcon_pkg'
[0.937s] Level 1:colcon.colcon_core.package_identification:_identify(src/robo_collector/robo_collector_controller_py) by extensions ['colcon_meta']
[0.937s] Level 1:colcon.colcon_core.package_identification:_identify(src/robo_collector/robo_collector_controller_py) by extension 'colcon_meta'
[0.937s] Level 1:colcon.colcon_core.package_identification:_identify(src/robo_collector/robo_collector_controller_py) by extensions ['ros']
[0.938s] Level 1:colcon.colcon_core.package_identification:_identify(src/robo_collector/robo_collector_controller_py) by extension 'ros'
[0.940s] DEBUG:colcon.colcon_core.package_identification:Package 'src/robo_collector/robo_collector_controller_py' with type 'ros.ament_python' and name 'robo_collector_controller_py'
[0.941s] Level 1:colcon.colcon_core.package_identification:_identify(src/robo_collector/robo_collector_gui) by extensions ['ignore', 'ignore_ament_install']
[0.941s] Level 1:colcon.colcon_core.package_identification:_identify(src/robo_collector/robo_collector_gui) by extension 'ignore'
[0.941s] Level 1:colcon.colcon_core.package_identification:_identify(src/robo_collector/robo_collector_gui) by extension 'ignore_ament_install'
[0.941s] Level 1:colcon.colcon_core.package_identification:_identify(src/robo_collector/robo_collector_gui) by extensions ['colcon_pkg']
[0.941s] Level 1:colcon.colcon_core.package_identification:_identify(src/robo_collector/robo_collector_gui) by extension 'colcon_pkg'
[0.942s] Level 1:colcon.colcon_core.package_identification:_identify(src/robo_collector/robo_collector_gui) by extensions ['colcon_meta']
[0.942s] Level 1:colcon.colcon_core.package_identification:_identify(src/robo_collector/robo_collector_gui) by extension 'colcon_meta'
[0.942s] Level 1:colcon.colcon_core.package_identification:_identify(src/robo_collector/robo_collector_gui) by extensions ['ros']
[0.942s] Level 1:colcon.colcon_core.package_identification:_identify(src/robo_collector/robo_collector_gui) by extension 'ros'
[0.945s] DEBUG:colcon.colcon_core.package_identification:Package 'src/robo_collector/robo_collector_gui' with type 'ros.ament_cmake' and name 'robo_collector_gui'
[0.946s] Level 1:colcon.colcon_core.package_identification:_identify(src/robo_collector/robo_collector_interfaces) by extensions ['ignore', 'ignore_ament_install']
[0.946s] Level 1:colcon.colcon_core.package_identification:_identify(src/robo_collector/robo_collector_interfaces) by extension 'ignore'
[0.946s] Level 1:colcon.colcon_core.package_identification:_identify(src/robo_collector/robo_collector_interfaces) by extension 'ignore_ament_install'
[0.947s] Level 1:colcon.colcon_core.package_identification:_identify(src/robo_collector/robo_collector_interfaces) by extensions ['colcon_pkg']
[0.947s] Level 1:colcon.colcon_core.package_identification:_identify(src/robo_collector/robo_collector_interfaces) by extension 'colcon_pkg'
[0.947s] Level 1:colcon.colcon_core.package_identification:_identify(src/robo_collector/robo_collector_interfaces) by extensions ['colcon_meta']
[0.947s] Level 1:colcon.colcon_core.package_identification:_identify(src/robo_collector/robo_collector_interfaces) by extension 'colcon_meta'
[0.948s] Level 1:colcon.colcon_core.package_identification:_identify(src/robo_collector/robo_collector_interfaces) by extensions ['ros']
[0.948s] Level 1:colcon.colcon_core.package_identification:_identify(src/robo_collector/robo_collector_interfaces) by extension 'ros'
[0.950s] DEBUG:colcon.colcon_core.package_identification:Package 'src/robo_collector/robo_collector_interfaces' with type 'ros.ament_cmake' and name 'robo_collector_interfaces'
[0.951s] Level 1:colcon.colcon_core.package_identification:_identify(src/robo_common) by extensions ['ignore', 'ignore_ament_install']
[0.951s] Level 1:colcon.colcon_core.package_identification:_identify(src/robo_common) by extension 'ignore'
[0.952s] Level 1:colcon.colcon_core.package_identification:_identify(src/robo_common) by extension 'ignore_ament_install'
[0.952s] Level 1:colcon.colcon_core.package_identification:_identify(src/robo_common) by extensions ['colcon_pkg']
[0.952s] Level 1:colcon.colcon_core.package_identification:_identify(src/robo_common) by extension 'colcon_pkg'
[0.952s] Level 1:colcon.colcon_core.package_identification:_identify(src/robo_common) by extensions ['colcon_meta']
[0.952s] Level 1:colcon.colcon_core.package_identification:_identify(src/robo_common) by extension 'colcon_meta'
[0.952s] Level 1:colcon.colcon_core.package_identification:_identify(src/robo_common) by extensions ['ros']
[0.952s] Level 1:colcon.colcon_core.package_identification:_identify(src/robo_common) by extension 'ros'
[0.957s] DEBUG:colcon.colcon_core.package_identification:Package 'src/robo_common' with type 'ros.cmake' and name 'robo_common'
[0.957s] Level 1:colcon.colcon_core.package_identification:_identify(src/robo_miner) by extensions ['ignore', 'ignore_ament_install']
[0.958s] Level 1:colcon.colcon_core.package_identification:_identify(src/robo_miner) by extension 'ignore'
[0.958s] Level 1:colcon.colcon_core.package_identification:_identify(src/robo_miner) by extension 'ignore_ament_install'
[0.958s] Level 1:colcon.colcon_core.package_identification:_identify(src/robo_miner) by extensions ['colcon_pkg']
[0.958s] Level 1:colcon.colcon_core.package_identification:_identify(src/robo_miner) by extension 'colcon_pkg'
[0.959s] Level 1:colcon.colcon_core.package_identification:_identify(src/robo_miner) by extensions ['colcon_meta']
[0.959s] Level 1:colcon.colcon_core.package_identification:_identify(src/robo_miner) by extension 'colcon_meta'
[0.959s] Level 1:colcon.colcon_core.package_identification:_identify(src/robo_miner) by extensions ['ros']
[0.959s] Level 1:colcon.colcon_core.package_identification:_identify(src/robo_miner) by extension 'ros'
[0.959s] Level 1:colcon.colcon_core.package_identification:_identify(src/robo_miner) by extensions ['cmake', 'python']
[0.959s] Level 1:colcon.colcon_core.package_identification:_identify(src/robo_miner) by extension 'cmake'
[0.959s] Level 1:colcon.colcon_core.package_identification:_identify(src/robo_miner) by extension 'python'
[0.960s] Level 1:colcon.colcon_core.package_identification:_identify(src/robo_miner) by extensions ['python_setup_py']
[0.960s] Level 1:colcon.colcon_core.package_identification:_identify(src/robo_miner) by extension 'python_setup_py'
[0.960s] Level 1:colcon.colcon_core.package_identification:_identify(src/robo_miner/robo_miner_ai_py) by extensions ['ignore', 'ignore_ament_install']
[0.961s] Level 1:colcon.colcon_core.package_identification:_identify(src/robo_miner/robo_miner_ai_py) by extension 'ignore'
[0.962s] Level 1:colcon.colcon_core.package_identification:_identify(src/robo_miner/robo_miner_ai_py) by extension 'ignore_ament_install'
[0.963s] Level 1:colcon.colcon_core.package_identification:_identify(src/robo_miner/robo_miner_ai_py) by extensions ['colcon_pkg']
[0.963s] Level 1:colcon.colcon_core.package_identification:_identify(src/robo_miner/robo_miner_ai_py) by extension 'colcon_pkg'
[0.963s] Level 1:colcon.colcon_core.package_identification:_identify(src/robo_miner/robo_miner_ai_py) by extensions ['colcon_meta']
[0.963s] Level 1:colcon.colcon_core.package_identification:_identify(src/robo_miner/robo_miner_ai_py) by extension 'colcon_meta'
[0.963s] Level 1:colcon.colcon_core.package_identification:_identify(src/robo_miner/robo_miner_ai_py) by extensions ['ros']
[0.963s] Level 1:colcon.colcon_core.package_identification:_identify(src/robo_miner/robo_miner_ai_py) by extension 'ros'
[0.965s] DEBUG:colcon.colcon_core.package_identification:Package 'src/robo_miner/robo_miner_ai_py' with type 'ros.ament_python' and name 'robo_miner_ai_py'
[0.966s] Level 1:colcon.colcon_core.package_identification:_identify(src/robo_miner/robo_miner_common) by extensions ['ignore', 'ignore_ament_install']
[0.966s] Level 1:colcon.colcon_core.package_identification:_identify(src/robo_miner/robo_miner_common) by extension 'ignore'
[0.966s] Level 1:colcon.colcon_core.package_identification:_identify(src/robo_miner/robo_miner_common) by extension 'ignore_ament_install'
[0.967s] Level 1:colcon.colcon_core.package_identification:_identify(src/robo_miner/robo_miner_common) by extensions ['colcon_pkg']
[0.967s] Level 1:colcon.colcon_core.package_identification:_identify(src/robo_miner/robo_miner_common) by extension 'colcon_pkg'
[0.967s] Level 1:colcon.colcon_core.package_identification:_identify(src/robo_miner/robo_miner_common) by extensions ['colcon_meta']
[0.967s] Level 1:colcon.colcon_core.package_identification:_identify(src/robo_miner/robo_miner_common) by extension 'colcon_meta'
[0.967s] Level 1:colcon.colcon_core.package_identification:_identify(src/robo_miner/robo_miner_common) by extensions ['ros']
[0.967s] Level 1:colcon.colcon_core.package_identification:_identify(src/robo_miner/robo_miner_common) by extension 'ros'
[0.971s] DEBUG:colcon.colcon_core.package_identification:Package 'src/robo_miner/robo_miner_common' with type 'ros.ament_cmake' and name 'robo_miner_common'
[0.971s] Level 1:colcon.colcon_core.package_identification:_identify(src/robo_miner/robo_miner_gui) by extensions ['ignore', 'ignore_ament_install']
[0.972s] Level 1:colcon.colcon_core.package_identification:_identify(src/robo_miner/robo_miner_gui) by extension 'ignore'
[0.972s] Level 1:colcon.colcon_core.package_identification:_identify(src/robo_miner/robo_miner_gui) by extension 'ignore_ament_install'
[0.972s] Level 1:colcon.colcon_core.package_identification:_identify(src/robo_miner/robo_miner_gui) by extensions ['colcon_pkg']
[0.972s] Level 1:colcon.colcon_core.package_identification:_identify(src/robo_miner/robo_miner_gui) by extension 'colcon_pkg'
[0.972s] Level 1:colcon.colcon_core.package_identification:_identify(src/robo_miner/robo_miner_gui) by extensions ['colcon_meta']
[0.972s] Level 1:colcon.colcon_core.package_identification:_identify(src/robo_miner/robo_miner_gui) by extension 'colcon_meta'
[0.973s] Level 1:colcon.colcon_core.package_identification:_identify(src/robo_miner/robo_miner_gui) by extensions ['ros']
[0.973s] Level 1:colcon.colcon_core.package_identification:_identify(src/robo_miner/robo_miner_gui) by extension 'ros'
[0.975s] DEBUG:colcon.colcon_core.package_identification:Package 'src/robo_miner/robo_miner_gui' with type 'ros.ament_cmake' and name 'robo_miner_gui'
[0.976s] Level 1:colcon.colcon_core.package_identification:_identify(src/robo_miner/robo_miner_interfaces) by extensions ['ignore', 'ignore_ament_install']
[0.977s] Level 1:colcon.colcon_core.package_identification:_identify(src/robo_miner/robo_miner_interfaces) by extension 'ignore'
[0.977s] Level 1:colcon.colcon_core.package_identification:_identify(src/robo_miner/robo_miner_interfaces) by extension 'ignore_ament_install'
[0.977s] Level 1:colcon.colcon_core.package_identification:_identify(src/robo_miner/robo_miner_interfaces) by extensions ['colcon_pkg']
[0.977s] Level 1:colcon.colcon_core.package_identification:_identify(src/robo_miner/robo_miner_interfaces) by extension 'colcon_pkg'
[0.978s] Level 1:colcon.colcon_core.package_identification:_identify(src/robo_miner/robo_miner_interfaces) by extensions ['colcon_meta']
[0.978s] Level 1:colcon.colcon_core.package_identification:_identify(src/robo_miner/robo_miner_interfaces) by extension 'colcon_meta'
[0.978s] Level 1:colcon.colcon_core.package_identification:_identify(src/robo_miner/robo_miner_interfaces) by extensions ['ros']
[0.978s] Level 1:colcon.colcon_core.package_identification:_identify(src/robo_miner/robo_miner_interfaces) by extension 'ros'
[0.980s] DEBUG:colcon.colcon_core.package_identification:Package 'src/robo_miner/robo_miner_interfaces' with type 'ros.ament_cmake' and name 'robo_miner_interfaces'
[0.980s] Level 1:colcon.colcon_core.package_identification:_identify(src/tools) by extensions ['ignore', 'ignore_ament_install']
[0.981s] Level 1:colcon.colcon_core.package_identification:_identify(src/tools) by extension 'ignore'
[0.981s] Level 1:colcon.colcon_core.package_identification:_identify(src/tools) by extension 'ignore_ament_install'
[0.981s] Level 1:colcon.colcon_core.package_identification:_identify(src/tools) by extensions ['colcon_pkg']
[0.981s] Level 1:colcon.colcon_core.package_identification:_identify(src/tools) by extension 'colcon_pkg'
[0.981s] Level 1:colcon.colcon_core.package_identification:_identify(src/tools) by extensions ['colcon_meta']
[0.982s] Level 1:colcon.colcon_core.package_identification:_identify(src/tools) by extension 'colcon_meta'
[0.982s] Level 1:colcon.colcon_core.package_identification:_identify(src/tools) by extensions ['ros']
[0.982s] Level 1:colcon.colcon_core.package_identification:_identify(src/tools) by extension 'ros'
[0.982s] Level 1:colcon.colcon_core.package_identification:_identify(src/tools) by extensions ['cmake', 'python']
[0.982s] Level 1:colcon.colcon_core.package_identification:_identify(src/tools) by extension 'cmake'
[0.982s] Level 1:colcon.colcon_core.package_identification:_identify(src/tools) by extension 'python'
[0.982s] Level 1:colcon.colcon_core.package_identification:_identify(src/tools) by extensions ['python_setup_py']
[0.983s] Level 1:colcon.colcon_core.package_identification:_identify(src/tools) by extension 'python_setup_py'
[0.983s] Level 1:colcon.colcon_core.package_identification:_identify(src/tools/resource_builder) by extensions ['ignore', 'ignore_ament_install']
[0.983s] Level 1:colcon.colcon_core.package_identification:_identify(src/tools/resource_builder) by extension 'ignore'
[0.983s] Level 1:colcon.colcon_core.package_identification:_identify(src/tools/resource_builder) by extension 'ignore_ament_install'
[0.984s] Level 1:colcon.colcon_core.package_identification:_identify(src/tools/resource_builder) by extensions ['colcon_pkg']
[0.984s] Level 1:colcon.colcon_core.package_identification:_identify(src/tools/resource_builder) by extension 'colcon_pkg'
[0.984s] Level 1:colcon.colcon_core.package_identification:_identify(src/tools/resource_builder) by extensions ['colcon_meta']
[0.984s] Level 1:colcon.colcon_core.package_identification:_identify(src/tools/resource_builder) by extension 'colcon_meta'
[0.984s] Level 1:colcon.colcon_core.package_identification:_identify(src/tools/resource_builder) by extensions ['ros']
[0.984s] Level 1:colcon.colcon_core.package_identification:_identify(src/tools/resource_builder) by extension 'ros'
[0.988s] DEBUG:colcon.colcon_core.package_identification:Package 'src/tools/resource_builder' with type 'ros.cmake' and name 'resource_builder'
[0.988s] Level 1:colcon.colcon_core.package_identification:_identify(src/ur_dev) by extensions ['ignore', 'ignore_ament_install']
[0.989s] Level 1:colcon.colcon_core.package_identification:_identify(src/ur_dev) by extension 'ignore'
[0.989s] Level 1:colcon.colcon_core.package_identification:_identify(src/ur_dev) by extension 'ignore_ament_install'
[0.989s] Level 1:colcon.colcon_core.package_identification:_identify(src/ur_dev) by extensions ['colcon_pkg']
[0.990s] Level 1:colcon.colcon_core.package_identification:_identify(src/ur_dev) by extension 'colcon_pkg'
[0.990s] Level 1:colcon.colcon_core.package_identification:_identify(src/ur_dev) by extensions ['colcon_meta']
[0.990s] Level 1:colcon.colcon_core.package_identification:_identify(src/ur_dev) by extension 'colcon_meta'
[0.990s] Level 1:colcon.colcon_core.package_identification:_identify(src/ur_dev) by extensions ['ros']
[0.990s] Level 1:colcon.colcon_core.package_identification:_identify(src/ur_dev) by extension 'ros'
[0.990s] Level 1:colcon.colcon_core.package_identification:_identify(src/ur_dev) by extensions ['cmake', 'python']
[0.990s] Level 1:colcon.colcon_core.package_identification:_identify(src/ur_dev) by extension 'cmake'
[0.990s] Level 1:colcon.colcon_core.package_identification:_identify(src/ur_dev) by extension 'python'
[0.990s] Level 1:colcon.colcon_core.package_identification:_identify(src/ur_dev) by extensions ['python_setup_py']
[0.991s] Level 1:colcon.colcon_core.package_identification:_identify(src/ur_dev) by extension 'python_setup_py'
[0.991s] Level 1:colcon.colcon_core.package_identification:_identify(src/ur_dev/ur_control_gui) by extensions ['ignore', 'ignore_ament_install']
[0.991s] Level 1:colcon.colcon_core.package_identification:_identify(src/ur_dev/ur_control_gui) by extension 'ignore'
[0.992s] Level 1:colcon.colcon_core.package_identification:_identify(src/ur_dev/ur_control_gui) by extension 'ignore_ament_install'
[0.992s] Level 1:colcon.colcon_core.package_identification:_identify(src/ur_dev/ur_control_gui) by extensions ['colcon_pkg']
[0.993s] Level 1:colcon.colcon_core.package_identification:_identify(src/ur_dev/ur_control_gui) by extension 'colcon_pkg'
[0.993s] Level 1:colcon.colcon_core.package_identification:_identify(src/ur_dev/ur_control_gui) by extensions ['colcon_meta']
[0.993s] Level 1:colcon.colcon_core.package_identification:_identify(src/ur_dev/ur_control_gui) by extension 'colcon_meta'
[0.993s] Level 1:colcon.colcon_core.package_identification:_identify(src/ur_dev/ur_control_gui) by extensions ['ros']
[0.993s] Level 1:colcon.colcon_core.package_identification:_identify(src/ur_dev/ur_control_gui) by extension 'ros'
[0.998s] DEBUG:colcon.colcon_core.package_identification:Package 'src/ur_dev/ur_control_gui' with type 'ros.ament_cmake' and name 'ur_control_gui'
[0.998s] Level 1:colcon.colcon_core.package_identification:_identify(src/ur_dev/urscript) by extensions ['ignore', 'ignore_ament_install']
[0.999s] Level 1:colcon.colcon_core.package_identification:_identify(src/ur_dev/urscript) by extension 'ignore'
[0.999s] Level 1:colcon.colcon_core.package_identification:_identify(src/ur_dev/urscript) by extension 'ignore_ament_install'
[0.999s] Level 1:colcon.colcon_core.package_identification:_identify(src/ur_dev/urscript) by extensions ['colcon_pkg']
[0.999s] Level 1:colcon.colcon_core.package_identification:_identify(src/ur_dev/urscript) by extension 'colcon_pkg'
[1.000s] Level 1:colcon.colcon_core.package_identification:_identify(src/ur_dev/urscript) by extensions ['colcon_meta']
[1.000s] Level 1:colcon.colcon_core.package_identification:_identify(src/ur_dev/urscript) by extension 'colcon_meta'
[1.000s] Level 1:colcon.colcon_core.package_identification:_identify(src/ur_dev/urscript) by extensions ['ros']
[1.000s] Level 1:colcon.colcon_core.package_identification:_identify(src/ur_dev/urscript) by extension 'ros'
[1.000s] Level 1:colcon.colcon_core.package_identification:_identify(src/ur_dev/urscript) by extensions ['cmake', 'python']
[1.000s] Level 1:colcon.colcon_core.package_identification:_identify(src/ur_dev/urscript) by extension 'cmake'
[1.000s] Level 1:colcon.colcon_core.package_identification:_identify(src/ur_dev/urscript) by extension 'python'
[1.001s] Level 1:colcon.colcon_core.package_identification:_identify(src/ur_dev/urscript) by extensions ['python_setup_py']
[1.001s] Level 1:colcon.colcon_core.package_identification:_identify(src/ur_dev/urscript) by extension 'python_setup_py'
[1.001s] Level 1:colcon.colcon_core.package_identification:_identify(src/ur_dev/urscript/urscript_bridge) by extensions ['ignore', 'ignore_ament_install']
[1.001s] Level 1:colcon.colcon_core.package_identification:_identify(src/ur_dev/urscript/urscript_bridge) by extension 'ignore'
[1.002s] Level 1:colcon.colcon_core.package_identification:_identify(src/ur_dev/urscript/urscript_bridge) by extension 'ignore_ament_install'
[1.002s] Level 1:colcon.colcon_core.package_identification:_identify(src/ur_dev/urscript/urscript_bridge) by extensions ['colcon_pkg']
[1.002s] Level 1:colcon.colcon_core.package_identification:_identify(src/ur_dev/urscript/urscript_bridge) by extension 'colcon_pkg'
[1.002s] Level 1:colcon.colcon_core.package_identification:_identify(src/ur_dev/urscript/urscript_bridge) by extensions ['colcon_meta']
[1.002s] Level 1:colcon.colcon_core.package_identification:_identify(src/ur_dev/urscript/urscript_bridge) by extension 'colcon_meta'
[1.002s] Level 1:colcon.colcon_core.package_identification:_identify(src/ur_dev/urscript/urscript_bridge) by extensions ['ros']
[1.002s] Level 1:colcon.colcon_core.package_identification:_identify(src/ur_dev/urscript/urscript_bridge) by extension 'ros'
[1.006s] DEBUG:colcon.colcon_core.package_identification:Package 'src/ur_dev/urscript/urscript_bridge' with type 'ros.ament_cmake' and name 'urscript_bridge'
[1.007s] Level 1:colcon.colcon_core.package_identification:_identify(src/ur_dev/urscript/urscript_common) by extensions ['ignore', 'ignore_ament_install']
[1.007s] Level 1:colcon.colcon_core.package_identification:_identify(src/ur_dev/urscript/urscript_common) by extension 'ignore'
[1.007s] Level 1:colcon.colcon_core.package_identification:_identify(src/ur_dev/urscript/urscript_common) by extension 'ignore_ament_install'
[1.007s] Level 1:colcon.colcon_core.package_identification:_identify(src/ur_dev/urscript/urscript_common) by extensions ['colcon_pkg']
[1.007s] Level 1:colcon.colcon_core.package_identification:_identify(src/ur_dev/urscript/urscript_common) by extension 'colcon_pkg'
[1.007s] Level 1:colcon.colcon_core.package_identification:_identify(src/ur_dev/urscript/urscript_common) by extensions ['colcon_meta']
[1.008s] Level 1:colcon.colcon_core.package_identification:_identify(src/ur_dev/urscript/urscript_common) by extension 'colcon_meta'
[1.008s] Level 1:colcon.colcon_core.package_identification:_identify(src/ur_dev/urscript/urscript_common) by extensions ['ros']
[1.008s] Level 1:colcon.colcon_core.package_identification:_identify(src/ur_dev/urscript/urscript_common) by extension 'ros'
[1.012s] DEBUG:colcon.colcon_core.package_identification:Package 'src/ur_dev/urscript/urscript_common' with type 'ros.ament_cmake' and name 'urscript_common'
[1.012s] Level 1:colcon.colcon_core.package_identification:_identify(src/ur_dev/urscript/urscript_interfaces) by extensions ['ignore', 'ignore_ament_install']
[1.012s] Level 1:colcon.colcon_core.package_identification:_identify(src/ur_dev/urscript/urscript_interfaces) by extension 'ignore'
[1.013s] Level 1:colcon.colcon_core.package_identification:_identify(src/ur_dev/urscript/urscript_interfaces) by extension 'ignore_ament_install'
[1.013s] Level 1:colcon.colcon_core.package_identification:_identify(src/ur_dev/urscript/urscript_interfaces) by extensions ['colcon_pkg']
[1.013s] Level 1:colcon.colcon_core.package_identification:_identify(src/ur_dev/urscript/urscript_interfaces) by extension 'colcon_pkg'
[1.013s] Level 1:colcon.colcon_core.package_identification:_identify(src/ur_dev/urscript/urscript_interfaces) by extensions ['colcon_meta']
[1.013s] Level 1:colcon.colcon_core.package_identification:_identify(src/ur_dev/urscript/urscript_interfaces) by extension 'colcon_meta'
[1.013s] Level 1:colcon.colcon_core.package_identification:_identify(src/ur_dev/urscript/urscript_interfaces) by extensions ['ros']
[1.013s] Level 1:colcon.colcon_core.package_identification:_identify(src/ur_dev/urscript/urscript_interfaces) by extension 'ros'
[1.016s] DEBUG:colcon.colcon_core.package_identification:Package 'src/ur_dev/urscript/urscript_interfaces' with type 'ros.ament_cmake' and name 'urscript_interfaces'
[1.016s] Level 1:colcon.colcon_core.package_identification:_identify(src/ur_driver) by extensions ['ignore', 'ignore_ament_install']
[1.017s] Level 1:colcon.colcon_core.package_identification:_identify(src/ur_driver) by extension 'ignore'
[1.017s] Level 1:colcon.colcon_core.package_identification:_identify(src/ur_driver) by extension 'ignore_ament_install'
[1.017s] Level 1:colcon.colcon_core.package_identification:_identify(src/ur_driver) by extensions ['colcon_pkg']
[1.017s] Level 1:colcon.colcon_core.package_identification:_identify(src/ur_driver) by extension 'colcon_pkg'
[1.017s] Level 1:colcon.colcon_core.package_identification:_identify(src/ur_driver) by extensions ['colcon_meta']
[1.017s] Level 1:colcon.colcon_core.package_identification:_identify(src/ur_driver) by extension 'colcon_meta'
[1.018s] Level 1:colcon.colcon_core.package_identification:_identify(src/ur_driver) by extensions ['ros']
[1.018s] Level 1:colcon.colcon_core.package_identification:_identify(src/ur_driver) by extension 'ros'
[1.018s] Level 1:colcon.colcon_core.package_identification:_identify(src/ur_driver) by extensions ['cmake', 'python']
[1.018s] Level 1:colcon.colcon_core.package_identification:_identify(src/ur_driver) by extension 'cmake'
[1.018s] Level 1:colcon.colcon_core.package_identification:_identify(src/ur_driver) by extension 'python'
[1.018s] Level 1:colcon.colcon_core.package_identification:_identify(src/ur_driver) by extensions ['python_setup_py']
[1.018s] Level 1:colcon.colcon_core.package_identification:_identify(src/ur_driver) by extension 'python_setup_py'
[1.019s] Level 1:colcon.colcon_core.package_identification:_identify(src/ur_driver/Universal_Robots_Client_Library) by extensions ['ignore', 'ignore_ament_install']
[1.019s] Level 1:colcon.colcon_core.package_identification:_identify(src/ur_driver/Universal_Robots_Client_Library) by extension 'ignore'
[1.019s] Level 1:colcon.colcon_core.package_identification:_identify(src/ur_driver/Universal_Robots_Client_Library) by extension 'ignore_ament_install'
[1.020s] Level 1:colcon.colcon_core.package_identification:_identify(src/ur_driver/Universal_Robots_Client_Library) by extensions ['colcon_pkg']
[1.020s] Level 1:colcon.colcon_core.package_identification:_identify(src/ur_driver/Universal_Robots_Client_Library) by extension 'colcon_pkg'
[1.020s] Level 1:colcon.colcon_core.package_identification:_identify(src/ur_driver/Universal_Robots_Client_Library) by extensions ['colcon_meta']
[1.020s] Level 1:colcon.colcon_core.package_identification:_identify(src/ur_driver/Universal_Robots_Client_Library) by extension 'colcon_meta'
[1.020s] Level 1:colcon.colcon_core.package_identification:_identify(src/ur_driver/Universal_Robots_Client_Library) by extensions ['ros']
[1.021s] Level 1:colcon.colcon_core.package_identification:_identify(src/ur_driver/Universal_Robots_Client_Library) by extension 'ros'
[1.024s] DEBUG:colcon.colcon_core.package_identification:Package 'src/ur_driver/Universal_Robots_Client_Library' with type 'ros.cmake' and name 'ur_client_library'
[1.027s] Level 1:colcon.colcon_core.package_identification:_identify(src/ur_driver/Universal_Robots_ROS2_Driver) by extensions ['ignore', 'ignore_ament_install']
[1.027s] Level 1:colcon.colcon_core.package_identification:_identify(src/ur_driver/Universal_Robots_ROS2_Driver) by extension 'ignore'
[1.027s] Level 1:colcon.colcon_core.package_identification:_identify(src/ur_driver/Universal_Robots_ROS2_Driver) by extension 'ignore_ament_install'
[1.027s] Level 1:colcon.colcon_core.package_identification:_identify(src/ur_driver/Universal_Robots_ROS2_Driver) by extensions ['colcon_pkg']
[1.028s] Level 1:colcon.colcon_core.package_identification:_identify(src/ur_driver/Universal_Robots_ROS2_Driver) by extension 'colcon_pkg'
[1.028s] Level 1:colcon.colcon_core.package_identification:_identify(src/ur_driver/Universal_Robots_ROS2_Driver) by extensions ['colcon_meta']
[1.028s] Level 1:colcon.colcon_core.package_identification:_identify(src/ur_driver/Universal_Robots_ROS2_Driver) by extension 'colcon_meta'
[1.028s] Level 1:colcon.colcon_core.package_identification:_identify(src/ur_driver/Universal_Robots_ROS2_Driver) by extensions ['ros']
[1.028s] Level 1:colcon.colcon_core.package_identification:_identify(src/ur_driver/Universal_Robots_ROS2_Driver) by extension 'ros'
[1.028s] Level 1:colcon.colcon_core.package_identification:_identify(src/ur_driver/Universal_Robots_ROS2_Driver) by extensions ['cmake', 'python']
[1.029s] Level 1:colcon.colcon_core.package_identification:_identify(src/ur_driver/Universal_Robots_ROS2_Driver) by extension 'cmake'
[1.029s] Level 1:colcon.colcon_core.package_identification:_identify(src/ur_driver/Universal_Robots_ROS2_Driver) by extension 'python'
[1.029s] Level 1:colcon.colcon_core.package_identification:_identify(src/ur_driver/Universal_Robots_ROS2_Driver) by extensions ['python_setup_py']
[1.029s] Level 1:colcon.colcon_core.package_identification:_identify(src/ur_driver/Universal_Robots_ROS2_Driver) by extension 'python_setup_py'
[1.029s] Level 1:colcon.colcon_core.package_identification:_identify(src/ur_driver/Universal_Robots_ROS2_Driver/ur_bringup) by extensions ['ignore', 'ignore_ament_install']
[1.030s] Level 1:colcon.colcon_core.package_identification:_identify(src/ur_driver/Universal_Robots_ROS2_Driver/ur_bringup) by extension 'ignore'
[1.030s] Level 1:colcon.colcon_core.package_identification:_identify(src/ur_driver/Universal_Robots_ROS2_Driver/ur_bringup) by extension 'ignore_ament_install'
[1.030s] Level 1:colcon.colcon_core.package_identification:_identify(src/ur_driver/Universal_Robots_ROS2_Driver/ur_bringup) by extensions ['colcon_pkg']
[1.030s] Level 1:colcon.colcon_core.package_identification:_identify(src/ur_driver/Universal_Robots_ROS2_Driver/ur_bringup) by extension 'colcon_pkg'
[1.030s] Level 1:colcon.colcon_core.package_identification:_identify(src/ur_driver/Universal_Robots_ROS2_Driver/ur_bringup) by extensions ['colcon_meta']
[1.030s] Level 1:colcon.colcon_core.package_identification:_identify(src/ur_driver/Universal_Robots_ROS2_Driver/ur_bringup) by extension 'colcon_meta'
[1.031s] Level 1:colcon.colcon_core.package_identification:_identify(src/ur_driver/Universal_Robots_ROS2_Driver/ur_bringup) by extensions ['ros']
[1.031s] Level 1:colcon.colcon_core.package_identification:_identify(src/ur_driver/Universal_Robots_ROS2_Driver/ur_bringup) by extension 'ros'
[1.034s] DEBUG:colcon.colcon_core.package_identification:Package 'src/ur_driver/Universal_Robots_ROS2_Driver/ur_bringup' with type 'ros.ament_cmake' and name 'ur_bringup'
[1.035s] Level 1:colcon.colcon_core.package_identification:_identify(src/ur_driver/Universal_Robots_ROS2_Driver/ur_controllers) by extensions ['ignore', 'ignore_ament_install']
[1.035s] Level 1:colcon.colcon_core.package_identification:_identify(src/ur_driver/Universal_Robots_ROS2_Driver/ur_controllers) by extension 'ignore'
[1.035s] Level 1:colcon.colcon_core.package_identification:_identify(src/ur_driver/Universal_Robots_ROS2_Driver/ur_controllers) by extension 'ignore_ament_install'
[1.036s] Level 1:colcon.colcon_core.package_identification:_identify(src/ur_driver/Universal_Robots_ROS2_Driver/ur_controllers) by extensions ['colcon_pkg']
[1.036s] Level 1:colcon.colcon_core.package_identification:_identify(src/ur_driver/Universal_Robots_ROS2_Driver/ur_controllers) by extension 'colcon_pkg'
[1.036s] Level 1:colcon.colcon_core.package_identification:_identify(src/ur_driver/Universal_Robots_ROS2_Driver/ur_controllers) by extensions ['colcon_meta']
[1.036s] Level 1:colcon.colcon_core.package_identification:_identify(src/ur_driver/Universal_Robots_ROS2_Driver/ur_controllers) by extension 'colcon_meta'
[1.036s] Level 1:colcon.colcon_core.package_identification:_identify(src/ur_driver/Universal_Robots_ROS2_Driver/ur_controllers) by extensions ['ros']
[1.036s] Level 1:colcon.colcon_core.package_identification:_identify(src/ur_driver/Universal_Robots_ROS2_Driver/ur_controllers) by extension 'ros'
[1.043s] DEBUG:colcon.colcon_core.package_identification:Package 'src/ur_driver/Universal_Robots_ROS2_Driver/ur_controllers' with type 'ros.ament_cmake' and name 'ur_controllers'
[1.043s] Level 1:colcon.colcon_core.package_identification:_identify(src/ur_driver/Universal_Robots_ROS2_Driver/ur_dashboard_msgs) by extensions ['ignore', 'ignore_ament_install']
[1.043s] Level 1:colcon.colcon_core.package_identification:_identify(src/ur_driver/Universal_Robots_ROS2_Driver/ur_dashboard_msgs) by extension 'ignore'
[1.043s] Level 1:colcon.colcon_core.package_identification:_identify(src/ur_driver/Universal_Robots_ROS2_Driver/ur_dashboard_msgs) by extension 'ignore_ament_install'
[1.043s] Level 1:colcon.colcon_core.package_identification:_identify(src/ur_driver/Universal_Robots_ROS2_Driver/ur_dashboard_msgs) by extensions ['colcon_pkg']
[1.044s] Level 1:colcon.colcon_core.package_identification:_identify(src/ur_driver/Universal_Robots_ROS2_Driver/ur_dashboard_msgs) by extension 'colcon_pkg'
[1.044s] Level 1:colcon.colcon_core.package_identification:_identify(src/ur_driver/Universal_Robots_ROS2_Driver/ur_dashboard_msgs) by extensions ['colcon_meta']
[1.044s] Level 1:colcon.colcon_core.package_identification:_identify(src/ur_driver/Universal_Robots_ROS2_Driver/ur_dashboard_msgs) by extension 'colcon_meta'
[1.044s] Level 1:colcon.colcon_core.package_identification:_identify(src/ur_driver/Universal_Robots_ROS2_Driver/ur_dashboard_msgs) by extensions ['ros']
[1.044s] Level 1:colcon.colcon_core.package_identification:_identify(src/ur_driver/Universal_Robots_ROS2_Driver/ur_dashboard_msgs) by extension 'ros'
[1.046s] DEBUG:colcon.colcon_core.package_identification:Package 'src/ur_driver/Universal_Robots_ROS2_Driver/ur_dashboard_msgs' with type 'ros.ament_cmake' and name 'ur_dashboard_msgs'
[1.047s] Level 1:colcon.colcon_core.package_identification:_identify(src/ur_driver/Universal_Robots_ROS2_Driver/ur_description) by extensions ['ignore', 'ignore_ament_install']
[1.047s] Level 1:colcon.colcon_core.package_identification:_identify(src/ur_driver/Universal_Robots_ROS2_Driver/ur_description) by extension 'ignore'
[1.047s] Level 1:colcon.colcon_core.package_identification:_identify(src/ur_driver/Universal_Robots_ROS2_Driver/ur_description) by extension 'ignore_ament_install'
[1.047s] Level 1:colcon.colcon_core.package_identification:_identify(src/ur_driver/Universal_Robots_ROS2_Driver/ur_description) by extensions ['colcon_pkg']
[1.047s] Level 1:colcon.colcon_core.package_identification:_identify(src/ur_driver/Universal_Robots_ROS2_Driver/ur_description) by extension 'colcon_pkg'
[1.047s] Level 1:colcon.colcon_core.package_identification:_identify(src/ur_driver/Universal_Robots_ROS2_Driver/ur_description) by extensions ['colcon_meta']
[1.047s] Level 1:colcon.colcon_core.package_identification:_identify(src/ur_driver/Universal_Robots_ROS2_Driver/ur_description) by extension 'colcon_meta'
[1.048s] Level 1:colcon.colcon_core.package_identification:_identify(src/ur_driver/Universal_Robots_ROS2_Driver/ur_description) by extensions ['ros']
[1.048s] Level 1:colcon.colcon_core.package_identification:_identify(src/ur_driver/Universal_Robots_ROS2_Driver/ur_description) by extension 'ros'
[1.050s] DEBUG:colcon.colcon_core.package_identification:Package 'src/ur_driver/Universal_Robots_ROS2_Driver/ur_description' with type 'ros.ament_cmake' and name 'ur_description'
[1.051s] Level 1:colcon.colcon_core.package_identification:_identify(src/ur_driver/Universal_Robots_ROS2_Driver/ur_moveit_config) by extensions ['ignore', 'ignore_ament_install']
[1.051s] Level 1:colcon.colcon_core.package_identification:_identify(src/ur_driver/Universal_Robots_ROS2_Driver/ur_moveit_config) by extension 'ignore'
[1.051s] Level 1:colcon.colcon_core.package_identification:_identify(src/ur_driver/Universal_Robots_ROS2_Driver/ur_moveit_config) by extension 'ignore_ament_install'
[1.051s] Level 1:colcon.colcon_core.package_identification:_identify(src/ur_driver/Universal_Robots_ROS2_Driver/ur_moveit_config) by extensions ['colcon_pkg']
[1.051s] Level 1:colcon.colcon_core.package_identification:_identify(src/ur_driver/Universal_Robots_ROS2_Driver/ur_moveit_config) by extension 'colcon_pkg'
[1.051s] Level 1:colcon.colcon_core.package_identification:_identify(src/ur_driver/Universal_Robots_ROS2_Driver/ur_moveit_config) by extensions ['colcon_meta']
[1.051s] Level 1:colcon.colcon_core.package_identification:_identify(src/ur_driver/Universal_Robots_ROS2_Driver/ur_moveit_config) by extension 'colcon_meta'
[1.052s] Level 1:colcon.colcon_core.package_identification:_identify(src/ur_driver/Universal_Robots_ROS2_Driver/ur_moveit_config) by extensions ['ros']
[1.052s] Level 1:colcon.colcon_core.package_identification:_identify(src/ur_driver/Universal_Robots_ROS2_Driver/ur_moveit_config) by extension 'ros'
[1.055s] DEBUG:colcon.colcon_core.package_identification:Package 'src/ur_driver/Universal_Robots_ROS2_Driver/ur_moveit_config' with type 'ros.ament_cmake' and name 'ur_moveit_config'
[1.055s] Level 1:colcon.colcon_core.package_identification:_identify(src/ur_driver/Universal_Robots_ROS2_Driver/ur_robot_driver) by extensions ['ignore', 'ignore_ament_install']
[1.055s] Level 1:colcon.colcon_core.package_identification:_identify(src/ur_driver/Universal_Robots_ROS2_Driver/ur_robot_driver) by extension 'ignore'
[1.055s] Level 1:colcon.colcon_core.package_identification:_identify(src/ur_driver/Universal_Robots_ROS2_Driver/ur_robot_driver) by extension 'ignore_ament_install'
[1.056s] Level 1:colcon.colcon_core.package_identification:_identify(src/ur_driver/Universal_Robots_ROS2_Driver/ur_robot_driver) by extensions ['colcon_pkg']
[1.056s] Level 1:colcon.colcon_core.package_identification:_identify(src/ur_driver/Universal_Robots_ROS2_Driver/ur_robot_driver) by extension 'colcon_pkg'
[1.056s] Level 1:colcon.colcon_core.package_identification:_identify(src/ur_driver/Universal_Robots_ROS2_Driver/ur_robot_driver) by extensions ['colcon_meta']
[1.056s] Level 1:colcon.colcon_core.package_identification:_identify(src/ur_driver/Universal_Robots_ROS2_Driver/ur_robot_driver) by extension 'colcon_meta'
[1.056s] Level 1:colcon.colcon_core.package_identification:_identify(src/ur_driver/Universal_Robots_ROS2_Driver/ur_robot_driver) by extensions ['ros']
[1.056s] Level 1:colcon.colcon_core.package_identification:_identify(src/ur_driver/Universal_Robots_ROS2_Driver/ur_robot_driver) by extension 'ros'
[1.062s] DEBUG:colcon.colcon_core.package_identification:Package 'src/ur_driver/Universal_Robots_ROS2_Driver/ur_robot_driver' with type 'ros.ament_cmake' and name 'ur_robot_driver'
[1.062s] Level 1:colcon.colcon_core.package_discovery:discover_packages(recursive) using defaults
[1.062s] Level 1:colcon.colcon_core.package_discovery:discover_packages(ignore) discover
[1.062s] Level 1:colcon.colcon_core.package_discovery:discover_packages(ignore) using defaults
[1.062s] Level 1:colcon.colcon_core.package_discovery:discover_packages(path) discover
[1.063s] Level 1:colcon.colcon_core.package_discovery:discover_packages(path) using defaults
[1.142s] INFO:colcon.colcon_core.package_selection:Skipping not selected package 'cmake_helpers' in 'src/lib/cmake_helpers'
[1.143s] INFO:colcon.colcon_core.package_selection:Skipping not selected package 'robo_cleaner_interfaces' in 'src/robo_cleaner/robo_cleaner_interfaces'
[1.143s] INFO:colcon.colcon_core.package_selection:Skipping not selected package 'robo_collector_interfaces' in 'src/robo_collector/robo_collector_interfaces'
[1.143s] INFO:colcon.colcon_core.package_selection:Skipping not selected package 'robo_miner_interfaces' in 'src/robo_miner/robo_miner_interfaces'
[1.143s] INFO:colcon.colcon_core.package_selection:Skipping not selected package 'ur_bringup' in 'src/ur_driver/Universal_Robots_ROS2_Driver/ur_bringup'
[1.143s] INFO:colcon.colcon_core.package_selection:Skipping not selected package 'ur_client_library' in 'src/ur_driver/Universal_Robots_Client_Library'
[1.143s] INFO:colcon.colcon_core.package_selection:Skipping not selected package 'ur_dashboard_msgs' in 'src/ur_driver/Universal_Robots_ROS2_Driver/ur_dashboard_msgs'
[1.143s] INFO:colcon.colcon_core.package_selection:Skipping not selected package 'ur_description' in 'src/ur_driver/Universal_Robots_ROS2_Driver/ur_description'
[1.143s] INFO:colcon.colcon_core.package_selection:Skipping not selected package 'ur_moveit_config' in 'src/ur_driver/Universal_Robots_ROS2_Driver/ur_moveit_config'
[1.143s] INFO:colcon.colcon_core.package_selection:Skipping not selected package 'urscript_interfaces' in 'src/ur_dev/urscript/urscript_interfaces'
[1.143s] INFO:colcon.colcon_core.package_selection:Skipping not selected package 'robo_cleaner_ai_py' in 'src/robo_cleaner/robo_cleaner_ai_py'
[1.143s] INFO:colcon.colcon_core.package_selection:Skipping not selected package 'robo_collector_controller_py' in 'src/robo_collector/robo_collector_controller_py'
[1.144s] INFO:colcon.colcon_core.package_selection:Skipping not selected package 'robo_miner_ai_py' in 'src/robo_miner/robo_miner_ai_py'
[1.144s] INFO:colcon.colcon_core.package_selection:Skipping not selected package 'ur_controllers' in 'src/ur_driver/Universal_Robots_ROS2_Driver/ur_controllers'
[1.144s] INFO:colcon.colcon_core.package_selection:Skipping not selected package 'utils' in 'src/lib/utils'
[1.144s] INFO:colcon.colcon_core.package_selection:Skipping not selected package 'resource_utils' in 'src/lib/resource_utils'
[1.144s] INFO:colcon.colcon_core.package_selection:Skipping not selected package 'ur_robot_driver' in 'src/ur_driver/Universal_Robots_ROS2_Driver/ur_robot_driver'
[1.144s] INFO:colcon.colcon_core.package_selection:Skipping not selected package 'urscript_common' in 'src/ur_dev/urscript/urscript_common'
[1.144s] INFO:colcon.colcon_core.package_selection:Skipping not selected package 'resource_builder' in 'src/tools/resource_builder'
[1.145s] INFO:colcon.colcon_core.package_selection:Skipping not selected package 'sdl_utils' in 'src/lib/sdl_utils'
[1.145s] INFO:colcon.colcon_core.package_selection:Skipping not selected package 'manager_utils' in 'src/lib/manager_utils'
[1.145s] INFO:colcon.colcon_core.package_selection:Skipping not selected package 'game_engine' in 'src/lib/game_engine'
[1.145s] INFO:colcon.colcon_core.package_selection:Skipping not selected package 'robo_common' in 'src/robo_common'
[1.145s] INFO:colcon.colcon_core.package_selection:Skipping not selected package 'robo_cleaner_common' in 'src/robo_cleaner/robo_cleaner_common'
[1.145s] INFO:colcon.colcon_core.package_selection:Skipping not selected package 'robo_collector_common' in 'src/robo_collector/robo_collector_common'
[1.145s] INFO:colcon.colcon_core.package_selection:Skipping not selected package 'robo_miner_common' in 'src/robo_miner/robo_miner_common'
[1.145s] INFO:colcon.colcon_core.package_selection:Skipping not selected package 'ros2_game_engine' in 'src/lib/ros2_game_engine'
[1.145s] INFO:colcon.colcon_core.package_selection:Skipping not selected package 'robo_cleaner_gui' in 'src/robo_cleaner/robo_cleaner_gui'
[1.145s] INFO:colcon.colcon_core.package_selection:Skipping not selected package 'robo_collector_controller' in 'src/robo_collector/robo_collector_controller'
[1.145s] INFO:colcon.colcon_core.package_selection:Skipping not selected package 'robo_collector_gui' in 'src/robo_collector/robo_collector_gui'
[1.145s] INFO:colcon.colcon_core.package_selection:Skipping not selected package 'robo_miner_gui' in 'src/robo_miner/robo_miner_gui'
[1.146s] INFO:colcon.colcon_core.package_selection:Skipping not selected package 'ur_control_gui' in 'src/ur_dev/ur_control_gui'
[1.146s] INFO:colcon.colcon_core.package_selection:Skipping not selected package 'urscript_bridge' in 'src/ur_dev/urscript/urscript_bridge'
[1.148s] Level 1:colcon.colcon_core.package_discovery:discover_packages(prefix_path) check parameters
[1.148s] Level 1:colcon.colcon_core.package_discovery:discover_packages(prefix_path) discover
[1.159s] DEBUG:colcon.colcon_installed_package_information.package_discovery:Found 267 installed packages in /opt/ros/foxy
[1.166s] Level 1:colcon.colcon_core.package_discovery:discover_packages(prefix_path) using defaults
[1.409s] Level 5:colcon.colcon_core.verb:set package 'robo_builder_py' build argument 'cmake_args' from command line to 'None'
[1.409s] Level 5:colcon.colcon_core.verb:set package 'robo_builder_py' build argument 'cmake_target' from command line to 'None'
[1.409s] Level 5:colcon.colcon_core.verb:set package 'robo_builder_py' build argument 'cmake_target_skip_unavailable' from command line to 'False'
[1.409s] Level 5:colcon.colcon_core.verb:set package 'robo_builder_py' build argument 'cmake_clean_cache' from command line to 'False'
[1.409s] Level 5:colcon.colcon_core.verb:set package 'robo_builder_py' build argument 'cmake_clean_first' from command line to 'False'
[1.409s] Level 5:colcon.colcon_core.verb:set package 'robo_builder_py' build argument 'cmake_force_configure' from command line to 'False'
[1.409s] Level 5:colcon.colcon_core.verb:set package 'robo_builder_py' build argument 'ament_cmake_args' from command line to 'None'
[1.409s] Level 5:colcon.colcon_core.verb:set package 'robo_builder_py' build argument 'catkin_cmake_args' from command line to 'None'
[1.409s] Level 5:colcon.colcon_core.verb:set package 'robo_builder_py' build argument 'catkin_skip_building_tests' from command line to 'False'
[1.409s] DEBUG:colcon.colcon_core.verb:Building package 'robo_builder_py' with the following arguments: {'ament_cmake_args': None, 'build_base': '/home/ubuntu/workspace/Velizar/robotics_v1/build/robo_builder_py', 'catkin_cmake_args': None, 'catkin_skip_building_tests': False, 'cmake_args': None, 'cmake_clean_cache': False, 'cmake_clean_first': False, 'cmake_force_configure': False, 'cmake_target': None, 'cmake_target_skip_unavailable': False, 'install_base': '/home/ubuntu/workspace/Velizar/robotics_v1/install/robo_builder_py', 'merge_install': False, 'path': '/home/ubuntu/workspace/Velizar/robotics_v1/src/robo_builder_py', 'symlink_install': False, 'test_result_base': None}
[1.412s] INFO:colcon.colcon_core.executor:Executing jobs using 'parallel' executor
[1.428s] DEBUG:colcon.colcon_parallel_executor.executor.parallel:run_until_complete
[1.428s] INFO:colcon.colcon_ros.task.ament_python.build:Building ROS package in '/home/ubuntu/workspace/Velizar/robotics_v1/src/robo_builder_py' with build type 'ament_python'
[1.429s] Level 1:colcon.colcon_core.shell:create_environment_hook('robo_builder_py', 'ament_prefix_path')
[1.445s] INFO:colcon.colcon_core.plugin_system:Skipping extension 'colcon_core.shell.bat': Not used on non-Windows systems
[1.446s] INFO:colcon.colcon_core.shell:Creating environment hook '/home/ubuntu/workspace/Velizar/robotics_v1/install/robo_builder_py/share/robo_builder_py/hook/ament_prefix_path.ps1'
[1.448s] INFO:colcon.colcon_core.shell:Creating environment descriptor '/home/ubuntu/workspace/Velizar/robotics_v1/install/robo_builder_py/share/robo_builder_py/hook/ament_prefix_path.dsv'
[1.449s] INFO:colcon.colcon_core.shell:Creating environment hook '/home/ubuntu/workspace/Velizar/robotics_v1/install/robo_builder_py/share/robo_builder_py/hook/ament_prefix_path.sh'
[1.456s] INFO:colcon.colcon_core.shell:Skip shell extension 'powershell' for command environment: Not usable outside of PowerShell
[1.456s] DEBUG:colcon.colcon_core.shell:Skip shell extension 'dsv' for command environment
[2.258s] INFO:colcon.colcon_core.task.python.build:Building Python package in '/home/ubuntu/workspace/Velizar/robotics_v1/src/robo_builder_py'
[2.264s] INFO:colcon.colcon_core.shell:Skip shell extension 'powershell' for command environment: Not usable outside of PowerShell
[2.264s] DEBUG:colcon.colcon_core.shell:Skip shell extension 'dsv' for command environment
[3.673s] DEBUG:colcon.colcon_core.event_handler.log_command:Invoking command in '/home/ubuntu/workspace/Velizar/robotics_v1/src/robo_builder_py': AMENT_PREFIX_PATH=/home/ubuntu/workspace/Velizar/robotics_v1/install/urscript_interfaces:${AMENT_PREFIX_PATH} CMAKE_PREFIX_PATH=/home/ubuntu/workspace/Velizar/robotics_v1/install/urscript_interfaces LD_LIBRARY_PATH=/home/ubuntu/workspace/Velizar/robotics_v1/install/urscript_interfaces/lib:${LD_LIBRARY_PATH} PS1=[\u@\h \W]$(git_branch)$ PYTHONPATH=/home/ubuntu/workspace/Velizar/robotics_v1/install/robo_builder_py/lib/python3.8/site-packages:/home/ubuntu/workspace/Velizar/robotics_v1/install/urscript_interfaces/lib/python3.8/site-packages:${PYTHONPATH} /usr/bin/python3 setup.py egg_info --egg-base ../../build/robo_builder_py build --build-base /home/ubuntu/workspace/Velizar/robotics_v1/build/robo_builder_py/build install --prefix /home/ubuntu/workspace/Velizar/robotics_v1/install/robo_builder_py --record /home/ubuntu/workspace/Velizar/robotics_v1/build/robo_builder_py/install.log --single-version-externally-managed
[4.813s] DEBUG:colcon.colcon_core.event_handler.log_command:Invoked command in '/home/ubuntu/workspace/Velizar/robotics_v1/src/robo_builder_py' returned '0': AMENT_PREFIX_PATH=/home/ubuntu/workspace/Velizar/robotics_v1/install/urscript_interfaces:${AMENT_PREFIX_PATH} CMAKE_PREFIX_PATH=/home/ubuntu/workspace/Velizar/robotics_v1/install/urscript_interfaces LD_LIBRARY_PATH=/home/ubuntu/workspace/Velizar/robotics_v1/install/urscript_interfaces/lib:${LD_LIBRARY_PATH} PS1=[\u@\h \W]$(git_branch)$ PYTHONPATH=/home/ubuntu/workspace/Velizar/robotics_v1/install/robo_builder_py/lib/python3.8/site-packages:/home/ubuntu/workspace/Velizar/robotics_v1/install/urscript_interfaces/lib/python3.8/site-packages:${PYTHONPATH} /usr/bin/python3 setup.py egg_info --egg-base ../../build/robo_builder_py build --build-base /home/ubuntu/workspace/Velizar/robotics_v1/build/robo_builder_py/build install --prefix /home/ubuntu/workspace/Velizar/robotics_v1/install/robo_builder_py --record /home/ubuntu/workspace/Velizar/robotics_v1/build/robo_builder_py/install.log --single-version-externally-managed
[4.823s] Level 1:colcon.colcon_core.environment:checking '/home/ubuntu/workspace/Velizar/robotics_v1/install/robo_builder_py' for CMake module files
[4.825s] Level 1:colcon.colcon_core.environment:checking '/home/ubuntu/workspace/Velizar/robotics_v1/install/robo_builder_py' for CMake config files
[4.826s] Level 1:colcon.colcon_core.environment:checking '/home/ubuntu/workspace/Velizar/robotics_v1/install/robo_builder_py/lib'
[4.827s] Level 1:colcon.colcon_core.environment:checking '/home/ubuntu/workspace/Velizar/robotics_v1/install/robo_builder_py/bin'
[4.827s] Level 1:colcon.colcon_core.environment:checking '/home/ubuntu/workspace/Velizar/robotics_v1/install/robo_builder_py/lib/pkgconfig/robo_builder_py.pc'
[4.827s] Level 1:colcon.colcon_core.environment:checking '/home/ubuntu/workspace/Velizar/robotics_v1/install/robo_builder_py/lib/python3.8/site-packages'
[4.828s] Level 1:colcon.colcon_core.shell:create_environment_hook('robo_builder_py', 'pythonpath')
[4.834s] INFO:colcon.colcon_core.shell:Creating environment hook '/home/ubuntu/workspace/Velizar/robotics_v1/install/robo_builder_py/share/robo_builder_py/hook/pythonpath.ps1'
[4.836s] INFO:colcon.colcon_core.shell:Creating environment descriptor '/home/ubuntu/workspace/Velizar/robotics_v1/install/robo_builder_py/share/robo_builder_py/hook/pythonpath.dsv'
[4.836s] INFO:colcon.colcon_core.shell:Creating environment hook '/home/ubuntu/workspace/Velizar/robotics_v1/install/robo_builder_py/share/robo_builder_py/hook/pythonpath.sh'
[4.838s] Level 1:colcon.colcon_core.environment:checking '/home/ubuntu/workspace/Velizar/robotics_v1/install/robo_builder_py/bin'
[4.838s] Level 1:colcon.colcon_core.environment:create_environment_scripts_only(robo_builder_py)
[4.843s] INFO:colcon.colcon_core.shell:Creating package script '/home/ubuntu/workspace/Velizar/robotics_v1/install/robo_builder_py/share/robo_builder_py/package.ps1'
[4.845s] INFO:colcon.colcon_core.shell:Creating package descriptor '/home/ubuntu/workspace/Velizar/robotics_v1/install/robo_builder_py/share/robo_builder_py/package.dsv'
[4.848s] INFO:colcon.colcon_core.shell:Creating package script '/home/ubuntu/workspace/Velizar/robotics_v1/install/robo_builder_py/share/robo_builder_py/package.sh'
[4.850s] INFO:colcon.colcon_core.shell:Creating package script '/home/ubuntu/workspace/Velizar/robotics_v1/install/robo_builder_py/share/robo_builder_py/package.bash'
[4.852s] INFO:colcon.colcon_core.shell:Creating package script '/home/ubuntu/workspace/Velizar/robotics_v1/install/robo_builder_py/share/robo_builder_py/package.zsh'
[4.854s] Level 1:colcon.colcon_core.environment:create_file_with_runtime_dependencies(/home/ubuntu/workspace/Velizar/robotics_v1/install/robo_builder_py/share/colcon-core/packages/robo_builder_py)
[4.855s] DEBUG:colcon.colcon_parallel_executor.executor.parallel:closing loop
[4.856s] DEBUG:colcon.colcon_parallel_executor.executor.parallel:loop closed
[4.856s] DEBUG:colcon.colcon_parallel_executor.executor.parallel:run_until_complete finished with '0'
[4.856s] DEBUG:colcon.colcon_core.event_reactor:joining thread
[4.894s] INFO:colcon.colcon_core.plugin_system:Skipping extension 'colcon_notification.desktop_notification.terminal_notifier': Not used on non-Darwin systems
[4.895s] INFO:colcon.colcon_core.plugin_system:Skipping extension 'colcon_notification.desktop_notification.win32': Not used on non-Windows systems
[4.895s] INFO:colcon.colcon_notification.desktop_notification:Sending desktop notification using 'notify2'
[4.954s] DEBUG:colcon.colcon_core.event_reactor:joined thread
[4.960s] INFO:colcon.colcon_core.shell:Creating prefix script '/home/ubuntu/workspace/Velizar/robotics_v1/install/local_setup.ps1'
[4.962s] INFO:colcon.colcon_core.shell:Creating prefix util module '/home/ubuntu/workspace/Velizar/robotics_v1/install/_local_setup_util_ps1.py'
[4.970s] INFO:colcon.colcon_core.shell:Creating prefix chain script '/home/ubuntu/workspace/Velizar/robotics_v1/install/setup.ps1'
[4.980s] INFO:colcon.colcon_core.shell:Creating prefix script '/home/ubuntu/workspace/Velizar/robotics_v1/install/local_setup.sh'
[4.982s] INFO:colcon.colcon_core.shell:Creating prefix util module '/home/ubuntu/workspace/Velizar/robotics_v1/install/_local_setup_util_sh.py'
[4.984s] INFO:colcon.colcon_core.shell:Creating prefix chain script '/home/ubuntu/workspace/Velizar/robotics_v1/install/setup.sh'
[4.993s] INFO:colcon.colcon_core.shell:Creating prefix script '/home/ubuntu/workspace/Velizar/robotics_v1/install/local_setup.bash'
[5.001s] INFO:colcon.colcon_core.shell:Creating prefix chain script '/home/ubuntu/workspace/Velizar/robotics_v1/install/setup.bash'
[5.011s] INFO:colcon.colcon_core.shell:Creating prefix script '/home/ubuntu/workspace/Velizar/robotics_v1/install/local_setup.zsh'
[5.014s] INFO:colcon.colcon_core.shell:Creating prefix chain script '/home/ubuntu/workspace/Velizar/robotics_v1/install/setup.zsh'
