[1.757s] Invoking command in '/home/ubuntu/workspace/Velizar/robotics_v1/build/robo_collector_controller_py': AMENT_PREFIX_PATH=/home/ubuntu/workspace/Velizar/robotics_v1/install/robo_collector_interfaces:${AMENT_PREFIX_PATH} CMAKE_PREFIX_PATH=/home/ubuntu/workspace/Velizar/robotics_v1/install/robo_collector_interfaces LD_LIBRARY_PATH=/home/ubuntu/workspace/Velizar/robotics_v1/install/robo_collector_interfaces/lib:${LD_LIBRARY_PATH} PS1=[\u@\h \W]$(git_branch)$ PYTHONPATH=/home/ubuntu/workspace/Velizar/robotics_v1/install/robo_collector_controller_py/lib/python3.8/site-packages:/home/ubuntu/workspace/Velizar/robotics_v1/install/robo_collector_interfaces/lib/python3.8/site-packages:${PYTHONPATH} /usr/bin/python3 setup.py develop --prefix /home/ubuntu/workspace/Velizar/robotics_v1/install/robo_collector_controller_py --editable --build-directory /home/ubuntu/workspace/Velizar/robotics_v1/build/robo_collector_controller_py/build --no-deps install_data --install-dir /home/ubuntu/workspace/Velizar/robotics_v1/install/robo_collector_controller_py
[2.397s] running develop
[2.775s] running egg_info
[2.775s] creating robo_collector_controller_py.egg-info
[2.775s] writing robo_collector_controller_py.egg-info/PKG-INFO
[2.776s] writing dependency_links to robo_collector_controller_py.egg-info/dependency_links.txt
[2.776s] writing entry points to robo_collector_controller_py.egg-info/entry_points.txt
[2.776s] writing requirements to robo_collector_controller_py.egg-info/requires.txt
[2.777s] writing top-level names to robo_collector_controller_py.egg-info/top_level.txt
[2.780s] writing manifest file 'robo_collector_controller_py.egg-info/SOURCES.txt'
[2.880s] reading manifest file 'robo_collector_controller_py.egg-info/SOURCES.txt'
[2.882s] writing manifest file 'robo_collector_controller_py.egg-info/SOURCES.txt'
[2.992s] running build_ext
[2.995s] Creating /home/ubuntu/workspace/Velizar/robotics_v1/install/robo_collector_controller_py/lib/python3.8/site-packages/site.py
[3.001s] Creating /home/ubuntu/workspace/Velizar/robotics_v1/install/robo_collector_controller_py/lib/python3.8/site-packages/robo-collector-controller-py.egg-link (link to .)
[3.003s] Installing talker script to /home/ubuntu/workspace/Velizar/robotics_v1/install/robo_collector_controller_py/lib/robo_collector_controller_py
[3.003s] 
[3.003s] Installed /home/ubuntu/workspace/Velizar/robotics_v1/build/robo_collector_controller_py
[3.004s] running install_data
[3.004s] creating /home/ubuntu/workspace/Velizar/robotics_v1/install/robo_collector_controller_py/share/ament_index
[3.004s] creating /home/ubuntu/workspace/Velizar/robotics_v1/install/robo_collector_controller_py/share/ament_index/resource_index
[3.004s] creating /home/ubuntu/workspace/Velizar/robotics_v1/install/robo_collector_controller_py/share/ament_index/resource_index/packages
[3.005s] copying resource/robo_collector_controller_py -> /home/ubuntu/workspace/Velizar/robotics_v1/install/robo_collector_controller_py/share/ament_index/resource_index/packages
[3.005s] copying package.xml -> /home/ubuntu/workspace/Velizar/robotics_v1/install/robo_collector_controller_py/share/robo_collector_controller_py
[3.076s] Invoked command in '/home/ubuntu/workspace/Velizar/robotics_v1/build/robo_collector_controller_py' returned '0': AMENT_PREFIX_PATH=/home/ubuntu/workspace/Velizar/robotics_v1/install/robo_collector_interfaces:${AMENT_PREFIX_PATH} CMAKE_PREFIX_PATH=/home/ubuntu/workspace/Velizar/robotics_v1/install/robo_collector_interfaces LD_LIBRARY_PATH=/home/ubuntu/workspace/Velizar/robotics_v1/install/robo_collector_interfaces/lib:${LD_LIBRARY_PATH} PS1=[\u@\h \W]$(git_branch)$ PYTHONPATH=/home/ubuntu/workspace/Velizar/robotics_v1/install/robo_collector_controller_py/lib/python3.8/site-packages:/home/ubuntu/workspace/Velizar/robotics_v1/install/robo_collector_interfaces/lib/python3.8/site-packages:${PYTHONPATH} /usr/bin/python3 setup.py develop --prefix /home/ubuntu/workspace/Velizar/robotics_v1/install/robo_collector_controller_py --editable --build-directory /home/ubuntu/workspace/Velizar/robotics_v1/build/robo_collector_controller_py/build --no-deps install_data --install-dir /home/ubuntu/workspace/Velizar/robotics_v1/install/robo_collector_controller_py
