[2.340s] Invoking command in '/home/ubuntu/workspace/Velizar/robotics_v1/src/robo_builder_py': PS1=[\u@\h \W]$(git_branch)$ PYTHONPATH=/home/ubuntu/workspace/Velizar/robotics_v1/install/robo_builder_py/lib/python3.8/site-packages:${PYTHONPATH} /usr/bin/python3 setup.py egg_info --egg-base ../../build/robo_builder_py build --build-base /home/ubuntu/workspace/Velizar/robotics_v1/build/robo_builder_py/build install --prefix /home/ubuntu/workspace/Velizar/robotics_v1/install/robo_builder_py --record /home/ubuntu/workspace/Velizar/robotics_v1/build/robo_builder_py/install.log --single-version-externally-managed
[3.238s] running egg_info
[3.238s] writing ../../build/robo_builder_py/robo_builder_py.egg-info/PKG-INFO
[3.240s] writing dependency_links to ../../build/robo_builder_py/robo_builder_py.egg-info/dependency_links.txt
[3.240s] writing entry points to ../../build/robo_builder_py/robo_builder_py.egg-info/entry_points.txt
[3.240s] writing requirements to ../../build/robo_builder_py/robo_builder_py.egg-info/requires.txt
[3.241s] writing top-level names to ../../build/robo_builder_py/robo_builder_py.egg-info/top_level.txt
[3.427s] reading manifest file '../../build/robo_builder_py/robo_builder_py.egg-info/SOURCES.txt'
[3.435s] writing manifest file '../../build/robo_builder_py/robo_builder_py.egg-info/SOURCES.txt'
[3.436s] running build
[3.437s] running build_py
[3.438s] copying robo_builder_py/robo_builder.py -> /home/ubuntu/workspace/Velizar/robotics_v1/build/robo_builder_py/build/lib/robo_builder_py
[3.438s] running install
[3.444s] running install_lib
[3.450s] copying /home/ubuntu/workspace/Velizar/robotics_v1/build/robo_builder_py/build/lib/robo_builder_py/robo_builder.py -> /home/ubuntu/workspace/Velizar/robotics_v1/install/robo_builder_py/lib/python3.8/site-packages/robo_builder_py
[3.453s] byte-compiling /home/ubuntu/workspace/Velizar/robotics_v1/install/robo_builder_py/lib/python3.8/site-packages/robo_builder_py/robo_builder.py to robo_builder.cpython-38.pyc
[3.470s] running install_data
[3.480s] running install_egg_info
[3.485s] removing '/home/ubuntu/workspace/Velizar/robotics_v1/install/robo_builder_py/lib/python3.8/site-packages/robo_builder_py-0.0.0-py3.8.egg-info' (and everything under it)
[3.485s] Copying ../../build/robo_builder_py/robo_builder_py.egg-info to /home/ubuntu/workspace/Velizar/robotics_v1/install/robo_builder_py/lib/python3.8/site-packages/robo_builder_py-0.0.0-py3.8.egg-info
[3.488s] running install_scripts
[3.552s] Installing robo_builder script to /home/ubuntu/workspace/Velizar/robotics_v1/install/robo_builder_py/lib/robo_builder_py
[3.553s] writing list of installed files to '/home/ubuntu/workspace/Velizar/robotics_v1/build/robo_builder_py/install.log'
[3.615s] Invoked command in '/home/ubuntu/workspace/Velizar/robotics_v1/src/robo_builder_py' returned '0': PS1=[\u@\h \W]$(git_branch)$ PYTHONPATH=/home/ubuntu/workspace/Velizar/robotics_v1/install/robo_builder_py/lib/python3.8/site-packages:${PYTHONPATH} /usr/bin/python3 setup.py egg_info --egg-base ../../build/robo_builder_py build --build-base /home/ubuntu/workspace/Velizar/robotics_v1/build/robo_builder_py/build install --prefix /home/ubuntu/workspace/Velizar/robotics_v1/install/robo_builder_py --record /home/ubuntu/workspace/Velizar/robotics_v1/build/robo_builder_py/install.log --single-version-externally-managed
