[0.555s] DEBUG:colcon:Command line arguments: ['/usr/bin/colcon', 'build', '--packages-select', 'robo_miner_ai_py']
[0.555s] DEBUG:colcon:Parsed command line arguments: Namespace(allow_overriding=[], ament_cmake_args=None, base_paths=['.'], build_base='build', catkin_cmake_args=None, catkin_skip_building_tests=False, cmake_args=None, cmake_clean_cache=False, cmake_clean_first=False, cmake_force_configure=False, cmake_target=None, cmake_target_skip_unavailable=False, continue_on_error=False, event_handlers=None, executor='parallel', ignore_user_meta=False, install_base='install', log_base=None, log_level=None, main=<bound method BuildVerb.main of <colcon_core.verb.build.BuildVerb object at 0x7f310f8126d0>>, merge_install=False, metas=['./colcon.meta'], packages_above=None, packages_above_and_dependencies=None, packages_above_depth=None, packages_end=None, packages_ignore=None, packages_ignore_regex=None, packages_select=['robo_miner_ai_py'], packages_select_build_failed=False, packages_select_by_dep=None, packages_select_regex=None, packages_select_test_failures=False, packages_skip=None, packages_skip_build_finished=False, packages_skip_by_dep=None, packages_skip_regex=None, packages_skip_test_passed=False, packages_skip_up_to=None, packages_start=None, packages_up_to=None, packages_up_to_regex=None, parallel_workers=2, paths=None, symlink_install=False, test_result_base=None, verb_extension=<colcon_core.verb.build.BuildVerb object at 0x7f310f8126d0>, verb_name='build', verb_parser=<colcon_defaults.argument_parser.defaults.DefaultArgumentsDecorator object at 0x7f310f812c10>)
[0.643s] Level 1:colcon.colcon_core.package_discovery:discover_packages(colcon_meta) check parameters
[0.644s] Level 1:colcon.colcon_core.package_discovery:discover_packages(recursive) check parameters
[0.644s] Level 1:colcon.colcon_core.package_discovery:discover_packages(ignore) check parameters
[0.644s] Level 1:colcon.colcon_core.package_discovery:discover_packages(path) check parameters
[0.644s] Level 1:colcon.colcon_core.package_discovery:discover_packages(colcon_meta) discover
[0.644s] Level 1:colcon.colcon_core.package_discovery:discover_packages(recursive) discover
[0.644s] INFO:colcon.colcon_core.package_discovery:Crawling recursively for packages in '/home/ubuntu/workspace/Velizar/robotics_v1'
[0.644s] Level 1:colcon.colcon_core.package_identification:_identify(.) by extensions ['ignore', 'ignore_ament_install']
[0.645s] Level 1:colcon.colcon_core.package_identification:_identify(.) by extension 'ignore'
[0.645s] Level 1:colcon.colcon_core.package_identification:_identify(.) by extension 'ignore_ament_install'
[0.645s] Level 1:colcon.colcon_core.package_identification:_identify(.) by extensions ['colcon_pkg']
[0.645s] Level 1:colcon.colcon_core.package_identification:_identify(.) by extension 'colcon_pkg'
[0.645s] Level 1:colcon.colcon_core.package_identification:_identify(.) by extensions ['colcon_meta']
[0.645s] Level 1:colcon.colcon_core.package_identification:_identify(.) by extension 'colcon_meta'
[0.646s] Level 1:colcon.colcon_core.package_identification:_identify(.) by extensions ['ros']
[0.646s] Level 1:colcon.colcon_core.package_identification:_identify(.) by extension 'ros'
[0.686s] Level 1:colcon.colcon_core.package_identification:_identify(.) by extensions ['cmake', 'python']
[0.686s] Level 1:colcon.colcon_core.package_identification:_identify(.) by extension 'cmake'
[0.686s] Level 1:colcon.colcon_core.package_identification:_identify(.) by extension 'python'
[0.686s] Level 1:colcon.colcon_core.package_identification:_identify(.) by extensions ['python_setup_py']
[0.686s] Level 1:colcon.colcon_core.package_identification:_identify(.) by extension 'python_setup_py'
[0.686s] Level 1:colcon.colcon_core.package_identification:_identify(build) by extensions ['ignore', 'ignore_ament_install']
[0.687s] Level 1:colcon.colcon_core.package_identification:_identify(build) by extension 'ignore'
[0.687s] Level 1:colcon.colcon_core.package_identification:_identify(build) ignored
[0.687s] Level 1:colcon.colcon_core.package_identification:_identify(doc) by extensions ['ignore', 'ignore_ament_install']
[0.687s] Level 1:colcon.colcon_core.package_identification:_identify(doc) by extension 'ignore'
[0.687s] Level 1:colcon.colcon_core.package_identification:_identify(doc) by extension 'ignore_ament_install'
[0.687s] Level 1:colcon.colcon_core.package_identification:_identify(doc) by extensions ['colcon_pkg']
[0.687s] Level 1:colcon.colcon_core.package_identification:_identify(doc) by extension 'colcon_pkg'
[0.687s] Level 1:colcon.colcon_core.package_identification:_identify(doc) by extensions ['colcon_meta']
[0.687s] Level 1:colcon.colcon_core.package_identification:_identify(doc) by extension 'colcon_meta'
[0.688s] Level 1:colcon.colcon_core.package_identification:_identify(doc) by extensions ['ros']
[0.688s] Level 1:colcon.colcon_core.package_identification:_identify(doc) by extension 'ros'
[0.688s] Level 1:colcon.colcon_core.package_identification:_identify(doc) by extensions ['cmake', 'python']
[0.688s] Level 1:colcon.colcon_core.package_identification:_identify(doc) by extension 'cmake'
[0.688s] Level 1:colcon.colcon_core.package_identification:_identify(doc) by extension 'python'
[0.688s] Level 1:colcon.colcon_core.package_identification:_identify(doc) by extensions ['python_setup_py']
[0.688s] Level 1:colcon.colcon_core.package_identification:_identify(doc) by extension 'python_setup_py'
[0.689s] Level 1:colcon.colcon_core.package_identification:_identify(doc/previews) by extensions ['ignore', 'ignore_ament_install']
[0.689s] Level 1:colcon.colcon_core.package_identification:_identify(doc/previews) by extension 'ignore'
[0.689s] Level 1:colcon.colcon_core.package_identification:_identify(doc/previews) by extension 'ignore_ament_install'
[0.689s] Level 1:colcon.colcon_core.package_identification:_identify(doc/previews) by extensions ['colcon_pkg']
[0.689s] Level 1:colcon.colcon_core.package_identification:_identify(doc/previews) by extension 'colcon_pkg'
[0.689s] Level 1:colcon.colcon_core.package_identification:_identify(doc/previews) by extensions ['colcon_meta']
[0.689s] Level 1:colcon.colcon_core.package_identification:_identify(doc/previews) by extension 'colcon_meta'
[0.689s] Level 1:colcon.colcon_core.package_identification:_identify(doc/previews) by extensions ['ros']
[0.689s] Level 1:colcon.colcon_core.package_identification:_identify(doc/previews) by extension 'ros'
[0.690s] Level 1:colcon.colcon_core.package_identification:_identify(doc/previews) by extensions ['cmake', 'python']
[0.690s] Level 1:colcon.colcon_core.package_identification:_identify(doc/previews) by extension 'cmake'
[0.690s] Level 1:colcon.colcon_core.package_identification:_identify(doc/previews) by extension 'python'
[0.690s] Level 1:colcon.colcon_core.package_identification:_identify(doc/previews) by extensions ['python_setup_py']
[0.690s] Level 1:colcon.colcon_core.package_identification:_identify(doc/previews) by extension 'python_setup_py'
[0.690s] Level 1:colcon.colcon_core.package_identification:_identify(install) by extensions ['ignore', 'ignore_ament_install']
[0.690s] Level 1:colcon.colcon_core.package_identification:_identify(install) by extension 'ignore'
[0.690s] Level 1:colcon.colcon_core.package_identification:_identify(install) ignored
[0.691s] Level 1:colcon.colcon_core.package_identification:_identify(log) by extensions ['ignore', 'ignore_ament_install']
[0.691s] Level 1:colcon.colcon_core.package_identification:_identify(log) by extension 'ignore'
[0.691s] Level 1:colcon.colcon_core.package_identification:_identify(log) ignored
[0.691s] Level 1:colcon.colcon_core.package_identification:_identify(screenshots) by extensions ['ignore', 'ignore_ament_install']
[0.692s] Level 1:colcon.colcon_core.package_identification:_identify(screenshots) by extension 'ignore'
[0.692s] Level 1:colcon.colcon_core.package_identification:_identify(screenshots) by extension 'ignore_ament_install'
[0.692s] Level 1:colcon.colcon_core.package_identification:_identify(screenshots) by extensions ['colcon_pkg']
[0.692s] Level 1:colcon.colcon_core.package_identification:_identify(screenshots) by extension 'colcon_pkg'
[0.692s] Level 1:colcon.colcon_core.package_identification:_identify(screenshots) by extensions ['colcon_meta']
[0.692s] Level 1:colcon.colcon_core.package_identification:_identify(screenshots) by extension 'colcon_meta'
[0.692s] Level 1:colcon.colcon_core.package_identification:_identify(screenshots) by extensions ['ros']
[0.692s] Level 1:colcon.colcon_core.package_identification:_identify(screenshots) by extension 'ros'
[0.693s] Level 1:colcon.colcon_core.package_identification:_identify(screenshots) by extensions ['cmake', 'python']
[0.693s] Level 1:colcon.colcon_core.package_identification:_identify(screenshots) by extension 'cmake'
[0.693s] Level 1:colcon.colcon_core.package_identification:_identify(screenshots) by extension 'python'
[0.693s] Level 1:colcon.colcon_core.package_identification:_identify(screenshots) by extensions ['python_setup_py']
[0.693s] Level 1:colcon.colcon_core.package_identification:_identify(screenshots) by extension 'python_setup_py'
[0.693s] Level 1:colcon.colcon_core.package_identification:_identify(scripts) by extensions ['ignore', 'ignore_ament_install']
[0.694s] Level 1:colcon.colcon_core.package_identification:_identify(scripts) by extension 'ignore'
[0.694s] Level 1:colcon.colcon_core.package_identification:_identify(scripts) by extension 'ignore_ament_install'
[0.694s] Level 1:colcon.colcon_core.package_identification:_identify(scripts) by extensions ['colcon_pkg']
[0.694s] Level 1:colcon.colcon_core.package_identification:_identify(scripts) by extension 'colcon_pkg'
[0.694s] Level 1:colcon.colcon_core.package_identification:_identify(scripts) by extensions ['colcon_meta']
[0.694s] Level 1:colcon.colcon_core.package_identification:_identify(scripts) by extension 'colcon_meta'
[0.694s] Level 1:colcon.colcon_core.package_identification:_identify(scripts) by extensions ['ros']
[0.694s] Level 1:colcon.colcon_core.package_identification:_identify(scripts) by extension 'ros'
[0.694s] Level 1:colcon.colcon_core.package_identification:_identify(scripts) by extensions ['cmake', 'python']
[0.694s] Level 1:colcon.colcon_core.package_identification:_identify(scripts) by extension 'cmake'
[0.695s] Level 1:colcon.colcon_core.package_identification:_identify(scripts) by extension 'python'
[0.695s] Level 1:colcon.colcon_core.package_identification:_identify(scripts) by extensions ['python_setup_py']
[0.695s] Level 1:colcon.colcon_core.package_identification:_identify(scripts) by extension 'python_setup_py'
[0.695s] Level 1:colcon.colcon_core.package_identification:_identify(src) by extensions ['ignore', 'ignore_ament_install']
[0.695s] Level 1:colcon.colcon_core.package_identification:_identify(src) by extension 'ignore'
[0.695s] Level 1:colcon.colcon_core.package_identification:_identify(src) by extension 'ignore_ament_install'
[0.695s] Level 1:colcon.colcon_core.package_identification:_identify(src) by extensions ['colcon_pkg']
[0.696s] Level 1:colcon.colcon_core.package_identification:_identify(src) by extension 'colcon_pkg'
[0.696s] Level 1:colcon.colcon_core.package_identification:_identify(src) by extensions ['colcon_meta']
[0.696s] Level 1:colcon.colcon_core.package_identification:_identify(src) by extension 'colcon_meta'
[0.696s] Level 1:colcon.colcon_core.package_identification:_identify(src) by extensions ['ros']
[0.696s] Level 1:colcon.colcon_core.package_identification:_identify(src) by extension 'ros'
[0.697s] Level 1:colcon.colcon_core.package_identification:_identify(src) by extensions ['cmake', 'python']
[0.697s] Level 1:colcon.colcon_core.package_identification:_identify(src) by extension 'cmake'
[0.697s] Level 1:colcon.colcon_core.package_identification:_identify(src) by extension 'python'
[0.697s] Level 1:colcon.colcon_core.package_identification:_identify(src) by extensions ['python_setup_py']
[0.697s] Level 1:colcon.colcon_core.package_identification:_identify(src) by extension 'python_setup_py'
[0.698s] Level 1:colcon.colcon_core.package_identification:_identify(src/lib) by extensions ['ignore', 'ignore_ament_install']
[0.698s] Level 1:colcon.colcon_core.package_identification:_identify(src/lib) by extension 'ignore'
[0.698s] Level 1:colcon.colcon_core.package_identification:_identify(src/lib) by extension 'ignore_ament_install'
[0.698s] Level 1:colcon.colcon_core.package_identification:_identify(src/lib) by extensions ['colcon_pkg']
[0.698s] Level 1:colcon.colcon_core.package_identification:_identify(src/lib) by extension 'colcon_pkg'
[0.699s] Level 1:colcon.colcon_core.package_identification:_identify(src/lib) by extensions ['colcon_meta']
[0.699s] Level 1:colcon.colcon_core.package_identification:_identify(src/lib) by extension 'colcon_meta'
[0.699s] Level 1:colcon.colcon_core.package_identification:_identify(src/lib) by extensions ['ros']
[0.699s] Level 1:colcon.colcon_core.package_identification:_identify(src/lib) by extension 'ros'
[0.701s] Level 1:colcon.colcon_core.package_identification:_identify(src/lib) by extensions ['cmake', 'python']
[0.701s] Level 1:colcon.colcon_core.package_identification:_identify(src/lib) by extension 'cmake'
[0.701s] Level 1:colcon.colcon_core.package_identification:_identify(src/lib) by extension 'python'
[0.702s] Level 1:colcon.colcon_core.package_identification:_identify(src/lib) by extensions ['python_setup_py']
[0.702s] Level 1:colcon.colcon_core.package_identification:_identify(src/lib) by extension 'python_setup_py'
[0.702s] Level 1:colcon.colcon_core.package_identification:_identify(src/lib/cmake_helpers) by extensions ['ignore', 'ignore_ament_install']
[0.702s] Level 1:colcon.colcon_core.package_identification:_identify(src/lib/cmake_helpers) by extension 'ignore'
[0.702s] Level 1:colcon.colcon_core.package_identification:_identify(src/lib/cmake_helpers) by extension 'ignore_ament_install'
[0.703s] Level 1:colcon.colcon_core.package_identification:_identify(src/lib/cmake_helpers) by extensions ['colcon_pkg']
[0.703s] Level 1:colcon.colcon_core.package_identification:_identify(src/lib/cmake_helpers) by extension 'colcon_pkg'
[0.703s] Level 1:colcon.colcon_core.package_identification:_identify(src/lib/cmake_helpers) by extensions ['colcon_meta']
[0.703s] Level 1:colcon.colcon_core.package_identification:_identify(src/lib/cmake_helpers) by extension 'colcon_meta'
[0.703s] Level 1:colcon.colcon_core.package_identification:_identify(src/lib/cmake_helpers) by extensions ['ros']
[0.703s] Level 1:colcon.colcon_core.package_identification:_identify(src/lib/cmake_helpers) by extension 'ros'
[0.716s] DEBUG:colcon.colcon_core.package_identification:Package 'src/lib/cmake_helpers' with type 'ros.cmake' and name 'cmake_helpers'
[0.718s] Level 1:colcon.colcon_core.package_identification:_identify(src/lib/game_engine) by extensions ['ignore', 'ignore_ament_install']
[0.718s] Level 1:colcon.colcon_core.package_identification:_identify(src/lib/game_engine) by extension 'ignore'
[0.718s] Level 1:colcon.colcon_core.package_identification:_identify(src/lib/game_engine) by extension 'ignore_ament_install'
[0.719s] Level 1:colcon.colcon_core.package_identification:_identify(src/lib/game_engine) by extensions ['colcon_pkg']
[0.719s] Level 1:colcon.colcon_core.package_identification:_identify(src/lib/game_engine) by extension 'colcon_pkg'
[0.719s] Level 1:colcon.colcon_core.package_identification:_identify(src/lib/game_engine) by extensions ['colcon_meta']
[0.719s] Level 1:colcon.colcon_core.package_identification:_identify(src/lib/game_engine) by extension 'colcon_meta'
[0.719s] Level 1:colcon.colcon_core.package_identification:_identify(src/lib/game_engine) by extensions ['ros']
[0.719s] Level 1:colcon.colcon_core.package_identification:_identify(src/lib/game_engine) by extension 'ros'
[0.722s] DEBUG:colcon.colcon_core.package_identification:Package 'src/lib/game_engine' with type 'ros.cmake' and name 'game_engine'
[0.722s] Level 1:colcon.colcon_core.package_identification:_identify(src/lib/manager_utils) by extensions ['ignore', 'ignore_ament_install']
[0.723s] Level 1:colcon.colcon_core.package_identification:_identify(src/lib/manager_utils) by extension 'ignore'
[0.723s] Level 1:colcon.colcon_core.package_identification:_identify(src/lib/manager_utils) by extension 'ignore_ament_install'
[0.723s] Level 1:colcon.colcon_core.package_identification:_identify(src/lib/manager_utils) by extensions ['colcon_pkg']
[0.723s] Level 1:colcon.colcon_core.package_identification:_identify(src/lib/manager_utils) by extension 'colcon_pkg'
[0.723s] Level 1:colcon.colcon_core.package_identification:_identify(src/lib/manager_utils) by extensions ['colcon_meta']
[0.723s] Level 1:colcon.colcon_core.package_identification:_identify(src/lib/manager_utils) by extension 'colcon_meta'
[0.723s] Level 1:colcon.colcon_core.package_identification:_identify(src/lib/manager_utils) by extensions ['ros']
[0.723s] Level 1:colcon.colcon_core.package_identification:_identify(src/lib/manager_utils) by extension 'ros'
[0.726s] DEBUG:colcon.colcon_core.package_identification:Package 'src/lib/manager_utils' with type 'ros.cmake' and name 'manager_utils'
[0.726s] Level 1:colcon.colcon_core.package_identification:_identify(src/lib/resource_utils) by extensions ['ignore', 'ignore_ament_install']
[0.726s] Level 1:colcon.colcon_core.package_identification:_identify(src/lib/resource_utils) by extension 'ignore'
[0.727s] Level 1:colcon.colcon_core.package_identification:_identify(src/lib/resource_utils) by extension 'ignore_ament_install'
[0.727s] Level 1:colcon.colcon_core.package_identification:_identify(src/lib/resource_utils) by extensions ['colcon_pkg']
[0.727s] Level 1:colcon.colcon_core.package_identification:_identify(src/lib/resource_utils) by extension 'colcon_pkg'
[0.727s] Level 1:colcon.colcon_core.package_identification:_identify(src/lib/resource_utils) by extensions ['colcon_meta']
[0.727s] Level 1:colcon.colcon_core.package_identification:_identify(src/lib/resource_utils) by extension 'colcon_meta'
[0.727s] Level 1:colcon.colcon_core.package_identification:_identify(src/lib/resource_utils) by extensions ['ros']
[0.727s] Level 1:colcon.colcon_core.package_identification:_identify(src/lib/resource_utils) by extension 'ros'
[0.733s] DEBUG:colcon.colcon_core.package_identification:Package 'src/lib/resource_utils' with type 'ros.cmake' and name 'resource_utils'
[0.735s] Level 1:colcon.colcon_core.package_identification:_identify(src/lib/ros2_game_engine) by extensions ['ignore', 'ignore_ament_install']
[0.735s] Level 1:colcon.colcon_core.package_identification:_identify(src/lib/ros2_game_engine) by extension 'ignore'
[0.735s] Level 1:colcon.colcon_core.package_identification:_identify(src/lib/ros2_game_engine) by extension 'ignore_ament_install'
[0.735s] Level 1:colcon.colcon_core.package_identification:_identify(src/lib/ros2_game_engine) by extensions ['colcon_pkg']
[0.736s] Level 1:colcon.colcon_core.package_identification:_identify(src/lib/ros2_game_engine) by extension 'colcon_pkg'
[0.736s] Level 1:colcon.colcon_core.package_identification:_identify(src/lib/ros2_game_engine) by extensions ['colcon_meta']
[0.736s] Level 1:colcon.colcon_core.package_identification:_identify(src/lib/ros2_game_engine) by extension 'colcon_meta'
[0.736s] Level 1:colcon.colcon_core.package_identification:_identify(src/lib/ros2_game_engine) by extensions ['ros']
[0.736s] Level 1:colcon.colcon_core.package_identification:_identify(src/lib/ros2_game_engine) by extension 'ros'
[0.739s] DEBUG:colcon.colcon_core.package_identification:Package 'src/lib/ros2_game_engine' with type 'ros.cmake' and name 'ros2_game_engine'
[0.740s] Level 1:colcon.colcon_core.package_identification:_identify(src/lib/sdl_utils) by extensions ['ignore', 'ignore_ament_install']
[0.740s] Level 1:colcon.colcon_core.package_identification:_identify(src/lib/sdl_utils) by extension 'ignore'
[0.740s] Level 1:colcon.colcon_core.package_identification:_identify(src/lib/sdl_utils) by extension 'ignore_ament_install'
[0.740s] Level 1:colcon.colcon_core.package_identification:_identify(src/lib/sdl_utils) by extensions ['colcon_pkg']
[0.740s] Level 1:colcon.colcon_core.package_identification:_identify(src/lib/sdl_utils) by extension 'colcon_pkg'
[0.740s] Level 1:colcon.colcon_core.package_identification:_identify(src/lib/sdl_utils) by extensions ['colcon_meta']
[0.740s] Level 1:colcon.colcon_core.package_identification:_identify(src/lib/sdl_utils) by extension 'colcon_meta'
[0.740s] Level 1:colcon.colcon_core.package_identification:_identify(src/lib/sdl_utils) by extensions ['ros']
[0.741s] Level 1:colcon.colcon_core.package_identification:_identify(src/lib/sdl_utils) by extension 'ros'
[0.743s] DEBUG:colcon.colcon_core.package_identification:Package 'src/lib/sdl_utils' with type 'ros.cmake' and name 'sdl_utils'
[0.743s] Level 1:colcon.colcon_core.package_identification:_identify(src/lib/utils) by extensions ['ignore', 'ignore_ament_install']
[0.743s] Level 1:colcon.colcon_core.package_identification:_identify(src/lib/utils) by extension 'ignore'
[0.743s] Level 1:colcon.colcon_core.package_identification:_identify(src/lib/utils) by extension 'ignore_ament_install'
[0.743s] Level 1:colcon.colcon_core.package_identification:_identify(src/lib/utils) by extensions ['colcon_pkg']
[0.744s] Level 1:colcon.colcon_core.package_identification:_identify(src/lib/utils) by extension 'colcon_pkg'
[0.744s] Level 1:colcon.colcon_core.package_identification:_identify(src/lib/utils) by extensions ['colcon_meta']
[0.744s] Level 1:colcon.colcon_core.package_identification:_identify(src/lib/utils) by extension 'colcon_meta'
[0.744s] Level 1:colcon.colcon_core.package_identification:_identify(src/lib/utils) by extensions ['ros']
[0.744s] Level 1:colcon.colcon_core.package_identification:_identify(src/lib/utils) by extension 'ros'
[0.754s] DEBUG:colcon.colcon_core.package_identification:Package 'src/lib/utils' with type 'ros.cmake' and name 'utils'
[0.755s] Level 1:colcon.colcon_core.package_identification:_identify(src/robo_cleaner) by extensions ['ignore', 'ignore_ament_install']
[0.755s] Level 1:colcon.colcon_core.package_identification:_identify(src/robo_cleaner) by extension 'ignore'
[0.755s] Level 1:colcon.colcon_core.package_identification:_identify(src/robo_cleaner) by extension 'ignore_ament_install'
[0.755s] Level 1:colcon.colcon_core.package_identification:_identify(src/robo_cleaner) by extensions ['colcon_pkg']
[0.755s] Level 1:colcon.colcon_core.package_identification:_identify(src/robo_cleaner) by extension 'colcon_pkg'
[0.755s] Level 1:colcon.colcon_core.package_identification:_identify(src/robo_cleaner) by extensions ['colcon_meta']
[0.755s] Level 1:colcon.colcon_core.package_identification:_identify(src/robo_cleaner) by extension 'colcon_meta'
[0.755s] Level 1:colcon.colcon_core.package_identification:_identify(src/robo_cleaner) by extensions ['ros']
[0.756s] Level 1:colcon.colcon_core.package_identification:_identify(src/robo_cleaner) by extension 'ros'
[0.756s] Level 1:colcon.colcon_core.package_identification:_identify(src/robo_cleaner) by extensions ['cmake', 'python']
[0.756s] Level 1:colcon.colcon_core.package_identification:_identify(src/robo_cleaner) by extension 'cmake'
[0.756s] Level 1:colcon.colcon_core.package_identification:_identify(src/robo_cleaner) by extension 'python'
[0.756s] Level 1:colcon.colcon_core.package_identification:_identify(src/robo_cleaner) by extensions ['python_setup_py']
[0.756s] Level 1:colcon.colcon_core.package_identification:_identify(src/robo_cleaner) by extension 'python_setup_py'
[0.756s] Level 1:colcon.colcon_core.package_identification:_identify(src/robo_cleaner/robo_cleaner_common) by extensions ['ignore', 'ignore_ament_install']
[0.757s] Level 1:colcon.colcon_core.package_identification:_identify(src/robo_cleaner/robo_cleaner_common) by extension 'ignore'
[0.757s] Level 1:colcon.colcon_core.package_identification:_identify(src/robo_cleaner/robo_cleaner_common) by extension 'ignore_ament_install'
[0.757s] Level 1:colcon.colcon_core.package_identification:_identify(src/robo_cleaner/robo_cleaner_common) by extensions ['colcon_pkg']
[0.757s] Level 1:colcon.colcon_core.package_identification:_identify(src/robo_cleaner/robo_cleaner_common) by extension 'colcon_pkg'
[0.757s] Level 1:colcon.colcon_core.package_identification:_identify(src/robo_cleaner/robo_cleaner_common) by extensions ['colcon_meta']
[0.757s] Level 1:colcon.colcon_core.package_identification:_identify(src/robo_cleaner/robo_cleaner_common) by extension 'colcon_meta'
[0.757s] Level 1:colcon.colcon_core.package_identification:_identify(src/robo_cleaner/robo_cleaner_common) by extensions ['ros']
[0.757s] Level 1:colcon.colcon_core.package_identification:_identify(src/robo_cleaner/robo_cleaner_common) by extension 'ros'
[0.760s] DEBUG:colcon.colcon_core.package_identification:Package 'src/robo_cleaner/robo_cleaner_common' with type 'ros.ament_cmake' and name 'robo_cleaner_common'
[0.761s] Level 1:colcon.colcon_core.package_identification:_identify(src/robo_cleaner/robo_cleaner_gui) by extensions ['ignore', 'ignore_ament_install']
[0.761s] Level 1:colcon.colcon_core.package_identification:_identify(src/robo_cleaner/robo_cleaner_gui) by extension 'ignore'
[0.761s] Level 1:colcon.colcon_core.package_identification:_identify(src/robo_cleaner/robo_cleaner_gui) by extension 'ignore_ament_install'
[0.761s] Level 1:colcon.colcon_core.package_identification:_identify(src/robo_cleaner/robo_cleaner_gui) by extensions ['colcon_pkg']
[0.761s] Level 1:colcon.colcon_core.package_identification:_identify(src/robo_cleaner/robo_cleaner_gui) by extension 'colcon_pkg'
[0.761s] Level 1:colcon.colcon_core.package_identification:_identify(src/robo_cleaner/robo_cleaner_gui) by extensions ['colcon_meta']
[0.761s] Level 1:colcon.colcon_core.package_identification:_identify(src/robo_cleaner/robo_cleaner_gui) by extension 'colcon_meta'
[0.761s] Level 1:colcon.colcon_core.package_identification:_identify(src/robo_cleaner/robo_cleaner_gui) by extensions ['ros']
[0.761s] Level 1:colcon.colcon_core.package_identification:_identify(src/robo_cleaner/robo_cleaner_gui) by extension 'ros'
[0.794s] DEBUG:colcon.colcon_core.package_identification:Package 'src/robo_cleaner/robo_cleaner_gui' with type 'ros.ament_cmake' and name 'robo_cleaner_gui'
[0.794s] Level 1:colcon.colcon_core.package_identification:_identify(src/robo_cleaner/robo_cleaner_interfaces) by extensions ['ignore', 'ignore_ament_install']
[0.794s] Level 1:colcon.colcon_core.package_identification:_identify(src/robo_cleaner/robo_cleaner_interfaces) by extension 'ignore'
[0.794s] Level 1:colcon.colcon_core.package_identification:_identify(src/robo_cleaner/robo_cleaner_interfaces) by extension 'ignore_ament_install'
[0.794s] Level 1:colcon.colcon_core.package_identification:_identify(src/robo_cleaner/robo_cleaner_interfaces) by extensions ['colcon_pkg']
[0.794s] Level 1:colcon.colcon_core.package_identification:_identify(src/robo_cleaner/robo_cleaner_interfaces) by extension 'colcon_pkg'
[0.795s] Level 1:colcon.colcon_core.package_identification:_identify(src/robo_cleaner/robo_cleaner_interfaces) by extensions ['colcon_meta']
[0.795s] Level 1:colcon.colcon_core.package_identification:_identify(src/robo_cleaner/robo_cleaner_interfaces) by extension 'colcon_meta'
[0.795s] Level 1:colcon.colcon_core.package_identification:_identify(src/robo_cleaner/robo_cleaner_interfaces) by extensions ['ros']
[0.795s] Level 1:colcon.colcon_core.package_identification:_identify(src/robo_cleaner/robo_cleaner_interfaces) by extension 'ros'
[0.796s] DEBUG:colcon.colcon_core.package_identification:Package 'src/robo_cleaner/robo_cleaner_interfaces' with type 'ros.ament_cmake' and name 'robo_cleaner_interfaces'
[0.797s] Level 1:colcon.colcon_core.package_identification:_identify(src/robo_collector) by extensions ['ignore', 'ignore_ament_install']
[0.798s] Level 1:colcon.colcon_core.package_identification:_identify(src/robo_collector) by extension 'ignore'
[0.798s] Level 1:colcon.colcon_core.package_identification:_identify(src/robo_collector) by extension 'ignore_ament_install'
[0.799s] Level 1:colcon.colcon_core.package_identification:_identify(src/robo_collector) by extensions ['colcon_pkg']
[0.799s] Level 1:colcon.colcon_core.package_identification:_identify(src/robo_collector) by extension 'colcon_pkg'
[0.799s] Level 1:colcon.colcon_core.package_identification:_identify(src/robo_collector) by extensions ['colcon_meta']
[0.799s] Level 1:colcon.colcon_core.package_identification:_identify(src/robo_collector) by extension 'colcon_meta'
[0.800s] Level 1:colcon.colcon_core.package_identification:_identify(src/robo_collector) by extensions ['ros']
[0.800s] Level 1:colcon.colcon_core.package_identification:_identify(src/robo_collector) by extension 'ros'
[0.802s] Level 1:colcon.colcon_core.package_identification:_identify(src/robo_collector) by extensions ['cmake', 'python']
[0.802s] Level 1:colcon.colcon_core.package_identification:_identify(src/robo_collector) by extension 'cmake'
[0.803s] Level 1:colcon.colcon_core.package_identification:_identify(src/robo_collector) by extension 'python'
[0.803s] Level 1:colcon.colcon_core.package_identification:_identify(src/robo_collector) by extensions ['python_setup_py']
[0.803s] Level 1:colcon.colcon_core.package_identification:_identify(src/robo_collector) by extension 'python_setup_py'
[0.803s] Level 1:colcon.colcon_core.package_identification:_identify(src/robo_collector/robo_collector_common) by extensions ['ignore', 'ignore_ament_install']
[0.803s] Level 1:colcon.colcon_core.package_identification:_identify(src/robo_collector/robo_collector_common) by extension 'ignore'
[0.804s] Level 1:colcon.colcon_core.package_identification:_identify(src/robo_collector/robo_collector_common) by extension 'ignore_ament_install'
[0.804s] Level 1:colcon.colcon_core.package_identification:_identify(src/robo_collector/robo_collector_common) by extensions ['colcon_pkg']
[0.804s] Level 1:colcon.colcon_core.package_identification:_identify(src/robo_collector/robo_collector_common) by extension 'colcon_pkg'
[0.804s] Level 1:colcon.colcon_core.package_identification:_identify(src/robo_collector/robo_collector_common) by extensions ['colcon_meta']
[0.804s] Level 1:colcon.colcon_core.package_identification:_identify(src/robo_collector/robo_collector_common) by extension 'colcon_meta'
[0.804s] Level 1:colcon.colcon_core.package_identification:_identify(src/robo_collector/robo_collector_common) by extensions ['ros']
[0.804s] Level 1:colcon.colcon_core.package_identification:_identify(src/robo_collector/robo_collector_common) by extension 'ros'
[0.807s] DEBUG:colcon.colcon_core.package_identification:Package 'src/robo_collector/robo_collector_common' with type 'ros.ament_cmake' and name 'robo_collector_common'
[0.807s] Level 1:colcon.colcon_core.package_identification:_identify(src/robo_collector/robo_collector_controller) by extensions ['ignore', 'ignore_ament_install']
[0.807s] Level 1:colcon.colcon_core.package_identification:_identify(src/robo_collector/robo_collector_controller) by extension 'ignore'
[0.808s] Level 1:colcon.colcon_core.package_identification:_identify(src/robo_collector/robo_collector_controller) by extension 'ignore_ament_install'
[0.808s] Level 1:colcon.colcon_core.package_identification:_identify(src/robo_collector/robo_collector_controller) by extensions ['colcon_pkg']
[0.808s] Level 1:colcon.colcon_core.package_identification:_identify(src/robo_collector/robo_collector_controller) by extension 'colcon_pkg'
[0.808s] Level 1:colcon.colcon_core.package_identification:_identify(src/robo_collector/robo_collector_controller) by extensions ['colcon_meta']
[0.808s] Level 1:colcon.colcon_core.package_identification:_identify(src/robo_collector/robo_collector_controller) by extension 'colcon_meta'
[0.808s] Level 1:colcon.colcon_core.package_identification:_identify(src/robo_collector/robo_collector_controller) by extensions ['ros']
[0.808s] Level 1:colcon.colcon_core.package_identification:_identify(src/robo_collector/robo_collector_controller) by extension 'ros'
[0.810s] DEBUG:colcon.colcon_core.package_identification:Package 'src/robo_collector/robo_collector_controller' with type 'ros.ament_cmake' and name 'robo_collector_controller'
[0.810s] Level 1:colcon.colcon_core.package_identification:_identify(src/robo_collector/robo_collector_controller_py) by extensions ['ignore', 'ignore_ament_install']
[0.811s] Level 1:colcon.colcon_core.package_identification:_identify(src/robo_collector/robo_collector_controller_py) by extension 'ignore'
[0.811s] Level 1:colcon.colcon_core.package_identification:_identify(src/robo_collector/robo_collector_controller_py) by extension 'ignore_ament_install'
[0.811s] Level 1:colcon.colcon_core.package_identification:_identify(src/robo_collector/robo_collector_controller_py) by extensions ['colcon_pkg']
[0.811s] Level 1:colcon.colcon_core.package_identification:_identify(src/robo_collector/robo_collector_controller_py) by extension 'colcon_pkg'
[0.811s] Level 1:colcon.colcon_core.package_identification:_identify(src/robo_collector/robo_collector_controller_py) by extensions ['colcon_meta']
[0.811s] Level 1:colcon.colcon_core.package_identification:_identify(src/robo_collector/robo_collector_controller_py) by extension 'colcon_meta'
[0.811s] Level 1:colcon.colcon_core.package_identification:_identify(src/robo_collector/robo_collector_controller_py) by extensions ['ros']
[0.811s] Level 1:colcon.colcon_core.package_identification:_identify(src/robo_collector/robo_collector_controller_py) by extension 'ros'
[0.813s] DEBUG:colcon.colcon_core.package_identification:Package 'src/robo_collector/robo_collector_controller_py' with type 'ros.ament_python' and name 'robo_collector_controller_py'
[0.813s] Level 1:colcon.colcon_core.package_identification:_identify(src/robo_collector/robo_collector_gui) by extensions ['ignore', 'ignore_ament_install']
[0.813s] Level 1:colcon.colcon_core.package_identification:_identify(src/robo_collector/robo_collector_gui) by extension 'ignore'
[0.813s] Level 1:colcon.colcon_core.package_identification:_identify(src/robo_collector/robo_collector_gui) by extension 'ignore_ament_install'
[0.813s] Level 1:colcon.colcon_core.package_identification:_identify(src/robo_collector/robo_collector_gui) by extensions ['colcon_pkg']
[0.813s] Level 1:colcon.colcon_core.package_identification:_identify(src/robo_collector/robo_collector_gui) by extension 'colcon_pkg'
[0.814s] Level 1:colcon.colcon_core.package_identification:_identify(src/robo_collector/robo_collector_gui) by extensions ['colcon_meta']
[0.814s] Level 1:colcon.colcon_core.package_identification:_identify(src/robo_collector/robo_collector_gui) by extension 'colcon_meta'
[0.814s] Level 1:colcon.colcon_core.package_identification:_identify(src/robo_collector/robo_collector_gui) by extensions ['ros']
[0.814s] Level 1:colcon.colcon_core.package_identification:_identify(src/robo_collector/robo_collector_gui) by extension 'ros'
[0.819s] DEBUG:colcon.colcon_core.package_identification:Package 'src/robo_collector/robo_collector_gui' with type 'ros.ament_cmake' and name 'robo_collector_gui'
[0.820s] Level 1:colcon.colcon_core.package_identification:_identify(src/robo_collector/robo_collector_interfaces) by extensions ['ignore', 'ignore_ament_install']
[0.820s] Level 1:colcon.colcon_core.package_identification:_identify(src/robo_collector/robo_collector_interfaces) by extension 'ignore'
[0.820s] Level 1:colcon.colcon_core.package_identification:_identify(src/robo_collector/robo_collector_interfaces) by extension 'ignore_ament_install'
[0.820s] Level 1:colcon.colcon_core.package_identification:_identify(src/robo_collector/robo_collector_interfaces) by extensions ['colcon_pkg']
[0.820s] Level 1:colcon.colcon_core.package_identification:_identify(src/robo_collector/robo_collector_interfaces) by extension 'colcon_pkg'
[0.820s] Level 1:colcon.colcon_core.package_identification:_identify(src/robo_collector/robo_collector_interfaces) by extensions ['colcon_meta']
[0.820s] Level 1:colcon.colcon_core.package_identification:_identify(src/robo_collector/robo_collector_interfaces) by extension 'colcon_meta'
[0.821s] Level 1:colcon.colcon_core.package_identification:_identify(src/robo_collector/robo_collector_interfaces) by extensions ['ros']
[0.821s] Level 1:colcon.colcon_core.package_identification:_identify(src/robo_collector/robo_collector_interfaces) by extension 'ros'
[0.822s] DEBUG:colcon.colcon_core.package_identification:Package 'src/robo_collector/robo_collector_interfaces' with type 'ros.ament_cmake' and name 'robo_collector_interfaces'
[0.822s] Level 1:colcon.colcon_core.package_identification:_identify(src/robo_common) by extensions ['ignore', 'ignore_ament_install']
[0.823s] Level 1:colcon.colcon_core.package_identification:_identify(src/robo_common) by extension 'ignore'
[0.823s] Level 1:colcon.colcon_core.package_identification:_identify(src/robo_common) by extension 'ignore_ament_install'
[0.823s] Level 1:colcon.colcon_core.package_identification:_identify(src/robo_common) by extensions ['colcon_pkg']
[0.823s] Level 1:colcon.colcon_core.package_identification:_identify(src/robo_common) by extension 'colcon_pkg'
[0.823s] Level 1:colcon.colcon_core.package_identification:_identify(src/robo_common) by extensions ['colcon_meta']
[0.823s] Level 1:colcon.colcon_core.package_identification:_identify(src/robo_common) by extension 'colcon_meta'
[0.823s] Level 1:colcon.colcon_core.package_identification:_identify(src/robo_common) by extensions ['ros']
[0.823s] Level 1:colcon.colcon_core.package_identification:_identify(src/robo_common) by extension 'ros'
[0.826s] DEBUG:colcon.colcon_core.package_identification:Package 'src/robo_common' with type 'ros.cmake' and name 'robo_common'
[0.826s] Level 1:colcon.colcon_core.package_identification:_identify(src/robo_miner) by extensions ['ignore', 'ignore_ament_install']
[0.826s] Level 1:colcon.colcon_core.package_identification:_identify(src/robo_miner) by extension 'ignore'
[0.827s] Level 1:colcon.colcon_core.package_identification:_identify(src/robo_miner) by extension 'ignore_ament_install'
[0.827s] Level 1:colcon.colcon_core.package_identification:_identify(src/robo_miner) by extensions ['colcon_pkg']
[0.827s] Level 1:colcon.colcon_core.package_identification:_identify(src/robo_miner) by extension 'colcon_pkg'
[0.827s] Level 1:colcon.colcon_core.package_identification:_identify(src/robo_miner) by extensions ['colcon_meta']
[0.827s] Level 1:colcon.colcon_core.package_identification:_identify(src/robo_miner) by extension 'colcon_meta'
[0.827s] Level 1:colcon.colcon_core.package_identification:_identify(src/robo_miner) by extensions ['ros']
[0.827s] Level 1:colcon.colcon_core.package_identification:_identify(src/robo_miner) by extension 'ros'
[0.827s] Level 1:colcon.colcon_core.package_identification:_identify(src/robo_miner) by extensions ['cmake', 'python']
[0.828s] Level 1:colcon.colcon_core.package_identification:_identify(src/robo_miner) by extension 'cmake'
[0.828s] Level 1:colcon.colcon_core.package_identification:_identify(src/robo_miner) by extension 'python'
[0.828s] Level 1:colcon.colcon_core.package_identification:_identify(src/robo_miner) by extensions ['python_setup_py']
[0.828s] Level 1:colcon.colcon_core.package_identification:_identify(src/robo_miner) by extension 'python_setup_py'
[0.828s] Level 1:colcon.colcon_core.package_identification:_identify(src/robo_miner/robo_miner_ai_py) by extensions ['ignore', 'ignore_ament_install']
[0.828s] Level 1:colcon.colcon_core.package_identification:_identify(src/robo_miner/robo_miner_ai_py) by extension 'ignore'
[0.828s] Level 1:colcon.colcon_core.package_identification:_identify(src/robo_miner/robo_miner_ai_py) by extension 'ignore_ament_install'
[0.828s] Level 1:colcon.colcon_core.package_identification:_identify(src/robo_miner/robo_miner_ai_py) by extensions ['colcon_pkg']
[0.829s] Level 1:colcon.colcon_core.package_identification:_identify(src/robo_miner/robo_miner_ai_py) by extension 'colcon_pkg'
[0.829s] Level 1:colcon.colcon_core.package_identification:_identify(src/robo_miner/robo_miner_ai_py) by extensions ['colcon_meta']
[0.829s] Level 1:colcon.colcon_core.package_identification:_identify(src/robo_miner/robo_miner_ai_py) by extension 'colcon_meta'
[0.829s] Level 1:colcon.colcon_core.package_identification:_identify(src/robo_miner/robo_miner_ai_py) by extensions ['ros']
[0.829s] Level 1:colcon.colcon_core.package_identification:_identify(src/robo_miner/robo_miner_ai_py) by extension 'ros'
[0.831s] DEBUG:colcon.colcon_core.package_identification:Package 'src/robo_miner/robo_miner_ai_py' with type 'ros.ament_python' and name 'robo_miner_ai_py'
[0.832s] Level 1:colcon.colcon_core.package_identification:_identify(src/robo_miner/robo_miner_common) by extensions ['ignore', 'ignore_ament_install']
[0.833s] Level 1:colcon.colcon_core.package_identification:_identify(src/robo_miner/robo_miner_common) by extension 'ignore'
[0.833s] Level 1:colcon.colcon_core.package_identification:_identify(src/robo_miner/robo_miner_common) by extension 'ignore_ament_install'
[0.834s] Level 1:colcon.colcon_core.package_identification:_identify(src/robo_miner/robo_miner_common) by extensions ['colcon_pkg']
[0.835s] Level 1:colcon.colcon_core.package_identification:_identify(src/robo_miner/robo_miner_common) by extension 'colcon_pkg'
[0.835s] Level 1:colcon.colcon_core.package_identification:_identify(src/robo_miner/robo_miner_common) by extensions ['colcon_meta']
[0.836s] Level 1:colcon.colcon_core.package_identification:_identify(src/robo_miner/robo_miner_common) by extension 'colcon_meta'
[0.836s] Level 1:colcon.colcon_core.package_identification:_identify(src/robo_miner/robo_miner_common) by extensions ['ros']
[0.836s] Level 1:colcon.colcon_core.package_identification:_identify(src/robo_miner/robo_miner_common) by extension 'ros'
[0.839s] DEBUG:colcon.colcon_core.package_identification:Package 'src/robo_miner/robo_miner_common' with type 'ros.ament_cmake' and name 'robo_miner_common'
[0.840s] Level 1:colcon.colcon_core.package_identification:_identify(src/robo_miner/robo_miner_gui) by extensions ['ignore', 'ignore_ament_install']
[0.840s] Level 1:colcon.colcon_core.package_identification:_identify(src/robo_miner/robo_miner_gui) by extension 'ignore'
[0.840s] Level 1:colcon.colcon_core.package_identification:_identify(src/robo_miner/robo_miner_gui) by extension 'ignore_ament_install'
[0.840s] Level 1:colcon.colcon_core.package_identification:_identify(src/robo_miner/robo_miner_gui) by extensions ['colcon_pkg']
[0.840s] Level 1:colcon.colcon_core.package_identification:_identify(src/robo_miner/robo_miner_gui) by extension 'colcon_pkg'
[0.840s] Level 1:colcon.colcon_core.package_identification:_identify(src/robo_miner/robo_miner_gui) by extensions ['colcon_meta']
[0.840s] Level 1:colcon.colcon_core.package_identification:_identify(src/robo_miner/robo_miner_gui) by extension 'colcon_meta'
[0.841s] Level 1:colcon.colcon_core.package_identification:_identify(src/robo_miner/robo_miner_gui) by extensions ['ros']
[0.841s] Level 1:colcon.colcon_core.package_identification:_identify(src/robo_miner/robo_miner_gui) by extension 'ros'
[0.842s] DEBUG:colcon.colcon_core.package_identification:Package 'src/robo_miner/robo_miner_gui' with type 'ros.ament_cmake' and name 'robo_miner_gui'
[0.842s] Level 1:colcon.colcon_core.package_identification:_identify(src/robo_miner/robo_miner_interfaces) by extensions ['ignore', 'ignore_ament_install']
[0.843s] Level 1:colcon.colcon_core.package_identification:_identify(src/robo_miner/robo_miner_interfaces) by extension 'ignore'
[0.843s] Level 1:colcon.colcon_core.package_identification:_identify(src/robo_miner/robo_miner_interfaces) by extension 'ignore_ament_install'
[0.843s] Level 1:colcon.colcon_core.package_identification:_identify(src/robo_miner/robo_miner_interfaces) by extensions ['colcon_pkg']
[0.843s] Level 1:colcon.colcon_core.package_identification:_identify(src/robo_miner/robo_miner_interfaces) by extension 'colcon_pkg'
[0.843s] Level 1:colcon.colcon_core.package_identification:_identify(src/robo_miner/robo_miner_interfaces) by extensions ['colcon_meta']
[0.843s] Level 1:colcon.colcon_core.package_identification:_identify(src/robo_miner/robo_miner_interfaces) by extension 'colcon_meta'
[0.843s] Level 1:colcon.colcon_core.package_identification:_identify(src/robo_miner/robo_miner_interfaces) by extensions ['ros']
[0.843s] Level 1:colcon.colcon_core.package_identification:_identify(src/robo_miner/robo_miner_interfaces) by extension 'ros'
[0.845s] DEBUG:colcon.colcon_core.package_identification:Package 'src/robo_miner/robo_miner_interfaces' with type 'ros.ament_cmake' and name 'robo_miner_interfaces'
[0.845s] Level 1:colcon.colcon_core.package_identification:_identify(src/tools) by extensions ['ignore', 'ignore_ament_install']
[0.845s] Level 1:colcon.colcon_core.package_identification:_identify(src/tools) by extension 'ignore'
[0.845s] Level 1:colcon.colcon_core.package_identification:_identify(src/tools) by extension 'ignore_ament_install'
[0.845s] Level 1:colcon.colcon_core.package_identification:_identify(src/tools) by extensions ['colcon_pkg']
[0.845s] Level 1:colcon.colcon_core.package_identification:_identify(src/tools) by extension 'colcon_pkg'
[0.845s] Level 1:colcon.colcon_core.package_identification:_identify(src/tools) by extensions ['colcon_meta']
[0.845s] Level 1:colcon.colcon_core.package_identification:_identify(src/tools) by extension 'colcon_meta'
[0.846s] Level 1:colcon.colcon_core.package_identification:_identify(src/tools) by extensions ['ros']
[0.846s] Level 1:colcon.colcon_core.package_identification:_identify(src/tools) by extension 'ros'
[0.846s] Level 1:colcon.colcon_core.package_identification:_identify(src/tools) by extensions ['cmake', 'python']
[0.846s] Level 1:colcon.colcon_core.package_identification:_identify(src/tools) by extension 'cmake'
[0.847s] Level 1:colcon.colcon_core.package_identification:_identify(src/tools) by extension 'python'
[0.847s] Level 1:colcon.colcon_core.package_identification:_identify(src/tools) by extensions ['python_setup_py']
[0.847s] Level 1:colcon.colcon_core.package_identification:_identify(src/tools) by extension 'python_setup_py'
[0.848s] Level 1:colcon.colcon_core.package_identification:_identify(src/tools/resource_builder) by extensions ['ignore', 'ignore_ament_install']
[0.848s] Level 1:colcon.colcon_core.package_identification:_identify(src/tools/resource_builder) by extension 'ignore'
[0.848s] Level 1:colcon.colcon_core.package_identification:_identify(src/tools/resource_builder) by extension 'ignore_ament_install'
[0.849s] Level 1:colcon.colcon_core.package_identification:_identify(src/tools/resource_builder) by extensions ['colcon_pkg']
[0.849s] Level 1:colcon.colcon_core.package_identification:_identify(src/tools/resource_builder) by extension 'colcon_pkg'
[0.849s] Level 1:colcon.colcon_core.package_identification:_identify(src/tools/resource_builder) by extensions ['colcon_meta']
[0.849s] Level 1:colcon.colcon_core.package_identification:_identify(src/tools/resource_builder) by extension 'colcon_meta'
[0.849s] Level 1:colcon.colcon_core.package_identification:_identify(src/tools/resource_builder) by extensions ['ros']
[0.850s] Level 1:colcon.colcon_core.package_identification:_identify(src/tools/resource_builder) by extension 'ros'
[0.855s] DEBUG:colcon.colcon_core.package_identification:Package 'src/tools/resource_builder' with type 'ros.cmake' and name 'resource_builder'
[0.856s] Level 1:colcon.colcon_core.package_identification:_identify(src/ur_dev) by extensions ['ignore', 'ignore_ament_install']
[0.856s] Level 1:colcon.colcon_core.package_identification:_identify(src/ur_dev) by extension 'ignore'
[0.856s] Level 1:colcon.colcon_core.package_identification:_identify(src/ur_dev) by extension 'ignore_ament_install'
[0.856s] Level 1:colcon.colcon_core.package_identification:_identify(src/ur_dev) by extensions ['colcon_pkg']
[0.856s] Level 1:colcon.colcon_core.package_identification:_identify(src/ur_dev) by extension 'colcon_pkg'
[0.856s] Level 1:colcon.colcon_core.package_identification:_identify(src/ur_dev) by extensions ['colcon_meta']
[0.856s] Level 1:colcon.colcon_core.package_identification:_identify(src/ur_dev) by extension 'colcon_meta'
[0.856s] Level 1:colcon.colcon_core.package_identification:_identify(src/ur_dev) by extensions ['ros']
[0.856s] Level 1:colcon.colcon_core.package_identification:_identify(src/ur_dev) by extension 'ros'
[0.857s] Level 1:colcon.colcon_core.package_identification:_identify(src/ur_dev) by extensions ['cmake', 'python']
[0.857s] Level 1:colcon.colcon_core.package_identification:_identify(src/ur_dev) by extension 'cmake'
[0.857s] Level 1:colcon.colcon_core.package_identification:_identify(src/ur_dev) by extension 'python'
[0.857s] Level 1:colcon.colcon_core.package_identification:_identify(src/ur_dev) by extensions ['python_setup_py']
[0.857s] Level 1:colcon.colcon_core.package_identification:_identify(src/ur_dev) by extension 'python_setup_py'
[0.857s] Level 1:colcon.colcon_core.package_identification:_identify(src/ur_dev/ur_control_gui) by extensions ['ignore', 'ignore_ament_install']
[0.857s] Level 1:colcon.colcon_core.package_identification:_identify(src/ur_dev/ur_control_gui) by extension 'ignore'
[0.857s] Level 1:colcon.colcon_core.package_identification:_identify(src/ur_dev/ur_control_gui) by extension 'ignore_ament_install'
[0.858s] Level 1:colcon.colcon_core.package_identification:_identify(src/ur_dev/ur_control_gui) by extensions ['colcon_pkg']
[0.858s] Level 1:colcon.colcon_core.package_identification:_identify(src/ur_dev/ur_control_gui) by extension 'colcon_pkg'
[0.858s] Level 1:colcon.colcon_core.package_identification:_identify(src/ur_dev/ur_control_gui) by extensions ['colcon_meta']
[0.858s] Level 1:colcon.colcon_core.package_identification:_identify(src/ur_dev/ur_control_gui) by extension 'colcon_meta'
[0.858s] Level 1:colcon.colcon_core.package_identification:_identify(src/ur_dev/ur_control_gui) by extensions ['ros']
[0.858s] Level 1:colcon.colcon_core.package_identification:_identify(src/ur_dev/ur_control_gui) by extension 'ros'
[0.860s] DEBUG:colcon.colcon_core.package_identification:Package 'src/ur_dev/ur_control_gui' with type 'ros.ament_cmake' and name 'ur_control_gui'
[0.861s] Level 1:colcon.colcon_core.package_identification:_identify(src/ur_dev/urscript) by extensions ['ignore', 'ignore_ament_install']
[0.861s] Level 1:colcon.colcon_core.package_identification:_identify(src/ur_dev/urscript) by extension 'ignore'
[0.861s] Level 1:colcon.colcon_core.package_identification:_identify(src/ur_dev/urscript) by extension 'ignore_ament_install'
[0.861s] Level 1:colcon.colcon_core.package_identification:_identify(src/ur_dev/urscript) by extensions ['colcon_pkg']
[0.861s] Level 1:colcon.colcon_core.package_identification:_identify(src/ur_dev/urscript) by extension 'colcon_pkg'
[0.861s] Level 1:colcon.colcon_core.package_identification:_identify(src/ur_dev/urscript) by extensions ['colcon_meta']
[0.861s] Level 1:colcon.colcon_core.package_identification:_identify(src/ur_dev/urscript) by extension 'colcon_meta'
[0.861s] Level 1:colcon.colcon_core.package_identification:_identify(src/ur_dev/urscript) by extensions ['ros']
[0.861s] Level 1:colcon.colcon_core.package_identification:_identify(src/ur_dev/urscript) by extension 'ros'
[0.862s] Level 1:colcon.colcon_core.package_identification:_identify(src/ur_dev/urscript) by extensions ['cmake', 'python']
[0.862s] Level 1:colcon.colcon_core.package_identification:_identify(src/ur_dev/urscript) by extension 'cmake'
[0.862s] Level 1:colcon.colcon_core.package_identification:_identify(src/ur_dev/urscript) by extension 'python'
[0.862s] Level 1:colcon.colcon_core.package_identification:_identify(src/ur_dev/urscript) by extensions ['python_setup_py']
[0.862s] Level 1:colcon.colcon_core.package_identification:_identify(src/ur_dev/urscript) by extension 'python_setup_py'
[0.862s] Level 1:colcon.colcon_core.package_identification:_identify(src/ur_dev/urscript/urscript_bridge) by extensions ['ignore', 'ignore_ament_install']
[0.862s] Level 1:colcon.colcon_core.package_identification:_identify(src/ur_dev/urscript/urscript_bridge) by extension 'ignore'
[0.862s] Level 1:colcon.colcon_core.package_identification:_identify(src/ur_dev/urscript/urscript_bridge) by extension 'ignore_ament_install'
[0.863s] Level 1:colcon.colcon_core.package_identification:_identify(src/ur_dev/urscript/urscript_bridge) by extensions ['colcon_pkg']
[0.863s] Level 1:colcon.colcon_core.package_identification:_identify(src/ur_dev/urscript/urscript_bridge) by extension 'colcon_pkg'
[0.863s] Level 1:colcon.colcon_core.package_identification:_identify(src/ur_dev/urscript/urscript_bridge) by extensions ['colcon_meta']
[0.863s] Level 1:colcon.colcon_core.package_identification:_identify(src/ur_dev/urscript/urscript_bridge) by extension 'colcon_meta'
[0.863s] Level 1:colcon.colcon_core.package_identification:_identify(src/ur_dev/urscript/urscript_bridge) by extensions ['ros']
[0.863s] Level 1:colcon.colcon_core.package_identification:_identify(src/ur_dev/urscript/urscript_bridge) by extension 'ros'
[0.867s] DEBUG:colcon.colcon_core.package_identification:Package 'src/ur_dev/urscript/urscript_bridge' with type 'ros.ament_cmake' and name 'urscript_bridge'
[0.869s] Level 1:colcon.colcon_core.package_identification:_identify(src/ur_dev/urscript/urscript_common) by extensions ['ignore', 'ignore_ament_install']
[0.870s] Level 1:colcon.colcon_core.package_identification:_identify(src/ur_dev/urscript/urscript_common) by extension 'ignore'
[0.870s] Level 1:colcon.colcon_core.package_identification:_identify(src/ur_dev/urscript/urscript_common) by extension 'ignore_ament_install'
[0.870s] Level 1:colcon.colcon_core.package_identification:_identify(src/ur_dev/urscript/urscript_common) by extensions ['colcon_pkg']
[0.870s] Level 1:colcon.colcon_core.package_identification:_identify(src/ur_dev/urscript/urscript_common) by extension 'colcon_pkg'
[0.870s] Level 1:colcon.colcon_core.package_identification:_identify(src/ur_dev/urscript/urscript_common) by extensions ['colcon_meta']
[0.870s] Level 1:colcon.colcon_core.package_identification:_identify(src/ur_dev/urscript/urscript_common) by extension 'colcon_meta'
[0.870s] Level 1:colcon.colcon_core.package_identification:_identify(src/ur_dev/urscript/urscript_common) by extensions ['ros']
[0.870s] Level 1:colcon.colcon_core.package_identification:_identify(src/ur_dev/urscript/urscript_common) by extension 'ros'
[0.873s] DEBUG:colcon.colcon_core.package_identification:Package 'src/ur_dev/urscript/urscript_common' with type 'ros.ament_cmake' and name 'urscript_common'
[0.873s] Level 1:colcon.colcon_core.package_identification:_identify(src/ur_dev/urscript/urscript_interfaces) by extensions ['ignore', 'ignore_ament_install']
[0.874s] Level 1:colcon.colcon_core.package_identification:_identify(src/ur_dev/urscript/urscript_interfaces) by extension 'ignore'
[0.874s] Level 1:colcon.colcon_core.package_identification:_identify(src/ur_dev/urscript/urscript_interfaces) by extension 'ignore_ament_install'
[0.874s] Level 1:colcon.colcon_core.package_identification:_identify(src/ur_dev/urscript/urscript_interfaces) by extensions ['colcon_pkg']
[0.874s] Level 1:colcon.colcon_core.package_identification:_identify(src/ur_dev/urscript/urscript_interfaces) by extension 'colcon_pkg'
[0.874s] Level 1:colcon.colcon_core.package_identification:_identify(src/ur_dev/urscript/urscript_interfaces) by extensions ['colcon_meta']
[0.874s] Level 1:colcon.colcon_core.package_identification:_identify(src/ur_dev/urscript/urscript_interfaces) by extension 'colcon_meta'
[0.874s] Level 1:colcon.colcon_core.package_identification:_identify(src/ur_dev/urscript/urscript_interfaces) by extensions ['ros']
[0.874s] Level 1:colcon.colcon_core.package_identification:_identify(src/ur_dev/urscript/urscript_interfaces) by extension 'ros'
[0.876s] DEBUG:colcon.colcon_core.package_identification:Package 'src/ur_dev/urscript/urscript_interfaces' with type 'ros.ament_cmake' and name 'urscript_interfaces'
[0.876s] Level 1:colcon.colcon_core.package_identification:_identify(src/ur_driver) by extensions ['ignore', 'ignore_ament_install']
[0.876s] Level 1:colcon.colcon_core.package_identification:_identify(src/ur_driver) by extension 'ignore'
[0.876s] Level 1:colcon.colcon_core.package_identification:_identify(src/ur_driver) by extension 'ignore_ament_install'
[0.876s] Level 1:colcon.colcon_core.package_identification:_identify(src/ur_driver) by extensions ['colcon_pkg']
[0.876s] Level 1:colcon.colcon_core.package_identification:_identify(src/ur_driver) by extension 'colcon_pkg'
[0.876s] Level 1:colcon.colcon_core.package_identification:_identify(src/ur_driver) by extensions ['colcon_meta']
[0.876s] Level 1:colcon.colcon_core.package_identification:_identify(src/ur_driver) by extension 'colcon_meta'
[0.877s] Level 1:colcon.colcon_core.package_identification:_identify(src/ur_driver) by extensions ['ros']
[0.877s] Level 1:colcon.colcon_core.package_identification:_identify(src/ur_driver) by extension 'ros'
[0.877s] Level 1:colcon.colcon_core.package_identification:_identify(src/ur_driver) by extensions ['cmake', 'python']
[0.877s] Level 1:colcon.colcon_core.package_identification:_identify(src/ur_driver) by extension 'cmake'
[0.877s] Level 1:colcon.colcon_core.package_identification:_identify(src/ur_driver) by extension 'python'
[0.877s] Level 1:colcon.colcon_core.package_identification:_identify(src/ur_driver) by extensions ['python_setup_py']
[0.877s] Level 1:colcon.colcon_core.package_identification:_identify(src/ur_driver) by extension 'python_setup_py'
[0.877s] Level 1:colcon.colcon_core.package_identification:_identify(src/ur_driver/Universal_Robots_Client_Library) by extensions ['ignore', 'ignore_ament_install']
[0.878s] Level 1:colcon.colcon_core.package_identification:_identify(src/ur_driver/Universal_Robots_Client_Library) by extension 'ignore'
[0.878s] Level 1:colcon.colcon_core.package_identification:_identify(src/ur_driver/Universal_Robots_Client_Library) by extension 'ignore_ament_install'
[0.878s] Level 1:colcon.colcon_core.package_identification:_identify(src/ur_driver/Universal_Robots_Client_Library) by extensions ['colcon_pkg']
[0.878s] Level 1:colcon.colcon_core.package_identification:_identify(src/ur_driver/Universal_Robots_Client_Library) by extension 'colcon_pkg'
[0.878s] Level 1:colcon.colcon_core.package_identification:_identify(src/ur_driver/Universal_Robots_Client_Library) by extensions ['colcon_meta']
[0.878s] Level 1:colcon.colcon_core.package_identification:_identify(src/ur_driver/Universal_Robots_Client_Library) by extension 'colcon_meta'
[0.878s] Level 1:colcon.colcon_core.package_identification:_identify(src/ur_driver/Universal_Robots_Client_Library) by extensions ['ros']
[0.878s] Level 1:colcon.colcon_core.package_identification:_identify(src/ur_driver/Universal_Robots_Client_Library) by extension 'ros'
[0.883s] DEBUG:colcon.colcon_core.package_identification:Package 'src/ur_driver/Universal_Robots_Client_Library' with type 'ros.cmake' and name 'ur_client_library'
[0.885s] Level 1:colcon.colcon_core.package_identification:_identify(src/ur_driver/Universal_Robots_ROS2_Driver) by extensions ['ignore', 'ignore_ament_install']
[0.886s] Level 1:colcon.colcon_core.package_identification:_identify(src/ur_driver/Universal_Robots_ROS2_Driver) by extension 'ignore'
[0.887s] Level 1:colcon.colcon_core.package_identification:_identify(src/ur_driver/Universal_Robots_ROS2_Driver) by extension 'ignore_ament_install'
[0.887s] Level 1:colcon.colcon_core.package_identification:_identify(src/ur_driver/Universal_Robots_ROS2_Driver) by extensions ['colcon_pkg']
[0.887s] Level 1:colcon.colcon_core.package_identification:_identify(src/ur_driver/Universal_Robots_ROS2_Driver) by extension 'colcon_pkg'
[0.887s] Level 1:colcon.colcon_core.package_identification:_identify(src/ur_driver/Universal_Robots_ROS2_Driver) by extensions ['colcon_meta']
[0.887s] Level 1:colcon.colcon_core.package_identification:_identify(src/ur_driver/Universal_Robots_ROS2_Driver) by extension 'colcon_meta'
[0.887s] Level 1:colcon.colcon_core.package_identification:_identify(src/ur_driver/Universal_Robots_ROS2_Driver) by extensions ['ros']
[0.887s] Level 1:colcon.colcon_core.package_identification:_identify(src/ur_driver/Universal_Robots_ROS2_Driver) by extension 'ros'
[0.888s] Level 1:colcon.colcon_core.package_identification:_identify(src/ur_driver/Universal_Robots_ROS2_Driver) by extensions ['cmake', 'python']
[0.888s] Level 1:colcon.colcon_core.package_identification:_identify(src/ur_driver/Universal_Robots_ROS2_Driver) by extension 'cmake'
[0.888s] Level 1:colcon.colcon_core.package_identification:_identify(src/ur_driver/Universal_Robots_ROS2_Driver) by extension 'python'
[0.888s] Level 1:colcon.colcon_core.package_identification:_identify(src/ur_driver/Universal_Robots_ROS2_Driver) by extensions ['python_setup_py']
[0.888s] Level 1:colcon.colcon_core.package_identification:_identify(src/ur_driver/Universal_Robots_ROS2_Driver) by extension 'python_setup_py'
[0.888s] Level 1:colcon.colcon_core.package_identification:_identify(src/ur_driver/Universal_Robots_ROS2_Driver/ur_bringup) by extensions ['ignore', 'ignore_ament_install']
[0.888s] Level 1:colcon.colcon_core.package_identification:_identify(src/ur_driver/Universal_Robots_ROS2_Driver/ur_bringup) by extension 'ignore'
[0.889s] Level 1:colcon.colcon_core.package_identification:_identify(src/ur_driver/Universal_Robots_ROS2_Driver/ur_bringup) by extension 'ignore_ament_install'
[0.889s] Level 1:colcon.colcon_core.package_identification:_identify(src/ur_driver/Universal_Robots_ROS2_Driver/ur_bringup) by extensions ['colcon_pkg']
[0.889s] Level 1:colcon.colcon_core.package_identification:_identify(src/ur_driver/Universal_Robots_ROS2_Driver/ur_bringup) by extension 'colcon_pkg'
[0.889s] Level 1:colcon.colcon_core.package_identification:_identify(src/ur_driver/Universal_Robots_ROS2_Driver/ur_bringup) by extensions ['colcon_meta']
[0.889s] Level 1:colcon.colcon_core.package_identification:_identify(src/ur_driver/Universal_Robots_ROS2_Driver/ur_bringup) by extension 'colcon_meta'
[0.889s] Level 1:colcon.colcon_core.package_identification:_identify(src/ur_driver/Universal_Robots_ROS2_Driver/ur_bringup) by extensions ['ros']
[0.889s] Level 1:colcon.colcon_core.package_identification:_identify(src/ur_driver/Universal_Robots_ROS2_Driver/ur_bringup) by extension 'ros'
[0.891s] DEBUG:colcon.colcon_core.package_identification:Package 'src/ur_driver/Universal_Robots_ROS2_Driver/ur_bringup' with type 'ros.ament_cmake' and name 'ur_bringup'
[0.891s] Level 1:colcon.colcon_core.package_identification:_identify(src/ur_driver/Universal_Robots_ROS2_Driver/ur_controllers) by extensions ['ignore', 'ignore_ament_install']
[0.892s] Level 1:colcon.colcon_core.package_identification:_identify(src/ur_driver/Universal_Robots_ROS2_Driver/ur_controllers) by extension 'ignore'
[0.892s] Level 1:colcon.colcon_core.package_identification:_identify(src/ur_driver/Universal_Robots_ROS2_Driver/ur_controllers) by extension 'ignore_ament_install'
[0.892s] Level 1:colcon.colcon_core.package_identification:_identify(src/ur_driver/Universal_Robots_ROS2_Driver/ur_controllers) by extensions ['colcon_pkg']
[0.892s] Level 1:colcon.colcon_core.package_identification:_identify(src/ur_driver/Universal_Robots_ROS2_Driver/ur_controllers) by extension 'colcon_pkg'
[0.892s] Level 1:colcon.colcon_core.package_identification:_identify(src/ur_driver/Universal_Robots_ROS2_Driver/ur_controllers) by extensions ['colcon_meta']
[0.892s] Level 1:colcon.colcon_core.package_identification:_identify(src/ur_driver/Universal_Robots_ROS2_Driver/ur_controllers) by extension 'colcon_meta'
[0.892s] Level 1:colcon.colcon_core.package_identification:_identify(src/ur_driver/Universal_Robots_ROS2_Driver/ur_controllers) by extensions ['ros']
[0.892s] Level 1:colcon.colcon_core.package_identification:_identify(src/ur_driver/Universal_Robots_ROS2_Driver/ur_controllers) by extension 'ros'
[0.900s] DEBUG:colcon.colcon_core.package_identification:Package 'src/ur_driver/Universal_Robots_ROS2_Driver/ur_controllers' with type 'ros.ament_cmake' and name 'ur_controllers'
[0.903s] Level 1:colcon.colcon_core.package_identification:_identify(src/ur_driver/Universal_Robots_ROS2_Driver/ur_dashboard_msgs) by extensions ['ignore', 'ignore_ament_install']
[0.904s] Level 1:colcon.colcon_core.package_identification:_identify(src/ur_driver/Universal_Robots_ROS2_Driver/ur_dashboard_msgs) by extension 'ignore'
[0.904s] Level 1:colcon.colcon_core.package_identification:_identify(src/ur_driver/Universal_Robots_ROS2_Driver/ur_dashboard_msgs) by extension 'ignore_ament_install'
[0.904s] Level 1:colcon.colcon_core.package_identification:_identify(src/ur_driver/Universal_Robots_ROS2_Driver/ur_dashboard_msgs) by extensions ['colcon_pkg']
[0.904s] Level 1:colcon.colcon_core.package_identification:_identify(src/ur_driver/Universal_Robots_ROS2_Driver/ur_dashboard_msgs) by extension 'colcon_pkg'
[0.904s] Level 1:colcon.colcon_core.package_identification:_identify(src/ur_driver/Universal_Robots_ROS2_Driver/ur_dashboard_msgs) by extensions ['colcon_meta']
[0.904s] Level 1:colcon.colcon_core.package_identification:_identify(src/ur_driver/Universal_Robots_ROS2_Driver/ur_dashboard_msgs) by extension 'colcon_meta'
[0.904s] Level 1:colcon.colcon_core.package_identification:_identify(src/ur_driver/Universal_Robots_ROS2_Driver/ur_dashboard_msgs) by extensions ['ros']
[0.904s] Level 1:colcon.colcon_core.package_identification:_identify(src/ur_driver/Universal_Robots_ROS2_Driver/ur_dashboard_msgs) by extension 'ros'
[0.906s] DEBUG:colcon.colcon_core.package_identification:Package 'src/ur_driver/Universal_Robots_ROS2_Driver/ur_dashboard_msgs' with type 'ros.ament_cmake' and name 'ur_dashboard_msgs'
[0.907s] Level 1:colcon.colcon_core.package_identification:_identify(src/ur_driver/Universal_Robots_ROS2_Driver/ur_description) by extensions ['ignore', 'ignore_ament_install']
[0.907s] Level 1:colcon.colcon_core.package_identification:_identify(src/ur_driver/Universal_Robots_ROS2_Driver/ur_description) by extension 'ignore'
[0.907s] Level 1:colcon.colcon_core.package_identification:_identify(src/ur_driver/Universal_Robots_ROS2_Driver/ur_description) by extension 'ignore_ament_install'
[0.907s] Level 1:colcon.colcon_core.package_identification:_identify(src/ur_driver/Universal_Robots_ROS2_Driver/ur_description) by extensions ['colcon_pkg']
[0.907s] Level 1:colcon.colcon_core.package_identification:_identify(src/ur_driver/Universal_Robots_ROS2_Driver/ur_description) by extension 'colcon_pkg'
[0.907s] Level 1:colcon.colcon_core.package_identification:_identify(src/ur_driver/Universal_Robots_ROS2_Driver/ur_description) by extensions ['colcon_meta']
[0.907s] Level 1:colcon.colcon_core.package_identification:_identify(src/ur_driver/Universal_Robots_ROS2_Driver/ur_description) by extension 'colcon_meta'
[0.907s] Level 1:colcon.colcon_core.package_identification:_identify(src/ur_driver/Universal_Robots_ROS2_Driver/ur_description) by extensions ['ros']
[0.907s] Level 1:colcon.colcon_core.package_identification:_identify(src/ur_driver/Universal_Robots_ROS2_Driver/ur_description) by extension 'ros'
[0.910s] DEBUG:colcon.colcon_core.package_identification:Package 'src/ur_driver/Universal_Robots_ROS2_Driver/ur_description' with type 'ros.ament_cmake' and name 'ur_description'
[0.910s] Level 1:colcon.colcon_core.package_identification:_identify(src/ur_driver/Universal_Robots_ROS2_Driver/ur_moveit_config) by extensions ['ignore', 'ignore_ament_install']
[0.910s] Level 1:colcon.colcon_core.package_identification:_identify(src/ur_driver/Universal_Robots_ROS2_Driver/ur_moveit_config) by extension 'ignore'
[0.910s] Level 1:colcon.colcon_core.package_identification:_identify(src/ur_driver/Universal_Robots_ROS2_Driver/ur_moveit_config) by extension 'ignore_ament_install'
[0.910s] Level 1:colcon.colcon_core.package_identification:_identify(src/ur_driver/Universal_Robots_ROS2_Driver/ur_moveit_config) by extensions ['colcon_pkg']
[0.910s] Level 1:colcon.colcon_core.package_identification:_identify(src/ur_driver/Universal_Robots_ROS2_Driver/ur_moveit_config) by extension 'colcon_pkg'
[0.911s] Level 1:colcon.colcon_core.package_identification:_identify(src/ur_driver/Universal_Robots_ROS2_Driver/ur_moveit_config) by extensions ['colcon_meta']
[0.911s] Level 1:colcon.colcon_core.package_identification:_identify(src/ur_driver/Universal_Robots_ROS2_Driver/ur_moveit_config) by extension 'colcon_meta'
[0.911s] Level 1:colcon.colcon_core.package_identification:_identify(src/ur_driver/Universal_Robots_ROS2_Driver/ur_moveit_config) by extensions ['ros']
[0.911s] Level 1:colcon.colcon_core.package_identification:_identify(src/ur_driver/Universal_Robots_ROS2_Driver/ur_moveit_config) by extension 'ros'
[0.912s] DEBUG:colcon.colcon_core.package_identification:Package 'src/ur_driver/Universal_Robots_ROS2_Driver/ur_moveit_config' with type 'ros.ament_cmake' and name 'ur_moveit_config'
[0.912s] Level 1:colcon.colcon_core.package_identification:_identify(src/ur_driver/Universal_Robots_ROS2_Driver/ur_robot_driver) by extensions ['ignore', 'ignore_ament_install']
[0.912s] Level 1:colcon.colcon_core.package_identification:_identify(src/ur_driver/Universal_Robots_ROS2_Driver/ur_robot_driver) by extension 'ignore'
[0.912s] Level 1:colcon.colcon_core.package_identification:_identify(src/ur_driver/Universal_Robots_ROS2_Driver/ur_robot_driver) by extension 'ignore_ament_install'
[0.912s] Level 1:colcon.colcon_core.package_identification:_identify(src/ur_driver/Universal_Robots_ROS2_Driver/ur_robot_driver) by extensions ['colcon_pkg']
[0.913s] Level 1:colcon.colcon_core.package_identification:_identify(src/ur_driver/Universal_Robots_ROS2_Driver/ur_robot_driver) by extension 'colcon_pkg'
[0.913s] Level 1:colcon.colcon_core.package_identification:_identify(src/ur_driver/Universal_Robots_ROS2_Driver/ur_robot_driver) by extensions ['colcon_meta']
[0.913s] Level 1:colcon.colcon_core.package_identification:_identify(src/ur_driver/Universal_Robots_ROS2_Driver/ur_robot_driver) by extension 'colcon_meta'
[0.913s] Level 1:colcon.colcon_core.package_identification:_identify(src/ur_driver/Universal_Robots_ROS2_Driver/ur_robot_driver) by extensions ['ros']
[0.913s] Level 1:colcon.colcon_core.package_identification:_identify(src/ur_driver/Universal_Robots_ROS2_Driver/ur_robot_driver) by extension 'ros'
[0.921s] DEBUG:colcon.colcon_core.package_identification:Package 'src/ur_driver/Universal_Robots_ROS2_Driver/ur_robot_driver' with type 'ros.ament_cmake' and name 'ur_robot_driver'
[0.921s] Level 1:colcon.colcon_core.package_discovery:discover_packages(recursive) using defaults
[0.922s] Level 1:colcon.colcon_core.package_discovery:discover_packages(ignore) discover
[0.922s] Level 1:colcon.colcon_core.package_discovery:discover_packages(ignore) using defaults
[0.922s] Level 1:colcon.colcon_core.package_discovery:discover_packages(path) discover
[0.922s] Level 1:colcon.colcon_core.package_discovery:discover_packages(path) using defaults
[1.006s] INFO:colcon.colcon_core.package_selection:Skipping not selected package 'cmake_helpers' in 'src/lib/cmake_helpers'
[1.006s] INFO:colcon.colcon_core.package_selection:Skipping not selected package 'robo_cleaner_interfaces' in 'src/robo_cleaner/robo_cleaner_interfaces'
[1.006s] INFO:colcon.colcon_core.package_selection:Skipping not selected package 'robo_collector_interfaces' in 'src/robo_collector/robo_collector_interfaces'
[1.006s] INFO:colcon.colcon_core.package_selection:Skipping not selected package 'robo_miner_interfaces' in 'src/robo_miner/robo_miner_interfaces'
[1.006s] INFO:colcon.colcon_core.package_selection:Skipping not selected package 'ur_bringup' in 'src/ur_driver/Universal_Robots_ROS2_Driver/ur_bringup'
[1.006s] INFO:colcon.colcon_core.package_selection:Skipping not selected package 'ur_client_library' in 'src/ur_driver/Universal_Robots_Client_Library'
[1.006s] INFO:colcon.colcon_core.package_selection:Skipping not selected package 'ur_dashboard_msgs' in 'src/ur_driver/Universal_Robots_ROS2_Driver/ur_dashboard_msgs'
[1.006s] INFO:colcon.colcon_core.package_selection:Skipping not selected package 'ur_description' in 'src/ur_driver/Universal_Robots_ROS2_Driver/ur_description'
[1.007s] INFO:colcon.colcon_core.package_selection:Skipping not selected package 'ur_moveit_config' in 'src/ur_driver/Universal_Robots_ROS2_Driver/ur_moveit_config'
[1.007s] INFO:colcon.colcon_core.package_selection:Skipping not selected package 'urscript_interfaces' in 'src/ur_dev/urscript/urscript_interfaces'
[1.007s] INFO:colcon.colcon_core.package_selection:Skipping not selected package 'robo_collector_controller_py' in 'src/robo_collector/robo_collector_controller_py'
[1.007s] INFO:colcon.colcon_core.package_selection:Skipping not selected package 'ur_controllers' in 'src/ur_driver/Universal_Robots_ROS2_Driver/ur_controllers'
[1.007s] INFO:colcon.colcon_core.package_selection:Skipping not selected package 'utils' in 'src/lib/utils'
[1.007s] INFO:colcon.colcon_core.package_selection:Skipping not selected package 'resource_utils' in 'src/lib/resource_utils'
[1.007s] INFO:colcon.colcon_core.package_selection:Skipping not selected package 'ur_robot_driver' in 'src/ur_driver/Universal_Robots_ROS2_Driver/ur_robot_driver'
[1.007s] INFO:colcon.colcon_core.package_selection:Skipping not selected package 'urscript_common' in 'src/ur_dev/urscript/urscript_common'
[1.007s] INFO:colcon.colcon_core.package_selection:Skipping not selected package 'resource_builder' in 'src/tools/resource_builder'
[1.007s] INFO:colcon.colcon_core.package_selection:Skipping not selected package 'sdl_utils' in 'src/lib/sdl_utils'
[1.007s] INFO:colcon.colcon_core.package_selection:Skipping not selected package 'manager_utils' in 'src/lib/manager_utils'
[1.007s] INFO:colcon.colcon_core.package_selection:Skipping not selected package 'game_engine' in 'src/lib/game_engine'
[1.007s] INFO:colcon.colcon_core.package_selection:Skipping not selected package 'robo_common' in 'src/robo_common'
[1.008s] INFO:colcon.colcon_core.package_selection:Skipping not selected package 'robo_cleaner_common' in 'src/robo_cleaner/robo_cleaner_common'
[1.008s] INFO:colcon.colcon_core.package_selection:Skipping not selected package 'robo_collector_common' in 'src/robo_collector/robo_collector_common'
[1.008s] INFO:colcon.colcon_core.package_selection:Skipping not selected package 'robo_miner_common' in 'src/robo_miner/robo_miner_common'
[1.008s] INFO:colcon.colcon_core.package_selection:Skipping not selected package 'ros2_game_engine' in 'src/lib/ros2_game_engine'
[1.008s] INFO:colcon.colcon_core.package_selection:Skipping not selected package 'robo_cleaner_gui' in 'src/robo_cleaner/robo_cleaner_gui'
[1.008s] INFO:colcon.colcon_core.package_selection:Skipping not selected package 'robo_collector_controller' in 'src/robo_collector/robo_collector_controller'
[1.008s] INFO:colcon.colcon_core.package_selection:Skipping not selected package 'robo_collector_gui' in 'src/robo_collector/robo_collector_gui'
[1.008s] INFO:colcon.colcon_core.package_selection:Skipping not selected package 'robo_miner_gui' in 'src/robo_miner/robo_miner_gui'
[1.008s] INFO:colcon.colcon_core.package_selection:Skipping not selected package 'ur_control_gui' in 'src/ur_dev/ur_control_gui'
[1.008s] INFO:colcon.colcon_core.package_selection:Skipping not selected package 'urscript_bridge' in 'src/ur_dev/urscript/urscript_bridge'
[1.010s] Level 1:colcon.colcon_core.package_discovery:discover_packages(prefix_path) check parameters
[1.010s] Level 1:colcon.colcon_core.package_discovery:discover_packages(prefix_path) discover
[1.027s] DEBUG:colcon.colcon_installed_package_information.package_discovery:Found 32 installed packages in /home/ubuntu/workspace/Velizar/robotics_v1/install
[1.035s] DEBUG:colcon.colcon_installed_package_information.package_discovery:Found 267 installed packages in /opt/ros/foxy
[1.043s] Level 1:colcon.colcon_core.package_discovery:discover_packages(prefix_path) using defaults
[1.303s] Level 5:colcon.colcon_core.verb:set package 'robo_miner_ai_py' build argument 'cmake_args' from command line to 'None'
[1.303s] Level 5:colcon.colcon_core.verb:set package 'robo_miner_ai_py' build argument 'cmake_target' from command line to 'None'
[1.304s] Level 5:colcon.colcon_core.verb:set package 'robo_miner_ai_py' build argument 'cmake_target_skip_unavailable' from command line to 'False'
[1.304s] Level 5:colcon.colcon_core.verb:set package 'robo_miner_ai_py' build argument 'cmake_clean_cache' from command line to 'False'
[1.304s] Level 5:colcon.colcon_core.verb:set package 'robo_miner_ai_py' build argument 'cmake_clean_first' from command line to 'False'
[1.304s] Level 5:colcon.colcon_core.verb:set package 'robo_miner_ai_py' build argument 'cmake_force_configure' from command line to 'False'
[1.305s] Level 5:colcon.colcon_core.verb:set package 'robo_miner_ai_py' build argument 'ament_cmake_args' from command line to 'None'
[1.305s] Level 5:colcon.colcon_core.verb:set package 'robo_miner_ai_py' build argument 'catkin_cmake_args' from command line to 'None'
[1.305s] Level 5:colcon.colcon_core.verb:set package 'robo_miner_ai_py' build argument 'catkin_skip_building_tests' from command line to 'False'
[1.305s] DEBUG:colcon.colcon_core.verb:Building package 'robo_miner_ai_py' with the following arguments: {'ament_cmake_args': None, 'build_base': '/home/ubuntu/workspace/Velizar/robotics_v1/build/robo_miner_ai_py', 'catkin_cmake_args': None, 'catkin_skip_building_tests': False, 'cmake_args': None, 'cmake_clean_cache': False, 'cmake_clean_first': False, 'cmake_force_configure': False, 'cmake_target': None, 'cmake_target_skip_unavailable': False, 'install_base': '/home/ubuntu/workspace/Velizar/robotics_v1/install/robo_miner_ai_py', 'merge_install': False, 'path': '/home/ubuntu/workspace/Velizar/robotics_v1/src/robo_miner/robo_miner_ai_py', 'symlink_install': False, 'test_result_base': None}
[1.311s] INFO:colcon.colcon_core.executor:Executing jobs using 'parallel' executor
[1.328s] DEBUG:colcon.colcon_parallel_executor.executor.parallel:run_until_complete
[1.328s] INFO:colcon.colcon_ros.task.ament_python.build:Building ROS package in '/home/ubuntu/workspace/Velizar/robotics_v1/src/robo_miner/robo_miner_ai_py' with build type 'ament_python'
[1.329s] Level 1:colcon.colcon_core.shell:create_environment_hook('robo_miner_ai_py', 'ament_prefix_path')
[1.346s] INFO:colcon.colcon_core.plugin_system:Skipping extension 'colcon_core.shell.bat': Not used on non-Windows systems
[1.347s] INFO:colcon.colcon_core.shell:Creating environment hook '/home/ubuntu/workspace/Velizar/robotics_v1/install/robo_miner_ai_py/share/robo_miner_ai_py/hook/ament_prefix_path.ps1'
[1.349s] INFO:colcon.colcon_core.shell:Creating environment descriptor '/home/ubuntu/workspace/Velizar/robotics_v1/install/robo_miner_ai_py/share/robo_miner_ai_py/hook/ament_prefix_path.dsv'
[1.351s] INFO:colcon.colcon_core.shell:Creating environment hook '/home/ubuntu/workspace/Velizar/robotics_v1/install/robo_miner_ai_py/share/robo_miner_ai_py/hook/ament_prefix_path.sh'
[1.363s] INFO:colcon.colcon_core.shell:Skip shell extension 'powershell' for command environment: Not usable outside of PowerShell
[1.363s] DEBUG:colcon.colcon_core.shell:Skip shell extension 'dsv' for command environment
[2.243s] INFO:colcon.colcon_core.task.python.build:Building Python package in '/home/ubuntu/workspace/Velizar/robotics_v1/src/robo_miner/robo_miner_ai_py'
[2.247s] INFO:colcon.colcon_core.shell:Skip shell extension 'powershell' for command environment: Not usable outside of PowerShell
[2.247s] DEBUG:colcon.colcon_core.shell:Skip shell extension 'dsv' for command environment
[3.778s] DEBUG:colcon.colcon_core.event_handler.log_command:Invoking command in '/home/ubuntu/workspace/Velizar/robotics_v1/src/robo_miner/robo_miner_ai_py': CMAKE_PREFIX_PATH=/home/ubuntu/workspace/Velizar/robotics_v1/install/robo_miner_interfaces:/home/ubuntu/workspace/Velizar/robotics_v1/install/urscript_bridge:/home/ubuntu/workspace/Velizar/robotics_v1/install/ur_control_gui:/home/ubuntu/workspace/Velizar/robotics_v1/install/urscript_common:/home/ubuntu/workspace/Velizar/robotics_v1/install/robo_miner_gui:/home/ubuntu/workspace/Velizar/robotics_v1/install/robo_collector_gui:/home/ubuntu/workspace/Velizar/robotics_v1/install/robo_collector_controller:/home/ubuntu/workspace/Velizar/robotics_v1/install/robo_cleaner_gui:/home/ubuntu/workspace/Velizar/robotics_v1/install/ros2_game_engine:/home/ubuntu/workspace/Velizar/robotics_v1/install/robo_miner_common:/home/ubuntu/workspace/Velizar/robotics_v1/install/robo_collector_common:/home/ubuntu/workspace/Velizar/robotics_v1/install/robo_cleaner_common:/home/ubuntu/workspace/Velizar/robotics_v1/install/robo_common:/home/ubuntu/workspace/Velizar/robotics_v1/install/game_engine:/home/ubuntu/workspace/Velizar/robotics_v1/install/manager_utils:/home/ubuntu/workspace/Velizar/robotics_v1/install/sdl_utils:/home/ubuntu/workspace/Velizar/robotics_v1/install/resource_builder:/home/ubuntu/workspace/Velizar/robotics_v1/install/resource_utils:/home/ubuntu/workspace/Velizar/robotics_v1/install/utils:/home/ubuntu/workspace/Velizar/robotics_v1/install/urscript_interfaces:/home/ubuntu/workspace/Velizar/robotics_v1/install/ur_robot_driver:/home/ubuntu/workspace/Velizar/robotics_v1/install/ur_moveit_config:/home/ubuntu/workspace/Velizar/robotics_v1/install/ur_description:/home/ubuntu/workspace/Velizar/robotics_v1/install/ur_controllers:/home/ubuntu/workspace/Velizar/robotics_v1/install/ur_dashboard_msgs:/home/ubuntu/workspace/Velizar/robotics_v1/install/ur_client_library:/home/ubuntu/workspace/Velizar/robotics_v1/install/ur_bringup:/home/ubuntu/workspace/Velizar/robotics_v1/install/robo_collector_interfaces:/home/ubuntu/workspace/Velizar/robotics_v1/install/robo_cleaner_interfaces:/home/ubuntu/workspace/Velizar/robotics_v1/install/cmake_helpers LD_LIBRARY_PATH=/home/ubuntu/workspace/Velizar/robotics_v1/install/robo_miner_interfaces/lib:/home/ubuntu/workspace/Velizar/robotics_v1/install/urscript_interfaces/lib:/home/ubuntu/workspace/Velizar/robotics_v1/install/ur_robot_driver/lib:/home/ubuntu/workspace/Velizar/robotics_v1/install/ur_controllers/lib:/home/ubuntu/workspace/Velizar/robotics_v1/install/ur_dashboard_msgs/lib:/home/ubuntu/workspace/Velizar/robotics_v1/install/ur_client_library/lib:/home/ubuntu/workspace/Velizar/robotics_v1/install/robo_collector_interfaces/lib:/home/ubuntu/workspace/Velizar/robotics_v1/install/robo_cleaner_interfaces/lib:/opt/ros/foxy/opt/yaml_cpp_vendor/lib:/opt/ros/foxy/opt/rviz_ogre_vendor/lib:/opt/ros/foxy/lib/x86_64-linux-gnu:/opt/ros/foxy/lib PS1=[\u@\h \W]$(git_branch)$ PYTHONPATH=/home/ubuntu/workspace/Velizar/robotics_v1/install/robo_miner_ai_py/lib/python3.8/site-packages:/home/ubuntu/workspace/Velizar/robotics_v1/install/robo_miner_interfaces/lib/python3.8/site-packages:/home/ubuntu/workspace/Velizar/robotics_v1/install/urscript_interfaces/lib/python3.8/site-packages:/home/ubuntu/workspace/Velizar/robotics_v1/install/ur_dashboard_msgs/lib/python3.8/site-packages:/home/ubuntu/workspace/Velizar/robotics_v1/install/robo_collector_controller_py/lib/python3.8/site-packages:/home/ubuntu/workspace/Velizar/robotics_v1/install/robo_collector_interfaces/lib/python3.8/site-packages:/home/ubuntu/workspace/Velizar/robotics_v1/install/robo_cleaner_interfaces/lib/python3.8/site-packages:/opt/ros/foxy/lib/python3.8/site-packages /usr/bin/python3 setup.py egg_info --egg-base ../../../build/robo_miner_ai_py build --build-base /home/ubuntu/workspace/Velizar/robotics_v1/build/robo_miner_ai_py/build install --prefix /home/ubuntu/workspace/Velizar/robotics_v1/install/robo_miner_ai_py --record /home/ubuntu/workspace/Velizar/robotics_v1/build/robo_miner_ai_py/install.log --single-version-externally-managed
[5.004s] DEBUG:colcon.colcon_core.event_handler.log_command:Invoked command in '/home/ubuntu/workspace/Velizar/robotics_v1/src/robo_miner/robo_miner_ai_py' returned '0': CMAKE_PREFIX_PATH=/home/ubuntu/workspace/Velizar/robotics_v1/install/robo_miner_interfaces:/home/ubuntu/workspace/Velizar/robotics_v1/install/urscript_bridge:/home/ubuntu/workspace/Velizar/robotics_v1/install/ur_control_gui:/home/ubuntu/workspace/Velizar/robotics_v1/install/urscript_common:/home/ubuntu/workspace/Velizar/robotics_v1/install/robo_miner_gui:/home/ubuntu/workspace/Velizar/robotics_v1/install/robo_collector_gui:/home/ubuntu/workspace/Velizar/robotics_v1/install/robo_collector_controller:/home/ubuntu/workspace/Velizar/robotics_v1/install/robo_cleaner_gui:/home/ubuntu/workspace/Velizar/robotics_v1/install/ros2_game_engine:/home/ubuntu/workspace/Velizar/robotics_v1/install/robo_miner_common:/home/ubuntu/workspace/Velizar/robotics_v1/install/robo_collector_common:/home/ubuntu/workspace/Velizar/robotics_v1/install/robo_cleaner_common:/home/ubuntu/workspace/Velizar/robotics_v1/install/robo_common:/home/ubuntu/workspace/Velizar/robotics_v1/install/game_engine:/home/ubuntu/workspace/Velizar/robotics_v1/install/manager_utils:/home/ubuntu/workspace/Velizar/robotics_v1/install/sdl_utils:/home/ubuntu/workspace/Velizar/robotics_v1/install/resource_builder:/home/ubuntu/workspace/Velizar/robotics_v1/install/resource_utils:/home/ubuntu/workspace/Velizar/robotics_v1/install/utils:/home/ubuntu/workspace/Velizar/robotics_v1/install/urscript_interfaces:/home/ubuntu/workspace/Velizar/robotics_v1/install/ur_robot_driver:/home/ubuntu/workspace/Velizar/robotics_v1/install/ur_moveit_config:/home/ubuntu/workspace/Velizar/robotics_v1/install/ur_description:/home/ubuntu/workspace/Velizar/robotics_v1/install/ur_controllers:/home/ubuntu/workspace/Velizar/robotics_v1/install/ur_dashboard_msgs:/home/ubuntu/workspace/Velizar/robotics_v1/install/ur_client_library:/home/ubuntu/workspace/Velizar/robotics_v1/install/ur_bringup:/home/ubuntu/workspace/Velizar/robotics_v1/install/robo_collector_interfaces:/home/ubuntu/workspace/Velizar/robotics_v1/install/robo_cleaner_interfaces:/home/ubuntu/workspace/Velizar/robotics_v1/install/cmake_helpers LD_LIBRARY_PATH=/home/ubuntu/workspace/Velizar/robotics_v1/install/robo_miner_interfaces/lib:/home/ubuntu/workspace/Velizar/robotics_v1/install/urscript_interfaces/lib:/home/ubuntu/workspace/Velizar/robotics_v1/install/ur_robot_driver/lib:/home/ubuntu/workspace/Velizar/robotics_v1/install/ur_controllers/lib:/home/ubuntu/workspace/Velizar/robotics_v1/install/ur_dashboard_msgs/lib:/home/ubuntu/workspace/Velizar/robotics_v1/install/ur_client_library/lib:/home/ubuntu/workspace/Velizar/robotics_v1/install/robo_collector_interfaces/lib:/home/ubuntu/workspace/Velizar/robotics_v1/install/robo_cleaner_interfaces/lib:/opt/ros/foxy/opt/yaml_cpp_vendor/lib:/opt/ros/foxy/opt/rviz_ogre_vendor/lib:/opt/ros/foxy/lib/x86_64-linux-gnu:/opt/ros/foxy/lib PS1=[\u@\h \W]$(git_branch)$ PYTHONPATH=/home/ubuntu/workspace/Velizar/robotics_v1/install/robo_miner_ai_py/lib/python3.8/site-packages:/home/ubuntu/workspace/Velizar/robotics_v1/install/robo_miner_interfaces/lib/python3.8/site-packages:/home/ubuntu/workspace/Velizar/robotics_v1/install/urscript_interfaces/lib/python3.8/site-packages:/home/ubuntu/workspace/Velizar/robotics_v1/install/ur_dashboard_msgs/lib/python3.8/site-packages:/home/ubuntu/workspace/Velizar/robotics_v1/install/robo_collector_controller_py/lib/python3.8/site-packages:/home/ubuntu/workspace/Velizar/robotics_v1/install/robo_collector_interfaces/lib/python3.8/site-packages:/home/ubuntu/workspace/Velizar/robotics_v1/install/robo_cleaner_interfaces/lib/python3.8/site-packages:/opt/ros/foxy/lib/python3.8/site-packages /usr/bin/python3 setup.py egg_info --egg-base ../../../build/robo_miner_ai_py build --build-base /home/ubuntu/workspace/Velizar/robotics_v1/build/robo_miner_ai_py/build install --prefix /home/ubuntu/workspace/Velizar/robotics_v1/install/robo_miner_ai_py --record /home/ubuntu/workspace/Velizar/robotics_v1/build/robo_miner_ai_py/install.log --single-version-externally-managed
[5.020s] Level 1:colcon.colcon_core.environment:checking '/home/ubuntu/workspace/Velizar/robotics_v1/install/robo_miner_ai_py' for CMake module files
[5.028s] Level 1:colcon.colcon_core.environment:checking '/home/ubuntu/workspace/Velizar/robotics_v1/install/robo_miner_ai_py' for CMake config files
[5.030s] Level 1:colcon.colcon_core.environment:checking '/home/ubuntu/workspace/Velizar/robotics_v1/install/robo_miner_ai_py/lib'
[5.030s] Level 1:colcon.colcon_core.environment:checking '/home/ubuntu/workspace/Velizar/robotics_v1/install/robo_miner_ai_py/bin'
[5.030s] Level 1:colcon.colcon_core.environment:checking '/home/ubuntu/workspace/Velizar/robotics_v1/install/robo_miner_ai_py/lib/pkgconfig/robo_miner_ai_py.pc'
[5.031s] Level 1:colcon.colcon_core.environment:checking '/home/ubuntu/workspace/Velizar/robotics_v1/install/robo_miner_ai_py/lib/python3.8/site-packages'
[5.031s] Level 1:colcon.colcon_core.shell:create_environment_hook('robo_miner_ai_py', 'pythonpath')
[5.040s] INFO:colcon.colcon_core.shell:Creating environment hook '/home/ubuntu/workspace/Velizar/robotics_v1/install/robo_miner_ai_py/share/robo_miner_ai_py/hook/pythonpath.ps1'
[5.044s] INFO:colcon.colcon_core.shell:Creating environment descriptor '/home/ubuntu/workspace/Velizar/robotics_v1/install/robo_miner_ai_py/share/robo_miner_ai_py/hook/pythonpath.dsv'
[5.045s] INFO:colcon.colcon_core.shell:Creating environment hook '/home/ubuntu/workspace/Velizar/robotics_v1/install/robo_miner_ai_py/share/robo_miner_ai_py/hook/pythonpath.sh'
[5.046s] Level 1:colcon.colcon_core.environment:checking '/home/ubuntu/workspace/Velizar/robotics_v1/install/robo_miner_ai_py/bin'
[5.046s] Level 1:colcon.colcon_core.environment:create_environment_scripts_only(robo_miner_ai_py)
[5.051s] INFO:colcon.colcon_core.shell:Creating package script '/home/ubuntu/workspace/Velizar/robotics_v1/install/robo_miner_ai_py/share/robo_miner_ai_py/package.ps1'
[5.055s] INFO:colcon.colcon_core.shell:Creating package descriptor '/home/ubuntu/workspace/Velizar/robotics_v1/install/robo_miner_ai_py/share/robo_miner_ai_py/package.dsv'
[5.061s] INFO:colcon.colcon_core.shell:Creating package script '/home/ubuntu/workspace/Velizar/robotics_v1/install/robo_miner_ai_py/share/robo_miner_ai_py/package.sh'
[5.063s] INFO:colcon.colcon_core.shell:Creating package script '/home/ubuntu/workspace/Velizar/robotics_v1/install/robo_miner_ai_py/share/robo_miner_ai_py/package.bash'
[5.065s] INFO:colcon.colcon_core.shell:Creating package script '/home/ubuntu/workspace/Velizar/robotics_v1/install/robo_miner_ai_py/share/robo_miner_ai_py/package.zsh'
[5.067s] Level 1:colcon.colcon_core.environment:create_file_with_runtime_dependencies(/home/ubuntu/workspace/Velizar/robotics_v1/install/robo_miner_ai_py/share/colcon-core/packages/robo_miner_ai_py)
[5.069s] DEBUG:colcon.colcon_parallel_executor.executor.parallel:closing loop
[5.069s] DEBUG:colcon.colcon_parallel_executor.executor.parallel:loop closed
[5.069s] DEBUG:colcon.colcon_parallel_executor.executor.parallel:run_until_complete finished with '0'
[5.069s] DEBUG:colcon.colcon_core.event_reactor:joining thread
[5.105s] INFO:colcon.colcon_core.plugin_system:Skipping extension 'colcon_notification.desktop_notification.terminal_notifier': Not used on non-Darwin systems
[5.106s] INFO:colcon.colcon_core.plugin_system:Skipping extension 'colcon_notification.desktop_notification.win32': Not used on non-Windows systems
[5.107s] INFO:colcon.colcon_notification.desktop_notification:Sending desktop notification using 'notify2'
[5.184s] DEBUG:colcon.colcon_core.event_reactor:joined thread
[5.190s] INFO:colcon.colcon_core.shell:Creating prefix script '/home/ubuntu/workspace/Velizar/robotics_v1/install/local_setup.ps1'
[5.198s] INFO:colcon.colcon_core.shell:Creating prefix util module '/home/ubuntu/workspace/Velizar/robotics_v1/install/_local_setup_util_ps1.py'
[5.202s] INFO:colcon.colcon_core.shell:Creating prefix chain script '/home/ubuntu/workspace/Velizar/robotics_v1/install/setup.ps1'
[5.213s] INFO:colcon.colcon_core.shell:Creating prefix script '/home/ubuntu/workspace/Velizar/robotics_v1/install/local_setup.sh'
[5.218s] INFO:colcon.colcon_core.shell:Creating prefix util module '/home/ubuntu/workspace/Velizar/robotics_v1/install/_local_setup_util_sh.py'
[5.229s] INFO:colcon.colcon_core.shell:Creating prefix chain script '/home/ubuntu/workspace/Velizar/robotics_v1/install/setup.sh'
[5.250s] INFO:colcon.colcon_core.shell:Creating prefix script '/home/ubuntu/workspace/Velizar/robotics_v1/install/local_setup.bash'
[5.255s] INFO:colcon.colcon_core.shell:Creating prefix chain script '/home/ubuntu/workspace/Velizar/robotics_v1/install/setup.bash'
[5.281s] INFO:colcon.colcon_core.shell:Creating prefix script '/home/ubuntu/workspace/Velizar/robotics_v1/install/local_setup.zsh'
[5.285s] INFO:colcon.colcon_core.shell:Creating prefix chain script '/home/ubuntu/workspace/Velizar/robotics_v1/install/setup.zsh'
