[0.048s] Invoking command in '/home/ubuntu/workspace/Velizar/robotics_v1/build/ros2_game_engine': CMAKE_PREFIX_PATH=/home/ubuntu/workspace/Velizar/robotics_v1/install/game_engine:/home/ubuntu/workspace/Velizar/robotics_v1/install/manager_utils:/home/ubuntu/workspace/Velizar/robotics_v1/install/sdl_utils:/home/ubuntu/workspace/Velizar/robotics_v1/install/resource_utils:/home/ubuntu/workspace/Velizar/robotics_v1/install/utils:/home/ubuntu/workspace/Velizar/robotics_v1/install/cmake_helpers:/opt/ros/foxy PKG_CONFIG_PATH=/home/ubuntu/workspace/Velizar/robotics_v1/install/game_engine/lib/x86_64-linux-gnu/pkgconfig:/home/ubuntu/workspace/Velizar/robotics_v1/install/game_engine/lib/pkgconfig:/home/ubuntu/workspace/Velizar/robotics_v1/install/manager_utils/lib/x86_64-linux-gnu/pkgconfig:/home/ubuntu/workspace/Velizar/robotics_v1/install/manager_utils/lib/pkgconfig:/home/ubuntu/workspace/Velizar/robotics_v1/install/sdl_utils/lib/x86_64-linux-gnu/pkgconfig:/home/ubuntu/workspace/Velizar/robotics_v1/install/sdl_utils/lib/pkgconfig:/home/ubuntu/workspace/Velizar/robotics_v1/install/resource_utils/lib/x86_64-linux-gnu/pkgconfig:/home/ubuntu/workspace/Velizar/robotics_v1/install/resource_utils/lib/pkgconfig:/home/ubuntu/workspace/Velizar/robotics_v1/install/utils/lib/x86_64-linux-gnu/pkgconfig:/home/ubuntu/workspace/Velizar/robotics_v1/install/utils/lib/pkgconfig:/home/ubuntu/workspace/Velizar/robotics_v1/install/cmake_helpers/lib/x86_64-linux-gnu/pkgconfig:/home/ubuntu/workspace/Velizar/robotics_v1/install/cmake_helpers/lib/pkgconfig PS1=[\u@\h \W]$(git_branch)$ /usr/bin/cmake /home/ubuntu/workspace/Velizar/robotics_v1/src/lib/ros2_game_engine -DCMAKE_BUILD_TYPE=Debug -DCMAKE_CXX_COMPILER=/usr/bin/clang++ -DCMAKE_INSTALL_PREFIX=/home/ubuntu/workspace/Velizar/robotics_v1/install/ros2_game_engine
[0.391s] -- The CXX compiler identification is Clang 10.0.0
[0.415s] -- Check for working CXX compiler: /usr/bin/clang++
[0.754s] -- Check for working CXX compiler: /usr/bin/clang++ -- works
[0.757s] -- Detecting CXX compiler ABI info
[1.100s] -- Detecting CXX compiler ABI info - done
[1.148s] -- Detecting CXX compile features
[1.150s] -- Detecting CXX compile features - done
[1.155s] -- Found cmake_helpers: 1.0.0 (/home/ubuntu/workspace/Velizar/robotics_v1/install/cmake_helpers/share/cmake_helpers/cmake)
[1.162s] -- Found ament_cmake: 0.9.9 (/opt/ros/foxy/share/ament_cmake/cmake)
[1.226s] -- Found PythonInterp: /usr/bin/python3 (found suitable version "3.8.10", minimum required is "3") 
[1.226s] -- Using PYTHON_EXECUTABLE: /usr/bin/python3
[1.800s] -- Found rclcpp: 2.4.1 (/opt/ros/foxy/share/rclcpp/cmake)
[1.988s] -- Using all available rosidl_typesupport_c: rosidl_typesupport_fastrtps_c;rosidl_typesupport_introspection_c
[2.018s] -- Found rosidl_adapter: 1.2.1 (/opt/ros/foxy/share/rosidl_adapter/cmake)
[2.269s] -- Found OpenSSL: /usr/lib/x86_64-linux-gnu/libcrypto.so (found version "1.1.1f")  
[2.377s] -- Found FastRTPS: /opt/ros/foxy/include  
[2.682s] -- Using all available rosidl_typesupport_cpp: rosidl_typesupport_fastrtps_cpp;rosidl_typesupport_introspection_cpp
[2.940s] -- Found rmw_implementation_cmake: 1.0.3 (/opt/ros/foxy/share/rmw_implementation_cmake/cmake)
[2.947s] -- Using RMW implementation 'rmw_fastrtps_cpp' as default
[2.950s] -- Looking for C++ include pthread.h
[3.337s] -- Looking for C++ include pthread.h - found
[3.338s] -- Performing Test CMAKE_HAVE_LIBC_PTHREAD
[3.725s] -- Performing Test CMAKE_HAVE_LIBC_PTHREAD - Failed
[3.726s] -- Looking for pthread_create in pthreads
[3.990s] -- Looking for pthread_create in pthreads - not found
[3.991s] -- Looking for pthread_create in pthread
[4.346s] -- Looking for pthread_create in pthread - found
[4.350s] -- Found Threads: TRUE  
[5.344s] -- Configuring done
[5.533s] -- Generating done
[5.545s] -- Build files have been written to: /home/ubuntu/workspace/Velizar/robotics_v1/build/ros2_game_engine
[5.569s] Invoked command in '/home/ubuntu/workspace/Velizar/robotics_v1/build/ros2_game_engine' returned '0': CMAKE_PREFIX_PATH=/home/ubuntu/workspace/Velizar/robotics_v1/install/game_engine:/home/ubuntu/workspace/Velizar/robotics_v1/install/manager_utils:/home/ubuntu/workspace/Velizar/robotics_v1/install/sdl_utils:/home/ubuntu/workspace/Velizar/robotics_v1/install/resource_utils:/home/ubuntu/workspace/Velizar/robotics_v1/install/utils:/home/ubuntu/workspace/Velizar/robotics_v1/install/cmake_helpers:/opt/ros/foxy PKG_CONFIG_PATH=/home/ubuntu/workspace/Velizar/robotics_v1/install/game_engine/lib/x86_64-linux-gnu/pkgconfig:/home/ubuntu/workspace/Velizar/robotics_v1/install/game_engine/lib/pkgconfig:/home/ubuntu/workspace/Velizar/robotics_v1/install/manager_utils/lib/x86_64-linux-gnu/pkgconfig:/home/ubuntu/workspace/Velizar/robotics_v1/install/manager_utils/lib/pkgconfig:/home/ubuntu/workspace/Velizar/robotics_v1/install/sdl_utils/lib/x86_64-linux-gnu/pkgconfig:/home/ubuntu/workspace/Velizar/robotics_v1/install/sdl_utils/lib/pkgconfig:/home/ubuntu/workspace/Velizar/robotics_v1/install/resource_utils/lib/x86_64-linux-gnu/pkgconfig:/home/ubuntu/workspace/Velizar/robotics_v1/install/resource_utils/lib/pkgconfig:/home/ubuntu/workspace/Velizar/robotics_v1/install/utils/lib/x86_64-linux-gnu/pkgconfig:/home/ubuntu/workspace/Velizar/robotics_v1/install/utils/lib/pkgconfig:/home/ubuntu/workspace/Velizar/robotics_v1/install/cmake_helpers/lib/x86_64-linux-gnu/pkgconfig:/home/ubuntu/workspace/Velizar/robotics_v1/install/cmake_helpers/lib/pkgconfig PS1=[\u@\h \W]$(git_branch)$ /usr/bin/cmake /home/ubuntu/workspace/Velizar/robotics_v1/src/lib/ros2_game_engine -DCMAKE_BUILD_TYPE=Debug -DCMAKE_CXX_COMPILER=/usr/bin/clang++ -DCMAKE_INSTALL_PREFIX=/home/ubuntu/workspace/Velizar/robotics_v1/install/ros2_game_engine
[5.571s] Invoking command in '/home/ubuntu/workspace/Velizar/robotics_v1/build/ros2_game_engine': CMAKE_PREFIX_PATH=/home/ubuntu/workspace/Velizar/robotics_v1/install/game_engine:/home/ubuntu/workspace/Velizar/robotics_v1/install/manager_utils:/home/ubuntu/workspace/Velizar/robotics_v1/install/sdl_utils:/home/ubuntu/workspace/Velizar/robotics_v1/install/resource_utils:/home/ubuntu/workspace/Velizar/robotics_v1/install/utils:/home/ubuntu/workspace/Velizar/robotics_v1/install/cmake_helpers:/opt/ros/foxy PKG_CONFIG_PATH=/home/ubuntu/workspace/Velizar/robotics_v1/install/game_engine/lib/x86_64-linux-gnu/pkgconfig:/home/ubuntu/workspace/Velizar/robotics_v1/install/game_engine/lib/pkgconfig:/home/ubuntu/workspace/Velizar/robotics_v1/install/manager_utils/lib/x86_64-linux-gnu/pkgconfig:/home/ubuntu/workspace/Velizar/robotics_v1/install/manager_utils/lib/pkgconfig:/home/ubuntu/workspace/Velizar/robotics_v1/install/sdl_utils/lib/x86_64-linux-gnu/pkgconfig:/home/ubuntu/workspace/Velizar/robotics_v1/install/sdl_utils/lib/pkgconfig:/home/ubuntu/workspace/Velizar/robotics_v1/install/resource_utils/lib/x86_64-linux-gnu/pkgconfig:/home/ubuntu/workspace/Velizar/robotics_v1/install/resource_utils/lib/pkgconfig:/home/ubuntu/workspace/Velizar/robotics_v1/install/utils/lib/x86_64-linux-gnu/pkgconfig:/home/ubuntu/workspace/Velizar/robotics_v1/install/utils/lib/pkgconfig:/home/ubuntu/workspace/Velizar/robotics_v1/install/cmake_helpers/lib/x86_64-linux-gnu/pkgconfig:/home/ubuntu/workspace/Velizar/robotics_v1/install/cmake_helpers/lib/pkgconfig PS1=[\u@\h \W]$(git_branch)$ /usr/bin/cmake --build /home/ubuntu/workspace/Velizar/robotics_v1/build/ros2_game_engine -- -j2 -l2
[5.700s] [35m[1mScanning dependencies of target ros2_game_engine[0m
[5.857s] [ 33%] [32mBuilding CXX object CMakeFiles/ros2_game_engine.dir/src/communicator/Ros2Communicator.cpp.o[0m
[10.392s] [ 66%] [32mBuilding CXX object CMakeFiles/ros2_game_engine.dir/src/communicator/config/Ros2CommunicatorConfig.cpp.o[0m
[11.238s] [100%] [32m[1mLinking CXX static library libros2_game_engine.a[0m
[11.328s] [100%] Built target ros2_game_engine
[11.366s] Invoked command in '/home/ubuntu/workspace/Velizar/robotics_v1/build/ros2_game_engine' returned '0': CMAKE_PREFIX_PATH=/home/ubuntu/workspace/Velizar/robotics_v1/install/game_engine:/home/ubuntu/workspace/Velizar/robotics_v1/install/manager_utils:/home/ubuntu/workspace/Velizar/robotics_v1/install/sdl_utils:/home/ubuntu/workspace/Velizar/robotics_v1/install/resource_utils:/home/ubuntu/workspace/Velizar/robotics_v1/install/utils:/home/ubuntu/workspace/Velizar/robotics_v1/install/cmake_helpers:/opt/ros/foxy PKG_CONFIG_PATH=/home/ubuntu/workspace/Velizar/robotics_v1/install/game_engine/lib/x86_64-linux-gnu/pkgconfig:/home/ubuntu/workspace/Velizar/robotics_v1/install/game_engine/lib/pkgconfig:/home/ubuntu/workspace/Velizar/robotics_v1/install/manager_utils/lib/x86_64-linux-gnu/pkgconfig:/home/ubuntu/workspace/Velizar/robotics_v1/install/manager_utils/lib/pkgconfig:/home/ubuntu/workspace/Velizar/robotics_v1/install/sdl_utils/lib/x86_64-linux-gnu/pkgconfig:/home/ubuntu/workspace/Velizar/robotics_v1/install/sdl_utils/lib/pkgconfig:/home/ubuntu/workspace/Velizar/robotics_v1/install/resource_utils/lib/x86_64-linux-gnu/pkgconfig:/home/ubuntu/workspace/Velizar/robotics_v1/install/resource_utils/lib/pkgconfig:/home/ubuntu/workspace/Velizar/robotics_v1/install/utils/lib/x86_64-linux-gnu/pkgconfig:/home/ubuntu/workspace/Velizar/robotics_v1/install/utils/lib/pkgconfig:/home/ubuntu/workspace/Velizar/robotics_v1/install/cmake_helpers/lib/x86_64-linux-gnu/pkgconfig:/home/ubuntu/workspace/Velizar/robotics_v1/install/cmake_helpers/lib/pkgconfig PS1=[\u@\h \W]$(git_branch)$ /usr/bin/cmake --build /home/ubuntu/workspace/Velizar/robotics_v1/build/ros2_game_engine -- -j2 -l2
[11.451s] Invoking command in '/home/ubuntu/workspace/Velizar/robotics_v1/build/ros2_game_engine': CMAKE_PREFIX_PATH=/home/ubuntu/workspace/Velizar/robotics_v1/install/game_engine:/home/ubuntu/workspace/Velizar/robotics_v1/install/manager_utils:/home/ubuntu/workspace/Velizar/robotics_v1/install/sdl_utils:/home/ubuntu/workspace/Velizar/robotics_v1/install/resource_utils:/home/ubuntu/workspace/Velizar/robotics_v1/install/utils:/home/ubuntu/workspace/Velizar/robotics_v1/install/cmake_helpers:/opt/ros/foxy PKG_CONFIG_PATH=/home/ubuntu/workspace/Velizar/robotics_v1/install/game_engine/lib/x86_64-linux-gnu/pkgconfig:/home/ubuntu/workspace/Velizar/robotics_v1/install/game_engine/lib/pkgconfig:/home/ubuntu/workspace/Velizar/robotics_v1/install/manager_utils/lib/x86_64-linux-gnu/pkgconfig:/home/ubuntu/workspace/Velizar/robotics_v1/install/manager_utils/lib/pkgconfig:/home/ubuntu/workspace/Velizar/robotics_v1/install/sdl_utils/lib/x86_64-linux-gnu/pkgconfig:/home/ubuntu/workspace/Velizar/robotics_v1/install/sdl_utils/lib/pkgconfig:/home/ubuntu/workspace/Velizar/robotics_v1/install/resource_utils/lib/x86_64-linux-gnu/pkgconfig:/home/ubuntu/workspace/Velizar/robotics_v1/install/resource_utils/lib/pkgconfig:/home/ubuntu/workspace/Velizar/robotics_v1/install/utils/lib/x86_64-linux-gnu/pkgconfig:/home/ubuntu/workspace/Velizar/robotics_v1/install/utils/lib/pkgconfig:/home/ubuntu/workspace/Velizar/robotics_v1/install/cmake_helpers/lib/x86_64-linux-gnu/pkgconfig:/home/ubuntu/workspace/Velizar/robotics_v1/install/cmake_helpers/lib/pkgconfig PS1=[\u@\h \W]$(git_branch)$ /usr/bin/cmake --install /home/ubuntu/workspace/Velizar/robotics_v1/build/ros2_game_engine
[11.480s] -- Install configuration: "Debug"
[11.481s] -- Installing: /home/ubuntu/workspace/Velizar/robotics_v1/install/ros2_game_engine/share/ros2_game_engine/package.xml
[11.482s] -- Installing: /home/ubuntu/workspace/Velizar/robotics_v1/install/ros2_game_engine/lib/ros2_game_engine/libros2_game_engine.a
[11.484s] -- Installing: /home/ubuntu/workspace/Velizar/robotics_v1/install/ros2_game_engine/share/ament_index/resource_index/packages/ros2_game_engine
[11.485s] -- Installing: /home/ubuntu/workspace/Velizar/robotics_v1/install/ros2_game_engine/share/ros2_game_engine/hook/ament_prefix_path.dsv
[11.486s] -- Installing: /home/ubuntu/workspace/Velizar/robotics_v1/install/ros2_game_engine/share/ros2_game_engine/hook/ros_package_path.dsv
[11.487s] -- Installing: /home/ubuntu/workspace/Velizar/robotics_v1/install/ros2_game_engine/share/ament_index/resource_index/package_run_dependencies/ros2_game_engine
[11.488s] -- Installing: /home/ubuntu/workspace/Velizar/robotics_v1/install/ros2_game_engine/share/ament_index/resource_index/parent_prefix_path/ros2_game_engine
[11.489s] -- Installing: /home/ubuntu/workspace/Velizar/robotics_v1/install/ros2_game_engine/share/ros2_game_engine/environment/ament_prefix_path.sh
[11.489s] -- Installing: /home/ubuntu/workspace/Velizar/robotics_v1/install/ros2_game_engine/share/ros2_game_engine/environment/ament_prefix_path.dsv
[11.490s] -- Installing: /home/ubuntu/workspace/Velizar/robotics_v1/install/ros2_game_engine/share/ros2_game_engine/environment/path.sh
[11.491s] -- Installing: /home/ubuntu/workspace/Velizar/robotics_v1/install/ros2_game_engine/share/ros2_game_engine/environment/path.dsv
[11.492s] -- Installing: /home/ubuntu/workspace/Velizar/robotics_v1/install/ros2_game_engine/share/ros2_game_engine/local_setup.bash
[11.492s] -- Installing: /home/ubuntu/workspace/Velizar/robotics_v1/install/ros2_game_engine/share/ros2_game_engine/local_setup.sh
[11.493s] -- Installing: /home/ubuntu/workspace/Velizar/robotics_v1/install/ros2_game_engine/share/ros2_game_engine/local_setup.zsh
[11.494s] -- Installing: /home/ubuntu/workspace/Velizar/robotics_v1/install/ros2_game_engine/share/ros2_game_engine/local_setup.dsv
[11.494s] -- Installing: /home/ubuntu/workspace/Velizar/robotics_v1/install/ros2_game_engine/share/ros2_game_engine/package.dsv
[11.495s] -- Up-to-date: /home/ubuntu/workspace/Velizar/robotics_v1/install/ros2_game_engine/share/ament_index/resource_index/packages/ros2_game_engine
[11.496s] -- Installing: /home/ubuntu/workspace/Velizar/robotics_v1/install/ros2_game_engine/share/ros2_game_engine/cmake/ament_cmake_export_dependencies-extras.cmake
[11.496s] -- Installing: /home/ubuntu/workspace/Velizar/robotics_v1/install/ros2_game_engine/share/ros2_game_engine/cmake/ros2_game_engineConfig.cmake
[11.497s] -- Installing: /home/ubuntu/workspace/Velizar/robotics_v1/install/ros2_game_engine/share/ros2_game_engine/cmake/ros2_game_engineConfig-version.cmake
[11.498s] -- Up-to-date: /home/ubuntu/workspace/Velizar/robotics_v1/install/ros2_game_engine/share/ros2_game_engine/package.xml
[11.498s] -- Installing: /home/ubuntu/workspace/Velizar/robotics_v1/install/ros2_game_engine/lib/libros2_game_engine.a
[11.500s] -- Installing: /home/ubuntu/workspace/Velizar/robotics_v1/install/ros2_game_engine/include
[11.501s] -- Installing: /home/ubuntu/workspace/Velizar/robotics_v1/install/ros2_game_engine/include/ros2_game_engine
[11.501s] -- Installing: /home/ubuntu/workspace/Velizar/robotics_v1/install/ros2_game_engine/include/ros2_game_engine/communicator
[11.501s] -- Installing: /home/ubuntu/workspace/Velizar/robotics_v1/install/ros2_game_engine/include/ros2_game_engine/communicator/Ros2Communicator.h
[11.502s] -- Installing: /home/ubuntu/workspace/Velizar/robotics_v1/install/ros2_game_engine/include/ros2_game_engine/communicator/config
[11.502s] -- Installing: /home/ubuntu/workspace/Velizar/robotics_v1/install/ros2_game_engine/include/ros2_game_engine/communicator/config/Ros2CommunicatorConfig.h
[11.503s] -- Installing: /home/ubuntu/workspace/Velizar/robotics_v1/install/ros2_game_engine/include/ros2_game_engine/communicator/Ros2CommunicatorInterface.h
[11.504s] -- Installing: /home/ubuntu/workspace/Velizar/robotics_v1/install/ros2_game_engine/lib/cmake/ros2_game_engine/ros2_game_engineTargets.cmake
[11.505s] -- Installing: /home/ubuntu/workspace/Velizar/robotics_v1/install/ros2_game_engine/lib/cmake/ros2_game_engine/ros2_game_engineTargets-debug.cmake
[11.506s] -- Installing: /home/ubuntu/workspace/Velizar/robotics_v1/install/ros2_game_engine/lib/cmake/ros2_game_engine/ros2_game_engineConfig.cmake
[11.514s] Invoked command in '/home/ubuntu/workspace/Velizar/robotics_v1/build/ros2_game_engine' returned '0': CMAKE_PREFIX_PATH=/home/ubuntu/workspace/Velizar/robotics_v1/install/game_engine:/home/ubuntu/workspace/Velizar/robotics_v1/install/manager_utils:/home/ubuntu/workspace/Velizar/robotics_v1/install/sdl_utils:/home/ubuntu/workspace/Velizar/robotics_v1/install/resource_utils:/home/ubuntu/workspace/Velizar/robotics_v1/install/utils:/home/ubuntu/workspace/Velizar/robotics_v1/install/cmake_helpers:/opt/ros/foxy PKG_CONFIG_PATH=/home/ubuntu/workspace/Velizar/robotics_v1/install/game_engine/lib/x86_64-linux-gnu/pkgconfig:/home/ubuntu/workspace/Velizar/robotics_v1/install/game_engine/lib/pkgconfig:/home/ubuntu/workspace/Velizar/robotics_v1/install/manager_utils/lib/x86_64-linux-gnu/pkgconfig:/home/ubuntu/workspace/Velizar/robotics_v1/install/manager_utils/lib/pkgconfig:/home/ubuntu/workspace/Velizar/robotics_v1/install/sdl_utils/lib/x86_64-linux-gnu/pkgconfig:/home/ubuntu/workspace/Velizar/robotics_v1/install/sdl_utils/lib/pkgconfig:/home/ubuntu/workspace/Velizar/robotics_v1/install/resource_utils/lib/x86_64-linux-gnu/pkgconfig:/home/ubuntu/workspace/Velizar/robotics_v1/install/resource_utils/lib/pkgconfig:/home/ubuntu/workspace/Velizar/robotics_v1/install/utils/lib/x86_64-linux-gnu/pkgconfig:/home/ubuntu/workspace/Velizar/robotics_v1/install/utils/lib/pkgconfig:/home/ubuntu/workspace/Velizar/robotics_v1/install/cmake_helpers/lib/x86_64-linux-gnu/pkgconfig:/home/ubuntu/workspace/Velizar/robotics_v1/install/cmake_helpers/lib/pkgconfig PS1=[\u@\h \W]$(git_branch)$ /usr/bin/cmake --install /home/ubuntu/workspace/Velizar/robotics_v1/build/ros2_game_engine
