[4.208s] Invoking command in '/home/ubuntu/workspace/Velizar/robotics_v1/src/robo_cleaner/robo_cleaner_ai_py': AMENT_PREFIX_PATH=/home/ubuntu/workspace/Velizar/robotics_v1/install/robo_cleaner_interfaces:${AMENT_PREFIX_PATH} CMAKE_PREFIX_PATH=/home/ubuntu/workspace/Velizar/robotics_v1/install/robo_cleaner_interfaces LD_LIBRARY_PATH=/home/ubuntu/workspace/Velizar/robotics_v1/install/robo_cleaner_interfaces/lib:${LD_LIBRARY_PATH} PS1=[\u@\h \W]$(git_branch)$ PYTHONPATH=/home/ubuntu/workspace/Velizar/robotics_v1/install/robo_cleaner_ai_py/lib/python3.8/site-packages:/home/ubuntu/workspace/Velizar/robotics_v1/install/robo_cleaner_interfaces/lib/python3.8/site-packages:${PYTHONPATH} /usr/bin/python3 setup.py egg_info --egg-base ../../../build/robo_cleaner_ai_py build --build-base /home/ubuntu/workspace/Velizar/robotics_v1/build/robo_cleaner_ai_py/build install --prefix /home/ubuntu/workspace/Velizar/robotics_v1/install/robo_cleaner_ai_py --record /home/ubuntu/workspace/Velizar/robotics_v1/build/robo_cleaner_ai_py/install.log --single-version-externally-managed
[5.480s] running egg_info
[5.482s] writing ../../../build/robo_cleaner_ai_py/robo_cleaner_ai_py.egg-info/PKG-INFO
[5.493s] writing dependency_links to ../../../build/robo_cleaner_ai_py/robo_cleaner_ai_py.egg-info/dependency_links.txt
[5.493s] writing entry points to ../../../build/robo_cleaner_ai_py/robo_cleaner_ai_py.egg-info/entry_points.txt
[5.495s] writing requirements to ../../../build/robo_cleaner_ai_py/robo_cleaner_ai_py.egg-info/requires.txt
[5.499s] writing top-level names to ../../../build/robo_cleaner_ai_py/robo_cleaner_ai_py.egg-info/top_level.txt
[5.751s] reading manifest file '../../../build/robo_cleaner_ai_py/robo_cleaner_ai_py.egg-info/SOURCES.txt'
[5.756s] writing manifest file '../../../build/robo_cleaner_ai_py/robo_cleaner_ai_py.egg-info/SOURCES.txt'
[5.757s] running build
[5.757s] running build_py
[5.757s] copying robo_cleaner_ai_py/communicator.py -> /home/ubuntu/workspace/Velizar/robotics_v1/build/robo_cleaner_ai_py/build/lib/robo_cleaner_ai_py
[5.758s] copying robo_cleaner_ai_py/map.py -> /home/ubuntu/workspace/Velizar/robotics_v1/build/robo_cleaner_ai_py/build/lib/robo_cleaner_ai_py
[5.761s] copying robo_cleaner_ai_py/robo_cleaner_ai.py -> /home/ubuntu/workspace/Velizar/robotics_v1/build/robo_cleaner_ai_py/build/lib/robo_cleaner_ai_py
[5.761s] running install
[5.764s] running install_lib
[5.769s] copying /home/ubuntu/workspace/Velizar/robotics_v1/build/robo_cleaner_ai_py/build/lib/robo_cleaner_ai_py/communicator.py -> /home/ubuntu/workspace/Velizar/robotics_v1/install/robo_cleaner_ai_py/lib/python3.8/site-packages/robo_cleaner_ai_py
[5.769s] copying /home/ubuntu/workspace/Velizar/robotics_v1/build/robo_cleaner_ai_py/build/lib/robo_cleaner_ai_py/map.py -> /home/ubuntu/workspace/Velizar/robotics_v1/install/robo_cleaner_ai_py/lib/python3.8/site-packages/robo_cleaner_ai_py
[5.771s] copying /home/ubuntu/workspace/Velizar/robotics_v1/build/robo_cleaner_ai_py/build/lib/robo_cleaner_ai_py/robo_cleaner_ai.py -> /home/ubuntu/workspace/Velizar/robotics_v1/install/robo_cleaner_ai_py/lib/python3.8/site-packages/robo_cleaner_ai_py
[5.773s] byte-compiling /home/ubuntu/workspace/Velizar/robotics_v1/install/robo_cleaner_ai_py/lib/python3.8/site-packages/robo_cleaner_ai_py/communicator.py to communicator.cpython-38.pyc
[5.793s] byte-compiling /home/ubuntu/workspace/Velizar/robotics_v1/install/robo_cleaner_ai_py/lib/python3.8/site-packages/robo_cleaner_ai_py/map.py to map.cpython-38.pyc
[5.822s] byte-compiling /home/ubuntu/workspace/Velizar/robotics_v1/install/robo_cleaner_ai_py/lib/python3.8/site-packages/robo_cleaner_ai_py/robo_cleaner_ai.py to robo_cleaner_ai.cpython-38.pyc
[5.833s] running install_data
[5.841s] running install_egg_info
[5.851s] removing '/home/ubuntu/workspace/Velizar/robotics_v1/install/robo_cleaner_ai_py/lib/python3.8/site-packages/robo_cleaner_ai_py-0.0.0-py3.8.egg-info' (and everything under it)
[5.858s] Copying ../../../build/robo_cleaner_ai_py/robo_cleaner_ai_py.egg-info to /home/ubuntu/workspace/Velizar/robotics_v1/install/robo_cleaner_ai_py/lib/python3.8/site-packages/robo_cleaner_ai_py-0.0.0-py3.8.egg-info
[5.873s] running install_scripts
[5.999s] Installing robot_ai script to /home/ubuntu/workspace/Velizar/robotics_v1/install/robo_cleaner_ai_py/lib/robo_cleaner_ai_py
[6.002s] writing list of installed files to '/home/ubuntu/workspace/Velizar/robotics_v1/build/robo_cleaner_ai_py/install.log'
[6.300s] Invoked command in '/home/ubuntu/workspace/Velizar/robotics_v1/src/robo_cleaner/robo_cleaner_ai_py' returned '0': AMENT_PREFIX_PATH=/home/ubuntu/workspace/Velizar/robotics_v1/install/robo_cleaner_interfaces:${AMENT_PREFIX_PATH} CMAKE_PREFIX_PATH=/home/ubuntu/workspace/Velizar/robotics_v1/install/robo_cleaner_interfaces LD_LIBRARY_PATH=/home/ubuntu/workspace/Velizar/robotics_v1/install/robo_cleaner_interfaces/lib:${LD_LIBRARY_PATH} PS1=[\u@\h \W]$(git_branch)$ PYTHONPATH=/home/ubuntu/workspace/Velizar/robotics_v1/install/robo_cleaner_ai_py/lib/python3.8/site-packages:/home/ubuntu/workspace/Velizar/robotics_v1/install/robo_cleaner_interfaces/lib/python3.8/site-packages:${PYTHONPATH} /usr/bin/python3 setup.py egg_info --egg-base ../../../build/robo_cleaner_ai_py build --build-base /home/ubuntu/workspace/Velizar/robotics_v1/build/robo_cleaner_ai_py/build install --prefix /home/ubuntu/workspace/Velizar/robotics_v1/install/robo_cleaner_ai_py --record /home/ubuntu/workspace/Velizar/robotics_v1/build/robo_cleaner_ai_py/install.log --single-version-externally-managed
