[1.750s] Invoking command in '/home/ubuntu/workspace/Velizar/robotics_v1/src/robo_builder_py': AMENT_PREFIX_PATH=/home/ubuntu/workspace/Velizar/robotics_v1/install/urscript_interfaces:${AMENT_PREFIX_PATH} CMAKE_PREFIX_PATH=/home/ubuntu/workspace/Velizar/robotics_v1/install/urscript_interfaces LD_LIBRARY_PATH=/home/ubuntu/workspace/Velizar/robotics_v1/install/urscript_interfaces/lib:${LD_LIBRARY_PATH} PS1=[\u@\h \W]$(git_branch)$ PYTHONPATH=/home/ubuntu/workspace/Velizar/robotics_v1/install/robo_builder_py/lib/python3.8/site-packages:/home/ubuntu/workspace/Velizar/robotics_v1/install/urscript_interfaces/lib/python3.8/site-packages:${PYTHONPATH} /usr/bin/python3 setup.py egg_info --egg-base ../../build/robo_builder_py build --build-base /home/ubuntu/workspace/Velizar/robotics_v1/build/robo_builder_py/build install --prefix /home/ubuntu/workspace/Velizar/robotics_v1/install/robo_builder_py --record /home/ubuntu/workspace/Velizar/robotics_v1/build/robo_builder_py/install.log --single-version-externally-managed
[2.384s] running egg_info
[2.386s] writing ../../build/robo_builder_py/robo_builder_py.egg-info/PKG-INFO
[2.388s] writing dependency_links to ../../build/robo_builder_py/robo_builder_py.egg-info/dependency_links.txt
[2.388s] writing entry points to ../../build/robo_builder_py/robo_builder_py.egg-info/entry_points.txt
[2.388s] writing requirements to ../../build/robo_builder_py/robo_builder_py.egg-info/requires.txt
[2.388s] writing top-level names to ../../build/robo_builder_py/robo_builder_py.egg-info/top_level.txt
[2.501s] reading manifest file '../../build/robo_builder_py/robo_builder_py.egg-info/SOURCES.txt'
[2.506s] writing manifest file '../../build/robo_builder_py/robo_builder_py.egg-info/SOURCES.txt'
[2.507s] running build
[2.507s] running build_py
[2.508s] copying robo_builder_py/robo_builder.py -> /home/ubuntu/workspace/Velizar/robotics_v1/build/robo_builder_py/build/lib/robo_builder_py
[2.508s] running install
[2.511s] running install_lib
[2.515s] copying /home/ubuntu/workspace/Velizar/robotics_v1/build/robo_builder_py/build/lib/robo_builder_py/robo_builder.py -> /home/ubuntu/workspace/Velizar/robotics_v1/install/robo_builder_py/lib/python3.8/site-packages/robo_builder_py
[2.517s] byte-compiling /home/ubuntu/workspace/Velizar/robotics_v1/install/robo_builder_py/lib/python3.8/site-packages/robo_builder_py/robo_builder.py to robo_builder.cpython-38.pyc
[2.529s] running install_data
[2.531s] running install_egg_info
[2.534s] removing '/home/ubuntu/workspace/Velizar/robotics_v1/install/robo_builder_py/lib/python3.8/site-packages/robo_builder_py-0.0.0-py3.8.egg-info' (and everything under it)
[2.535s] Copying ../../build/robo_builder_py/robo_builder_py.egg-info to /home/ubuntu/workspace/Velizar/robotics_v1/install/robo_builder_py/lib/python3.8/site-packages/robo_builder_py-0.0.0-py3.8.egg-info
[2.537s] running install_scripts
[2.601s] Installing robo_builder script to /home/ubuntu/workspace/Velizar/robotics_v1/install/robo_builder_py/lib/robo_builder_py
[2.603s] writing list of installed files to '/home/ubuntu/workspace/Velizar/robotics_v1/build/robo_builder_py/install.log'
[2.675s] Invoked command in '/home/ubuntu/workspace/Velizar/robotics_v1/src/robo_builder_py' returned '0': AMENT_PREFIX_PATH=/home/ubuntu/workspace/Velizar/robotics_v1/install/urscript_interfaces:${AMENT_PREFIX_PATH} CMAKE_PREFIX_PATH=/home/ubuntu/workspace/Velizar/robotics_v1/install/urscript_interfaces LD_LIBRARY_PATH=/home/ubuntu/workspace/Velizar/robotics_v1/install/urscript_interfaces/lib:${LD_LIBRARY_PATH} PS1=[\u@\h \W]$(git_branch)$ PYTHONPATH=/home/ubuntu/workspace/Velizar/robotics_v1/install/robo_builder_py/lib/python3.8/site-packages:/home/ubuntu/workspace/Velizar/robotics_v1/install/urscript_interfaces/lib/python3.8/site-packages:${PYTHONPATH} /usr/bin/python3 setup.py egg_info --egg-base ../../build/robo_builder_py build --build-base /home/ubuntu/workspace/Velizar/robotics_v1/build/robo_builder_py/build install --prefix /home/ubuntu/workspace/Velizar/robotics_v1/install/robo_builder_py --record /home/ubuntu/workspace/Velizar/robotics_v1/build/robo_builder_py/install.log --single-version-externally-managed
