[1.590s] Invoking command in '/home/ubuntu/workspace/Velizar/robotics_v1/src/robo_miner/robo_miner_ai_py': AMENT_PREFIX_PATH=/home/ubuntu/workspace/Velizar/robotics_v1/install/robo_miner_interfaces:${AMENT_PREFIX_PATH} CMAKE_PREFIX_PATH=/home/ubuntu/workspace/Velizar/robotics_v1/install/robo_miner_interfaces LD_LIBRARY_PATH=/home/ubuntu/workspace/Velizar/robotics_v1/install/robo_miner_interfaces/lib:${LD_LIBRARY_PATH} PS1=[\u@\h \W]$(git_branch)$ PYTHONPATH=/home/ubuntu/workspace/Velizar/robotics_v1/install/robo_miner_ai_py/lib/python3.8/site-packages:/home/ubuntu/workspace/Velizar/robotics_v1/install/robo_miner_interfaces/lib/python3.8/site-packages:${PYTHONPATH} /usr/bin/python3 setup.py egg_info --egg-base ../../../build/robo_miner_ai_py build --build-base /home/ubuntu/workspace/Velizar/robotics_v1/build/robo_miner_ai_py/build install --prefix /home/ubuntu/workspace/Velizar/robotics_v1/install/robo_miner_ai_py --record /home/ubuntu/workspace/Velizar/robotics_v1/build/robo_miner_ai_py/install.log --single-version-externally-managed
[2.115s] running egg_info
[2.117s] writing ../../../build/robo_miner_ai_py/robo_miner_ai_py.egg-info/PKG-INFO
[2.117s] writing dependency_links to ../../../build/robo_miner_ai_py/robo_miner_ai_py.egg-info/dependency_links.txt
[2.118s] writing entry points to ../../../build/robo_miner_ai_py/robo_miner_ai_py.egg-info/entry_points.txt
[2.118s] writing requirements to ../../../build/robo_miner_ai_py/robo_miner_ai_py.egg-info/requires.txt
[2.118s] writing top-level names to ../../../build/robo_miner_ai_py/robo_miner_ai_py.egg-info/top_level.txt
[2.223s] reading manifest file '../../../build/robo_miner_ai_py/robo_miner_ai_py.egg-info/SOURCES.txt'
[2.224s] writing manifest file '../../../build/robo_miner_ai_py/robo_miner_ai_py.egg-info/SOURCES.txt'
[2.224s] running build
[2.224s] running build_py
[2.225s] copying robo_miner_ai_py/robo_miner_ai.py -> /home/ubuntu/workspace/Velizar/robotics_v1/build/robo_miner_ai_py/build/lib/robo_miner_ai_py
[2.226s] running install
[2.228s] running install_lib
[2.230s] copying /home/ubuntu/workspace/Velizar/robotics_v1/build/robo_miner_ai_py/build/lib/robo_miner_ai_py/robo_miner_ai.py -> /home/ubuntu/workspace/Velizar/robotics_v1/install/robo_miner_ai_py/lib/python3.8/site-packages/robo_miner_ai_py
[2.231s] byte-compiling /home/ubuntu/workspace/Velizar/robotics_v1/install/robo_miner_ai_py/lib/python3.8/site-packages/robo_miner_ai_py/robo_miner_ai.py to robo_miner_ai.cpython-38.pyc
[2.247s] running install_data
[2.248s] running install_egg_info
[2.251s] removing '/home/ubuntu/workspace/Velizar/robotics_v1/install/robo_miner_ai_py/lib/python3.8/site-packages/robo_miner_ai_py-0.0.0-py3.8.egg-info' (and everything under it)
[2.252s] Copying ../../../build/robo_miner_ai_py/robo_miner_ai_py.egg-info to /home/ubuntu/workspace/Velizar/robotics_v1/install/robo_miner_ai_py/lib/python3.8/site-packages/robo_miner_ai_py-0.0.0-py3.8.egg-info
[2.254s] running install_scripts
[2.296s] Installing robot_ai script to /home/ubuntu/workspace/Velizar/robotics_v1/install/robo_miner_ai_py/lib/robo_miner_ai_py
[2.296s] writing list of installed files to '/home/ubuntu/workspace/Velizar/robotics_v1/build/robo_miner_ai_py/install.log'
[2.340s] Invoked command in '/home/ubuntu/workspace/Velizar/robotics_v1/src/robo_miner/robo_miner_ai_py' returned '0': AMENT_PREFIX_PATH=/home/ubuntu/workspace/Velizar/robotics_v1/install/robo_miner_interfaces:${AMENT_PREFIX_PATH} CMAKE_PREFIX_PATH=/home/ubuntu/workspace/Velizar/robotics_v1/install/robo_miner_interfaces LD_LIBRARY_PATH=/home/ubuntu/workspace/Velizar/robotics_v1/install/robo_miner_interfaces/lib:${LD_LIBRARY_PATH} PS1=[\u@\h \W]$(git_branch)$ PYTHONPATH=/home/ubuntu/workspace/Velizar/robotics_v1/install/robo_miner_ai_py/lib/python3.8/site-packages:/home/ubuntu/workspace/Velizar/robotics_v1/install/robo_miner_interfaces/lib/python3.8/site-packages:${PYTHONPATH} /usr/bin/python3 setup.py egg_info --egg-base ../../../build/robo_miner_ai_py build --build-base /home/ubuntu/workspace/Velizar/robotics_v1/build/robo_miner_ai_py/build install --prefix /home/ubuntu/workspace/Velizar/robotics_v1/install/robo_miner_ai_py --record /home/ubuntu/workspace/Velizar/robotics_v1/build/robo_miner_ai_py/install.log --single-version-externally-managed
