[0.047s] Invoking command in '/home/ubuntu/workspace/Velizar/robotics_v1/build/urscript_interfaces': CMAKE_PREFIX_PATH=/opt/ros/foxy PS1=[\u@\h \W]$(git_branch)$ /usr/bin/cmake /home/ubuntu/workspace/Velizar/robotics_v1/src/ur_dev/urscript/urscript_interfaces -DCMAKE_BUILD_TYPE=Debug -DCMAKE_CXX_COMPILER=/usr/bin/clang++ -DAMENT_CMAKE_SYMLINK_INSTALL=1 -DCMAKE_INSTALL_PREFIX=/home/ubuntu/workspace/Velizar/robotics_v1/install/urscript_interfaces
[0.244s] -- The C compiler identification is GNU 9.4.0
[0.544s] -- The CXX compiler identification is Clang 10.0.0
[0.561s] -- Check for working C compiler: /usr/bin/cc
[0.771s] -- Check for working C compiler: /usr/bin/cc -- works
[0.774s] -- Detecting C compiler ABI info
[0.977s] -- Detecting C compiler ABI info - done
[1.035s] -- Detecting C compile features
[1.037s] -- Detecting C compile features - done
[1.048s] -- Check for working CXX compiler: /usr/bin/clang++
[1.392s] -- Check for working CXX compiler: /usr/bin/clang++ -- works
[1.396s] -- Detecting CXX compiler ABI info
[1.760s] -- Detecting CXX compiler ABI info - done
[1.811s] -- Detecting CXX compile features
[1.814s] -- Detecting CXX compile features - done
[1.821s] -- Found ament_cmake: 0.9.9 (/opt/ros/foxy/share/ament_cmake/cmake)
[1.884s] -- Found PythonInterp: /usr/bin/python3 (found suitable version "3.8.10", minimum required is "3") 
[1.884s] -- Using PYTHON_EXECUTABLE: /usr/bin/python3
[2.365s] -- Override CMake install command with custom implementation using symlinks instead of copying resources
[2.446s] -- Found rosidl_default_generators: 1.0.1 (/opt/ros/foxy/share/rosidl_default_generators/cmake)
[2.457s] -- Using all available rosidl_typesupport_c: rosidl_typesupport_fastrtps_c;rosidl_typesupport_introspection_c
[2.480s] -- Found rosidl_adapter: 1.2.1 (/opt/ros/foxy/share/rosidl_adapter/cmake)
[2.777s] -- Found OpenSSL: /usr/lib/x86_64-linux-gnu/libcrypto.so (found version "1.1.1f")  
[2.879s] -- Found FastRTPS: /opt/ros/foxy/include  
[3.184s] -- Using all available rosidl_typesupport_cpp: rosidl_typesupport_fastrtps_cpp;rosidl_typesupport_introspection_cpp
[3.366s] -- Found PythonInterp: /usr/bin/python3 (found version "3.8.10") 
[3.691s] -- Found ament_cmake_ros: 0.9.2 (/opt/ros/foxy/share/ament_cmake_ros/cmake)
[4.025s] -- Using all available rosidl_typesupport_c: rosidl_typesupport_fastrtps_c;rosidl_typesupport_introspection_c
[4.055s] -- Using all available rosidl_typesupport_cpp: rosidl_typesupport_fastrtps_cpp;rosidl_typesupport_introspection_cpp
[4.114s] -- Found PythonInterp: /usr/bin/python3 (found suitable version "3.8.10", minimum required is "3.5") 
[4.118s] -- Found python_cmake_module: 0.8.1 (/opt/ros/foxy/share/python_cmake_module/cmake)
[4.199s] -- Found PythonLibs: /usr/lib/x86_64-linux-gnu/libpython3.8.so (found suitable version "3.8.10", minimum required is "3.5") 
[4.200s] -- Using PYTHON_EXECUTABLE: /usr/bin/python3
[4.201s] -- Using PYTHON_INCLUDE_DIRS: /usr/include/python3.8
[4.202s] -- Using PYTHON_LIBRARIES: /usr/lib/x86_64-linux-gnu/libpython3.8.so
[4.264s] -- Found PythonExtra: .so  
[4.423s] -- Configuring done
[4.543s] -- Generating done
[4.557s] -- Build files have been written to: /home/ubuntu/workspace/Velizar/robotics_v1/build/urscript_interfaces
[4.580s] Invoked command in '/home/ubuntu/workspace/Velizar/robotics_v1/build/urscript_interfaces' returned '0': CMAKE_PREFIX_PATH=/opt/ros/foxy PS1=[\u@\h \W]$(git_branch)$ /usr/bin/cmake /home/ubuntu/workspace/Velizar/robotics_v1/src/ur_dev/urscript/urscript_interfaces -DCMAKE_BUILD_TYPE=Debug -DCMAKE_CXX_COMPILER=/usr/bin/clang++ -DAMENT_CMAKE_SYMLINK_INSTALL=1 -DCMAKE_INSTALL_PREFIX=/home/ubuntu/workspace/Velizar/robotics_v1/install/urscript_interfaces
[4.582s] Invoking command in '/home/ubuntu/workspace/Velizar/robotics_v1/build/urscript_interfaces': CMAKE_PREFIX_PATH=/opt/ros/foxy PS1=[\u@\h \W]$(git_branch)$ /usr/bin/cmake --build /home/ubuntu/workspace/Velizar/robotics_v1/build/urscript_interfaces -- -j2 -l2
[4.706s] [35m[1mScanning dependencies of target urscript_interfaces__cpp[0m
[4.734s] [  3%] [34m[1mGenerating C++ code for ROS interfaces[0m
[5.517s] [  3%] Built target urscript_interfaces__cpp
[5.543s] [  6%] [34m[1mGenerating C code for ROS interfaces[0m
[6.442s] [35m[1mScanning dependencies of target urscript_interfaces__rosidl_generator_c[0m
[6.475s] [  9%] [32mBuilding C object CMakeFiles/urscript_interfaces__rosidl_generator_c.dir/rosidl_generator_c/urscript_interfaces/srv/detail/ur_script__functions.c.o[0m
[6.635s] [ 12%] [32m[1mLinking C shared library liburscript_interfaces__rosidl_generator_c.so[0m
[6.734s] [ 12%] Built target urscript_interfaces__rosidl_generator_c
[6.763s] [ 16%] [34m[1mGenerating C++ type support for eProsima Fast-RTPS[0m
[7.501s] [35m[1mScanning dependencies of target urscript_interfaces__rosidl_typesupport_fastrtps_cpp[0m
[7.566s] [ 19%] [32mBuilding CXX object CMakeFiles/urscript_interfaces__rosidl_typesupport_fastrtps_cpp.dir/rosidl_typesupport_fastrtps_cpp/urscript_interfaces/srv/detail/dds_fastrtps/ur_script__type_support.cpp.o[0m
[8.833s] [ 22%] [32m[1mLinking CXX shared library liburscript_interfaces__rosidl_typesupport_fastrtps_cpp.so[0m
[9.237s] [ 22%] Built target urscript_interfaces__rosidl_typesupport_fastrtps_cpp
[9.265s] [ 25%] [34m[1mGenerating C++ type support dispatch for ROS interfaces[0m
[9.902s] [35m[1mScanning dependencies of target urscript_interfaces__rosidl_typesupport_cpp[0m
[9.934s] [ 29%] [32mBuilding CXX object CMakeFiles/urscript_interfaces__rosidl_typesupport_cpp.dir/rosidl_typesupport_cpp/urscript_interfaces/srv/ur_script__type_support.cpp.o[0m
[10.786s] [ 32%] [32m[1mLinking CXX shared library liburscript_interfaces__rosidl_typesupport_cpp.so[0m
[11.024s] [ 32%] Built target urscript_interfaces__rosidl_typesupport_cpp
[11.050s] [ 35%] [34m[1mGenerating C introspection for ROS interfaces[0m
[11.779s] [35m[1mScanning dependencies of target urscript_interfaces__rosidl_typesupport_introspection_c[0m
[11.812s] [ 38%] [32mBuilding C object CMakeFiles/urscript_interfaces__rosidl_typesupport_introspection_c.dir/rosidl_typesupport_introspection_c/urscript_interfaces/srv/detail/ur_script__type_support.c.o[0m
[11.929s] [ 41%] [32m[1mLinking C shared library liburscript_interfaces__rosidl_typesupport_introspection_c.so[0m
[12.013s] [ 41%] Built target urscript_interfaces__rosidl_typesupport_introspection_c
[12.039s] [ 45%] [34m[1mGenerating C++ introspection for ROS interfaces[0m
[12.729s] [35m[1mScanning dependencies of target urscript_interfaces__rosidl_typesupport_introspection_cpp[0m
[12.764s] [ 48%] [32mBuilding CXX object CMakeFiles/urscript_interfaces__rosidl_typesupport_introspection_cpp.dir/rosidl_typesupport_introspection_cpp/urscript_interfaces/srv/detail/ur_script__type_support.cpp.o[0m
[13.586s] [ 51%] [32m[1mLinking CXX shared library liburscript_interfaces__rosidl_typesupport_introspection_cpp.so[0m
[13.819s] [ 51%] Built target urscript_interfaces__rosidl_typesupport_introspection_cpp
[13.844s] [ 54%] [34m[1mGenerating C type support dispatch for ROS interfaces[0m
[14.461s] [35m[1mScanning dependencies of target urscript_interfaces__rosidl_typesupport_c[0m
[14.496s] [ 58%] [32mBuilding CXX object CMakeFiles/urscript_interfaces__rosidl_typesupport_c.dir/rosidl_typesupport_c/urscript_interfaces/srv/ur_script__type_support.cpp.o[0m
[14.597s] [ 61%] [32m[1mLinking CXX shared library liburscript_interfaces__rosidl_typesupport_c.so[0m
[14.829s] [ 61%] Built target urscript_interfaces__rosidl_typesupport_c
[14.855s] [ 64%] [34m[1mGenerating C type support for eProsima Fast-RTPS[0m
[15.590s] [35m[1mScanning dependencies of target urscript_interfaces__rosidl_typesupport_fastrtps_c[0m
[15.652s] [ 67%] [32mBuilding CXX object CMakeFiles/urscript_interfaces__rosidl_typesupport_fastrtps_c.dir/rosidl_typesupport_fastrtps_c/urscript_interfaces/srv/detail/ur_script__type_support_c.cpp.o[0m
[16.780s] [ 70%] [32m[1mLinking CXX shared library liburscript_interfaces__rosidl_typesupport_fastrtps_c.so[0m
[17.169s] [ 70%] Built target urscript_interfaces__rosidl_typesupport_fastrtps_c
[17.198s] [35m[1mScanning dependencies of target urscript_interfaces[0m
[17.226s] [ 70%] Built target urscript_interfaces
[17.253s] [35m[1mScanning dependencies of target urscript_interfaces__py[0m
[17.282s] [ 74%] [34m[1mGenerating Python code for ROS interfaces[0m
[18.683s] [ 74%] Built target urscript_interfaces__py
[18.713s] [35m[1mScanning dependencies of target urscript_interfaces__python[0m
[18.783s] [ 77%] [32mBuilding C object CMakeFiles/urscript_interfaces__python.dir/rosidl_generator_py/urscript_interfaces/srv/_ur_script_s.c.o[0m
[19.159s] [ 80%] [32m[1mLinking C shared library rosidl_generator_py/urscript_interfaces/liburscript_interfaces__python.so[0m
[19.268s] [ 80%] Built target urscript_interfaces__python
[19.297s] [35m[1mScanning dependencies of target urscript_interfaces__rosidl_typesupport_c__pyext[0m
[19.366s] [ 83%] [32mBuilding C object CMakeFiles/urscript_interfaces__rosidl_typesupport_c__pyext.dir/rosidl_generator_py/urscript_interfaces/_urscript_interfaces_s.ep.rosidl_typesupport_c.c.o[0m
[19.701s] [ 87%] [32m[1mLinking C shared library rosidl_generator_py/urscript_interfaces/urscript_interfaces_s__rosidl_typesupport_c.cpython-38-x86_64-linux-gnu.so[0m
[19.805s] [ 87%] Built target urscript_interfaces__rosidl_typesupport_c__pyext
[19.833s] [35m[1mScanning dependencies of target urscript_interfaces__rosidl_typesupport_introspection_c__pyext[0m
[19.904s] [ 90%] [32mBuilding C object CMakeFiles/urscript_interfaces__rosidl_typesupport_introspection_c__pyext.dir/rosidl_generator_py/urscript_interfaces/_urscript_interfaces_s.ep.rosidl_typesupport_introspection_c.c.o[0m
[20.233s] [ 93%] [32m[1mLinking C shared library rosidl_generator_py/urscript_interfaces/urscript_interfaces_s__rosidl_typesupport_introspection_c.cpython-38-x86_64-linux-gnu.so[0m
[20.329s] [ 93%] Built target urscript_interfaces__rosidl_typesupport_introspection_c__pyext
[20.354s] [35m[1mScanning dependencies of target urscript_interfaces__rosidl_typesupport_fastrtps_c__pyext[0m
[20.424s] [ 96%] [32mBuilding C object CMakeFiles/urscript_interfaces__rosidl_typesupport_fastrtps_c__pyext.dir/rosidl_generator_py/urscript_interfaces/_urscript_interfaces_s.ep.rosidl_typesupport_fastrtps_c.c.o[0m
[20.754s] [100%] [32m[1mLinking CXX shared library rosidl_generator_py/urscript_interfaces/urscript_interfaces_s__rosidl_typesupport_fastrtps_c.cpython-38-x86_64-linux-gnu.so[0m
[21.163s] [100%] Built target urscript_interfaces__rosidl_typesupport_fastrtps_c__pyext
[21.196s] Invoked command in '/home/ubuntu/workspace/Velizar/robotics_v1/build/urscript_interfaces' returned '0': CMAKE_PREFIX_PATH=/opt/ros/foxy PS1=[\u@\h \W]$(git_branch)$ /usr/bin/cmake --build /home/ubuntu/workspace/Velizar/robotics_v1/build/urscript_interfaces -- -j2 -l2
[21.331s] Invoking command in '/home/ubuntu/workspace/Velizar/robotics_v1/build/urscript_interfaces': CMAKE_PREFIX_PATH=/opt/ros/foxy PS1=[\u@\h \W]$(git_branch)$ /usr/bin/cmake --install /home/ubuntu/workspace/Velizar/robotics_v1/build/urscript_interfaces
[21.358s] -- Install configuration: "Debug"
[21.360s] -- Execute custom install script
[21.362s] -- Symlinking: /home/ubuntu/workspace/Velizar/robotics_v1/install/urscript_interfaces/share/ament_index/resource_index/rosidl_interfaces/urscript_interfaces
[21.387s] -- Symlinking: /home/ubuntu/workspace/Velizar/robotics_v1/install/urscript_interfaces/include/urscript_interfaces/msg/rosidl_generator_c__visibility_control.h
[21.413s] -- Symlinking: /home/ubuntu/workspace/Velizar/robotics_v1/install/urscript_interfaces/include/urscript_interfaces/srv/detail/ur_script__functions.h
[21.438s] -- Symlinking: /home/ubuntu/workspace/Velizar/robotics_v1/install/urscript_interfaces/include/urscript_interfaces/srv/detail/ur_script__struct.h
[21.461s] -- Symlinking: /home/ubuntu/workspace/Velizar/robotics_v1/install/urscript_interfaces/include/urscript_interfaces/srv/detail/ur_script__type_support.h
[21.484s] -- Symlinking: /home/ubuntu/workspace/Velizar/robotics_v1/install/urscript_interfaces/include/urscript_interfaces/srv/ur_script.h
[21.509s] -- Symlinking: /home/ubuntu/workspace/Velizar/robotics_v1/install/urscript_interfaces/share/urscript_interfaces/environment/library_path.sh
[21.534s] -- Symlinking: /home/ubuntu/workspace/Velizar/robotics_v1/install/urscript_interfaces/share/urscript_interfaces/environment/library_path.dsv
[21.558s] -- Symlinking: /home/ubuntu/workspace/Velizar/robotics_v1/install/urscript_interfaces/include/urscript_interfaces/msg/rosidl_typesupport_fastrtps_c__visibility_control.h
[21.581s] -- Symlinking: /home/ubuntu/workspace/Velizar/robotics_v1/install/urscript_interfaces/include/urscript_interfaces/srv/detail/ur_script__rosidl_typesupport_fastrtps_c.h
[21.605s] -- Symlinking: /home/ubuntu/workspace/Velizar/robotics_v1/install/urscript_interfaces/lib/liburscript_interfaces__rosidl_typesupport_fastrtps_c.so
[21.642s] -- Symlinking: /home/ubuntu/workspace/Velizar/robotics_v1/install/urscript_interfaces/include/urscript_interfaces/msg/rosidl_typesupport_fastrtps_cpp__visibility_control.h
[21.665s] -- Symlinking: /home/ubuntu/workspace/Velizar/robotics_v1/install/urscript_interfaces/include/urscript_interfaces/srv/detail/ur_script__rosidl_typesupport_fastrtps_cpp.hpp
[21.696s] -- Symlinking: /home/ubuntu/workspace/Velizar/robotics_v1/install/urscript_interfaces/lib/liburscript_interfaces__rosidl_typesupport_fastrtps_cpp.so
[21.725s] -- Symlinking: /home/ubuntu/workspace/Velizar/robotics_v1/install/urscript_interfaces/include/urscript_interfaces/msg/rosidl_typesupport_introspection_c__visibility_control.h
[21.751s] -- Symlinking: /home/ubuntu/workspace/Velizar/robotics_v1/install/urscript_interfaces/include/urscript_interfaces/srv/detail/ur_script__rosidl_typesupport_introspection_c.h
[21.776s] -- Symlinking: /home/ubuntu/workspace/Velizar/robotics_v1/install/urscript_interfaces/include/urscript_interfaces/srv/detail/ur_script__builder.hpp
[21.800s] -- Symlinking: /home/ubuntu/workspace/Velizar/robotics_v1/install/urscript_interfaces/include/urscript_interfaces/srv/detail/ur_script__struct.hpp
[21.826s] -- Symlinking: /home/ubuntu/workspace/Velizar/robotics_v1/install/urscript_interfaces/include/urscript_interfaces/srv/detail/ur_script__traits.hpp
[21.849s] -- Symlinking: /home/ubuntu/workspace/Velizar/robotics_v1/install/urscript_interfaces/include/urscript_interfaces/srv/ur_script.hpp
[21.873s] -- Symlinking: /home/ubuntu/workspace/Velizar/robotics_v1/install/urscript_interfaces/include/urscript_interfaces/srv/detail/ur_script__rosidl_typesupport_introspection_cpp.hpp
[21.901s] -- Symlinking: /home/ubuntu/workspace/Velizar/robotics_v1/install/urscript_interfaces/share/urscript_interfaces/environment/pythonpath.sh
[21.930s] -- Symlinking: /home/ubuntu/workspace/Velizar/robotics_v1/install/urscript_interfaces/share/urscript_interfaces/environment/pythonpath.dsv
[21.953s] -- Symlinking: /home/ubuntu/workspace/Velizar/robotics_v1/install/urscript_interfaces/lib/python3.8/site-packages/urscript_interfaces/__init__.py
[21.977s] -- Symlinking: /home/ubuntu/workspace/Velizar/robotics_v1/install/urscript_interfaces/lib/python3.8/site-packages/urscript_interfaces/srv/__init__.py
[22.001s] -- Symlinking: /home/ubuntu/workspace/Velizar/robotics_v1/install/urscript_interfaces/lib/python3.8/site-packages/urscript_interfaces/srv/_ur_script.py
[22.027s] -- Symlinking: /home/ubuntu/workspace/Velizar/robotics_v1/install/urscript_interfaces/lib/python3.8/site-packages/urscript_interfaces/urscript_interfaces_s__rosidl_typesupport_fastrtps_c.cpython-38-x86_64-linux-gnu.so
[22.051s] -- Symlinking: /home/ubuntu/workspace/Velizar/robotics_v1/install/urscript_interfaces/lib/python3.8/site-packages/urscript_interfaces/urscript_interfaces_s__rosidl_typesupport_introspection_c.cpython-38-x86_64-linux-gnu.so
[22.075s] -- Symlinking: /home/ubuntu/workspace/Velizar/robotics_v1/install/urscript_interfaces/lib/python3.8/site-packages/urscript_interfaces/urscript_interfaces_s__rosidl_typesupport_c.cpython-38-x86_64-linux-gnu.so
[22.099s] -- Symlinking: /home/ubuntu/workspace/Velizar/robotics_v1/install/urscript_interfaces/lib/liburscript_interfaces__python.so
[22.125s] -- Symlinking: /home/ubuntu/workspace/Velizar/robotics_v1/install/urscript_interfaces/share/urscript_interfaces/srv/UrScript.idl
[22.148s] -- Symlinking: /home/ubuntu/workspace/Velizar/robotics_v1/install/urscript_interfaces/share/urscript_interfaces/srv/UrScript.srv
[22.172s] -- Symlinking: /home/ubuntu/workspace/Velizar/robotics_v1/install/urscript_interfaces/share/urscript_interfaces/srv/UrScript_Request.msg
[22.196s] -- Symlinking: /home/ubuntu/workspace/Velizar/robotics_v1/install/urscript_interfaces/share/urscript_interfaces/srv/UrScript_Response.msg
[22.222s] -- Symlinking: /home/ubuntu/workspace/Velizar/robotics_v1/install/urscript_interfaces/share/ament_index/resource_index/package_run_dependencies/urscript_interfaces
[22.247s] -- Symlinking: /home/ubuntu/workspace/Velizar/robotics_v1/install/urscript_interfaces/share/ament_index/resource_index/parent_prefix_path/urscript_interfaces
[22.270s] -- Symlinking: /home/ubuntu/workspace/Velizar/robotics_v1/install/urscript_interfaces/share/urscript_interfaces/environment/ament_prefix_path.sh
[22.294s] -- Symlinking: /home/ubuntu/workspace/Velizar/robotics_v1/install/urscript_interfaces/share/urscript_interfaces/environment/ament_prefix_path.dsv
[22.320s] -- Symlinking: /home/ubuntu/workspace/Velizar/robotics_v1/install/urscript_interfaces/share/urscript_interfaces/environment/path.sh
[22.342s] -- Symlinking: /home/ubuntu/workspace/Velizar/robotics_v1/install/urscript_interfaces/share/urscript_interfaces/environment/path.dsv
[22.365s] -- Symlinking: /home/ubuntu/workspace/Velizar/robotics_v1/install/urscript_interfaces/share/urscript_interfaces/local_setup.bash
[22.388s] -- Symlinking: /home/ubuntu/workspace/Velizar/robotics_v1/install/urscript_interfaces/share/urscript_interfaces/local_setup.sh
[22.412s] -- Symlinking: /home/ubuntu/workspace/Velizar/robotics_v1/install/urscript_interfaces/share/urscript_interfaces/local_setup.zsh
[22.436s] -- Symlinking: /home/ubuntu/workspace/Velizar/robotics_v1/install/urscript_interfaces/share/urscript_interfaces/local_setup.dsv
[22.459s] -- Symlinking: /home/ubuntu/workspace/Velizar/robotics_v1/install/urscript_interfaces/share/urscript_interfaces/package.dsv
[22.482s] -- Symlinking: /home/ubuntu/workspace/Velizar/robotics_v1/install/urscript_interfaces/share/ament_index/resource_index/packages/urscript_interfaces
[22.506s] -- Symlinking: /home/ubuntu/workspace/Velizar/robotics_v1/install/urscript_interfaces/share/urscript_interfaces/cmake/rosidl_cmake-extras.cmake
[22.532s] -- Symlinking: /home/ubuntu/workspace/Velizar/robotics_v1/install/urscript_interfaces/share/urscript_interfaces/cmake/ament_cmake_export_dependencies-extras.cmake
[22.554s] -- Symlinking: /home/ubuntu/workspace/Velizar/robotics_v1/install/urscript_interfaces/share/urscript_interfaces/cmake/ament_cmake_export_libraries-extras.cmake
[22.577s] -- Symlinking: /home/ubuntu/workspace/Velizar/robotics_v1/install/urscript_interfaces/share/urscript_interfaces/cmake/ament_cmake_export_targets-extras.cmake
[22.602s] -- Symlinking: /home/ubuntu/workspace/Velizar/robotics_v1/install/urscript_interfaces/share/urscript_interfaces/cmake/ament_cmake_export_include_directories-extras.cmake
[22.627s] -- Symlinking: /home/ubuntu/workspace/Velizar/robotics_v1/install/urscript_interfaces/share/urscript_interfaces/cmake/rosidl_cmake_export_typesupport_libraries-extras.cmake
[22.651s] -- Symlinking: /home/ubuntu/workspace/Velizar/robotics_v1/install/urscript_interfaces/share/urscript_interfaces/cmake/rosidl_cmake_export_typesupport_targets-extras.cmake
[22.674s] -- Symlinking: /home/ubuntu/workspace/Velizar/robotics_v1/install/urscript_interfaces/share/urscript_interfaces/cmake/urscript_interfacesConfig.cmake
[22.698s] -- Symlinking: /home/ubuntu/workspace/Velizar/robotics_v1/install/urscript_interfaces/share/urscript_interfaces/cmake/urscript_interfacesConfig-version.cmake
[22.724s] -- Symlinking: /home/ubuntu/workspace/Velizar/robotics_v1/install/urscript_interfaces/share/urscript_interfaces/package.xml
[22.747s] -- Installing: /home/ubuntu/workspace/Velizar/robotics_v1/install/urscript_interfaces/lib/liburscript_interfaces__rosidl_generator_c.so
[22.749s] -- Set runtime path of "/home/ubuntu/workspace/Velizar/robotics_v1/install/urscript_interfaces/lib/liburscript_interfaces__rosidl_generator_c.so" to ""
[22.749s] -- Installing: /home/ubuntu/workspace/Velizar/robotics_v1/install/urscript_interfaces/lib/liburscript_interfaces__rosidl_typesupport_introspection_c.so
[22.751s] -- Set runtime path of "/home/ubuntu/workspace/Velizar/robotics_v1/install/urscript_interfaces/lib/liburscript_interfaces__rosidl_typesupport_introspection_c.so" to ""
[22.751s] -- Installing: /home/ubuntu/workspace/Velizar/robotics_v1/install/urscript_interfaces/lib/liburscript_interfaces__rosidl_typesupport_c.so
[22.753s] -- Set runtime path of "/home/ubuntu/workspace/Velizar/robotics_v1/install/urscript_interfaces/lib/liburscript_interfaces__rosidl_typesupport_c.so" to ""
[22.753s] -- Installing: /home/ubuntu/workspace/Velizar/robotics_v1/install/urscript_interfaces/lib/liburscript_interfaces__rosidl_typesupport_introspection_cpp.so
[22.755s] -- Set runtime path of "/home/ubuntu/workspace/Velizar/robotics_v1/install/urscript_interfaces/lib/liburscript_interfaces__rosidl_typesupport_introspection_cpp.so" to ""
[22.755s] -- Installing: /home/ubuntu/workspace/Velizar/robotics_v1/install/urscript_interfaces/lib/liburscript_interfaces__rosidl_typesupport_cpp.so
[22.757s] -- Set runtime path of "/home/ubuntu/workspace/Velizar/robotics_v1/install/urscript_interfaces/lib/liburscript_interfaces__rosidl_typesupport_cpp.so" to ""
[22.831s] Compiling '/home/ubuntu/workspace/Velizar/robotics_v1/install/urscript_interfaces/lib/python3.8/site-packages/urscript_interfaces/__init__.py'...
[22.843s] -- Installing: /home/ubuntu/workspace/Velizar/robotics_v1/install/urscript_interfaces/share/urscript_interfaces/cmake/urscript_interfaces__rosidl_generator_cExport.cmake
[22.843s] -- Installing: /home/ubuntu/workspace/Velizar/robotics_v1/install/urscript_interfaces/share/urscript_interfaces/cmake/urscript_interfaces__rosidl_generator_cExport-debug.cmake
[22.845s] -- Installing: /home/ubuntu/workspace/Velizar/robotics_v1/install/urscript_interfaces/share/urscript_interfaces/cmake/urscript_interfaces__rosidl_typesupport_introspection_cExport.cmake
[22.845s] -- Installing: /home/ubuntu/workspace/Velizar/robotics_v1/install/urscript_interfaces/share/urscript_interfaces/cmake/urscript_interfaces__rosidl_typesupport_introspection_cExport-debug.cmake
[22.846s] -- Installing: /home/ubuntu/workspace/Velizar/robotics_v1/install/urscript_interfaces/share/urscript_interfaces/cmake/urscript_interfaces__rosidl_typesupport_cExport.cmake
[22.847s] -- Installing: /home/ubuntu/workspace/Velizar/robotics_v1/install/urscript_interfaces/share/urscript_interfaces/cmake/urscript_interfaces__rosidl_typesupport_cExport-debug.cmake
[22.848s] -- Installing: /home/ubuntu/workspace/Velizar/robotics_v1/install/urscript_interfaces/share/urscript_interfaces/cmake/urscript_interfaces__rosidl_generator_cppExport.cmake
[22.849s] -- Installing: /home/ubuntu/workspace/Velizar/robotics_v1/install/urscript_interfaces/share/urscript_interfaces/cmake/urscript_interfaces__rosidl_typesupport_introspection_cppExport.cmake
[22.849s] -- Installing: /home/ubuntu/workspace/Velizar/robotics_v1/install/urscript_interfaces/share/urscript_interfaces/cmake/urscript_interfaces__rosidl_typesupport_introspection_cppExport-debug.cmake
[22.850s] -- Installing: /home/ubuntu/workspace/Velizar/robotics_v1/install/urscript_interfaces/share/urscript_interfaces/cmake/urscript_interfaces__rosidl_typesupport_cppExport.cmake
[22.851s] -- Installing: /home/ubuntu/workspace/Velizar/robotics_v1/install/urscript_interfaces/share/urscript_interfaces/cmake/urscript_interfaces__rosidl_typesupport_cppExport-debug.cmake
[22.863s] Invoked command in '/home/ubuntu/workspace/Velizar/robotics_v1/build/urscript_interfaces' returned '0': CMAKE_PREFIX_PATH=/opt/ros/foxy PS1=[\u@\h \W]$(git_branch)$ /usr/bin/cmake --install /home/ubuntu/workspace/Velizar/robotics_v1/build/urscript_interfaces
