[0.049s] Invoking command in '/home/ubuntu/workspace/Velizar/robotics_v1/build/utils': CMAKE_PREFIX_PATH=/home/ubuntu/workspace/Velizar/robotics_v1/install/cmake_helpers:/opt/ros/foxy PKG_CONFIG_PATH=/home/ubuntu/workspace/Velizar/robotics_v1/install/cmake_helpers/lib/x86_64-linux-gnu/pkgconfig:/home/ubuntu/workspace/Velizar/robotics_v1/install/cmake_helpers/lib/pkgconfig PS1=[\u@\h \W]$(git_branch)$ /usr/bin/cmake --build /home/ubuntu/workspace/Velizar/robotics_v1/build/utils -- -j2 -l2
[0.206s] [100%] Built target utils
[0.236s] Invoked command in '/home/ubuntu/workspace/Velizar/robotics_v1/build/utils' returned '0': CMAKE_PREFIX_PATH=/home/ubuntu/workspace/Velizar/robotics_v1/install/cmake_helpers:/opt/ros/foxy PKG_CONFIG_PATH=/home/ubuntu/workspace/Velizar/robotics_v1/install/cmake_helpers/lib/x86_64-linux-gnu/pkgconfig:/home/ubuntu/workspace/Velizar/robotics_v1/install/cmake_helpers/lib/pkgconfig PS1=[\u@\h \W]$(git_branch)$ /usr/bin/cmake --build /home/ubuntu/workspace/Velizar/robotics_v1/build/utils -- -j2 -l2
[0.361s] Invoking command in '/home/ubuntu/workspace/Velizar/robotics_v1/build/utils': CMAKE_PREFIX_PATH=/home/ubuntu/workspace/Velizar/robotics_v1/install/cmake_helpers:/opt/ros/foxy PKG_CONFIG_PATH=/home/ubuntu/workspace/Velizar/robotics_v1/install/cmake_helpers/lib/x86_64-linux-gnu/pkgconfig:/home/ubuntu/workspace/Velizar/robotics_v1/install/cmake_helpers/lib/pkgconfig PS1=[\u@\h \W]$(git_branch)$ /usr/bin/cmake --install /home/ubuntu/workspace/Velizar/robotics_v1/build/utils
[0.386s] -- Install configuration: "Debug"
[0.386s] -- Up-to-date: /home/ubuntu/workspace/Velizar/robotics_v1/install/utils/share/utils/package.xml
[0.386s] -- Up-to-date: /home/ubuntu/workspace/Velizar/robotics_v1/install/utils/lib/utils/libutils.a
[0.387s] -- Up-to-date: /home/ubuntu/workspace/Velizar/robotics_v1/install/utils/share/ament_index/resource_index/packages/utils
[0.387s] -- Up-to-date: /home/ubuntu/workspace/Velizar/robotics_v1/install/utils/share/utils/hook/ament_prefix_path.dsv
[0.387s] -- Up-to-date: /home/ubuntu/workspace/Velizar/robotics_v1/install/utils/share/utils/hook/ros_package_path.dsv
[0.388s] -- Up-to-date: /home/ubuntu/workspace/Velizar/robotics_v1/install/utils/share/ament_index/resource_index/package_run_dependencies/utils
[0.388s] -- Up-to-date: /home/ubuntu/workspace/Velizar/robotics_v1/install/utils/share/ament_index/resource_index/parent_prefix_path/utils
[0.388s] -- Up-to-date: /home/ubuntu/workspace/Velizar/robotics_v1/install/utils/share/utils/environment/ament_prefix_path.sh
[0.389s] -- Up-to-date: /home/ubuntu/workspace/Velizar/robotics_v1/install/utils/share/utils/environment/ament_prefix_path.dsv
[0.389s] -- Up-to-date: /home/ubuntu/workspace/Velizar/robotics_v1/install/utils/share/utils/environment/path.sh
[0.389s] -- Up-to-date: /home/ubuntu/workspace/Velizar/robotics_v1/install/utils/share/utils/environment/path.dsv
[0.390s] -- Up-to-date: /home/ubuntu/workspace/Velizar/robotics_v1/install/utils/share/utils/local_setup.bash
[0.391s] -- Up-to-date: /home/ubuntu/workspace/Velizar/robotics_v1/install/utils/share/utils/local_setup.sh
[0.393s] -- Up-to-date: /home/ubuntu/workspace/Velizar/robotics_v1/install/utils/share/utils/local_setup.zsh
[0.393s] -- Up-to-date: /home/ubuntu/workspace/Velizar/robotics_v1/install/utils/share/utils/local_setup.dsv
[0.394s] -- Installing: /home/ubuntu/workspace/Velizar/robotics_v1/install/utils/share/utils/package.dsv
[0.394s] -- Up-to-date: /home/ubuntu/workspace/Velizar/robotics_v1/install/utils/share/ament_index/resource_index/packages/utils
[0.394s] -- Up-to-date: /home/ubuntu/workspace/Velizar/robotics_v1/install/utils/share/utils/cmake/utilsConfig.cmake
[0.394s] -- Up-to-date: /home/ubuntu/workspace/Velizar/robotics_v1/install/utils/share/utils/cmake/utilsConfig-version.cmake
[0.395s] -- Up-to-date: /home/ubuntu/workspace/Velizar/robotics_v1/install/utils/share/utils/package.xml
[0.395s] -- Up-to-date: /home/ubuntu/workspace/Velizar/robotics_v1/install/utils/lib/libutils.a
[0.395s] -- Up-to-date: /home/ubuntu/workspace/Velizar/robotics_v1/install/utils/include
[0.395s] -- Up-to-date: /home/ubuntu/workspace/Velizar/robotics_v1/install/utils/include/utils
[0.395s] -- Up-to-date: /home/ubuntu/workspace/Velizar/robotics_v1/install/utils/include/utils/concurrency
[0.395s] -- Up-to-date: /home/ubuntu/workspace/Velizar/robotics_v1/install/utils/include/utils/concurrency/ThreadSafeQueue.h
[0.396s] -- Up-to-date: /home/ubuntu/workspace/Velizar/robotics_v1/install/utils/include/utils/Log.h
[0.396s] -- Up-to-date: /home/ubuntu/workspace/Velizar/robotics_v1/install/utils/include/utils/ErrorCode.h
[0.396s] -- Up-to-date: /home/ubuntu/workspace/Velizar/robotics_v1/install/utils/include/utils/rng
[0.396s] -- Up-to-date: /home/ubuntu/workspace/Velizar/robotics_v1/install/utils/include/utils/rng/Rng.h
[0.396s] -- Up-to-date: /home/ubuntu/workspace/Velizar/robotics_v1/install/utils/include/utils/time
[0.397s] -- Up-to-date: /home/ubuntu/workspace/Velizar/robotics_v1/install/utils/include/utils/time/Time.h
[0.398s] -- Up-to-date: /home/ubuntu/workspace/Velizar/robotics_v1/install/utils/include/utils/drawing
[0.398s] -- Up-to-date: /home/ubuntu/workspace/Velizar/robotics_v1/install/utils/include/utils/drawing/WidgetAligner.h
[0.398s] -- Up-to-date: /home/ubuntu/workspace/Velizar/robotics_v1/install/utils/include/utils/drawing/Point.h
[0.398s] -- Up-to-date: /home/ubuntu/workspace/Velizar/robotics_v1/install/utils/include/utils/drawing/Rectangle.h
[0.398s] -- Up-to-date: /home/ubuntu/workspace/Velizar/robotics_v1/install/utils/include/utils/drawing/Margin.h
[0.399s] -- Up-to-date: /home/ubuntu/workspace/Velizar/robotics_v1/install/utils/include/utils/drawing/Color.h
[0.399s] -- Up-to-date: /home/ubuntu/workspace/Velizar/robotics_v1/install/utils/include/utils/file
[0.399s] -- Up-to-date: /home/ubuntu/workspace/Velizar/robotics_v1/install/utils/include/utils/file/IniFileParser.h
[0.399s] -- Up-to-date: /home/ubuntu/workspace/Velizar/robotics_v1/install/utils/include/utils/file_system
[0.399s] -- Up-to-date: /home/ubuntu/workspace/Velizar/robotics_v1/install/utils/include/utils/file_system/FileSystemUtils.h
[0.400s] -- Up-to-date: /home/ubuntu/workspace/Velizar/robotics_v1/install/utils/include/utils/data_type
[0.400s] -- Up-to-date: /home/ubuntu/workspace/Velizar/robotics_v1/install/utils/include/utils/data_type/StringUtils.h
[0.400s] -- Up-to-date: /home/ubuntu/workspace/Velizar/robotics_v1/install/utils/include/utils/data_type/EnumClassUtils.h
[0.400s] -- Up-to-date: /home/ubuntu/workspace/Velizar/robotics_v1/install/utils/include/utils/data_type/FloatingPointUtils.h
[0.401s] -- Up-to-date: /home/ubuntu/workspace/Velizar/robotics_v1/install/utils/include/utils/data_type/FloatingPoint.h
[0.401s] -- Up-to-date: /home/ubuntu/workspace/Velizar/robotics_v1/install/utils/include/utils/data_type/IntegerUtils.h
[0.401s] -- Up-to-date: /home/ubuntu/workspace/Velizar/robotics_v1/install/utils/include/utils/LimitValues.h
[0.401s] -- Up-to-date: /home/ubuntu/workspace/Velizar/robotics_v1/install/utils/include/utils/common
[0.401s] -- Up-to-date: /home/ubuntu/workspace/Velizar/robotics_v1/install/utils/include/utils/common/Crc.h
[0.402s] -- Up-to-date: /home/ubuntu/workspace/Velizar/robotics_v1/install/utils/include/utils/common/AutoCircularBuffer.h
[0.402s] -- Up-to-date: /home/ubuntu/workspace/Velizar/robotics_v1/install/utils/include/utils/common/CircularBuffer.h
[0.402s] -- Up-to-date: /home/ubuntu/workspace/Velizar/robotics_v1/install/utils/include/utils/common/defines
[0.402s] -- Up-to-date: /home/ubuntu/workspace/Velizar/robotics_v1/install/utils/include/utils/common/defines/SymbolNameDefines.h
[0.402s] -- Up-to-date: /home/ubuntu/workspace/Velizar/robotics_v1/install/utils/include/utils/debug
[0.403s] -- Up-to-date: /home/ubuntu/workspace/Velizar/robotics_v1/install/utils/include/utils/debug/StackTrace.h
[0.403s] -- Up-to-date: /home/ubuntu/workspace/Velizar/robotics_v1/install/utils/include/utils/debug/FunctionTracer.h
[0.403s] -- Up-to-date: /home/ubuntu/workspace/Velizar/robotics_v1/install/utils/include/utils/debug/SignalHandler.h
[0.403s] -- Up-to-date: /home/ubuntu/workspace/Velizar/robotics_v1/install/utils/include/utils/class
[0.403s] -- Up-to-date: /home/ubuntu/workspace/Velizar/robotics_v1/install/utils/include/utils/class/NonMoveable.h
[0.404s] -- Up-to-date: /home/ubuntu/workspace/Velizar/robotics_v1/install/utils/include/utils/class/NonCopyable.h
[0.404s] -- Up-to-date: /home/ubuntu/workspace/Velizar/robotics_v1/install/utils/lib/cmake/utils/utilsTargets.cmake
[0.404s] -- Up-to-date: /home/ubuntu/workspace/Velizar/robotics_v1/install/utils/lib/cmake/utils/utilsTargets-debug.cmake
[0.404s] -- Up-to-date: /home/ubuntu/workspace/Velizar/robotics_v1/install/utils/lib/cmake/utils/utilsConfig.cmake
[0.409s] Invoked command in '/home/ubuntu/workspace/Velizar/robotics_v1/build/utils' returned '0': CMAKE_PREFIX_PATH=/home/ubuntu/workspace/Velizar/robotics_v1/install/cmake_helpers:/opt/ros/foxy PKG_CONFIG_PATH=/home/ubuntu/workspace/Velizar/robotics_v1/install/cmake_helpers/lib/x86_64-linux-gnu/pkgconfig:/home/ubuntu/workspace/Velizar/robotics_v1/install/cmake_helpers/lib/pkgconfig PS1=[\u@\h \W]$(git_branch)$ /usr/bin/cmake --install /home/ubuntu/workspace/Velizar/robotics_v1/build/utils
