[0.054s] Invoking command in '/home/ubuntu/workspace/Velizar/robotics_v1/build/robo_cleaner_common': AMENT_PREFIX_PATH=/home/ubuntu/workspace/Velizar/robotics_v1/install/robo_cleaner_interfaces:${AMENT_PREFIX_PATH} CMAKE_PREFIX_PATH=/home/ubuntu/workspace/Velizar/robotics_v1/install/robo_common:/home/ubuntu/workspace/Velizar/robotics_v1/install/manager_utils:/home/ubuntu/workspace/Velizar/robotics_v1/install/sdl_utils:/home/ubuntu/workspace/Velizar/robotics_v1/install/resource_utils:/home/ubuntu/workspace/Velizar/robotics_v1/install/utils:/home/ubuntu/workspace/Velizar/robotics_v1/install/robo_cleaner_interfaces:/home/ubuntu/workspace/Velizar/robotics_v1/install/cmake_helpers:/opt/ros/foxy LD_LIBRARY_PATH=/home/ubuntu/workspace/Velizar/robotics_v1/install/robo_cleaner_interfaces/lib:${LD_LIBRARY_PATH} PKG_CONFIG_PATH=/home/ubuntu/workspace/Velizar/robotics_v1/install/robo_common/lib/x86_64-linux-gnu/pkgconfig:/home/ubuntu/workspace/Velizar/robotics_v1/install/robo_common/lib/pkgconfig:/home/ubuntu/workspace/Velizar/robotics_v1/install/manager_utils/lib/x86_64-linux-gnu/pkgconfig:/home/ubuntu/workspace/Velizar/robotics_v1/install/manager_utils/lib/pkgconfig:/home/ubuntu/workspace/Velizar/robotics_v1/install/sdl_utils/lib/x86_64-linux-gnu/pkgconfig:/home/ubuntu/workspace/Velizar/robotics_v1/install/sdl_utils/lib/pkgconfig:/home/ubuntu/workspace/Velizar/robotics_v1/install/resource_utils/lib/x86_64-linux-gnu/pkgconfig:/home/ubuntu/workspace/Velizar/robotics_v1/install/resource_utils/lib/pkgconfig:/home/ubuntu/workspace/Velizar/robotics_v1/install/utils/lib/x86_64-linux-gnu/pkgconfig:/home/ubuntu/workspace/Velizar/robotics_v1/install/utils/lib/pkgconfig:/home/ubuntu/workspace/Velizar/robotics_v1/install/cmake_helpers/lib/x86_64-linux-gnu/pkgconfig:/home/ubuntu/workspace/Velizar/robotics_v1/install/cmake_helpers/lib/pkgconfig PS1=[\u@\h \W]$(git_branch)$ PYTHONPATH=/home/ubuntu/workspace/Velizar/robotics_v1/install/robo_cleaner_interfaces/lib/python3.8/site-packages:${PYTHONPATH} /usr/bin/cmake /home/ubuntu/workspace/Velizar/robotics_v1/src/robo_cleaner/robo_cleaner_common -DCMAKE_BUILD_TYPE=Debug -DCMAKE_CXX_COMPILER=/usr/bin/clang++ -DAMENT_CMAKE_SYMLINK_INSTALL=1 -DCMAKE_INSTALL_PREFIX=/home/ubuntu/workspace/Velizar/robotics_v1/install/robo_cleaner_common
[0.370s] -- The CXX compiler identification is Clang 10.0.0
[0.397s] -- Check for working CXX compiler: /usr/bin/clang++
[0.735s] -- Check for working CXX compiler: /usr/bin/clang++ -- works
[0.739s] -- Detecting CXX compiler ABI info
[1.076s] -- Detecting CXX compiler ABI info - done
[1.125s] -- Detecting CXX compile features
[1.127s] -- Detecting CXX compile features - done
[1.132s] -- Found cmake_helpers: 1.0.0 (/home/ubuntu/workspace/Velizar/robotics_v1/install/cmake_helpers/share/cmake_helpers/cmake)
[1.145s] -- Looking for C++ include pthread.h
[1.502s] -- Looking for C++ include pthread.h - found
[1.503s] -- Performing Test CMAKE_HAVE_LIBC_PTHREAD
[1.853s] -- Performing Test CMAKE_HAVE_LIBC_PTHREAD - Failed
[1.854s] -- Looking for pthread_create in pthreads
[2.124s] -- Looking for pthread_create in pthreads - not found
[2.126s] -- Looking for pthread_create in pthread
[2.472s] -- Looking for pthread_create in pthread - found
[2.476s] -- Found Threads: TRUE  
[2.489s] -- Found robo_cleaner_interfaces: 1.0.0 (/home/ubuntu/workspace/Velizar/robotics_v1/install/robo_cleaner_interfaces/share/robo_cleaner_interfaces/cmake)
[2.556s] -- Found PythonInterp: /usr/bin/python3 (found suitable version "3.8.10", minimum required is "3") 
[2.557s] -- Using PYTHON_EXECUTABLE: /usr/bin/python3
[3.011s] -- Override CMake install command with custom implementation using symlinks instead of copying resources
[3.219s] -- Using all available rosidl_typesupport_c: rosidl_typesupport_fastrtps_c;rosidl_typesupport_introspection_c
[3.247s] -- Found rosidl_adapter: 1.2.1 (/opt/ros/foxy/share/rosidl_adapter/cmake)
[3.489s] -- Found OpenSSL: /usr/lib/x86_64-linux-gnu/libcrypto.so (found version "1.1.1f")  
[3.592s] -- Found FastRTPS: /opt/ros/foxy/include  
[3.882s] -- Using all available rosidl_typesupport_cpp: rosidl_typesupport_fastrtps_cpp;rosidl_typesupport_introspection_cpp
[4.757s] -- Configuring done
[4.790s] -- Generating done
[4.797s] -- Build files have been written to: /home/ubuntu/workspace/Velizar/robotics_v1/build/robo_cleaner_common
[4.821s] Invoked command in '/home/ubuntu/workspace/Velizar/robotics_v1/build/robo_cleaner_common' returned '0': AMENT_PREFIX_PATH=/home/ubuntu/workspace/Velizar/robotics_v1/install/robo_cleaner_interfaces:${AMENT_PREFIX_PATH} CMAKE_PREFIX_PATH=/home/ubuntu/workspace/Velizar/robotics_v1/install/robo_common:/home/ubuntu/workspace/Velizar/robotics_v1/install/manager_utils:/home/ubuntu/workspace/Velizar/robotics_v1/install/sdl_utils:/home/ubuntu/workspace/Velizar/robotics_v1/install/resource_utils:/home/ubuntu/workspace/Velizar/robotics_v1/install/utils:/home/ubuntu/workspace/Velizar/robotics_v1/install/robo_cleaner_interfaces:/home/ubuntu/workspace/Velizar/robotics_v1/install/cmake_helpers:/opt/ros/foxy LD_LIBRARY_PATH=/home/ubuntu/workspace/Velizar/robotics_v1/install/robo_cleaner_interfaces/lib:${LD_LIBRARY_PATH} PKG_CONFIG_PATH=/home/ubuntu/workspace/Velizar/robotics_v1/install/robo_common/lib/x86_64-linux-gnu/pkgconfig:/home/ubuntu/workspace/Velizar/robotics_v1/install/robo_common/lib/pkgconfig:/home/ubuntu/workspace/Velizar/robotics_v1/install/manager_utils/lib/x86_64-linux-gnu/pkgconfig:/home/ubuntu/workspace/Velizar/robotics_v1/install/manager_utils/lib/pkgconfig:/home/ubuntu/workspace/Velizar/robotics_v1/install/sdl_utils/lib/x86_64-linux-gnu/pkgconfig:/home/ubuntu/workspace/Velizar/robotics_v1/install/sdl_utils/lib/pkgconfig:/home/ubuntu/workspace/Velizar/robotics_v1/install/resource_utils/lib/x86_64-linux-gnu/pkgconfig:/home/ubuntu/workspace/Velizar/robotics_v1/install/resource_utils/lib/pkgconfig:/home/ubuntu/workspace/Velizar/robotics_v1/install/utils/lib/x86_64-linux-gnu/pkgconfig:/home/ubuntu/workspace/Velizar/robotics_v1/install/utils/lib/pkgconfig:/home/ubuntu/workspace/Velizar/robotics_v1/install/cmake_helpers/lib/x86_64-linux-gnu/pkgconfig:/home/ubuntu/workspace/Velizar/robotics_v1/install/cmake_helpers/lib/pkgconfig PS1=[\u@\h \W]$(git_branch)$ PYTHONPATH=/home/ubuntu/workspace/Velizar/robotics_v1/install/robo_cleaner_interfaces/lib/python3.8/site-packages:${PYTHONPATH} /usr/bin/cmake /home/ubuntu/workspace/Velizar/robotics_v1/src/robo_cleaner/robo_cleaner_common -DCMAKE_BUILD_TYPE=Debug -DCMAKE_CXX_COMPILER=/usr/bin/clang++ -DAMENT_CMAKE_SYMLINK_INSTALL=1 -DCMAKE_INSTALL_PREFIX=/home/ubuntu/workspace/Velizar/robotics_v1/install/robo_cleaner_common
[4.823s] Invoking command in '/home/ubuntu/workspace/Velizar/robotics_v1/build/robo_cleaner_common': AMENT_PREFIX_PATH=/home/ubuntu/workspace/Velizar/robotics_v1/install/robo_cleaner_interfaces:${AMENT_PREFIX_PATH} CMAKE_PREFIX_PATH=/home/ubuntu/workspace/Velizar/robotics_v1/install/robo_common:/home/ubuntu/workspace/Velizar/robotics_v1/install/manager_utils:/home/ubuntu/workspace/Velizar/robotics_v1/install/sdl_utils:/home/ubuntu/workspace/Velizar/robotics_v1/install/resource_utils:/home/ubuntu/workspace/Velizar/robotics_v1/install/utils:/home/ubuntu/workspace/Velizar/robotics_v1/install/robo_cleaner_interfaces:/home/ubuntu/workspace/Velizar/robotics_v1/install/cmake_helpers:/opt/ros/foxy LD_LIBRARY_PATH=/home/ubuntu/workspace/Velizar/robotics_v1/install/robo_cleaner_interfaces/lib:${LD_LIBRARY_PATH} PKG_CONFIG_PATH=/home/ubuntu/workspace/Velizar/robotics_v1/install/robo_common/lib/x86_64-linux-gnu/pkgconfig:/home/ubuntu/workspace/Velizar/robotics_v1/install/robo_common/lib/pkgconfig:/home/ubuntu/workspace/Velizar/robotics_v1/install/manager_utils/lib/x86_64-linux-gnu/pkgconfig:/home/ubuntu/workspace/Velizar/robotics_v1/install/manager_utils/lib/pkgconfig:/home/ubuntu/workspace/Velizar/robotics_v1/install/sdl_utils/lib/x86_64-linux-gnu/pkgconfig:/home/ubuntu/workspace/Velizar/robotics_v1/install/sdl_utils/lib/pkgconfig:/home/ubuntu/workspace/Velizar/robotics_v1/install/resource_utils/lib/x86_64-linux-gnu/pkgconfig:/home/ubuntu/workspace/Velizar/robotics_v1/install/resource_utils/lib/pkgconfig:/home/ubuntu/workspace/Velizar/robotics_v1/install/utils/lib/x86_64-linux-gnu/pkgconfig:/home/ubuntu/workspace/Velizar/robotics_v1/install/utils/lib/pkgconfig:/home/ubuntu/workspace/Velizar/robotics_v1/install/cmake_helpers/lib/x86_64-linux-gnu/pkgconfig:/home/ubuntu/workspace/Velizar/robotics_v1/install/cmake_helpers/lib/pkgconfig PS1=[\u@\h \W]$(git_branch)$ PYTHONPATH=/home/ubuntu/workspace/Velizar/robotics_v1/install/robo_cleaner_interfaces/lib/python3.8/site-packages:${PYTHONPATH} /usr/bin/cmake --build /home/ubuntu/workspace/Velizar/robotics_v1/build/robo_cleaner_common -- -j2 -l2
[4.943s] [35m[1mScanning dependencies of target robo_cleaner_common[0m
[4.983s] [ 33%] [32mBuilding CXX object CMakeFiles/robo_cleaner_common.dir/src/message_helpers/RoboCleanerMessageHelpers.cpp.o[0m
[6.201s] [ 66%] [32mBuilding CXX object CMakeFiles/robo_cleaner_common.dir/src/defines/RoboCleanerDefines.cpp.o[0m
[6.318s] [100%] [32m[1mLinking CXX static library librobo_cleaner_common.a[0m
[6.397s] [100%] Built target robo_cleaner_common
[6.432s] Invoked command in '/home/ubuntu/workspace/Velizar/robotics_v1/build/robo_cleaner_common' returned '0': AMENT_PREFIX_PATH=/home/ubuntu/workspace/Velizar/robotics_v1/install/robo_cleaner_interfaces:${AMENT_PREFIX_PATH} CMAKE_PREFIX_PATH=/home/ubuntu/workspace/Velizar/robotics_v1/install/robo_common:/home/ubuntu/workspace/Velizar/robotics_v1/install/manager_utils:/home/ubuntu/workspace/Velizar/robotics_v1/install/sdl_utils:/home/ubuntu/workspace/Velizar/robotics_v1/install/resource_utils:/home/ubuntu/workspace/Velizar/robotics_v1/install/utils:/home/ubuntu/workspace/Velizar/robotics_v1/install/robo_cleaner_interfaces:/home/ubuntu/workspace/Velizar/robotics_v1/install/cmake_helpers:/opt/ros/foxy LD_LIBRARY_PATH=/home/ubuntu/workspace/Velizar/robotics_v1/install/robo_cleaner_interfaces/lib:${LD_LIBRARY_PATH} PKG_CONFIG_PATH=/home/ubuntu/workspace/Velizar/robotics_v1/install/robo_common/lib/x86_64-linux-gnu/pkgconfig:/home/ubuntu/workspace/Velizar/robotics_v1/install/robo_common/lib/pkgconfig:/home/ubuntu/workspace/Velizar/robotics_v1/install/manager_utils/lib/x86_64-linux-gnu/pkgconfig:/home/ubuntu/workspace/Velizar/robotics_v1/install/manager_utils/lib/pkgconfig:/home/ubuntu/workspace/Velizar/robotics_v1/install/sdl_utils/lib/x86_64-linux-gnu/pkgconfig:/home/ubuntu/workspace/Velizar/robotics_v1/install/sdl_utils/lib/pkgconfig:/home/ubuntu/workspace/Velizar/robotics_v1/install/resource_utils/lib/x86_64-linux-gnu/pkgconfig:/home/ubuntu/workspace/Velizar/robotics_v1/install/resource_utils/lib/pkgconfig:/home/ubuntu/workspace/Velizar/robotics_v1/install/utils/lib/x86_64-linux-gnu/pkgconfig:/home/ubuntu/workspace/Velizar/robotics_v1/install/utils/lib/pkgconfig:/home/ubuntu/workspace/Velizar/robotics_v1/install/cmake_helpers/lib/x86_64-linux-gnu/pkgconfig:/home/ubuntu/workspace/Velizar/robotics_v1/install/cmake_helpers/lib/pkgconfig PS1=[\u@\h \W]$(git_branch)$ PYTHONPATH=/home/ubuntu/workspace/Velizar/robotics_v1/install/robo_cleaner_interfaces/lib/python3.8/site-packages:${PYTHONPATH} /usr/bin/cmake --build /home/ubuntu/workspace/Velizar/robotics_v1/build/robo_cleaner_common -- -j2 -l2
[6.498s] Invoking command in '/home/ubuntu/workspace/Velizar/robotics_v1/build/robo_cleaner_common': AMENT_PREFIX_PATH=/home/ubuntu/workspace/Velizar/robotics_v1/install/robo_cleaner_interfaces:${AMENT_PREFIX_PATH} CMAKE_PREFIX_PATH=/home/ubuntu/workspace/Velizar/robotics_v1/install/robo_common:/home/ubuntu/workspace/Velizar/robotics_v1/install/manager_utils:/home/ubuntu/workspace/Velizar/robotics_v1/install/sdl_utils:/home/ubuntu/workspace/Velizar/robotics_v1/install/resource_utils:/home/ubuntu/workspace/Velizar/robotics_v1/install/utils:/home/ubuntu/workspace/Velizar/robotics_v1/install/robo_cleaner_interfaces:/home/ubuntu/workspace/Velizar/robotics_v1/install/cmake_helpers:/opt/ros/foxy LD_LIBRARY_PATH=/home/ubuntu/workspace/Velizar/robotics_v1/install/robo_cleaner_interfaces/lib:${LD_LIBRARY_PATH} PKG_CONFIG_PATH=/home/ubuntu/workspace/Velizar/robotics_v1/install/robo_common/lib/x86_64-linux-gnu/pkgconfig:/home/ubuntu/workspace/Velizar/robotics_v1/install/robo_common/lib/pkgconfig:/home/ubuntu/workspace/Velizar/robotics_v1/install/manager_utils/lib/x86_64-linux-gnu/pkgconfig:/home/ubuntu/workspace/Velizar/robotics_v1/install/manager_utils/lib/pkgconfig:/home/ubuntu/workspace/Velizar/robotics_v1/install/sdl_utils/lib/x86_64-linux-gnu/pkgconfig:/home/ubuntu/workspace/Velizar/robotics_v1/install/sdl_utils/lib/pkgconfig:/home/ubuntu/workspace/Velizar/robotics_v1/install/resource_utils/lib/x86_64-linux-gnu/pkgconfig:/home/ubuntu/workspace/Velizar/robotics_v1/install/resource_utils/lib/pkgconfig:/home/ubuntu/workspace/Velizar/robotics_v1/install/utils/lib/x86_64-linux-gnu/pkgconfig:/home/ubuntu/workspace/Velizar/robotics_v1/install/utils/lib/pkgconfig:/home/ubuntu/workspace/Velizar/robotics_v1/install/cmake_helpers/lib/x86_64-linux-gnu/pkgconfig:/home/ubuntu/workspace/Velizar/robotics_v1/install/cmake_helpers/lib/pkgconfig PS1=[\u@\h \W]$(git_branch)$ PYTHONPATH=/home/ubuntu/workspace/Velizar/robotics_v1/install/robo_cleaner_interfaces/lib/python3.8/site-packages:${PYTHONPATH} /usr/bin/cmake --install /home/ubuntu/workspace/Velizar/robotics_v1/build/robo_cleaner_common
[6.529s] -- Install configuration: "Debug"
[6.531s] -- Execute custom install script
[6.532s] -- Symlinking: /home/ubuntu/workspace/Velizar/robotics_v1/install/robo_cleaner_common/share/robo_cleaner_common/package.xml
[6.557s] -- Symlinking: /home/ubuntu/workspace/Velizar/robotics_v1/install/robo_cleaner_common/lib/robo_cleaner_common/librobo_cleaner_common.a
[6.582s] -- Symlinking: /home/ubuntu/workspace/Velizar/robotics_v1/install/robo_cleaner_common/share/ament_index/resource_index/packages/robo_cleaner_common
[6.607s] -- Symlinking: /home/ubuntu/workspace/Velizar/robotics_v1/install/robo_cleaner_common/share/robo_cleaner_common/hook/ament_prefix_path.dsv
[6.637s] -- Symlinking: /home/ubuntu/workspace/Velizar/robotics_v1/install/robo_cleaner_common/share/robo_cleaner_common/hook/ros_package_path.dsv
[6.661s] -- Symlinking: /home/ubuntu/workspace/Velizar/robotics_v1/install/robo_cleaner_common/share/ament_index/resource_index/package_run_dependencies/robo_cleaner_common
[6.686s] -- Symlinking: /home/ubuntu/workspace/Velizar/robotics_v1/install/robo_cleaner_common/share/ament_index/resource_index/parent_prefix_path/robo_cleaner_common
[6.712s] -- Symlinking: /home/ubuntu/workspace/Velizar/robotics_v1/install/robo_cleaner_common/share/robo_cleaner_common/environment/ament_prefix_path.sh
[6.738s] -- Symlinking: /home/ubuntu/workspace/Velizar/robotics_v1/install/robo_cleaner_common/share/robo_cleaner_common/environment/ament_prefix_path.dsv
[6.761s] -- Symlinking: /home/ubuntu/workspace/Velizar/robotics_v1/install/robo_cleaner_common/share/robo_cleaner_common/environment/path.sh
[6.785s] -- Symlinking: /home/ubuntu/workspace/Velizar/robotics_v1/install/robo_cleaner_common/share/robo_cleaner_common/environment/path.dsv
[6.810s] -- Symlinking: /home/ubuntu/workspace/Velizar/robotics_v1/install/robo_cleaner_common/share/robo_cleaner_common/local_setup.bash
[6.837s] -- Symlinking: /home/ubuntu/workspace/Velizar/robotics_v1/install/robo_cleaner_common/share/robo_cleaner_common/local_setup.sh
[6.860s] -- Symlinking: /home/ubuntu/workspace/Velizar/robotics_v1/install/robo_cleaner_common/share/robo_cleaner_common/local_setup.zsh
[6.884s] -- Symlinking: /home/ubuntu/workspace/Velizar/robotics_v1/install/robo_cleaner_common/share/robo_cleaner_common/local_setup.dsv
[6.909s] -- Symlinking: /home/ubuntu/workspace/Velizar/robotics_v1/install/robo_cleaner_common/share/robo_cleaner_common/package.dsv
[6.938s] -- Symlinking: /home/ubuntu/workspace/Velizar/robotics_v1/install/robo_cleaner_common/share/ament_index/resource_index/packages/robo_cleaner_common
[6.962s] -- Symlinking: /home/ubuntu/workspace/Velizar/robotics_v1/install/robo_cleaner_common/share/robo_cleaner_common/cmake/robo_cleaner_commonConfig.cmake
[6.985s] -- Symlinking: /home/ubuntu/workspace/Velizar/robotics_v1/install/robo_cleaner_common/share/robo_cleaner_common/cmake/robo_cleaner_commonConfig-version.cmake
[7.011s] -- Up-to-date symlink: /home/ubuntu/workspace/Velizar/robotics_v1/install/robo_cleaner_common/share/robo_cleaner_common/package.xml
[7.014s] -- Symlinking: /home/ubuntu/workspace/Velizar/robotics_v1/install/robo_cleaner_common/include/robo_cleaner_common/defines/RoboCleanerDefines.h
[7.044s] -- Symlinking: /home/ubuntu/workspace/Velizar/robotics_v1/install/robo_cleaner_common/include/robo_cleaner_common/defines/RoboCleanerTopics.h
[7.067s] -- Symlinking: /home/ubuntu/workspace/Velizar/robotics_v1/install/robo_cleaner_common/include/robo_cleaner_common/message_helpers/RoboCleanerMessageHelpers.h
[7.093s] -- Symlinking: /home/ubuntu/workspace/Velizar/robotics_v1/install/robo_cleaner_common/lib/cmake/robo_cleaner_common/robo_cleaner_commonConfig.cmake
[7.120s] -- Installing: /home/ubuntu/workspace/Velizar/robotics_v1/install/robo_cleaner_common/lib/librobo_cleaner_common.a
[7.121s] -- Installing: /home/ubuntu/workspace/Velizar/robotics_v1/install/robo_cleaner_common/lib/cmake/robo_cleaner_common/robo_cleaner_commonTargets.cmake
[7.121s] -- Installing: /home/ubuntu/workspace/Velizar/robotics_v1/install/robo_cleaner_common/lib/cmake/robo_cleaner_common/robo_cleaner_commonTargets-debug.cmake
[7.134s] Invoked command in '/home/ubuntu/workspace/Velizar/robotics_v1/build/robo_cleaner_common' returned '0': AMENT_PREFIX_PATH=/home/ubuntu/workspace/Velizar/robotics_v1/install/robo_cleaner_interfaces:${AMENT_PREFIX_PATH} CMAKE_PREFIX_PATH=/home/ubuntu/workspace/Velizar/robotics_v1/install/robo_common:/home/ubuntu/workspace/Velizar/robotics_v1/install/manager_utils:/home/ubuntu/workspace/Velizar/robotics_v1/install/sdl_utils:/home/ubuntu/workspace/Velizar/robotics_v1/install/resource_utils:/home/ubuntu/workspace/Velizar/robotics_v1/install/utils:/home/ubuntu/workspace/Velizar/robotics_v1/install/robo_cleaner_interfaces:/home/ubuntu/workspace/Velizar/robotics_v1/install/cmake_helpers:/opt/ros/foxy LD_LIBRARY_PATH=/home/ubuntu/workspace/Velizar/robotics_v1/install/robo_cleaner_interfaces/lib:${LD_LIBRARY_PATH} PKG_CONFIG_PATH=/home/ubuntu/workspace/Velizar/robotics_v1/install/robo_common/lib/x86_64-linux-gnu/pkgconfig:/home/ubuntu/workspace/Velizar/robotics_v1/install/robo_common/lib/pkgconfig:/home/ubuntu/workspace/Velizar/robotics_v1/install/manager_utils/lib/x86_64-linux-gnu/pkgconfig:/home/ubuntu/workspace/Velizar/robotics_v1/install/manager_utils/lib/pkgconfig:/home/ubuntu/workspace/Velizar/robotics_v1/install/sdl_utils/lib/x86_64-linux-gnu/pkgconfig:/home/ubuntu/workspace/Velizar/robotics_v1/install/sdl_utils/lib/pkgconfig:/home/ubuntu/workspace/Velizar/robotics_v1/install/resource_utils/lib/x86_64-linux-gnu/pkgconfig:/home/ubuntu/workspace/Velizar/robotics_v1/install/resource_utils/lib/pkgconfig:/home/ubuntu/workspace/Velizar/robotics_v1/install/utils/lib/x86_64-linux-gnu/pkgconfig:/home/ubuntu/workspace/Velizar/robotics_v1/install/utils/lib/pkgconfig:/home/ubuntu/workspace/Velizar/robotics_v1/install/cmake_helpers/lib/x86_64-linux-gnu/pkgconfig:/home/ubuntu/workspace/Velizar/robotics_v1/install/cmake_helpers/lib/pkgconfig PS1=[\u@\h \W]$(git_branch)$ PYTHONPATH=/home/ubuntu/workspace/Velizar/robotics_v1/install/robo_cleaner_interfaces/lib/python3.8/site-packages:${PYTHONPATH} /usr/bin/cmake --install /home/ubuntu/workspace/Velizar/robotics_v1/build/robo_cleaner_common
