[1.585s] Invoking command in '/home/ubuntu/workspace/Velizar/robotics_v1/src/robo_miner/robo_miner_ai_py': AMENT_PREFIX_PATH=/home/ubuntu/workspace/Velizar/robotics_v1/install/robo_miner_interfaces:${AMENT_PREFIX_PATH} CMAKE_PREFIX_PATH=/home/ubuntu/workspace/Velizar/robotics_v1/install/robo_miner_interfaces LD_LIBRARY_PATH=/home/ubuntu/workspace/Velizar/robotics_v1/install/robo_miner_interfaces/lib:${LD_LIBRARY_PATH} PS1=[\u@\h \W]$(git_branch)$ PYTHONPATH=/home/ubuntu/workspace/Velizar/robotics_v1/install/robo_miner_ai_py/lib/python3.8/site-packages:/home/ubuntu/workspace/Velizar/robotics_v1/install/robo_miner_interfaces/lib/python3.8/site-packages:${PYTHONPATH} /usr/bin/python3 setup.py egg_info --egg-base ../../../build/robo_miner_ai_py build --build-base /home/ubuntu/workspace/Velizar/robotics_v1/build/robo_miner_ai_py/build install --prefix /home/ubuntu/workspace/Velizar/robotics_v1/install/robo_miner_ai_py --record /home/ubuntu/workspace/Velizar/robotics_v1/build/robo_miner_ai_py/install.log --single-version-externally-managed
[2.109s] running egg_info
[2.110s] writing ../../../build/robo_miner_ai_py/robo_miner_ai_py.egg-info/PKG-INFO
[2.110s] writing dependency_links to ../../../build/robo_miner_ai_py/robo_miner_ai_py.egg-info/dependency_links.txt
[2.111s] writing entry points to ../../../build/robo_miner_ai_py/robo_miner_ai_py.egg-info/entry_points.txt
[2.111s] writing requirements to ../../../build/robo_miner_ai_py/robo_miner_ai_py.egg-info/requires.txt
[2.112s] writing top-level names to ../../../build/robo_miner_ai_py/robo_miner_ai_py.egg-info/top_level.txt
[2.213s] reading manifest file '../../../build/robo_miner_ai_py/robo_miner_ai_py.egg-info/SOURCES.txt'
[2.216s] writing manifest file '../../../build/robo_miner_ai_py/robo_miner_ai_py.egg-info/SOURCES.txt'
[2.216s] running build
[2.216s] running build_py
[2.216s] copying robo_miner_ai_py/robo_miner_ai.py -> /home/ubuntu/workspace/Velizar/robotics_v1/build/robo_miner_ai_py/build/lib/robo_miner_ai_py
[2.217s] running install
[2.219s] running install_lib
[2.224s] copying /home/ubuntu/workspace/Velizar/robotics_v1/build/robo_miner_ai_py/build/lib/robo_miner_ai_py/robo_miner_ai.py -> /home/ubuntu/workspace/Velizar/robotics_v1/install/robo_miner_ai_py/lib/python3.8/site-packages/robo_miner_ai_py
[2.225s] byte-compiling /home/ubuntu/workspace/Velizar/robotics_v1/install/robo_miner_ai_py/lib/python3.8/site-packages/robo_miner_ai_py/robo_miner_ai.py to robo_miner_ai.cpython-38.pyc
[2.238s] running install_data
[2.240s] running install_egg_info
[2.243s] removing '/home/ubuntu/workspace/Velizar/robotics_v1/install/robo_miner_ai_py/lib/python3.8/site-packages/robo_miner_ai_py-0.0.0-py3.8.egg-info' (and everything under it)
[2.243s] Copying ../../../build/robo_miner_ai_py/robo_miner_ai_py.egg-info to /home/ubuntu/workspace/Velizar/robotics_v1/install/robo_miner_ai_py/lib/python3.8/site-packages/robo_miner_ai_py-0.0.0-py3.8.egg-info
[2.245s] running install_scripts
[2.285s] Installing robot_ai script to /home/ubuntu/workspace/Velizar/robotics_v1/install/robo_miner_ai_py/lib/robo_miner_ai_py
[2.286s] writing list of installed files to '/home/ubuntu/workspace/Velizar/robotics_v1/build/robo_miner_ai_py/install.log'
[2.335s] Invoked command in '/home/ubuntu/workspace/Velizar/robotics_v1/src/robo_miner/robo_miner_ai_py' returned '0': AMENT_PREFIX_PATH=/home/ubuntu/workspace/Velizar/robotics_v1/install/robo_miner_interfaces:${AMENT_PREFIX_PATH} CMAKE_PREFIX_PATH=/home/ubuntu/workspace/Velizar/robotics_v1/install/robo_miner_interfaces LD_LIBRARY_PATH=/home/ubuntu/workspace/Velizar/robotics_v1/install/robo_miner_interfaces/lib:${LD_LIBRARY_PATH} PS1=[\u@\h \W]$(git_branch)$ PYTHONPATH=/home/ubuntu/workspace/Velizar/robotics_v1/install/robo_miner_ai_py/lib/python3.8/site-packages:/home/ubuntu/workspace/Velizar/robotics_v1/install/robo_miner_interfaces/lib/python3.8/site-packages:${PYTHONPATH} /usr/bin/python3 setup.py egg_info --egg-base ../../../build/robo_miner_ai_py build --build-base /home/ubuntu/workspace/Velizar/robotics_v1/build/robo_miner_ai_py/build install --prefix /home/ubuntu/workspace/Velizar/robotics_v1/install/robo_miner_ai_py --record /home/ubuntu/workspace/Velizar/robotics_v1/build/robo_miner_ai_py/install.log --single-version-externally-managed
