[5.324s] DEBUG:colcon:Command line arguments: ['/usr/bin/colcon', 'build', '--packages-select', 'robo_collector_controller_py']
[5.325s] DEBUG:colcon:Parsed command line arguments: Namespace(allow_overriding=[], ament_cmake_args=None, base_paths=['.'], build_base='build', catkin_cmake_args=None, catkin_skip_building_tests=False, cmake_args=None, cmake_clean_cache=False, cmake_clean_first=False, cmake_force_configure=False, cmake_target=None, cmake_target_skip_unavailable=False, continue_on_error=False, event_handlers=None, executor='parallel', ignore_user_meta=False, install_base='install', log_base=None, log_level=None, main=<bound method BuildVerb.main of <colcon_core.verb.build.BuildVerb object at 0x7fc02743fd90>>, merge_install=False, metas=['./colcon.meta'], packages_above=None, packages_above_and_dependencies=None, packages_above_depth=None, packages_end=None, packages_ignore=None, packages_ignore_regex=None, packages_select=['robo_collector_controller_py'], packages_select_build_failed=False, packages_select_by_dep=None, packages_select_regex=None, packages_select_test_failures=False, packages_skip=None, packages_skip_build_finished=False, packages_skip_by_dep=None, packages_skip_regex=None, packages_skip_test_passed=False, packages_skip_up_to=None, packages_start=None, packages_up_to=None, packages_up_to_regex=None, parallel_workers=2, paths=None, symlink_install=False, test_result_base=None, verb_extension=<colcon_core.verb.build.BuildVerb object at 0x7fc02743fd90>, verb_name='build', verb_parser=<colcon_defaults.argument_parser.defaults.DefaultArgumentsDecorator object at 0x7fc027449340>)
[5.923s] Level 1:colcon.colcon_core.package_discovery:discover_packages(colcon_meta) check parameters
[5.924s] Level 1:colcon.colcon_core.package_discovery:discover_packages(recursive) check parameters
[5.925s] Level 1:colcon.colcon_core.package_discovery:discover_packages(ignore) check parameters
[5.925s] Level 1:colcon.colcon_core.package_discovery:discover_packages(path) check parameters
[5.925s] Level 1:colcon.colcon_core.package_discovery:discover_packages(colcon_meta) discover
[5.926s] Level 1:colcon.colcon_core.package_discovery:discover_packages(recursive) discover
[5.927s] INFO:colcon.colcon_core.package_discovery:Crawling recursively for packages in '/home/ubuntu/workspace/Velizar/robotics_v1'
[5.930s] Level 1:colcon.colcon_core.package_identification:_identify(.) by extensions ['ignore', 'ignore_ament_install']
[5.931s] Level 1:colcon.colcon_core.package_identification:_identify(.) by extension 'ignore'
[5.934s] Level 1:colcon.colcon_core.package_identification:_identify(.) by extension 'ignore_ament_install'
[5.935s] Level 1:colcon.colcon_core.package_identification:_identify(.) by extensions ['colcon_pkg']
[5.935s] Level 1:colcon.colcon_core.package_identification:_identify(.) by extension 'colcon_pkg'
[5.937s] Level 1:colcon.colcon_core.package_identification:_identify(.) by extensions ['colcon_meta']
[5.937s] Level 1:colcon.colcon_core.package_identification:_identify(.) by extension 'colcon_meta'
[5.939s] Level 1:colcon.colcon_core.package_identification:_identify(.) by extensions ['ros']
[5.940s] Level 1:colcon.colcon_core.package_identification:_identify(.) by extension 'ros'
[6.253s] Level 1:colcon.colcon_core.package_identification:_identify(.) by extensions ['cmake', 'python']
[6.265s] Level 1:colcon.colcon_core.package_identification:_identify(.) by extension 'cmake'
[6.269s] Level 1:colcon.colcon_core.package_identification:_identify(.) by extension 'python'
[6.270s] Level 1:colcon.colcon_core.package_identification:_identify(.) by extensions ['python_setup_py']
[6.275s] Level 1:colcon.colcon_core.package_identification:_identify(.) by extension 'python_setup_py'
[6.283s] Level 1:colcon.colcon_core.package_identification:_identify(build) by extensions ['ignore', 'ignore_ament_install']
[6.285s] Level 1:colcon.colcon_core.package_identification:_identify(build) by extension 'ignore'
[6.287s] Level 1:colcon.colcon_core.package_identification:_identify(build) ignored
[6.288s] Level 1:colcon.colcon_core.package_identification:_identify(doc) by extensions ['ignore', 'ignore_ament_install']
[6.289s] Level 1:colcon.colcon_core.package_identification:_identify(doc) by extension 'ignore'
[6.290s] Level 1:colcon.colcon_core.package_identification:_identify(doc) by extension 'ignore_ament_install'
[6.291s] Level 1:colcon.colcon_core.package_identification:_identify(doc) by extensions ['colcon_pkg']
[6.292s] Level 1:colcon.colcon_core.package_identification:_identify(doc) by extension 'colcon_pkg'
[6.292s] Level 1:colcon.colcon_core.package_identification:_identify(doc) by extensions ['colcon_meta']
[6.292s] Level 1:colcon.colcon_core.package_identification:_identify(doc) by extension 'colcon_meta'
[6.293s] Level 1:colcon.colcon_core.package_identification:_identify(doc) by extensions ['ros']
[6.293s] Level 1:colcon.colcon_core.package_identification:_identify(doc) by extension 'ros'
[6.301s] Level 1:colcon.colcon_core.package_identification:_identify(doc) by extensions ['cmake', 'python']
[6.302s] Level 1:colcon.colcon_core.package_identification:_identify(doc) by extension 'cmake'
[6.304s] Level 1:colcon.colcon_core.package_identification:_identify(doc) by extension 'python'
[6.315s] Level 1:colcon.colcon_core.package_identification:_identify(doc) by extensions ['python_setup_py']
[6.319s] Level 1:colcon.colcon_core.package_identification:_identify(doc) by extension 'python_setup_py'
[6.326s] Level 1:colcon.colcon_core.package_identification:_identify(doc/previews) by extensions ['ignore', 'ignore_ament_install']
[6.331s] Level 1:colcon.colcon_core.package_identification:_identify(doc/previews) by extension 'ignore'
[6.333s] Level 1:colcon.colcon_core.package_identification:_identify(doc/previews) by extension 'ignore_ament_install'
[6.333s] Level 1:colcon.colcon_core.package_identification:_identify(doc/previews) by extensions ['colcon_pkg']
[6.333s] Level 1:colcon.colcon_core.package_identification:_identify(doc/previews) by extension 'colcon_pkg'
[6.334s] Level 1:colcon.colcon_core.package_identification:_identify(doc/previews) by extensions ['colcon_meta']
[6.334s] Level 1:colcon.colcon_core.package_identification:_identify(doc/previews) by extension 'colcon_meta'
[6.334s] Level 1:colcon.colcon_core.package_identification:_identify(doc/previews) by extensions ['ros']
[6.335s] Level 1:colcon.colcon_core.package_identification:_identify(doc/previews) by extension 'ros'
[6.336s] Level 1:colcon.colcon_core.package_identification:_identify(doc/previews) by extensions ['cmake', 'python']
[6.336s] Level 1:colcon.colcon_core.package_identification:_identify(doc/previews) by extension 'cmake'
[6.336s] Level 1:colcon.colcon_core.package_identification:_identify(doc/previews) by extension 'python'
[6.337s] Level 1:colcon.colcon_core.package_identification:_identify(doc/previews) by extensions ['python_setup_py']
[6.337s] Level 1:colcon.colcon_core.package_identification:_identify(doc/previews) by extension 'python_setup_py'
[6.338s] Level 1:colcon.colcon_core.package_identification:_identify(install) by extensions ['ignore', 'ignore_ament_install']
[6.355s] Level 1:colcon.colcon_core.package_identification:_identify(install) by extension 'ignore'
[6.357s] Level 1:colcon.colcon_core.package_identification:_identify(install) ignored
[6.366s] Level 1:colcon.colcon_core.package_identification:_identify(log) by extensions ['ignore', 'ignore_ament_install']
[6.389s] Level 1:colcon.colcon_core.package_identification:_identify(log) by extension 'ignore'
[6.396s] Level 1:colcon.colcon_core.package_identification:_identify(log) ignored
[6.398s] Level 1:colcon.colcon_core.package_identification:_identify(screenshots) by extensions ['ignore', 'ignore_ament_install']
[6.400s] Level 1:colcon.colcon_core.package_identification:_identify(screenshots) by extension 'ignore'
[6.401s] Level 1:colcon.colcon_core.package_identification:_identify(screenshots) by extension 'ignore_ament_install'
[6.402s] Level 1:colcon.colcon_core.package_identification:_identify(screenshots) by extensions ['colcon_pkg']
[6.409s] Level 1:colcon.colcon_core.package_identification:_identify(screenshots) by extension 'colcon_pkg'
[6.411s] Level 1:colcon.colcon_core.package_identification:_identify(screenshots) by extensions ['colcon_meta']
[6.414s] Level 1:colcon.colcon_core.package_identification:_identify(screenshots) by extension 'colcon_meta'
[6.421s] Level 1:colcon.colcon_core.package_identification:_identify(screenshots) by extensions ['ros']
[6.425s] Level 1:colcon.colcon_core.package_identification:_identify(screenshots) by extension 'ros'
[6.441s] Level 1:colcon.colcon_core.package_identification:_identify(screenshots) by extensions ['cmake', 'python']
[6.442s] Level 1:colcon.colcon_core.package_identification:_identify(screenshots) by extension 'cmake'
[6.444s] Level 1:colcon.colcon_core.package_identification:_identify(screenshots) by extension 'python'
[6.447s] Level 1:colcon.colcon_core.package_identification:_identify(screenshots) by extensions ['python_setup_py']
[6.449s] Level 1:colcon.colcon_core.package_identification:_identify(screenshots) by extension 'python_setup_py'
[6.468s] Level 1:colcon.colcon_core.package_identification:_identify(scripts) by extensions ['ignore', 'ignore_ament_install']
[6.470s] Level 1:colcon.colcon_core.package_identification:_identify(scripts) by extension 'ignore'
[6.471s] Level 1:colcon.colcon_core.package_identification:_identify(scripts) by extension 'ignore_ament_install'
[6.488s] Level 1:colcon.colcon_core.package_identification:_identify(scripts) by extensions ['colcon_pkg']
[6.489s] Level 1:colcon.colcon_core.package_identification:_identify(scripts) by extension 'colcon_pkg'
[6.489s] Level 1:colcon.colcon_core.package_identification:_identify(scripts) by extensions ['colcon_meta']
[6.490s] Level 1:colcon.colcon_core.package_identification:_identify(scripts) by extension 'colcon_meta'
[6.491s] Level 1:colcon.colcon_core.package_identification:_identify(scripts) by extensions ['ros']
[6.491s] Level 1:colcon.colcon_core.package_identification:_identify(scripts) by extension 'ros'
[6.491s] Level 1:colcon.colcon_core.package_identification:_identify(scripts) by extensions ['cmake', 'python']
[6.491s] Level 1:colcon.colcon_core.package_identification:_identify(scripts) by extension 'cmake'
[6.491s] Level 1:colcon.colcon_core.package_identification:_identify(scripts) by extension 'python'
[6.491s] Level 1:colcon.colcon_core.package_identification:_identify(scripts) by extensions ['python_setup_py']
[6.492s] Level 1:colcon.colcon_core.package_identification:_identify(scripts) by extension 'python_setup_py'
[6.498s] Level 1:colcon.colcon_core.package_identification:_identify(src) by extensions ['ignore', 'ignore_ament_install']
[6.500s] Level 1:colcon.colcon_core.package_identification:_identify(src) by extension 'ignore'
[6.500s] Level 1:colcon.colcon_core.package_identification:_identify(src) by extension 'ignore_ament_install'
[6.501s] Level 1:colcon.colcon_core.package_identification:_identify(src) by extensions ['colcon_pkg']
[6.501s] Level 1:colcon.colcon_core.package_identification:_identify(src) by extension 'colcon_pkg'
[6.501s] Level 1:colcon.colcon_core.package_identification:_identify(src) by extensions ['colcon_meta']
[6.501s] Level 1:colcon.colcon_core.package_identification:_identify(src) by extension 'colcon_meta'
[6.501s] Level 1:colcon.colcon_core.package_identification:_identify(src) by extensions ['ros']
[6.501s] Level 1:colcon.colcon_core.package_identification:_identify(src) by extension 'ros'
[6.506s] Level 1:colcon.colcon_core.package_identification:_identify(src) by extensions ['cmake', 'python']
[6.506s] Level 1:colcon.colcon_core.package_identification:_identify(src) by extension 'cmake'
[6.507s] Level 1:colcon.colcon_core.package_identification:_identify(src) by extension 'python'
[6.507s] Level 1:colcon.colcon_core.package_identification:_identify(src) by extensions ['python_setup_py']
[6.507s] Level 1:colcon.colcon_core.package_identification:_identify(src) by extension 'python_setup_py'
[6.510s] Level 1:colcon.colcon_core.package_identification:_identify(src/lib) by extensions ['ignore', 'ignore_ament_install']
[6.511s] Level 1:colcon.colcon_core.package_identification:_identify(src/lib) by extension 'ignore'
[6.511s] Level 1:colcon.colcon_core.package_identification:_identify(src/lib) by extension 'ignore_ament_install'
[6.512s] Level 1:colcon.colcon_core.package_identification:_identify(src/lib) by extensions ['colcon_pkg']
[6.512s] Level 1:colcon.colcon_core.package_identification:_identify(src/lib) by extension 'colcon_pkg'
[6.512s] Level 1:colcon.colcon_core.package_identification:_identify(src/lib) by extensions ['colcon_meta']
[6.512s] Level 1:colcon.colcon_core.package_identification:_identify(src/lib) by extension 'colcon_meta'
[6.513s] Level 1:colcon.colcon_core.package_identification:_identify(src/lib) by extensions ['ros']
[6.513s] Level 1:colcon.colcon_core.package_identification:_identify(src/lib) by extension 'ros'
[6.513s] Level 1:colcon.colcon_core.package_identification:_identify(src/lib) by extensions ['cmake', 'python']
[6.513s] Level 1:colcon.colcon_core.package_identification:_identify(src/lib) by extension 'cmake'
[6.514s] Level 1:colcon.colcon_core.package_identification:_identify(src/lib) by extension 'python'
[6.514s] Level 1:colcon.colcon_core.package_identification:_identify(src/lib) by extensions ['python_setup_py']
[6.515s] Level 1:colcon.colcon_core.package_identification:_identify(src/lib) by extension 'python_setup_py'
[6.521s] Level 1:colcon.colcon_core.package_identification:_identify(src/lib/cmake_helpers) by extensions ['ignore', 'ignore_ament_install']
[6.525s] Level 1:colcon.colcon_core.package_identification:_identify(src/lib/cmake_helpers) by extension 'ignore'
[6.529s] Level 1:colcon.colcon_core.package_identification:_identify(src/lib/cmake_helpers) by extension 'ignore_ament_install'
[6.529s] Level 1:colcon.colcon_core.package_identification:_identify(src/lib/cmake_helpers) by extensions ['colcon_pkg']
[6.530s] Level 1:colcon.colcon_core.package_identification:_identify(src/lib/cmake_helpers) by extension 'colcon_pkg'
[6.533s] Level 1:colcon.colcon_core.package_identification:_identify(src/lib/cmake_helpers) by extensions ['colcon_meta']
[6.533s] Level 1:colcon.colcon_core.package_identification:_identify(src/lib/cmake_helpers) by extension 'colcon_meta'
[6.538s] Level 1:colcon.colcon_core.package_identification:_identify(src/lib/cmake_helpers) by extensions ['ros']
[6.539s] Level 1:colcon.colcon_core.package_identification:_identify(src/lib/cmake_helpers) by extension 'ros'
[6.609s] DEBUG:colcon.colcon_core.package_identification:Package 'src/lib/cmake_helpers' with type 'ros.cmake' and name 'cmake_helpers'
[6.616s] Level 1:colcon.colcon_core.package_identification:_identify(src/lib/game_engine) by extensions ['ignore', 'ignore_ament_install']
[6.621s] Level 1:colcon.colcon_core.package_identification:_identify(src/lib/game_engine) by extension 'ignore'
[6.635s] Level 1:colcon.colcon_core.package_identification:_identify(src/lib/game_engine) by extension 'ignore_ament_install'
[6.643s] Level 1:colcon.colcon_core.package_identification:_identify(src/lib/game_engine) by extensions ['colcon_pkg']
[6.644s] Level 1:colcon.colcon_core.package_identification:_identify(src/lib/game_engine) by extension 'colcon_pkg'
[6.654s] Level 1:colcon.colcon_core.package_identification:_identify(src/lib/game_engine) by extensions ['colcon_meta']
[6.656s] Level 1:colcon.colcon_core.package_identification:_identify(src/lib/game_engine) by extension 'colcon_meta'
[6.667s] Level 1:colcon.colcon_core.package_identification:_identify(src/lib/game_engine) by extensions ['ros']
[6.667s] Level 1:colcon.colcon_core.package_identification:_identify(src/lib/game_engine) by extension 'ros'
[6.684s] DEBUG:colcon.colcon_core.package_identification:Package 'src/lib/game_engine' with type 'ros.cmake' and name 'game_engine'
[6.700s] Level 1:colcon.colcon_core.package_identification:_identify(src/lib/manager_utils) by extensions ['ignore', 'ignore_ament_install']
[6.709s] Level 1:colcon.colcon_core.package_identification:_identify(src/lib/manager_utils) by extension 'ignore'
[6.712s] Level 1:colcon.colcon_core.package_identification:_identify(src/lib/manager_utils) by extension 'ignore_ament_install'
[6.712s] Level 1:colcon.colcon_core.package_identification:_identify(src/lib/manager_utils) by extensions ['colcon_pkg']
[6.712s] Level 1:colcon.colcon_core.package_identification:_identify(src/lib/manager_utils) by extension 'colcon_pkg'
[6.716s] Level 1:colcon.colcon_core.package_identification:_identify(src/lib/manager_utils) by extensions ['colcon_meta']
[6.717s] Level 1:colcon.colcon_core.package_identification:_identify(src/lib/manager_utils) by extension 'colcon_meta'
[6.719s] Level 1:colcon.colcon_core.package_identification:_identify(src/lib/manager_utils) by extensions ['ros']
[6.721s] Level 1:colcon.colcon_core.package_identification:_identify(src/lib/manager_utils) by extension 'ros'
[6.771s] DEBUG:colcon.colcon_core.package_identification:Package 'src/lib/manager_utils' with type 'ros.cmake' and name 'manager_utils'
[6.779s] Level 1:colcon.colcon_core.package_identification:_identify(src/lib/resource_utils) by extensions ['ignore', 'ignore_ament_install']
[6.780s] Level 1:colcon.colcon_core.package_identification:_identify(src/lib/resource_utils) by extension 'ignore'
[6.781s] Level 1:colcon.colcon_core.package_identification:_identify(src/lib/resource_utils) by extension 'ignore_ament_install'
[6.782s] Level 1:colcon.colcon_core.package_identification:_identify(src/lib/resource_utils) by extensions ['colcon_pkg']
[6.782s] Level 1:colcon.colcon_core.package_identification:_identify(src/lib/resource_utils) by extension 'colcon_pkg'
[6.783s] Level 1:colcon.colcon_core.package_identification:_identify(src/lib/resource_utils) by extensions ['colcon_meta']
[6.783s] Level 1:colcon.colcon_core.package_identification:_identify(src/lib/resource_utils) by extension 'colcon_meta'
[6.783s] Level 1:colcon.colcon_core.package_identification:_identify(src/lib/resource_utils) by extensions ['ros']
[6.783s] Level 1:colcon.colcon_core.package_identification:_identify(src/lib/resource_utils) by extension 'ros'
[6.796s] DEBUG:colcon.colcon_core.package_identification:Package 'src/lib/resource_utils' with type 'ros.cmake' and name 'resource_utils'
[6.798s] Level 1:colcon.colcon_core.package_identification:_identify(src/lib/ros2_game_engine) by extensions ['ignore', 'ignore_ament_install']
[6.800s] Level 1:colcon.colcon_core.package_identification:_identify(src/lib/ros2_game_engine) by extension 'ignore'
[6.801s] Level 1:colcon.colcon_core.package_identification:_identify(src/lib/ros2_game_engine) by extension 'ignore_ament_install'
[6.821s] Level 1:colcon.colcon_core.package_identification:_identify(src/lib/ros2_game_engine) by extensions ['colcon_pkg']
[6.823s] Level 1:colcon.colcon_core.package_identification:_identify(src/lib/ros2_game_engine) by extension 'colcon_pkg'
[6.824s] Level 1:colcon.colcon_core.package_identification:_identify(src/lib/ros2_game_engine) by extensions ['colcon_meta']
[6.825s] Level 1:colcon.colcon_core.package_identification:_identify(src/lib/ros2_game_engine) by extension 'colcon_meta'
[6.825s] Level 1:colcon.colcon_core.package_identification:_identify(src/lib/ros2_game_engine) by extensions ['ros']
[6.825s] Level 1:colcon.colcon_core.package_identification:_identify(src/lib/ros2_game_engine) by extension 'ros'
[6.874s] DEBUG:colcon.colcon_core.package_identification:Package 'src/lib/ros2_game_engine' with type 'ros.cmake' and name 'ros2_game_engine'
[6.876s] Level 1:colcon.colcon_core.package_identification:_identify(src/lib/sdl_utils) by extensions ['ignore', 'ignore_ament_install']
[6.877s] Level 1:colcon.colcon_core.package_identification:_identify(src/lib/sdl_utils) by extension 'ignore'
[6.878s] Level 1:colcon.colcon_core.package_identification:_identify(src/lib/sdl_utils) by extension 'ignore_ament_install'
[6.878s] Level 1:colcon.colcon_core.package_identification:_identify(src/lib/sdl_utils) by extensions ['colcon_pkg']
[6.878s] Level 1:colcon.colcon_core.package_identification:_identify(src/lib/sdl_utils) by extension 'colcon_pkg'
[6.878s] Level 1:colcon.colcon_core.package_identification:_identify(src/lib/sdl_utils) by extensions ['colcon_meta']
[6.878s] Level 1:colcon.colcon_core.package_identification:_identify(src/lib/sdl_utils) by extension 'colcon_meta'
[6.878s] Level 1:colcon.colcon_core.package_identification:_identify(src/lib/sdl_utils) by extensions ['ros']
[6.878s] Level 1:colcon.colcon_core.package_identification:_identify(src/lib/sdl_utils) by extension 'ros'
[6.887s] DEBUG:colcon.colcon_core.package_identification:Package 'src/lib/sdl_utils' with type 'ros.cmake' and name 'sdl_utils'
[6.898s] Level 1:colcon.colcon_core.package_identification:_identify(src/lib/utils) by extensions ['ignore', 'ignore_ament_install']
[6.898s] Level 1:colcon.colcon_core.package_identification:_identify(src/lib/utils) by extension 'ignore'
[6.899s] Level 1:colcon.colcon_core.package_identification:_identify(src/lib/utils) by extension 'ignore_ament_install'
[6.899s] Level 1:colcon.colcon_core.package_identification:_identify(src/lib/utils) by extensions ['colcon_pkg']
[6.899s] Level 1:colcon.colcon_core.package_identification:_identify(src/lib/utils) by extension 'colcon_pkg'
[6.899s] Level 1:colcon.colcon_core.package_identification:_identify(src/lib/utils) by extensions ['colcon_meta']
[6.899s] Level 1:colcon.colcon_core.package_identification:_identify(src/lib/utils) by extension 'colcon_meta'
[6.899s] Level 1:colcon.colcon_core.package_identification:_identify(src/lib/utils) by extensions ['ros']
[6.899s] Level 1:colcon.colcon_core.package_identification:_identify(src/lib/utils) by extension 'ros'
[6.970s] DEBUG:colcon.colcon_core.package_identification:Package 'src/lib/utils' with type 'ros.cmake' and name 'utils'
[6.973s] Level 1:colcon.colcon_core.package_identification:_identify(src/robo_cleaner) by extensions ['ignore', 'ignore_ament_install']
[6.973s] Level 1:colcon.colcon_core.package_identification:_identify(src/robo_cleaner) by extension 'ignore'
[6.974s] Level 1:colcon.colcon_core.package_identification:_identify(src/robo_cleaner) by extension 'ignore_ament_install'
[6.974s] Level 1:colcon.colcon_core.package_identification:_identify(src/robo_cleaner) by extensions ['colcon_pkg']
[6.974s] Level 1:colcon.colcon_core.package_identification:_identify(src/robo_cleaner) by extension 'colcon_pkg'
[6.974s] Level 1:colcon.colcon_core.package_identification:_identify(src/robo_cleaner) by extensions ['colcon_meta']
[6.975s] Level 1:colcon.colcon_core.package_identification:_identify(src/robo_cleaner) by extension 'colcon_meta'
[6.982s] Level 1:colcon.colcon_core.package_identification:_identify(src/robo_cleaner) by extensions ['ros']
[6.986s] Level 1:colcon.colcon_core.package_identification:_identify(src/robo_cleaner) by extension 'ros'
[6.988s] Level 1:colcon.colcon_core.package_identification:_identify(src/robo_cleaner) by extensions ['cmake', 'python']
[6.988s] Level 1:colcon.colcon_core.package_identification:_identify(src/robo_cleaner) by extension 'cmake'
[6.989s] Level 1:colcon.colcon_core.package_identification:_identify(src/robo_cleaner) by extension 'python'
[6.989s] Level 1:colcon.colcon_core.package_identification:_identify(src/robo_cleaner) by extensions ['python_setup_py']
[6.989s] Level 1:colcon.colcon_core.package_identification:_identify(src/robo_cleaner) by extension 'python_setup_py'
[6.997s] Level 1:colcon.colcon_core.package_identification:_identify(src/robo_cleaner/robo_cleaner_common) by extensions ['ignore', 'ignore_ament_install']
[7.000s] Level 1:colcon.colcon_core.package_identification:_identify(src/robo_cleaner/robo_cleaner_common) by extension 'ignore'
[7.003s] Level 1:colcon.colcon_core.package_identification:_identify(src/robo_cleaner/robo_cleaner_common) by extension 'ignore_ament_install'
[7.006s] Level 1:colcon.colcon_core.package_identification:_identify(src/robo_cleaner/robo_cleaner_common) by extensions ['colcon_pkg']
[7.007s] Level 1:colcon.colcon_core.package_identification:_identify(src/robo_cleaner/robo_cleaner_common) by extension 'colcon_pkg'
[7.008s] Level 1:colcon.colcon_core.package_identification:_identify(src/robo_cleaner/robo_cleaner_common) by extensions ['colcon_meta']
[7.008s] Level 1:colcon.colcon_core.package_identification:_identify(src/robo_cleaner/robo_cleaner_common) by extension 'colcon_meta'
[7.009s] Level 1:colcon.colcon_core.package_identification:_identify(src/robo_cleaner/robo_cleaner_common) by extensions ['ros']
[7.009s] Level 1:colcon.colcon_core.package_identification:_identify(src/robo_cleaner/robo_cleaner_common) by extension 'ros'
[7.050s] DEBUG:colcon.colcon_core.package_identification:Package 'src/robo_cleaner/robo_cleaner_common' with type 'ros.ament_cmake' and name 'robo_cleaner_common'
[7.056s] Level 1:colcon.colcon_core.package_identification:_identify(src/robo_cleaner/robo_cleaner_gui) by extensions ['ignore', 'ignore_ament_install']
[7.056s] Level 1:colcon.colcon_core.package_identification:_identify(src/robo_cleaner/robo_cleaner_gui) by extension 'ignore'
[7.056s] Level 1:colcon.colcon_core.package_identification:_identify(src/robo_cleaner/robo_cleaner_gui) by extension 'ignore_ament_install'
[7.056s] Level 1:colcon.colcon_core.package_identification:_identify(src/robo_cleaner/robo_cleaner_gui) by extensions ['colcon_pkg']
[7.057s] Level 1:colcon.colcon_core.package_identification:_identify(src/robo_cleaner/robo_cleaner_gui) by extension 'colcon_pkg'
[7.057s] Level 1:colcon.colcon_core.package_identification:_identify(src/robo_cleaner/robo_cleaner_gui) by extensions ['colcon_meta']
[7.057s] Level 1:colcon.colcon_core.package_identification:_identify(src/robo_cleaner/robo_cleaner_gui) by extension 'colcon_meta'
[7.057s] Level 1:colcon.colcon_core.package_identification:_identify(src/robo_cleaner/robo_cleaner_gui) by extensions ['ros']
[7.057s] Level 1:colcon.colcon_core.package_identification:_identify(src/robo_cleaner/robo_cleaner_gui) by extension 'ros'
[7.120s] DEBUG:colcon.colcon_core.package_identification:Package 'src/robo_cleaner/robo_cleaner_gui' with type 'ros.ament_cmake' and name 'robo_cleaner_gui'
[7.123s] Level 1:colcon.colcon_core.package_identification:_identify(src/robo_cleaner/robo_cleaner_interfaces) by extensions ['ignore', 'ignore_ament_install']
[7.123s] Level 1:colcon.colcon_core.package_identification:_identify(src/robo_cleaner/robo_cleaner_interfaces) by extension 'ignore'
[7.123s] Level 1:colcon.colcon_core.package_identification:_identify(src/robo_cleaner/robo_cleaner_interfaces) by extension 'ignore_ament_install'
[7.123s] Level 1:colcon.colcon_core.package_identification:_identify(src/robo_cleaner/robo_cleaner_interfaces) by extensions ['colcon_pkg']
[7.123s] Level 1:colcon.colcon_core.package_identification:_identify(src/robo_cleaner/robo_cleaner_interfaces) by extension 'colcon_pkg'
[7.123s] Level 1:colcon.colcon_core.package_identification:_identify(src/robo_cleaner/robo_cleaner_interfaces) by extensions ['colcon_meta']
[7.123s] Level 1:colcon.colcon_core.package_identification:_identify(src/robo_cleaner/robo_cleaner_interfaces) by extension 'colcon_meta'
[7.124s] Level 1:colcon.colcon_core.package_identification:_identify(src/robo_cleaner/robo_cleaner_interfaces) by extensions ['ros']
[7.124s] Level 1:colcon.colcon_core.package_identification:_identify(src/robo_cleaner/robo_cleaner_interfaces) by extension 'ros'
[7.128s] DEBUG:colcon.colcon_core.package_identification:Package 'src/robo_cleaner/robo_cleaner_interfaces' with type 'ros.ament_cmake' and name 'robo_cleaner_interfaces'
[7.130s] Level 1:colcon.colcon_core.package_identification:_identify(src/robo_collector) by extensions ['ignore', 'ignore_ament_install']
[7.133s] Level 1:colcon.colcon_core.package_identification:_identify(src/robo_collector) by extension 'ignore'
[7.133s] Level 1:colcon.colcon_core.package_identification:_identify(src/robo_collector) by extension 'ignore_ament_install'
[7.139s] Level 1:colcon.colcon_core.package_identification:_identify(src/robo_collector) by extensions ['colcon_pkg']
[7.140s] Level 1:colcon.colcon_core.package_identification:_identify(src/robo_collector) by extension 'colcon_pkg'
[7.151s] Level 1:colcon.colcon_core.package_identification:_identify(src/robo_collector) by extensions ['colcon_meta']
[7.153s] Level 1:colcon.colcon_core.package_identification:_identify(src/robo_collector) by extension 'colcon_meta'
[7.155s] Level 1:colcon.colcon_core.package_identification:_identify(src/robo_collector) by extensions ['ros']
[7.156s] Level 1:colcon.colcon_core.package_identification:_identify(src/robo_collector) by extension 'ros'
[7.157s] Level 1:colcon.colcon_core.package_identification:_identify(src/robo_collector) by extensions ['cmake', 'python']
[7.157s] Level 1:colcon.colcon_core.package_identification:_identify(src/robo_collector) by extension 'cmake'
[7.157s] Level 1:colcon.colcon_core.package_identification:_identify(src/robo_collector) by extension 'python'
[7.158s] Level 1:colcon.colcon_core.package_identification:_identify(src/robo_collector) by extensions ['python_setup_py']
[7.160s] Level 1:colcon.colcon_core.package_identification:_identify(src/robo_collector) by extension 'python_setup_py'
[7.166s] Level 1:colcon.colcon_core.package_identification:_identify(src/robo_collector/robo_collector_common) by extensions ['ignore', 'ignore_ament_install']
[7.167s] Level 1:colcon.colcon_core.package_identification:_identify(src/robo_collector/robo_collector_common) by extension 'ignore'
[7.168s] Level 1:colcon.colcon_core.package_identification:_identify(src/robo_collector/robo_collector_common) by extension 'ignore_ament_install'
[7.177s] Level 1:colcon.colcon_core.package_identification:_identify(src/robo_collector/robo_collector_common) by extensions ['colcon_pkg']
[7.178s] Level 1:colcon.colcon_core.package_identification:_identify(src/robo_collector/robo_collector_common) by extension 'colcon_pkg'
[7.191s] Level 1:colcon.colcon_core.package_identification:_identify(src/robo_collector/robo_collector_common) by extensions ['colcon_meta']
[7.195s] Level 1:colcon.colcon_core.package_identification:_identify(src/robo_collector/robo_collector_common) by extension 'colcon_meta'
[7.195s] Level 1:colcon.colcon_core.package_identification:_identify(src/robo_collector/robo_collector_common) by extensions ['ros']
[7.195s] Level 1:colcon.colcon_core.package_identification:_identify(src/robo_collector/robo_collector_common) by extension 'ros'
[7.211s] DEBUG:colcon.colcon_core.package_identification:Package 'src/robo_collector/robo_collector_common' with type 'ros.ament_cmake' and name 'robo_collector_common'
[7.213s] Level 1:colcon.colcon_core.package_identification:_identify(src/robo_collector/robo_collector_controller) by extensions ['ignore', 'ignore_ament_install']
[7.218s] Level 1:colcon.colcon_core.package_identification:_identify(src/robo_collector/robo_collector_controller) by extension 'ignore'
[7.225s] Level 1:colcon.colcon_core.package_identification:_identify(src/robo_collector/robo_collector_controller) by extension 'ignore_ament_install'
[7.233s] Level 1:colcon.colcon_core.package_identification:_identify(src/robo_collector/robo_collector_controller) by extensions ['colcon_pkg']
[7.238s] Level 1:colcon.colcon_core.package_identification:_identify(src/robo_collector/robo_collector_controller) by extension 'colcon_pkg'
[7.240s] Level 1:colcon.colcon_core.package_identification:_identify(src/robo_collector/robo_collector_controller) by extensions ['colcon_meta']
[7.242s] Level 1:colcon.colcon_core.package_identification:_identify(src/robo_collector/robo_collector_controller) by extension 'colcon_meta'
[7.243s] Level 1:colcon.colcon_core.package_identification:_identify(src/robo_collector/robo_collector_controller) by extensions ['ros']
[7.243s] Level 1:colcon.colcon_core.package_identification:_identify(src/robo_collector/robo_collector_controller) by extension 'ros'
[7.456s] DEBUG:colcon.colcon_core.package_identification:Package 'src/robo_collector/robo_collector_controller' with type 'ros.ament_cmake' and name 'robo_collector_controller'
[7.460s] Level 1:colcon.colcon_core.package_identification:_identify(src/robo_collector/robo_collector_controller_py) by extensions ['ignore', 'ignore_ament_install']
[7.463s] Level 1:colcon.colcon_core.package_identification:_identify(src/robo_collector/robo_collector_controller_py) by extension 'ignore'
[7.464s] Level 1:colcon.colcon_core.package_identification:_identify(src/robo_collector/robo_collector_controller_py) by extension 'ignore_ament_install'
[7.465s] Level 1:colcon.colcon_core.package_identification:_identify(src/robo_collector/robo_collector_controller_py) by extensions ['colcon_pkg']
[7.465s] Level 1:colcon.colcon_core.package_identification:_identify(src/robo_collector/robo_collector_controller_py) by extension 'colcon_pkg'
[7.466s] Level 1:colcon.colcon_core.package_identification:_identify(src/robo_collector/robo_collector_controller_py) by extensions ['colcon_meta']
[7.467s] Level 1:colcon.colcon_core.package_identification:_identify(src/robo_collector/robo_collector_controller_py) by extension 'colcon_meta'
[7.467s] Level 1:colcon.colcon_core.package_identification:_identify(src/robo_collector/robo_collector_controller_py) by extensions ['ros']
[7.468s] Level 1:colcon.colcon_core.package_identification:_identify(src/robo_collector/robo_collector_controller_py) by extension 'ros'
[7.499s] DEBUG:colcon.colcon_core.package_identification:Package 'src/robo_collector/robo_collector_controller_py' with type 'ros.ament_python' and name 'robo_collector_controller_py'
[7.505s] Level 1:colcon.colcon_core.package_identification:_identify(src/robo_collector/robo_collector_gui) by extensions ['ignore', 'ignore_ament_install']
[7.506s] Level 1:colcon.colcon_core.package_identification:_identify(src/robo_collector/robo_collector_gui) by extension 'ignore'
[7.508s] Level 1:colcon.colcon_core.package_identification:_identify(src/robo_collector/robo_collector_gui) by extension 'ignore_ament_install'
[7.509s] Level 1:colcon.colcon_core.package_identification:_identify(src/robo_collector/robo_collector_gui) by extensions ['colcon_pkg']
[7.510s] Level 1:colcon.colcon_core.package_identification:_identify(src/robo_collector/robo_collector_gui) by extension 'colcon_pkg'
[7.511s] Level 1:colcon.colcon_core.package_identification:_identify(src/robo_collector/robo_collector_gui) by extensions ['colcon_meta']
[7.511s] Level 1:colcon.colcon_core.package_identification:_identify(src/robo_collector/robo_collector_gui) by extension 'colcon_meta'
[7.511s] Level 1:colcon.colcon_core.package_identification:_identify(src/robo_collector/robo_collector_gui) by extensions ['ros']
[7.512s] Level 1:colcon.colcon_core.package_identification:_identify(src/robo_collector/robo_collector_gui) by extension 'ros'
[7.549s] DEBUG:colcon.colcon_core.package_identification:Package 'src/robo_collector/robo_collector_gui' with type 'ros.ament_cmake' and name 'robo_collector_gui'
[7.555s] Level 1:colcon.colcon_core.package_identification:_identify(src/robo_collector/robo_collector_interfaces) by extensions ['ignore', 'ignore_ament_install']
[7.557s] Level 1:colcon.colcon_core.package_identification:_identify(src/robo_collector/robo_collector_interfaces) by extension 'ignore'
[7.571s] Level 1:colcon.colcon_core.package_identification:_identify(src/robo_collector/robo_collector_interfaces) by extension 'ignore_ament_install'
[7.585s] Level 1:colcon.colcon_core.package_identification:_identify(src/robo_collector/robo_collector_interfaces) by extensions ['colcon_pkg']
[7.589s] Level 1:colcon.colcon_core.package_identification:_identify(src/robo_collector/robo_collector_interfaces) by extension 'colcon_pkg'
[7.590s] Level 1:colcon.colcon_core.package_identification:_identify(src/robo_collector/robo_collector_interfaces) by extensions ['colcon_meta']
[7.590s] Level 1:colcon.colcon_core.package_identification:_identify(src/robo_collector/robo_collector_interfaces) by extension 'colcon_meta'
[7.590s] Level 1:colcon.colcon_core.package_identification:_identify(src/robo_collector/robo_collector_interfaces) by extensions ['ros']
[7.590s] Level 1:colcon.colcon_core.package_identification:_identify(src/robo_collector/robo_collector_interfaces) by extension 'ros'
[7.596s] DEBUG:colcon.colcon_core.package_identification:Package 'src/robo_collector/robo_collector_interfaces' with type 'ros.ament_cmake' and name 'robo_collector_interfaces'
[7.602s] Level 1:colcon.colcon_core.package_identification:_identify(src/robo_common) by extensions ['ignore', 'ignore_ament_install']
[7.605s] Level 1:colcon.colcon_core.package_identification:_identify(src/robo_common) by extension 'ignore'
[7.606s] Level 1:colcon.colcon_core.package_identification:_identify(src/robo_common) by extension 'ignore_ament_install'
[7.606s] Level 1:colcon.colcon_core.package_identification:_identify(src/robo_common) by extensions ['colcon_pkg']
[7.606s] Level 1:colcon.colcon_core.package_identification:_identify(src/robo_common) by extension 'colcon_pkg'
[7.606s] Level 1:colcon.colcon_core.package_identification:_identify(src/robo_common) by extensions ['colcon_meta']
[7.607s] Level 1:colcon.colcon_core.package_identification:_identify(src/robo_common) by extension 'colcon_meta'
[7.607s] Level 1:colcon.colcon_core.package_identification:_identify(src/robo_common) by extensions ['ros']
[7.607s] Level 1:colcon.colcon_core.package_identification:_identify(src/robo_common) by extension 'ros'
[7.625s] DEBUG:colcon.colcon_core.package_identification:Package 'src/robo_common' with type 'ros.cmake' and name 'robo_common'
[7.631s] Level 1:colcon.colcon_core.package_identification:_identify(src/robo_miner) by extensions ['ignore', 'ignore_ament_install']
[7.639s] Level 1:colcon.colcon_core.package_identification:_identify(src/robo_miner) by extension 'ignore'
[7.640s] Level 1:colcon.colcon_core.package_identification:_identify(src/robo_miner) by extension 'ignore_ament_install'
[7.651s] Level 1:colcon.colcon_core.package_identification:_identify(src/robo_miner) by extensions ['colcon_pkg']
[7.651s] Level 1:colcon.colcon_core.package_identification:_identify(src/robo_miner) by extension 'colcon_pkg'
[7.652s] Level 1:colcon.colcon_core.package_identification:_identify(src/robo_miner) by extensions ['colcon_meta']
[7.658s] Level 1:colcon.colcon_core.package_identification:_identify(src/robo_miner) by extension 'colcon_meta'
[7.660s] Level 1:colcon.colcon_core.package_identification:_identify(src/robo_miner) by extensions ['ros']
[7.661s] Level 1:colcon.colcon_core.package_identification:_identify(src/robo_miner) by extension 'ros'
[7.662s] Level 1:colcon.colcon_core.package_identification:_identify(src/robo_miner) by extensions ['cmake', 'python']
[7.668s] Level 1:colcon.colcon_core.package_identification:_identify(src/robo_miner) by extension 'cmake'
[7.672s] Level 1:colcon.colcon_core.package_identification:_identify(src/robo_miner) by extension 'python'
[7.675s] Level 1:colcon.colcon_core.package_identification:_identify(src/robo_miner) by extensions ['python_setup_py']
[7.676s] Level 1:colcon.colcon_core.package_identification:_identify(src/robo_miner) by extension 'python_setup_py'
[7.681s] Level 1:colcon.colcon_core.package_identification:_identify(src/robo_miner/robo_miner_common) by extensions ['ignore', 'ignore_ament_install']
[7.683s] Level 1:colcon.colcon_core.package_identification:_identify(src/robo_miner/robo_miner_common) by extension 'ignore'
[7.684s] Level 1:colcon.colcon_core.package_identification:_identify(src/robo_miner/robo_miner_common) by extension 'ignore_ament_install'
[7.684s] Level 1:colcon.colcon_core.package_identification:_identify(src/robo_miner/robo_miner_common) by extensions ['colcon_pkg']
[7.684s] Level 1:colcon.colcon_core.package_identification:_identify(src/robo_miner/robo_miner_common) by extension 'colcon_pkg'
[7.685s] Level 1:colcon.colcon_core.package_identification:_identify(src/robo_miner/robo_miner_common) by extensions ['colcon_meta']
[7.685s] Level 1:colcon.colcon_core.package_identification:_identify(src/robo_miner/robo_miner_common) by extension 'colcon_meta'
[7.686s] Level 1:colcon.colcon_core.package_identification:_identify(src/robo_miner/robo_miner_common) by extensions ['ros']
[7.686s] Level 1:colcon.colcon_core.package_identification:_identify(src/robo_miner/robo_miner_common) by extension 'ros'
[7.744s] DEBUG:colcon.colcon_core.package_identification:Package 'src/robo_miner/robo_miner_common' with type 'ros.ament_cmake' and name 'robo_miner_common'
[7.750s] Level 1:colcon.colcon_core.package_identification:_identify(src/robo_miner/robo_miner_gui) by extensions ['ignore', 'ignore_ament_install']
[7.752s] Level 1:colcon.colcon_core.package_identification:_identify(src/robo_miner/robo_miner_gui) by extension 'ignore'
[7.754s] Level 1:colcon.colcon_core.package_identification:_identify(src/robo_miner/robo_miner_gui) by extension 'ignore_ament_install'
[7.755s] Level 1:colcon.colcon_core.package_identification:_identify(src/robo_miner/robo_miner_gui) by extensions ['colcon_pkg']
[7.755s] Level 1:colcon.colcon_core.package_identification:_identify(src/robo_miner/robo_miner_gui) by extension 'colcon_pkg'
[7.760s] Level 1:colcon.colcon_core.package_identification:_identify(src/robo_miner/robo_miner_gui) by extensions ['colcon_meta']
[7.764s] Level 1:colcon.colcon_core.package_identification:_identify(src/robo_miner/robo_miner_gui) by extension 'colcon_meta'
[7.768s] Level 1:colcon.colcon_core.package_identification:_identify(src/robo_miner/robo_miner_gui) by extensions ['ros']
[7.773s] Level 1:colcon.colcon_core.package_identification:_identify(src/robo_miner/robo_miner_gui) by extension 'ros'
[7.796s] DEBUG:colcon.colcon_core.package_identification:Package 'src/robo_miner/robo_miner_gui' with type 'ros.ament_cmake' and name 'robo_miner_gui'
[7.815s] Level 1:colcon.colcon_core.package_identification:_identify(src/robo_miner/robo_miner_interfaces) by extensions ['ignore', 'ignore_ament_install']
[7.824s] Level 1:colcon.colcon_core.package_identification:_identify(src/robo_miner/robo_miner_interfaces) by extension 'ignore'
[7.827s] Level 1:colcon.colcon_core.package_identification:_identify(src/robo_miner/robo_miner_interfaces) by extension 'ignore_ament_install'
[7.830s] Level 1:colcon.colcon_core.package_identification:_identify(src/robo_miner/robo_miner_interfaces) by extensions ['colcon_pkg']
[7.831s] Level 1:colcon.colcon_core.package_identification:_identify(src/robo_miner/robo_miner_interfaces) by extension 'colcon_pkg'
[7.832s] Level 1:colcon.colcon_core.package_identification:_identify(src/robo_miner/robo_miner_interfaces) by extensions ['colcon_meta']
[7.832s] Level 1:colcon.colcon_core.package_identification:_identify(src/robo_miner/robo_miner_interfaces) by extension 'colcon_meta'
[7.832s] Level 1:colcon.colcon_core.package_identification:_identify(src/robo_miner/robo_miner_interfaces) by extensions ['ros']
[7.832s] Level 1:colcon.colcon_core.package_identification:_identify(src/robo_miner/robo_miner_interfaces) by extension 'ros'
[7.843s] DEBUG:colcon.colcon_core.package_identification:Package 'src/robo_miner/robo_miner_interfaces' with type 'ros.ament_cmake' and name 'robo_miner_interfaces'
[7.844s] Level 1:colcon.colcon_core.package_identification:_identify(src/tools) by extensions ['ignore', 'ignore_ament_install']
[7.847s] Level 1:colcon.colcon_core.package_identification:_identify(src/tools) by extension 'ignore'
[7.848s] Level 1:colcon.colcon_core.package_identification:_identify(src/tools) by extension 'ignore_ament_install'
[7.850s] Level 1:colcon.colcon_core.package_identification:_identify(src/tools) by extensions ['colcon_pkg']
[7.854s] Level 1:colcon.colcon_core.package_identification:_identify(src/tools) by extension 'colcon_pkg'
[7.866s] Level 1:colcon.colcon_core.package_identification:_identify(src/tools) by extensions ['colcon_meta']
[7.867s] Level 1:colcon.colcon_core.package_identification:_identify(src/tools) by extension 'colcon_meta'
[7.876s] Level 1:colcon.colcon_core.package_identification:_identify(src/tools) by extensions ['ros']
[7.879s] Level 1:colcon.colcon_core.package_identification:_identify(src/tools) by extension 'ros'
[7.883s] Level 1:colcon.colcon_core.package_identification:_identify(src/tools) by extensions ['cmake', 'python']
[7.887s] Level 1:colcon.colcon_core.package_identification:_identify(src/tools) by extension 'cmake'
[7.887s] Level 1:colcon.colcon_core.package_identification:_identify(src/tools) by extension 'python'
[7.895s] Level 1:colcon.colcon_core.package_identification:_identify(src/tools) by extensions ['python_setup_py']
[7.896s] Level 1:colcon.colcon_core.package_identification:_identify(src/tools) by extension 'python_setup_py'
[7.927s] Level 1:colcon.colcon_core.package_identification:_identify(src/tools/resource_builder) by extensions ['ignore', 'ignore_ament_install']
[7.927s] Level 1:colcon.colcon_core.package_identification:_identify(src/tools/resource_builder) by extension 'ignore'
[7.928s] Level 1:colcon.colcon_core.package_identification:_identify(src/tools/resource_builder) by extension 'ignore_ament_install'
[7.928s] Level 1:colcon.colcon_core.package_identification:_identify(src/tools/resource_builder) by extensions ['colcon_pkg']
[7.928s] Level 1:colcon.colcon_core.package_identification:_identify(src/tools/resource_builder) by extension 'colcon_pkg'
[7.928s] Level 1:colcon.colcon_core.package_identification:_identify(src/tools/resource_builder) by extensions ['colcon_meta']
[7.928s] Level 1:colcon.colcon_core.package_identification:_identify(src/tools/resource_builder) by extension 'colcon_meta'
[7.929s] Level 1:colcon.colcon_core.package_identification:_identify(src/tools/resource_builder) by extensions ['ros']
[7.929s] Level 1:colcon.colcon_core.package_identification:_identify(src/tools/resource_builder) by extension 'ros'
[7.942s] DEBUG:colcon.colcon_core.package_identification:Package 'src/tools/resource_builder' with type 'ros.cmake' and name 'resource_builder'
[7.948s] Level 1:colcon.colcon_core.package_identification:_identify(src/ur_dev) by extensions ['ignore', 'ignore_ament_install']
[7.949s] Level 1:colcon.colcon_core.package_identification:_identify(src/ur_dev) by extension 'ignore'
[7.951s] Level 1:colcon.colcon_core.package_identification:_identify(src/ur_dev) by extension 'ignore_ament_install'
[7.952s] Level 1:colcon.colcon_core.package_identification:_identify(src/ur_dev) by extensions ['colcon_pkg']
[7.953s] Level 1:colcon.colcon_core.package_identification:_identify(src/ur_dev) by extension 'colcon_pkg'
[7.953s] Level 1:colcon.colcon_core.package_identification:_identify(src/ur_dev) by extensions ['colcon_meta']
[7.953s] Level 1:colcon.colcon_core.package_identification:_identify(src/ur_dev) by extension 'colcon_meta'
[7.953s] Level 1:colcon.colcon_core.package_identification:_identify(src/ur_dev) by extensions ['ros']
[7.953s] Level 1:colcon.colcon_core.package_identification:_identify(src/ur_dev) by extension 'ros'
[7.953s] Level 1:colcon.colcon_core.package_identification:_identify(src/ur_dev) by extensions ['cmake', 'python']
[7.953s] Level 1:colcon.colcon_core.package_identification:_identify(src/ur_dev) by extension 'cmake'
[7.954s] Level 1:colcon.colcon_core.package_identification:_identify(src/ur_dev) by extension 'python'
[7.954s] Level 1:colcon.colcon_core.package_identification:_identify(src/ur_dev) by extensions ['python_setup_py']
[7.954s] Level 1:colcon.colcon_core.package_identification:_identify(src/ur_dev) by extension 'python_setup_py'
[7.955s] Level 1:colcon.colcon_core.package_identification:_identify(src/ur_dev/ur_control_gui) by extensions ['ignore', 'ignore_ament_install']
[7.956s] Level 1:colcon.colcon_core.package_identification:_identify(src/ur_dev/ur_control_gui) by extension 'ignore'
[7.956s] Level 1:colcon.colcon_core.package_identification:_identify(src/ur_dev/ur_control_gui) by extension 'ignore_ament_install'
[7.957s] Level 1:colcon.colcon_core.package_identification:_identify(src/ur_dev/ur_control_gui) by extensions ['colcon_pkg']
[7.957s] Level 1:colcon.colcon_core.package_identification:_identify(src/ur_dev/ur_control_gui) by extension 'colcon_pkg'
[7.958s] Level 1:colcon.colcon_core.package_identification:_identify(src/ur_dev/ur_control_gui) by extensions ['colcon_meta']
[7.958s] Level 1:colcon.colcon_core.package_identification:_identify(src/ur_dev/ur_control_gui) by extension 'colcon_meta'
[7.958s] Level 1:colcon.colcon_core.package_identification:_identify(src/ur_dev/ur_control_gui) by extensions ['ros']
[7.961s] Level 1:colcon.colcon_core.package_identification:_identify(src/ur_dev/ur_control_gui) by extension 'ros'
[7.984s] DEBUG:colcon.colcon_core.package_identification:Package 'src/ur_dev/ur_control_gui' with type 'ros.ament_cmake' and name 'ur_control_gui'
[7.994s] Level 1:colcon.colcon_core.package_identification:_identify(src/ur_dev/urscript) by extensions ['ignore', 'ignore_ament_install']
[8.004s] Level 1:colcon.colcon_core.package_identification:_identify(src/ur_dev/urscript) by extension 'ignore'
[8.006s] Level 1:colcon.colcon_core.package_identification:_identify(src/ur_dev/urscript) by extension 'ignore_ament_install'
[8.009s] Level 1:colcon.colcon_core.package_identification:_identify(src/ur_dev/urscript) by extensions ['colcon_pkg']
[8.011s] Level 1:colcon.colcon_core.package_identification:_identify(src/ur_dev/urscript) by extension 'colcon_pkg'
[8.011s] Level 1:colcon.colcon_core.package_identification:_identify(src/ur_dev/urscript) by extensions ['colcon_meta']
[8.014s] Level 1:colcon.colcon_core.package_identification:_identify(src/ur_dev/urscript) by extension 'colcon_meta'
[8.023s] Level 1:colcon.colcon_core.package_identification:_identify(src/ur_dev/urscript) by extensions ['ros']
[8.034s] Level 1:colcon.colcon_core.package_identification:_identify(src/ur_dev/urscript) by extension 'ros'
[8.037s] Level 1:colcon.colcon_core.package_identification:_identify(src/ur_dev/urscript) by extensions ['cmake', 'python']
[8.044s] Level 1:colcon.colcon_core.package_identification:_identify(src/ur_dev/urscript) by extension 'cmake'
[8.045s] Level 1:colcon.colcon_core.package_identification:_identify(src/ur_dev/urscript) by extension 'python'
[8.046s] Level 1:colcon.colcon_core.package_identification:_identify(src/ur_dev/urscript) by extensions ['python_setup_py']
[8.046s] Level 1:colcon.colcon_core.package_identification:_identify(src/ur_dev/urscript) by extension 'python_setup_py'
[8.055s] Level 1:colcon.colcon_core.package_identification:_identify(src/ur_dev/urscript/urscript_bridge) by extensions ['ignore', 'ignore_ament_install']
[8.056s] Level 1:colcon.colcon_core.package_identification:_identify(src/ur_dev/urscript/urscript_bridge) by extension 'ignore'
[8.067s] Level 1:colcon.colcon_core.package_identification:_identify(src/ur_dev/urscript/urscript_bridge) by extension 'ignore_ament_install'
[8.075s] Level 1:colcon.colcon_core.package_identification:_identify(src/ur_dev/urscript/urscript_bridge) by extensions ['colcon_pkg']
[8.076s] Level 1:colcon.colcon_core.package_identification:_identify(src/ur_dev/urscript/urscript_bridge) by extension 'colcon_pkg'
[8.077s] Level 1:colcon.colcon_core.package_identification:_identify(src/ur_dev/urscript/urscript_bridge) by extensions ['colcon_meta']
[8.077s] Level 1:colcon.colcon_core.package_identification:_identify(src/ur_dev/urscript/urscript_bridge) by extension 'colcon_meta'
[8.078s] Level 1:colcon.colcon_core.package_identification:_identify(src/ur_dev/urscript/urscript_bridge) by extensions ['ros']
[8.078s] Level 1:colcon.colcon_core.package_identification:_identify(src/ur_dev/urscript/urscript_bridge) by extension 'ros'
[8.088s] DEBUG:colcon.colcon_core.package_identification:Package 'src/ur_dev/urscript/urscript_bridge' with type 'ros.ament_cmake' and name 'urscript_bridge'
[8.090s] Level 1:colcon.colcon_core.package_identification:_identify(src/ur_dev/urscript/urscript_common) by extensions ['ignore', 'ignore_ament_install']
[8.091s] Level 1:colcon.colcon_core.package_identification:_identify(src/ur_dev/urscript/urscript_common) by extension 'ignore'
[8.091s] Level 1:colcon.colcon_core.package_identification:_identify(src/ur_dev/urscript/urscript_common) by extension 'ignore_ament_install'
[8.091s] Level 1:colcon.colcon_core.package_identification:_identify(src/ur_dev/urscript/urscript_common) by extensions ['colcon_pkg']
[8.091s] Level 1:colcon.colcon_core.package_identification:_identify(src/ur_dev/urscript/urscript_common) by extension 'colcon_pkg'
[8.092s] Level 1:colcon.colcon_core.package_identification:_identify(src/ur_dev/urscript/urscript_common) by extensions ['colcon_meta']
[8.092s] Level 1:colcon.colcon_core.package_identification:_identify(src/ur_dev/urscript/urscript_common) by extension 'colcon_meta'
[8.092s] Level 1:colcon.colcon_core.package_identification:_identify(src/ur_dev/urscript/urscript_common) by extensions ['ros']
[8.092s] Level 1:colcon.colcon_core.package_identification:_identify(src/ur_dev/urscript/urscript_common) by extension 'ros'
[8.105s] DEBUG:colcon.colcon_core.package_identification:Package 'src/ur_dev/urscript/urscript_common' with type 'ros.ament_cmake' and name 'urscript_common'
[8.118s] Level 1:colcon.colcon_core.package_identification:_identify(src/ur_dev/urscript/urscript_interfaces) by extensions ['ignore', 'ignore_ament_install']
[8.119s] Level 1:colcon.colcon_core.package_identification:_identify(src/ur_dev/urscript/urscript_interfaces) by extension 'ignore'
[8.119s] Level 1:colcon.colcon_core.package_identification:_identify(src/ur_dev/urscript/urscript_interfaces) by extension 'ignore_ament_install'
[8.119s] Level 1:colcon.colcon_core.package_identification:_identify(src/ur_dev/urscript/urscript_interfaces) by extensions ['colcon_pkg']
[8.120s] Level 1:colcon.colcon_core.package_identification:_identify(src/ur_dev/urscript/urscript_interfaces) by extension 'colcon_pkg'
[8.120s] Level 1:colcon.colcon_core.package_identification:_identify(src/ur_dev/urscript/urscript_interfaces) by extensions ['colcon_meta']
[8.120s] Level 1:colcon.colcon_core.package_identification:_identify(src/ur_dev/urscript/urscript_interfaces) by extension 'colcon_meta'
[8.120s] Level 1:colcon.colcon_core.package_identification:_identify(src/ur_dev/urscript/urscript_interfaces) by extensions ['ros']
[8.120s] Level 1:colcon.colcon_core.package_identification:_identify(src/ur_dev/urscript/urscript_interfaces) by extension 'ros'
[8.128s] DEBUG:colcon.colcon_core.package_identification:Package 'src/ur_dev/urscript/urscript_interfaces' with type 'ros.ament_cmake' and name 'urscript_interfaces'
[8.129s] Level 1:colcon.colcon_core.package_identification:_identify(src/ur_driver) by extensions ['ignore', 'ignore_ament_install']
[8.134s] Level 1:colcon.colcon_core.package_identification:_identify(src/ur_driver) by extension 'ignore'
[8.138s] Level 1:colcon.colcon_core.package_identification:_identify(src/ur_driver) by extension 'ignore_ament_install'
[8.139s] Level 1:colcon.colcon_core.package_identification:_identify(src/ur_driver) by extensions ['colcon_pkg']
[8.139s] Level 1:colcon.colcon_core.package_identification:_identify(src/ur_driver) by extension 'colcon_pkg'
[8.139s] Level 1:colcon.colcon_core.package_identification:_identify(src/ur_driver) by extensions ['colcon_meta']
[8.139s] Level 1:colcon.colcon_core.package_identification:_identify(src/ur_driver) by extension 'colcon_meta'
[8.140s] Level 1:colcon.colcon_core.package_identification:_identify(src/ur_driver) by extensions ['ros']
[8.140s] Level 1:colcon.colcon_core.package_identification:_identify(src/ur_driver) by extension 'ros'
[8.140s] Level 1:colcon.colcon_core.package_identification:_identify(src/ur_driver) by extensions ['cmake', 'python']
[8.140s] Level 1:colcon.colcon_core.package_identification:_identify(src/ur_driver) by extension 'cmake'
[8.140s] Level 1:colcon.colcon_core.package_identification:_identify(src/ur_driver) by extension 'python'
[8.141s] Level 1:colcon.colcon_core.package_identification:_identify(src/ur_driver) by extensions ['python_setup_py']
[8.141s] Level 1:colcon.colcon_core.package_identification:_identify(src/ur_driver) by extension 'python_setup_py'
[8.142s] Level 1:colcon.colcon_core.package_identification:_identify(src/ur_driver/Universal_Robots_Client_Library) by extensions ['ignore', 'ignore_ament_install']
[8.145s] Level 1:colcon.colcon_core.package_identification:_identify(src/ur_driver/Universal_Robots_Client_Library) by extension 'ignore'
[8.148s] Level 1:colcon.colcon_core.package_identification:_identify(src/ur_driver/Universal_Robots_Client_Library) by extension 'ignore_ament_install'
[8.155s] Level 1:colcon.colcon_core.package_identification:_identify(src/ur_driver/Universal_Robots_Client_Library) by extensions ['colcon_pkg']
[8.155s] Level 1:colcon.colcon_core.package_identification:_identify(src/ur_driver/Universal_Robots_Client_Library) by extension 'colcon_pkg'
[8.156s] Level 1:colcon.colcon_core.package_identification:_identify(src/ur_driver/Universal_Robots_Client_Library) by extensions ['colcon_meta']
[8.156s] Level 1:colcon.colcon_core.package_identification:_identify(src/ur_driver/Universal_Robots_Client_Library) by extension 'colcon_meta'
[8.156s] Level 1:colcon.colcon_core.package_identification:_identify(src/ur_driver/Universal_Robots_Client_Library) by extensions ['ros']
[8.157s] Level 1:colcon.colcon_core.package_identification:_identify(src/ur_driver/Universal_Robots_Client_Library) by extension 'ros'
[8.181s] DEBUG:colcon.colcon_core.package_identification:Package 'src/ur_driver/Universal_Robots_Client_Library' with type 'ros.cmake' and name 'ur_client_library'
[8.208s] Level 1:colcon.colcon_core.package_identification:_identify(src/ur_driver/Universal_Robots_ROS2_Driver) by extensions ['ignore', 'ignore_ament_install']
[8.210s] Level 1:colcon.colcon_core.package_identification:_identify(src/ur_driver/Universal_Robots_ROS2_Driver) by extension 'ignore'
[8.210s] Level 1:colcon.colcon_core.package_identification:_identify(src/ur_driver/Universal_Robots_ROS2_Driver) by extension 'ignore_ament_install'
[8.211s] Level 1:colcon.colcon_core.package_identification:_identify(src/ur_driver/Universal_Robots_ROS2_Driver) by extensions ['colcon_pkg']
[8.211s] Level 1:colcon.colcon_core.package_identification:_identify(src/ur_driver/Universal_Robots_ROS2_Driver) by extension 'colcon_pkg'
[8.211s] Level 1:colcon.colcon_core.package_identification:_identify(src/ur_driver/Universal_Robots_ROS2_Driver) by extensions ['colcon_meta']
[8.212s] Level 1:colcon.colcon_core.package_identification:_identify(src/ur_driver/Universal_Robots_ROS2_Driver) by extension 'colcon_meta'
[8.212s] Level 1:colcon.colcon_core.package_identification:_identify(src/ur_driver/Universal_Robots_ROS2_Driver) by extensions ['ros']
[8.212s] Level 1:colcon.colcon_core.package_identification:_identify(src/ur_driver/Universal_Robots_ROS2_Driver) by extension 'ros'
[8.224s] Level 1:colcon.colcon_core.package_identification:_identify(src/ur_driver/Universal_Robots_ROS2_Driver) by extensions ['cmake', 'python']
[8.230s] Level 1:colcon.colcon_core.package_identification:_identify(src/ur_driver/Universal_Robots_ROS2_Driver) by extension 'cmake'
[8.234s] Level 1:colcon.colcon_core.package_identification:_identify(src/ur_driver/Universal_Robots_ROS2_Driver) by extension 'python'
[8.237s] Level 1:colcon.colcon_core.package_identification:_identify(src/ur_driver/Universal_Robots_ROS2_Driver) by extensions ['python_setup_py']
[8.247s] Level 1:colcon.colcon_core.package_identification:_identify(src/ur_driver/Universal_Robots_ROS2_Driver) by extension 'python_setup_py'
[8.260s] Level 1:colcon.colcon_core.package_identification:_identify(src/ur_driver/Universal_Robots_ROS2_Driver/ur_bringup) by extensions ['ignore', 'ignore_ament_install']
[8.261s] Level 1:colcon.colcon_core.package_identification:_identify(src/ur_driver/Universal_Robots_ROS2_Driver/ur_bringup) by extension 'ignore'
[8.262s] Level 1:colcon.colcon_core.package_identification:_identify(src/ur_driver/Universal_Robots_ROS2_Driver/ur_bringup) by extension 'ignore_ament_install'
[8.263s] Level 1:colcon.colcon_core.package_identification:_identify(src/ur_driver/Universal_Robots_ROS2_Driver/ur_bringup) by extensions ['colcon_pkg']
[8.263s] Level 1:colcon.colcon_core.package_identification:_identify(src/ur_driver/Universal_Robots_ROS2_Driver/ur_bringup) by extension 'colcon_pkg'
[8.264s] Level 1:colcon.colcon_core.package_identification:_identify(src/ur_driver/Universal_Robots_ROS2_Driver/ur_bringup) by extensions ['colcon_meta']
[8.264s] Level 1:colcon.colcon_core.package_identification:_identify(src/ur_driver/Universal_Robots_ROS2_Driver/ur_bringup) by extension 'colcon_meta'
[8.264s] Level 1:colcon.colcon_core.package_identification:_identify(src/ur_driver/Universal_Robots_ROS2_Driver/ur_bringup) by extensions ['ros']
[8.264s] Level 1:colcon.colcon_core.package_identification:_identify(src/ur_driver/Universal_Robots_ROS2_Driver/ur_bringup) by extension 'ros'
[8.284s] DEBUG:colcon.colcon_core.package_identification:Package 'src/ur_driver/Universal_Robots_ROS2_Driver/ur_bringup' with type 'ros.ament_cmake' and name 'ur_bringup'
[8.300s] Level 1:colcon.colcon_core.package_identification:_identify(src/ur_driver/Universal_Robots_ROS2_Driver/ur_controllers) by extensions ['ignore', 'ignore_ament_install']
[8.301s] Level 1:colcon.colcon_core.package_identification:_identify(src/ur_driver/Universal_Robots_ROS2_Driver/ur_controllers) by extension 'ignore'
[8.303s] Level 1:colcon.colcon_core.package_identification:_identify(src/ur_driver/Universal_Robots_ROS2_Driver/ur_controllers) by extension 'ignore_ament_install'
[8.313s] Level 1:colcon.colcon_core.package_identification:_identify(src/ur_driver/Universal_Robots_ROS2_Driver/ur_controllers) by extensions ['colcon_pkg']
[8.314s] Level 1:colcon.colcon_core.package_identification:_identify(src/ur_driver/Universal_Robots_ROS2_Driver/ur_controllers) by extension 'colcon_pkg'
[8.314s] Level 1:colcon.colcon_core.package_identification:_identify(src/ur_driver/Universal_Robots_ROS2_Driver/ur_controllers) by extensions ['colcon_meta']
[8.314s] Level 1:colcon.colcon_core.package_identification:_identify(src/ur_driver/Universal_Robots_ROS2_Driver/ur_controllers) by extension 'colcon_meta'
[8.315s] Level 1:colcon.colcon_core.package_identification:_identify(src/ur_driver/Universal_Robots_ROS2_Driver/ur_controllers) by extensions ['ros']
[8.315s] Level 1:colcon.colcon_core.package_identification:_identify(src/ur_driver/Universal_Robots_ROS2_Driver/ur_controllers) by extension 'ros'
[8.327s] DEBUG:colcon.colcon_core.package_identification:Package 'src/ur_driver/Universal_Robots_ROS2_Driver/ur_controllers' with type 'ros.ament_cmake' and name 'ur_controllers'
[8.329s] Level 1:colcon.colcon_core.package_identification:_identify(src/ur_driver/Universal_Robots_ROS2_Driver/ur_dashboard_msgs) by extensions ['ignore', 'ignore_ament_install']
[8.330s] Level 1:colcon.colcon_core.package_identification:_identify(src/ur_driver/Universal_Robots_ROS2_Driver/ur_dashboard_msgs) by extension 'ignore'
[8.330s] Level 1:colcon.colcon_core.package_identification:_identify(src/ur_driver/Universal_Robots_ROS2_Driver/ur_dashboard_msgs) by extension 'ignore_ament_install'
[8.331s] Level 1:colcon.colcon_core.package_identification:_identify(src/ur_driver/Universal_Robots_ROS2_Driver/ur_dashboard_msgs) by extensions ['colcon_pkg']
[8.331s] Level 1:colcon.colcon_core.package_identification:_identify(src/ur_driver/Universal_Robots_ROS2_Driver/ur_dashboard_msgs) by extension 'colcon_pkg'
[8.332s] Level 1:colcon.colcon_core.package_identification:_identify(src/ur_driver/Universal_Robots_ROS2_Driver/ur_dashboard_msgs) by extensions ['colcon_meta']
[8.332s] Level 1:colcon.colcon_core.package_identification:_identify(src/ur_driver/Universal_Robots_ROS2_Driver/ur_dashboard_msgs) by extension 'colcon_meta'
[8.332s] Level 1:colcon.colcon_core.package_identification:_identify(src/ur_driver/Universal_Robots_ROS2_Driver/ur_dashboard_msgs) by extensions ['ros']
[8.332s] Level 1:colcon.colcon_core.package_identification:_identify(src/ur_driver/Universal_Robots_ROS2_Driver/ur_dashboard_msgs) by extension 'ros'
[8.337s] DEBUG:colcon.colcon_core.package_identification:Package 'src/ur_driver/Universal_Robots_ROS2_Driver/ur_dashboard_msgs' with type 'ros.ament_cmake' and name 'ur_dashboard_msgs'
[8.339s] Level 1:colcon.colcon_core.package_identification:_identify(src/ur_driver/Universal_Robots_ROS2_Driver/ur_description) by extensions ['ignore', 'ignore_ament_install']
[8.342s] Level 1:colcon.colcon_core.package_identification:_identify(src/ur_driver/Universal_Robots_ROS2_Driver/ur_description) by extension 'ignore'
[8.346s] Level 1:colcon.colcon_core.package_identification:_identify(src/ur_driver/Universal_Robots_ROS2_Driver/ur_description) by extension 'ignore_ament_install'
[8.348s] Level 1:colcon.colcon_core.package_identification:_identify(src/ur_driver/Universal_Robots_ROS2_Driver/ur_description) by extensions ['colcon_pkg']
[8.348s] Level 1:colcon.colcon_core.package_identification:_identify(src/ur_driver/Universal_Robots_ROS2_Driver/ur_description) by extension 'colcon_pkg'
[8.349s] Level 1:colcon.colcon_core.package_identification:_identify(src/ur_driver/Universal_Robots_ROS2_Driver/ur_description) by extensions ['colcon_meta']
[8.350s] Level 1:colcon.colcon_core.package_identification:_identify(src/ur_driver/Universal_Robots_ROS2_Driver/ur_description) by extension 'colcon_meta'
[8.352s] Level 1:colcon.colcon_core.package_identification:_identify(src/ur_driver/Universal_Robots_ROS2_Driver/ur_description) by extensions ['ros']
[8.353s] Level 1:colcon.colcon_core.package_identification:_identify(src/ur_driver/Universal_Robots_ROS2_Driver/ur_description) by extension 'ros'
[8.367s] DEBUG:colcon.colcon_core.package_identification:Package 'src/ur_driver/Universal_Robots_ROS2_Driver/ur_description' with type 'ros.ament_cmake' and name 'ur_description'
[8.368s] Level 1:colcon.colcon_core.package_identification:_identify(src/ur_driver/Universal_Robots_ROS2_Driver/ur_moveit_config) by extensions ['ignore', 'ignore_ament_install']
[8.370s] Level 1:colcon.colcon_core.package_identification:_identify(src/ur_driver/Universal_Robots_ROS2_Driver/ur_moveit_config) by extension 'ignore'
[8.371s] Level 1:colcon.colcon_core.package_identification:_identify(src/ur_driver/Universal_Robots_ROS2_Driver/ur_moveit_config) by extension 'ignore_ament_install'
[8.373s] Level 1:colcon.colcon_core.package_identification:_identify(src/ur_driver/Universal_Robots_ROS2_Driver/ur_moveit_config) by extensions ['colcon_pkg']
[8.374s] Level 1:colcon.colcon_core.package_identification:_identify(src/ur_driver/Universal_Robots_ROS2_Driver/ur_moveit_config) by extension 'colcon_pkg'
[8.374s] Level 1:colcon.colcon_core.package_identification:_identify(src/ur_driver/Universal_Robots_ROS2_Driver/ur_moveit_config) by extensions ['colcon_meta']
[8.375s] Level 1:colcon.colcon_core.package_identification:_identify(src/ur_driver/Universal_Robots_ROS2_Driver/ur_moveit_config) by extension 'colcon_meta'
[8.375s] Level 1:colcon.colcon_core.package_identification:_identify(src/ur_driver/Universal_Robots_ROS2_Driver/ur_moveit_config) by extensions ['ros']
[8.375s] Level 1:colcon.colcon_core.package_identification:_identify(src/ur_driver/Universal_Robots_ROS2_Driver/ur_moveit_config) by extension 'ros'
[8.379s] DEBUG:colcon.colcon_core.package_identification:Package 'src/ur_driver/Universal_Robots_ROS2_Driver/ur_moveit_config' with type 'ros.ament_cmake' and name 'ur_moveit_config'
[8.381s] Level 1:colcon.colcon_core.package_identification:_identify(src/ur_driver/Universal_Robots_ROS2_Driver/ur_robot_driver) by extensions ['ignore', 'ignore_ament_install']
[8.381s] Level 1:colcon.colcon_core.package_identification:_identify(src/ur_driver/Universal_Robots_ROS2_Driver/ur_robot_driver) by extension 'ignore'
[8.383s] Level 1:colcon.colcon_core.package_identification:_identify(src/ur_driver/Universal_Robots_ROS2_Driver/ur_robot_driver) by extension 'ignore_ament_install'
[8.384s] Level 1:colcon.colcon_core.package_identification:_identify(src/ur_driver/Universal_Robots_ROS2_Driver/ur_robot_driver) by extensions ['colcon_pkg']
[8.384s] Level 1:colcon.colcon_core.package_identification:_identify(src/ur_driver/Universal_Robots_ROS2_Driver/ur_robot_driver) by extension 'colcon_pkg'
[8.385s] Level 1:colcon.colcon_core.package_identification:_identify(src/ur_driver/Universal_Robots_ROS2_Driver/ur_robot_driver) by extensions ['colcon_meta']
[8.386s] Level 1:colcon.colcon_core.package_identification:_identify(src/ur_driver/Universal_Robots_ROS2_Driver/ur_robot_driver) by extension 'colcon_meta'
[8.388s] Level 1:colcon.colcon_core.package_identification:_identify(src/ur_driver/Universal_Robots_ROS2_Driver/ur_robot_driver) by extensions ['ros']
[8.391s] Level 1:colcon.colcon_core.package_identification:_identify(src/ur_driver/Universal_Robots_ROS2_Driver/ur_robot_driver) by extension 'ros'
[8.414s] DEBUG:colcon.colcon_core.package_identification:Package 'src/ur_driver/Universal_Robots_ROS2_Driver/ur_robot_driver' with type 'ros.ament_cmake' and name 'ur_robot_driver'
[8.415s] Level 1:colcon.colcon_core.package_discovery:discover_packages(recursive) using defaults
[8.416s] Level 1:colcon.colcon_core.package_discovery:discover_packages(ignore) discover
[8.417s] Level 1:colcon.colcon_core.package_discovery:discover_packages(ignore) using defaults
[8.417s] Level 1:colcon.colcon_core.package_discovery:discover_packages(path) discover
[8.419s] Level 1:colcon.colcon_core.package_discovery:discover_packages(path) using defaults
[9.085s] INFO:colcon.colcon_core.package_selection:Skipping not selected package 'cmake_helpers' in 'src/lib/cmake_helpers'
[9.087s] INFO:colcon.colcon_core.package_selection:Skipping not selected package 'robo_cleaner_interfaces' in 'src/robo_cleaner/robo_cleaner_interfaces'
[9.087s] INFO:colcon.colcon_core.package_selection:Skipping not selected package 'robo_collector_interfaces' in 'src/robo_collector/robo_collector_interfaces'
[9.087s] INFO:colcon.colcon_core.package_selection:Skipping not selected package 'robo_miner_interfaces' in 'src/robo_miner/robo_miner_interfaces'
[9.087s] INFO:colcon.colcon_core.package_selection:Skipping not selected package 'ur_bringup' in 'src/ur_driver/Universal_Robots_ROS2_Driver/ur_bringup'
[9.087s] INFO:colcon.colcon_core.package_selection:Skipping not selected package 'ur_client_library' in 'src/ur_driver/Universal_Robots_Client_Library'
[9.087s] INFO:colcon.colcon_core.package_selection:Skipping not selected package 'ur_dashboard_msgs' in 'src/ur_driver/Universal_Robots_ROS2_Driver/ur_dashboard_msgs'
[9.087s] INFO:colcon.colcon_core.package_selection:Skipping not selected package 'ur_description' in 'src/ur_driver/Universal_Robots_ROS2_Driver/ur_description'
[9.087s] INFO:colcon.colcon_core.package_selection:Skipping not selected package 'ur_moveit_config' in 'src/ur_driver/Universal_Robots_ROS2_Driver/ur_moveit_config'
[9.088s] INFO:colcon.colcon_core.package_selection:Skipping not selected package 'urscript_interfaces' in 'src/ur_dev/urscript/urscript_interfaces'
[9.099s] INFO:colcon.colcon_core.package_selection:Skipping not selected package 'ur_controllers' in 'src/ur_driver/Universal_Robots_ROS2_Driver/ur_controllers'
[9.106s] INFO:colcon.colcon_core.package_selection:Skipping not selected package 'utils' in 'src/lib/utils'
[9.116s] INFO:colcon.colcon_core.package_selection:Skipping not selected package 'resource_utils' in 'src/lib/resource_utils'
[9.117s] INFO:colcon.colcon_core.package_selection:Skipping not selected package 'ur_robot_driver' in 'src/ur_driver/Universal_Robots_ROS2_Driver/ur_robot_driver'
[9.117s] INFO:colcon.colcon_core.package_selection:Skipping not selected package 'urscript_common' in 'src/ur_dev/urscript/urscript_common'
[9.117s] INFO:colcon.colcon_core.package_selection:Skipping not selected package 'resource_builder' in 'src/tools/resource_builder'
[9.117s] INFO:colcon.colcon_core.package_selection:Skipping not selected package 'sdl_utils' in 'src/lib/sdl_utils'
[9.117s] INFO:colcon.colcon_core.package_selection:Skipping not selected package 'manager_utils' in 'src/lib/manager_utils'
[9.117s] INFO:colcon.colcon_core.package_selection:Skipping not selected package 'game_engine' in 'src/lib/game_engine'
[9.117s] INFO:colcon.colcon_core.package_selection:Skipping not selected package 'robo_common' in 'src/robo_common'
[9.118s] INFO:colcon.colcon_core.package_selection:Skipping not selected package 'robo_cleaner_common' in 'src/robo_cleaner/robo_cleaner_common'
[9.118s] INFO:colcon.colcon_core.package_selection:Skipping not selected package 'robo_collector_common' in 'src/robo_collector/robo_collector_common'
[9.118s] INFO:colcon.colcon_core.package_selection:Skipping not selected package 'robo_miner_common' in 'src/robo_miner/robo_miner_common'
[9.118s] INFO:colcon.colcon_core.package_selection:Skipping not selected package 'ros2_game_engine' in 'src/lib/ros2_game_engine'
[9.119s] INFO:colcon.colcon_core.package_selection:Skipping not selected package 'robo_cleaner_gui' in 'src/robo_cleaner/robo_cleaner_gui'
[9.119s] INFO:colcon.colcon_core.package_selection:Skipping not selected package 'robo_collector_controller' in 'src/robo_collector/robo_collector_controller'
[9.119s] INFO:colcon.colcon_core.package_selection:Skipping not selected package 'robo_collector_gui' in 'src/robo_collector/robo_collector_gui'
[9.119s] INFO:colcon.colcon_core.package_selection:Skipping not selected package 'robo_miner_gui' in 'src/robo_miner/robo_miner_gui'
[9.120s] INFO:colcon.colcon_core.package_selection:Skipping not selected package 'ur_control_gui' in 'src/ur_dev/ur_control_gui'
[9.120s] INFO:colcon.colcon_core.package_selection:Skipping not selected package 'urscript_bridge' in 'src/ur_dev/urscript/urscript_bridge'
[9.156s] Level 1:colcon.colcon_core.package_discovery:discover_packages(prefix_path) check parameters
[9.170s] Level 1:colcon.colcon_core.package_discovery:discover_packages(prefix_path) discover
[9.269s] DEBUG:colcon.colcon_installed_package_information.package_discovery:Found 267 installed packages in /opt/ros/foxy
[9.309s] Level 1:colcon.colcon_core.package_discovery:discover_packages(prefix_path) using defaults
[11.373s] Level 5:colcon.colcon_core.verb:set package 'robo_collector_controller_py' build argument 'cmake_args' from command line to 'None'
[11.388s] Level 5:colcon.colcon_core.verb:set package 'robo_collector_controller_py' build argument 'cmake_target' from command line to 'None'
[11.397s] Level 5:colcon.colcon_core.verb:set package 'robo_collector_controller_py' build argument 'cmake_target_skip_unavailable' from command line to 'False'
[11.397s] Level 5:colcon.colcon_core.verb:set package 'robo_collector_controller_py' build argument 'cmake_clean_cache' from command line to 'False'
[11.397s] Level 5:colcon.colcon_core.verb:set package 'robo_collector_controller_py' build argument 'cmake_clean_first' from command line to 'False'
[11.397s] Level 5:colcon.colcon_core.verb:set package 'robo_collector_controller_py' build argument 'cmake_force_configure' from command line to 'False'
[11.397s] Level 5:colcon.colcon_core.verb:set package 'robo_collector_controller_py' build argument 'ament_cmake_args' from command line to 'None'
[11.397s] Level 5:colcon.colcon_core.verb:set package 'robo_collector_controller_py' build argument 'catkin_cmake_args' from command line to 'None'
[11.398s] Level 5:colcon.colcon_core.verb:set package 'robo_collector_controller_py' build argument 'catkin_skip_building_tests' from command line to 'False'
[11.398s] DEBUG:colcon.colcon_core.verb:Building package 'robo_collector_controller_py' with the following arguments: {'ament_cmake_args': None, 'build_base': '/home/ubuntu/workspace/Velizar/robotics_v1/build/robo_collector_controller_py', 'catkin_cmake_args': None, 'catkin_skip_building_tests': False, 'cmake_args': None, 'cmake_clean_cache': False, 'cmake_clean_first': False, 'cmake_force_configure': False, 'cmake_target': None, 'cmake_target_skip_unavailable': False, 'install_base': '/home/ubuntu/workspace/Velizar/robotics_v1/install/robo_collector_controller_py', 'merge_install': False, 'path': '/home/ubuntu/workspace/Velizar/robotics_v1/src/robo_collector/robo_collector_controller_py', 'symlink_install': False, 'test_result_base': None}
[11.416s] INFO:colcon.colcon_core.executor:Executing jobs using 'parallel' executor
[11.461s] DEBUG:colcon.colcon_parallel_executor.executor.parallel:run_until_complete
[11.463s] INFO:colcon.colcon_ros.task.ament_python.build:Building ROS package in '/home/ubuntu/workspace/Velizar/robotics_v1/src/robo_collector/robo_collector_controller_py' with build type 'ament_python'
[11.465s] Level 1:colcon.colcon_core.shell:create_environment_hook('robo_collector_controller_py', 'ament_prefix_path')
[11.637s] INFO:colcon.colcon_core.plugin_system:Skipping extension 'colcon_core.shell.bat': Not used on non-Windows systems
[11.639s] INFO:colcon.colcon_core.shell:Creating environment hook '/home/ubuntu/workspace/Velizar/robotics_v1/install/robo_collector_controller_py/share/robo_collector_controller_py/hook/ament_prefix_path.ps1'
[11.655s] INFO:colcon.colcon_core.shell:Creating environment descriptor '/home/ubuntu/workspace/Velizar/robotics_v1/install/robo_collector_controller_py/share/robo_collector_controller_py/hook/ament_prefix_path.dsv'
[11.656s] INFO:colcon.colcon_core.shell:Creating environment hook '/home/ubuntu/workspace/Velizar/robotics_v1/install/robo_collector_controller_py/share/robo_collector_controller_py/hook/ament_prefix_path.sh'
[11.685s] INFO:colcon.colcon_core.shell:Skip shell extension 'powershell' for command environment: Not usable outside of PowerShell
[11.686s] DEBUG:colcon.colcon_core.shell:Skip shell extension 'dsv' for command environment
[15.259s] INFO:colcon.colcon_core.task.python.build:Building Python package in '/home/ubuntu/workspace/Velizar/robotics_v1/src/robo_collector/robo_collector_controller_py'
[15.265s] INFO:colcon.colcon_core.shell:Skip shell extension 'powershell' for command environment: Not usable outside of PowerShell
[15.266s] DEBUG:colcon.colcon_core.shell:Skip shell extension 'dsv' for command environment
[25.161s] DEBUG:colcon.colcon_core.event_handler.log_command:Invoking command in '/home/ubuntu/workspace/Velizar/robotics_v1/build/robo_collector_controller_py': AMENT_PREFIX_PATH=/home/ubuntu/workspace/Velizar/robotics_v1/install/robo_collector_interfaces:${AMENT_PREFIX_PATH} CMAKE_PREFIX_PATH=/home/ubuntu/workspace/Velizar/robotics_v1/install/robo_collector_interfaces LD_LIBRARY_PATH=/home/ubuntu/workspace/Velizar/robotics_v1/install/robo_collector_interfaces/lib:${LD_LIBRARY_PATH} PS1=[\u@\h \W]$(git_branch)$ PYTHONPATH=/home/ubuntu/workspace/Velizar/robotics_v1/install/robo_collector_controller_py/lib/python3.8/site-packages:/home/ubuntu/workspace/Velizar/robotics_v1/install/robo_collector_interfaces/lib/python3.8/site-packages:${PYTHONPATH} /usr/bin/python3 setup.py develop --prefix /home/ubuntu/workspace/Velizar/robotics_v1/install/robo_collector_controller_py --uninstall --editable --build-directory /home/ubuntu/workspace/Velizar/robotics_v1/build/robo_collector_controller_py/build
[26.481s] DEBUG:colcon.colcon_core.event_handler.log_command:Invoked command in '/home/ubuntu/workspace/Velizar/robotics_v1/build/robo_collector_controller_py' returned '0': AMENT_PREFIX_PATH=/home/ubuntu/workspace/Velizar/robotics_v1/install/robo_collector_interfaces:${AMENT_PREFIX_PATH} CMAKE_PREFIX_PATH=/home/ubuntu/workspace/Velizar/robotics_v1/install/robo_collector_interfaces LD_LIBRARY_PATH=/home/ubuntu/workspace/Velizar/robotics_v1/install/robo_collector_interfaces/lib:${LD_LIBRARY_PATH} PS1=[\u@\h \W]$(git_branch)$ PYTHONPATH=/home/ubuntu/workspace/Velizar/robotics_v1/install/robo_collector_controller_py/lib/python3.8/site-packages:/home/ubuntu/workspace/Velizar/robotics_v1/install/robo_collector_interfaces/lib/python3.8/site-packages:${PYTHONPATH} /usr/bin/python3 setup.py develop --prefix /home/ubuntu/workspace/Velizar/robotics_v1/install/robo_collector_controller_py --uninstall --editable --build-directory /home/ubuntu/workspace/Velizar/robotics_v1/build/robo_collector_controller_py/build
[26.487s] DEBUG:colcon.colcon_core.event_handler.log_command:Invoking command in '/home/ubuntu/workspace/Velizar/robotics_v1/src/robo_collector/robo_collector_controller_py': AMENT_PREFIX_PATH=/home/ubuntu/workspace/Velizar/robotics_v1/install/robo_collector_interfaces:${AMENT_PREFIX_PATH} CMAKE_PREFIX_PATH=/home/ubuntu/workspace/Velizar/robotics_v1/install/robo_collector_interfaces LD_LIBRARY_PATH=/home/ubuntu/workspace/Velizar/robotics_v1/install/robo_collector_interfaces/lib:${LD_LIBRARY_PATH} PS1=[\u@\h \W]$(git_branch)$ PYTHONPATH=/home/ubuntu/workspace/Velizar/robotics_v1/install/robo_collector_controller_py/lib/python3.8/site-packages:/home/ubuntu/workspace/Velizar/robotics_v1/install/robo_collector_interfaces/lib/python3.8/site-packages:${PYTHONPATH} /usr/bin/python3 setup.py egg_info --egg-base ../../../build/robo_collector_controller_py build --build-base /home/ubuntu/workspace/Velizar/robotics_v1/build/robo_collector_controller_py/build install --prefix /home/ubuntu/workspace/Velizar/robotics_v1/install/robo_collector_controller_py --record /home/ubuntu/workspace/Velizar/robotics_v1/build/robo_collector_controller_py/install.log --single-version-externally-managed
[27.327s] DEBUG:colcon.colcon_core.event_handler.log_command:Invoked command in '/home/ubuntu/workspace/Velizar/robotics_v1/src/robo_collector/robo_collector_controller_py' returned '0': AMENT_PREFIX_PATH=/home/ubuntu/workspace/Velizar/robotics_v1/install/robo_collector_interfaces:${AMENT_PREFIX_PATH} CMAKE_PREFIX_PATH=/home/ubuntu/workspace/Velizar/robotics_v1/install/robo_collector_interfaces LD_LIBRARY_PATH=/home/ubuntu/workspace/Velizar/robotics_v1/install/robo_collector_interfaces/lib:${LD_LIBRARY_PATH} PS1=[\u@\h \W]$(git_branch)$ PYTHONPATH=/home/ubuntu/workspace/Velizar/robotics_v1/install/robo_collector_controller_py/lib/python3.8/site-packages:/home/ubuntu/workspace/Velizar/robotics_v1/install/robo_collector_interfaces/lib/python3.8/site-packages:${PYTHONPATH} /usr/bin/python3 setup.py egg_info --egg-base ../../../build/robo_collector_controller_py build --build-base /home/ubuntu/workspace/Velizar/robotics_v1/build/robo_collector_controller_py/build install --prefix /home/ubuntu/workspace/Velizar/robotics_v1/install/robo_collector_controller_py --record /home/ubuntu/workspace/Velizar/robotics_v1/build/robo_collector_controller_py/install.log --single-version-externally-managed
[27.359s] Level 1:colcon.colcon_core.environment:checking '/home/ubuntu/workspace/Velizar/robotics_v1/install/robo_collector_controller_py' for CMake module files
[27.360s] Level 1:colcon.colcon_core.environment:checking '/home/ubuntu/workspace/Velizar/robotics_v1/install/robo_collector_controller_py' for CMake config files
[27.362s] Level 1:colcon.colcon_core.environment:checking '/home/ubuntu/workspace/Velizar/robotics_v1/install/robo_collector_controller_py/lib'
[27.362s] Level 1:colcon.colcon_core.environment:checking '/home/ubuntu/workspace/Velizar/robotics_v1/install/robo_collector_controller_py/bin'
[27.362s] Level 1:colcon.colcon_core.environment:checking '/home/ubuntu/workspace/Velizar/robotics_v1/install/robo_collector_controller_py/lib/pkgconfig/robo_collector_controller_py.pc'
[27.363s] Level 1:colcon.colcon_core.environment:checking '/home/ubuntu/workspace/Velizar/robotics_v1/install/robo_collector_controller_py/lib/python3.8/site-packages'
[27.363s] Level 1:colcon.colcon_core.shell:create_environment_hook('robo_collector_controller_py', 'pythonpath')
[27.367s] INFO:colcon.colcon_core.shell:Creating environment hook '/home/ubuntu/workspace/Velizar/robotics_v1/install/robo_collector_controller_py/share/robo_collector_controller_py/hook/pythonpath.ps1'
[27.368s] INFO:colcon.colcon_core.shell:Creating environment descriptor '/home/ubuntu/workspace/Velizar/robotics_v1/install/robo_collector_controller_py/share/robo_collector_controller_py/hook/pythonpath.dsv'
[27.368s] INFO:colcon.colcon_core.shell:Creating environment hook '/home/ubuntu/workspace/Velizar/robotics_v1/install/robo_collector_controller_py/share/robo_collector_controller_py/hook/pythonpath.sh'
[27.370s] Level 1:colcon.colcon_core.environment:checking '/home/ubuntu/workspace/Velizar/robotics_v1/install/robo_collector_controller_py/bin'
[27.370s] Level 1:colcon.colcon_core.environment:create_environment_scripts_only(robo_collector_controller_py)
[27.374s] INFO:colcon.colcon_core.shell:Creating package script '/home/ubuntu/workspace/Velizar/robotics_v1/install/robo_collector_controller_py/share/robo_collector_controller_py/package.ps1'
[27.376s] INFO:colcon.colcon_core.shell:Creating package descriptor '/home/ubuntu/workspace/Velizar/robotics_v1/install/robo_collector_controller_py/share/robo_collector_controller_py/package.dsv'
[27.377s] INFO:colcon.colcon_core.shell:Creating package script '/home/ubuntu/workspace/Velizar/robotics_v1/install/robo_collector_controller_py/share/robo_collector_controller_py/package.sh'
[27.379s] INFO:colcon.colcon_core.shell:Creating package script '/home/ubuntu/workspace/Velizar/robotics_v1/install/robo_collector_controller_py/share/robo_collector_controller_py/package.bash'
[27.381s] INFO:colcon.colcon_core.shell:Creating package script '/home/ubuntu/workspace/Velizar/robotics_v1/install/robo_collector_controller_py/share/robo_collector_controller_py/package.zsh'
[27.383s] Level 1:colcon.colcon_core.environment:create_file_with_runtime_dependencies(/home/ubuntu/workspace/Velizar/robotics_v1/install/robo_collector_controller_py/share/colcon-core/packages/robo_collector_controller_py)
[27.385s] DEBUG:colcon.colcon_parallel_executor.executor.parallel:closing loop
[27.386s] DEBUG:colcon.colcon_parallel_executor.executor.parallel:loop closed
[27.386s] DEBUG:colcon.colcon_parallel_executor.executor.parallel:run_until_complete finished with '0'
[27.386s] DEBUG:colcon.colcon_core.event_reactor:joining thread
[27.402s] INFO:colcon.colcon_core.plugin_system:Skipping extension 'colcon_notification.desktop_notification.terminal_notifier': Not used on non-Darwin systems
[27.402s] INFO:colcon.colcon_core.plugin_system:Skipping extension 'colcon_notification.desktop_notification.win32': Not used on non-Windows systems
[27.402s] INFO:colcon.colcon_notification.desktop_notification:Sending desktop notification using 'notify2'
[27.455s] DEBUG:colcon.colcon_core.event_reactor:joined thread
[27.459s] INFO:colcon.colcon_core.shell:Creating prefix script '/home/ubuntu/workspace/Velizar/robotics_v1/install/local_setup.ps1'
[27.468s] INFO:colcon.colcon_core.shell:Creating prefix util module '/home/ubuntu/workspace/Velizar/robotics_v1/install/_local_setup_util_ps1.py'
[27.503s] INFO:colcon.colcon_core.shell:Creating prefix chain script '/home/ubuntu/workspace/Velizar/robotics_v1/install/setup.ps1'
[27.509s] INFO:colcon.colcon_core.shell:Creating prefix script '/home/ubuntu/workspace/Velizar/robotics_v1/install/local_setup.sh'
[27.511s] INFO:colcon.colcon_core.shell:Creating prefix util module '/home/ubuntu/workspace/Velizar/robotics_v1/install/_local_setup_util_sh.py'
[27.514s] INFO:colcon.colcon_core.shell:Creating prefix chain script '/home/ubuntu/workspace/Velizar/robotics_v1/install/setup.sh'
[27.531s] INFO:colcon.colcon_core.shell:Creating prefix script '/home/ubuntu/workspace/Velizar/robotics_v1/install/local_setup.bash'
[27.533s] INFO:colcon.colcon_core.shell:Creating prefix chain script '/home/ubuntu/workspace/Velizar/robotics_v1/install/setup.bash'
[27.549s] INFO:colcon.colcon_core.shell:Creating prefix script '/home/ubuntu/workspace/Velizar/robotics_v1/install/local_setup.zsh'
[27.560s] INFO:colcon.colcon_core.shell:Creating prefix chain script '/home/ubuntu/workspace/Velizar/robotics_v1/install/setup.zsh'
